[0.021s] Invoking command in '/home/nyann/svan/svan_sw2/src/build/svanm2_description': CMAKE_PREFIX_PATH=${CMAKE_PREFIX_PATH}:/home/nyann/ros2_ws/src/install/rqt_joint_trajectory_controller:/home/nyann/ros2_ws/src/install/rqt_controller_manager:/home/nyann/ros2_ws/src/install/ros2controlcli:/home/nyann/ros2_ws/src/install/ros2_controllers_test_nodes:/home/nyann/ros2_ws/src/install/my_robot_controller:/opt/ros/humble /usr/bin/cmake --build /home/nyann/svan/svan_sw2/src/build/svanm2_description -- -j16 -l16
[0.093s] Invoked command in '/home/nyann/svan/svan_sw2/src/build/svanm2_description' returned '0': CMAKE_PREFIX_PATH=${CMAKE_PREFIX_PATH}:/home/nyann/ros2_ws/src/install/rqt_joint_trajectory_controller:/home/nyann/ros2_ws/src/install/rqt_controller_manager:/home/nyann/ros2_ws/src/install/ros2controlcli:/home/nyann/ros2_ws/src/install/ros2_controllers_test_nodes:/home/nyann/ros2_ws/src/install/my_robot_controller:/opt/ros/humble /usr/bin/cmake --build /home/nyann/svan/svan_sw2/src/build/svanm2_description -- -j16 -l16
[0.163s] Invoking command in '/home/nyann/svan/svan_sw2/src/build/svanm2_description': CMAKE_PREFIX_PATH=${CMAKE_PREFIX_PATH}:/home/nyann/ros2_ws/src/install/rqt_joint_trajectory_controller:/home/nyann/ros2_ws/src/install/rqt_controller_manager:/home/nyann/ros2_ws/src/install/ros2controlcli:/home/nyann/ros2_ws/src/install/ros2_controllers_test_nodes:/home/nyann/ros2_ws/src/install/my_robot_controller:/opt/ros/humble /usr/bin/cmake --install /home/nyann/svan/svan_sw2/src/build/svanm2_description
[0.180s] -- Install configuration: ""
[0.180s] -- Up-to-date: /home/nyann/svan/svan_sw2/src/install/svanm2_description/share/svanm2_description//launch
[0.180s] -- Up-to-date: /home/nyann/svan/svan_sw2/src/install/svanm2_description/share/svanm2_description//launch/gazebo.launch.py
[0.181s] -- Up-to-date: /home/nyann/svan/svan_sw2/src/install/svanm2_description/share/svanm2_description//launch/display.launch.xml
[0.182s] -- Up-to-date: /home/nyann/svan/svan_sw2/src/install/svanm2_description/share/svanm2_description//launch/position.launch.py
[0.182s] -- Up-to-date: /home/nyann/svan/svan_sw2/src/install/svanm2_description/share/svanm2_description//launch/__pycache__
[0.182s] -- Up-to-date: /home/nyann/svan/svan_sw2/src/install/svanm2_description/share/svanm2_description//launch/__pycache__/display.launch.cpython-310.pyc
[0.182s] -- Up-to-date: /home/nyann/svan/svan_sw2/src/install/svanm2_description/share/svanm2_description//launch/display.launch.py
[0.182s] -- Up-to-date: /home/nyann/svan/svan_sw2/src/install/svanm2_description/share/svanm2_description//launch/gazebo.launch.xml
[0.182s] -- Up-to-date: /home/nyann/svan/svan_sw2/src/install/svanm2_description/share/svanm2_description//meshes
[0.182s] -- Up-to-date: /home/nyann/svan/svan_sw2/src/install/svanm2_description/share/svanm2_description//meshes/Empty_Link4.STL
[0.182s] -- Up-to-date: /home/nyann/svan/svan_sw2/src/install/svanm2_description/share/svanm2_description//meshes/sensors_meshes
[0.182s] -- Up-to-date: /home/nyann/svan/svan_sw2/src/install/svanm2_description/share/svanm2_description//meshes/sensors_meshes/r200.dae
[0.182s] -- Up-to-date: /home/nyann/svan/svan_sw2/src/install/svanm2_description/share/svanm2_description//meshes/sensors_meshes/t265.stl
[0.182s] -- Up-to-date: /home/nyann/svan/svan_sw2/src/install/svanm2_description/share/svanm2_description//meshes/sensors_meshes/lds.stl
[0.183s] -- Up-to-date: /home/nyann/svan/svan_sw2/src/install/svanm2_description/share/svanm2_description//meshes/sensors_meshes/astra.dae
[0.183s] -- Up-to-date: /home/nyann/svan/svan_sw2/src/install/svanm2_description/share/svanm2_description//meshes/sensors_meshes/d435.dae
[0.183s] -- Up-to-date: /home/nyann/svan/svan_sw2/src/install/svanm2_description/share/svanm2_description//meshes/sensors_meshes/astra.jpg
[0.183s] -- Up-to-date: /home/nyann/svan/svan_sw2/src/install/svanm2_description/share/svanm2_description//meshes/sensors_meshes/r200.jpg
[0.183s] -- Up-to-date: /home/nyann/svan/svan_sw2/src/install/svanm2_description/share/svanm2_description//meshes/sensors_meshes/d415.stl
[0.183s] -- Up-to-date: /home/nyann/svan/svan_sw2/src/install/svanm2_description/share/svanm2_description//meshes/LH_THIGH.STL
[0.184s] -- Up-to-date: /home/nyann/svan/svan_sw2/src/install/svanm2_description/share/svanm2_description//meshes/RH_HIP.STL
[0.184s] -- Up-to-date: /home/nyann/svan/svan_sw2/src/install/svanm2_description/share/svanm2_description//meshes/LH_HIP.STL
[0.184s] -- Up-to-date: /home/nyann/svan/svan_sw2/src/install/svanm2_description/share/svanm2_description//meshes/RF_SHANK.STL
[0.184s] -- Up-to-date: /home/nyann/svan/svan_sw2/src/install/svanm2_description/share/svanm2_description//meshes/RF_HIP.STL
[0.184s] -- Up-to-date: /home/nyann/svan/svan_sw2/src/install/svanm2_description/share/svanm2_description//meshes/Empty_Link1.STL
[0.184s] -- Up-to-date: /home/nyann/svan/svan_sw2/src/install/svanm2_description/share/svanm2_description//meshes/LF_THIGH.STL
[0.184s] -- Up-to-date: /home/nyann/svan/svan_sw2/src/install/svanm2_description/share/svanm2_description//meshes/LF_HIP.STL
[0.184s] -- Up-to-date: /home/nyann/svan/svan_sw2/src/install/svanm2_description/share/svanm2_description//meshes/RF_THIGH.STL
[0.184s] -- Up-to-date: /home/nyann/svan/svan_sw2/src/install/svanm2_description/share/svanm2_description//meshes/Empty_Link2.STL
[0.185s] -- Up-to-date: /home/nyann/svan/svan_sw2/src/install/svanm2_description/share/svanm2_description//meshes/LH_SHANK.STL
[0.185s] -- Up-to-date: /home/nyann/svan/svan_sw2/src/install/svanm2_description/share/svanm2_description//meshes/RH_SHANK.STL
[0.185s] -- Up-to-date: /home/nyann/svan/svan_sw2/src/install/svanm2_description/share/svanm2_description//meshes/Empty_Link3.STL
[0.185s] -- Up-to-date: /home/nyann/svan/svan_sw2/src/install/svanm2_description/share/svanm2_description//meshes/LF_SHANK.STL
[0.185s] -- Up-to-date: /home/nyann/svan/svan_sw2/src/install/svanm2_description/share/svanm2_description//meshes/RH_THIGH.STL
[0.185s] -- Up-to-date: /home/nyann/svan/svan_sw2/src/install/svanm2_description/share/svanm2_description//meshes/BASE.STL
[0.186s] -- Up-to-date: /home/nyann/svan/svan_sw2/src/install/svanm2_description/share/svanm2_description//xacro
[0.188s] -- Up-to-date: /home/nyann/svan/svan_sw2/src/install/svanm2_description/share/svanm2_description//xacro/just_test.py
[0.189s] -- Up-to-date: /home/nyann/svan/svan_sw2/src/install/svanm2_description/share/svanm2_description//xacro/const.xacro
[0.189s] -- Up-to-date: /home/nyann/svan/svan_sw2/src/install/svanm2_description/share/svanm2_description//xacro/your.urdf
[0.189s] -- Up-to-date: /home/nyann/svan/svan_sw2/src/install/svanm2_description/share/svanm2_description//xacro/robot.xacro
[0.189s] -- Up-to-date: /home/nyann/svan/svan_sw2/src/install/svanm2_description/share/svanm2_description//xacro/svanM2_robot.xacro
[0.189s] -- Up-to-date: /home/nyann/svan/svan_sw2/src/install/svanm2_description/share/svanm2_description//xacro/your_urdf.urdf
[0.189s] -- Up-to-date: /home/nyann/svan/svan_sw2/src/install/svanm2_description/share/svanm2_description//xacro/gazebo.xacro
[0.189s] -- Up-to-date: /home/nyann/svan/svan_sw2/src/install/svanm2_description/share/svanm2_description//xacro/materials.xacro
[0.189s] -- Up-to-date: /home/nyann/svan/svan_sw2/src/install/svanm2_description/share/svanm2_description//xacro/leg.xacro
[0.189s] -- Up-to-date: /home/nyann/svan/svan_sw2/src/install/svanm2_description/share/svanm2_description//urdf
[0.189s] -- Up-to-date: /home/nyann/svan/svan_sw2/src/install/svanm2_description/share/svanm2_description//urdf/_d435.gazebo.xacro
[0.190s] -- Up-to-date: /home/nyann/svan/svan_sw2/src/install/svanm2_description/share/svanm2_description//urdf/svanm2_cam.urdf
[0.190s] -- Up-to-date: /home/nyann/svan/svan_sw2/src/install/svanm2_description/share/svanm2_description//urdf/_d435.urdf.xacro
[0.190s] -- Up-to-date: /home/nyann/svan/svan_sw2/src/install/svanm2_description/share/svanm2_description//urdf/anymal.urdf
[0.190s] -- Up-to-date: /home/nyann/svan/svan_sw2/src/install/svanm2_description/share/svanm2_description//urdf/m2.urdf
[0.190s] -- Up-to-date: /home/nyann/svan/svan_sw2/src/install/svanm2_description/share/svanm2_description//urdf/log
[0.191s] -- Up-to-date: /home/nyann/svan/svan_sw2/src/install/svanm2_description/share/svanm2_description//urdf/log/edit_2024-05-17_13-19-22
[0.191s] -- Up-to-date: /home/nyann/svan/svan_sw2/src/install/svanm2_description/share/svanm2_description//urdf/log/edit_2024-05-17_13-19-22/logger_all.log
[0.191s] -- Up-to-date: /home/nyann/svan/svan_sw2/src/install/svanm2_description/share/svanm2_description//urdf/log/latest_edit
[0.191s] -- Up-to-date: /home/nyann/svan/svan_sw2/src/install/svanm2_description/share/svanm2_description//urdf/log/COLCON_IGNORE
[0.191s] -- Up-to-date: /home/nyann/svan/svan_sw2/src/install/svanm2_description/share/svanm2_description//urdf/log/edit_2024-05-17_13-20-03
[0.191s] -- Up-to-date: /home/nyann/svan/svan_sw2/src/install/svanm2_description/share/svanm2_description//urdf/log/edit_2024-05-17_13-20-03/logger_all.log
[0.191s] -- Up-to-date: /home/nyann/svan/svan_sw2/src/install/svanm2_description/share/svanm2_description//urdf/log/latest
[0.191s] -- Up-to-date: /home/nyann/svan/svan_sw2/src/install/svanm2_description/share/svanm2_description//urdf/svanm2.urdf
[0.191s] -- Up-to-date: /home/nyann/svan/svan_sw2/src/install/svanm2_description/share/svanm2_description//urdf/svanM2.csv
[0.192s] -- Up-to-date: /home/nyann/svan/svan_sw2/src/install/svanm2_description/share/svanm2_description//config
[0.192s] -- Up-to-date: /home/nyann/svan/svan_sw2/src/install/svanm2_description/share/svanm2_description//config/joint_names_SVANM2_URDF.yaml
[0.192s] -- Up-to-date: /home/nyann/svan/svan_sw2/src/install/svanm2_description/share/svanm2_description//config/command.txt
[0.192s] -- Installing: /home/nyann/svan/svan_sw2/src/install/svanm2_description/share/svanm2_description//config/controller_configuration.yaml
[0.192s] -- Up-to-date: /home/nyann/svan/svan_sw2/src/install/svanm2_description/share/svanm2_description//config/position_controller.yaml
[0.192s] -- Up-to-date: /home/nyann/svan/svan_sw2/src/install/svanm2_description/share/svanm2_description//config/issues.txt
[0.192s] -- Up-to-date: /home/nyann/svan/svan_sw2/src/install/svanm2_description/share/svanm2_description//config/joint_names_SVAN_URDF4.yaml
[0.192s] -- Up-to-date: /home/nyann/svan/svan_sw2/src/install/svanm2_description/share/ament_index/resource_index/package_run_dependencies/svanm2_description
[0.192s] -- Up-to-date: /home/nyann/svan/svan_sw2/src/install/svanm2_description/share/ament_index/resource_index/parent_prefix_path/svanm2_description
[0.193s] -- Up-to-date: /home/nyann/svan/svan_sw2/src/install/svanm2_description/share/svanm2_description/environment/ament_prefix_path.sh
[0.193s] -- Up-to-date: /home/nyann/svan/svan_sw2/src/install/svanm2_description/share/svanm2_description/environment/ament_prefix_path.dsv
[0.193s] -- Up-to-date: /home/nyann/svan/svan_sw2/src/install/svanm2_description/share/svanm2_description/environment/path.sh
[0.193s] -- Up-to-date: /home/nyann/svan/svan_sw2/src/install/svanm2_description/share/svanm2_description/environment/path.dsv
[0.193s] -- Up-to-date: /home/nyann/svan/svan_sw2/src/install/svanm2_description/share/svanm2_description/local_setup.bash
[0.193s] -- Up-to-date: /home/nyann/svan/svan_sw2/src/install/svanm2_description/share/svanm2_description/local_setup.sh
[0.193s] -- Up-to-date: /home/nyann/svan/svan_sw2/src/install/svanm2_description/share/svanm2_description/local_setup.zsh
[0.193s] -- Up-to-date: /home/nyann/svan/svan_sw2/src/install/svanm2_description/share/svanm2_description/local_setup.dsv
[0.193s] -- Installing: /home/nyann/svan/svan_sw2/src/install/svanm2_description/share/svanm2_description/package.dsv
[0.193s] -- Up-to-date: /home/nyann/svan/svan_sw2/src/install/svanm2_description/share/ament_index/resource_index/packages/svanm2_description
[0.193s] -- Up-to-date: /home/nyann/svan/svan_sw2/src/install/svanm2_description/share/svanm2_description/cmake/svanm2_descriptionConfig.cmake
[0.193s] -- Up-to-date: /home/nyann/svan/svan_sw2/src/install/svanm2_description/share/svanm2_description/cmake/svanm2_descriptionConfig-version.cmake
[0.194s] -- Up-to-date: /home/nyann/svan/svan_sw2/src/install/svanm2_description/share/svanm2_description/package.xml
[0.206s] Invoked command in '/home/nyann/svan/svan_sw2/src/build/svanm2_description' returned '0': CMAKE_PREFIX_PATH=${CMAKE_PREFIX_PATH}:/home/nyann/ros2_ws/src/install/rqt_joint_trajectory_controller:/home/nyann/ros2_ws/src/install/rqt_controller_manager:/home/nyann/ros2_ws/src/install/ros2controlcli:/home/nyann/ros2_ws/src/install/ros2_controllers_test_nodes:/home/nyann/ros2_ws/src/install/my_robot_controller:/opt/ros/humble /usr/bin/cmake --install /home/nyann/svan/svan_sw2/src/build/svanm2_description
