[0.051s] Invoking command in '/home/nyann/svan/svan_sw2/src/build/velodyne_description': CMAKE_PREFIX_PATH=${CMAKE_PREFIX_PATH}:/home/nyann/ros2_ws/src/install/rqt_joint_trajectory_controller:/home/nyann/ros2_ws/src/install/rqt_controller_manager:/home/nyann/ros2_ws/src/install/ros2controlcli:/home/nyann/ros2_ws/src/install/ros2_controllers_test_nodes:/home/nyann/ros2_ws/src/install/my_robot_controller:/opt/ros/humble /usr/bin/cmake --build /home/nyann/svan/svan_sw2/src/build/velodyne_description -- -j16 -l16
[0.192s] Invoked command in '/home/nyann/svan/svan_sw2/src/build/velodyne_description' returned '0': CMAKE_PREFIX_PATH=${CMAKE_PREFIX_PATH}:/home/nyann/ros2_ws/src/install/rqt_joint_trajectory_controller:/home/nyann/ros2_ws/src/install/rqt_controller_manager:/home/nyann/ros2_ws/src/install/ros2controlcli:/home/nyann/ros2_ws/src/install/ros2_controllers_test_nodes:/home/nyann/ros2_ws/src/install/my_robot_controller:/opt/ros/humble /usr/bin/cmake --build /home/nyann/svan/svan_sw2/src/build/velodyne_description -- -j16 -l16
[0.283s] Invoking command in '/home/nyann/svan/svan_sw2/src/build/velodyne_description': CMAKE_PREFIX_PATH=${CMAKE_PREFIX_PATH}:/home/nyann/ros2_ws/src/install/rqt_joint_trajectory_controller:/home/nyann/ros2_ws/src/install/rqt_controller_manager:/home/nyann/ros2_ws/src/install/ros2controlcli:/home/nyann/ros2_ws/src/install/ros2_controllers_test_nodes:/home/nyann/ros2_ws/src/install/my_robot_controller:/opt/ros/humble /usr/bin/cmake --install /home/nyann/svan/svan_sw2/src/build/velodyne_description
[0.298s] -- Install configuration: ""
[0.298s] -- Up-to-date: /home/nyann/svan/svan_sw2/src/install/velodyne_description/share/ament_index/resource_index/package_run_dependencies/velodyne_description
[0.299s] -- Up-to-date: /home/nyann/svan/svan_sw2/src/install/velodyne_description/share/ament_index/resource_index/parent_prefix_path/velodyne_description
[0.299s] -- Up-to-date: /home/nyann/svan/svan_sw2/src/install/velodyne_description/share/velodyne_description/environment/ament_prefix_path.sh
[0.299s] -- Up-to-date: /home/nyann/svan/svan_sw2/src/install/velodyne_description/share/velodyne_description/environment/ament_prefix_path.dsv
[0.300s] -- Up-to-date: /home/nyann/svan/svan_sw2/src/install/velodyne_description/share/velodyne_description/environment/path.sh
[0.300s] -- Up-to-date: /home/nyann/svan/svan_sw2/src/install/velodyne_description/share/velodyne_description/environment/path.dsv
[0.300s] -- Up-to-date: /home/nyann/svan/svan_sw2/src/install/velodyne_description/share/velodyne_description/local_setup.bash
[0.300s] -- Up-to-date: /home/nyann/svan/svan_sw2/src/install/velodyne_description/share/velodyne_description/local_setup.sh
[0.300s] -- Up-to-date: /home/nyann/svan/svan_sw2/src/install/velodyne_description/share/velodyne_description/local_setup.zsh
[0.300s] -- Up-to-date: /home/nyann/svan/svan_sw2/src/install/velodyne_description/share/velodyne_description/local_setup.dsv
[0.301s] -- Installing: /home/nyann/svan/svan_sw2/src/install/velodyne_description/share/velodyne_description/package.dsv
[0.302s] -- Up-to-date: /home/nyann/svan/svan_sw2/src/install/velodyne_description/share/ament_index/resource_index/packages/velodyne_description
[0.302s] -- Up-to-date: /home/nyann/svan/svan_sw2/src/install/velodyne_description/share/velodyne_description/cmake/velodyne_descriptionConfig.cmake
[0.302s] -- Up-to-date: /home/nyann/svan/svan_sw2/src/install/velodyne_description/share/velodyne_description/cmake/velodyne_descriptionConfig-version.cmake
[0.302s] -- Up-to-date: /home/nyann/svan/svan_sw2/src/install/velodyne_description/share/velodyne_description/package.xml
[0.302s] -- Up-to-date: /home/nyann/svan/svan_sw2/src/install/velodyne_description/share/velodyne_description/launch
[0.303s] -- Up-to-date: /home/nyann/svan/svan_sw2/src/install/velodyne_description/share/velodyne_description/launch/example-launch.py
[0.303s] -- Up-to-date: /home/nyann/svan/svan_sw2/src/install/velodyne_description/share/velodyne_description/meshes
[0.303s] -- Up-to-date: /home/nyann/svan/svan_sw2/src/install/velodyne_description/share/velodyne_description/meshes/VLP16_base_1.dae
[0.304s] -- Up-to-date: /home/nyann/svan/svan_sw2/src/install/velodyne_description/share/velodyne_description/meshes/HDL32E_scan.stl
[0.304s] -- Up-to-date: /home/nyann/svan/svan_sw2/src/install/velodyne_description/share/velodyne_description/meshes/VLP16_base_2.stl
[0.304s] -- Up-to-date: /home/nyann/svan/svan_sw2/src/install/velodyne_description/share/velodyne_description/meshes/VLP16_base_2.dae
[0.304s] -- Up-to-date: /home/nyann/svan/svan_sw2/src/install/velodyne_description/share/velodyne_description/meshes/VLP16_base_1.stl
[0.305s] -- Up-to-date: /home/nyann/svan/svan_sw2/src/install/velodyne_description/share/velodyne_description/meshes/VLP16_scan.dae
[0.305s] -- Up-to-date: /home/nyann/svan/svan_sw2/src/install/velodyne_description/share/velodyne_description/meshes/HDL32E_scan.dae
[0.305s] -- Up-to-date: /home/nyann/svan/svan_sw2/src/install/velodyne_description/share/velodyne_description/meshes/HDL32E_base.stl
[0.305s] -- Up-to-date: /home/nyann/svan/svan_sw2/src/install/velodyne_description/share/velodyne_description/meshes/VLP16_scan.stl
[0.306s] -- Up-to-date: /home/nyann/svan/svan_sw2/src/install/velodyne_description/share/velodyne_description/meshes/HDL32E_base.dae
[0.306s] -- Up-to-date: /home/nyann/svan/svan_sw2/src/install/velodyne_description/share/velodyne_description/rviz
[0.307s] -- Up-to-date: /home/nyann/svan/svan_sw2/src/install/velodyne_description/share/velodyne_description/rviz/example.rviz
[0.308s] -- Up-to-date: /home/nyann/svan/svan_sw2/src/install/velodyne_description/share/velodyne_description/urdf
[0.308s] -- Up-to-date: /home/nyann/svan/svan_sw2/src/install/velodyne_description/share/velodyne_description/urdf/example.urdf.xacro
[0.308s] -- Up-to-date: /home/nyann/svan/svan_sw2/src/install/velodyne_description/share/velodyne_description/urdf/VLP-16.urdf.xacro
[0.309s] -- Up-to-date: /home/nyann/svan/svan_sw2/src/install/velodyne_description/share/velodyne_description/urdf/HDL-32E.urdf.xacro
[0.309s] -- Up-to-date: /home/nyann/svan/svan_sw2/src/install/velodyne_description/share/velodyne_description/urdf/VLP-32C.urdf.xacro
[0.309s] -- Up-to-date: /home/nyann/svan/svan_sw2/src/install/velodyne_description/share/velodyne_description/world
[0.309s] -- Up-to-date: /home/nyann/svan/svan_sw2/src/install/velodyne_description/share/velodyne_description/world/example.world
[0.328s] Invoked command in '/home/nyann/svan/svan_sw2/src/build/velodyne_description' returned '0': CMAKE_PREFIX_PATH=${CMAKE_PREFIX_PATH}:/home/nyann/ros2_ws/src/install/rqt_joint_trajectory_controller:/home/nyann/ros2_ws/src/install/rqt_controller_manager:/home/nyann/ros2_ws/src/install/ros2controlcli:/home/nyann/ros2_ws/src/install/ros2_controllers_test_nodes:/home/nyann/ros2_ws/src/install/my_robot_controller:/opt/ros/humble /usr/bin/cmake --install /home/nyann/svan/svan_sw2/src/build/velodyne_description
