[0.235s] DEBUG:colcon:Command line arguments: ['/home/nyann/.local/bin/colcon', 'build']
[0.235s] DEBUG:colcon:Parsed command line arguments: Namespace(log_base=None, log_level=None, verb_name='build', build_base='build', install_base='install', merge_install=False, symlink_install=False, test_result_base=None, continue_on_error=False, executor='parallel', parallel_workers=16, event_handlers=None, ignore_user_meta=False, metas=['./colcon.meta'], base_paths=['.'], packages_ignore=None, packages_ignore_regex=None, paths=None, packages_up_to=None, packages_up_to_regex=None, packages_above=None, packages_above_and_dependencies=None, packages_above_depth=None, packages_select_by_dep=None, packages_skip_by_dep=None, packages_skip_up_to=None, packages_select_build_failed=False, packages_skip_build_finished=False, packages_select_test_failures=False, packages_skip_test_passed=False, packages_select=None, packages_skip=None, packages_select_regex=None, packages_skip_regex=None, packages_start=None, packages_end=None, allow_overriding=[], cmake_args=None, cmake_target=None, cmake_target_skip_unavailable=False, cmake_clean_cache=False, cmake_clean_first=False, cmake_force_configure=False, ament_cmake_args=None, catkin_cmake_args=None, catkin_skip_building_tests=False, mixin_files=None, mixin=None, verb_parser=<colcon_mixin.mixin.mixin_argument.MixinArgumentDecorator object at 0x786a30f6fa00>, verb_extension=<colcon_core.verb.build.BuildVerb object at 0x786a311545e0>, main=<bound method BuildVerb.main of <colcon_core.verb.build.BuildVerb object at 0x786a311545e0>>, mixin_verb=('build',))
[0.499s] Level 1:colcon.colcon_core.package_discovery:discover_packages(colcon_meta) check parameters
[0.499s] Level 1:colcon.colcon_core.package_discovery:discover_packages(recursive) check parameters
[0.499s] Level 1:colcon.colcon_core.package_discovery:discover_packages(ignore) check parameters
[0.499s] Level 1:colcon.colcon_core.package_discovery:discover_packages(path) check parameters
[0.499s] Level 1:colcon.colcon_core.package_discovery:discover_packages(colcon_meta) discover
[0.499s] Level 1:colcon.colcon_core.package_discovery:discover_packages(recursive) discover
[0.499s] INFO:colcon.colcon_core.package_discovery:Crawling recursively for packages in '/home/nyann/svan/svan_sw2/src'
[0.499s] Level 1:colcon.colcon_core.package_identification:_identify(.) by extensions ['ignore', 'ignore_ament_install']
[0.499s] Level 1:colcon.colcon_core.package_identification:_identify(.) by extension 'ignore'
[0.499s] Level 1:colcon.colcon_core.package_identification:_identify(.) by extension 'ignore_ament_install'
[0.499s] Level 1:colcon.colcon_core.package_identification:_identify(.) by extensions ['colcon_pkg']
[0.499s] Level 1:colcon.colcon_core.package_identification:_identify(.) by extension 'colcon_pkg'
[0.499s] Level 1:colcon.colcon_core.package_identification:_identify(.) by extensions ['colcon_meta']
[0.499s] Level 1:colcon.colcon_core.package_identification:_identify(.) by extension 'colcon_meta'
[0.499s] Level 1:colcon.colcon_core.package_identification:_identify(.) by extensions ['ros']
[0.500s] Level 1:colcon.colcon_core.package_identification:_identify(.) by extension 'ros'
[0.511s] Level 1:colcon.colcon_core.package_identification:_identify(.) by extensions ['cmake', 'python']
[0.511s] Level 1:colcon.colcon_core.package_identification:_identify(.) by extension 'cmake'
[0.511s] Level 1:colcon.colcon_core.package_identification:_identify(.) by extension 'python'
[0.511s] Level 1:colcon.colcon_core.package_identification:_identify(.) by extensions ['python_setup_py']
[0.511s] Level 1:colcon.colcon_core.package_identification:_identify(.) by extension 'python_setup_py'
[0.511s] Level 1:colcon.colcon_core.package_identification:_identify(build) by extensions ['ignore', 'ignore_ament_install']
[0.511s] Level 1:colcon.colcon_core.package_identification:_identify(build) by extension 'ignore'
[0.511s] Level 1:colcon.colcon_core.package_identification:_identify(build) ignored
[0.512s] Level 1:colcon.colcon_core.package_identification:_identify(install) by extensions ['ignore', 'ignore_ament_install']
[0.512s] Level 1:colcon.colcon_core.package_identification:_identify(install) by extension 'ignore'
[0.512s] Level 1:colcon.colcon_core.package_identification:_identify(install) ignored
[0.512s] Level 1:colcon.colcon_core.package_identification:_identify(log) by extensions ['ignore', 'ignore_ament_install']
[0.512s] Level 1:colcon.colcon_core.package_identification:_identify(log) by extension 'ignore'
[0.512s] Level 1:colcon.colcon_core.package_identification:_identify(log) ignored
[0.512s] Level 1:colcon.colcon_core.package_identification:_identify(svanm2_description) by extensions ['ignore', 'ignore_ament_install']
[0.512s] Level 1:colcon.colcon_core.package_identification:_identify(svanm2_description) by extension 'ignore'
[0.512s] Level 1:colcon.colcon_core.package_identification:_identify(svanm2_description) by extension 'ignore_ament_install'
[0.512s] Level 1:colcon.colcon_core.package_identification:_identify(svanm2_description) by extensions ['colcon_pkg']
[0.512s] Level 1:colcon.colcon_core.package_identification:_identify(svanm2_description) by extension 'colcon_pkg'
[0.512s] Level 1:colcon.colcon_core.package_identification:_identify(svanm2_description) by extensions ['colcon_meta']
[0.512s] Level 1:colcon.colcon_core.package_identification:_identify(svanm2_description) by extension 'colcon_meta'
[0.512s] Level 1:colcon.colcon_core.package_identification:_identify(svanm2_description) by extensions ['ros']
[0.513s] Level 1:colcon.colcon_core.package_identification:_identify(svanm2_description) by extension 'ros'
[0.515s] DEBUG:colcon.colcon_core.package_identification:Package 'svanm2_description' with type 'ros.ament_cmake' and name 'svanm2_description'
[0.515s] Level 1:colcon.colcon_core.package_identification:_identify(velodyne_description) by extensions ['ignore', 'ignore_ament_install']
[0.515s] Level 1:colcon.colcon_core.package_identification:_identify(velodyne_description) by extension 'ignore'
[0.515s] Level 1:colcon.colcon_core.package_identification:_identify(velodyne_description) by extension 'ignore_ament_install'
[0.516s] Level 1:colcon.colcon_core.package_identification:_identify(velodyne_description) by extensions ['colcon_pkg']
[0.516s] Level 1:colcon.colcon_core.package_identification:_identify(velodyne_description) by extension 'colcon_pkg'
[0.516s] Level 1:colcon.colcon_core.package_identification:_identify(velodyne_description) by extensions ['colcon_meta']
[0.516s] Level 1:colcon.colcon_core.package_identification:_identify(velodyne_description) by extension 'colcon_meta'
[0.516s] Level 1:colcon.colcon_core.package_identification:_identify(velodyne_description) by extensions ['ros']
[0.516s] Level 1:colcon.colcon_core.package_identification:_identify(velodyne_description) by extension 'ros'
[0.516s] DEBUG:colcon.colcon_core.package_identification:Package 'velodyne_description' with type 'ros.ament_cmake' and name 'velodyne_description'
[0.517s] Level 1:colcon.colcon_core.package_identification:_identify(velodyne_gazebo_plugins) by extensions ['ignore', 'ignore_ament_install']
[0.517s] Level 1:colcon.colcon_core.package_identification:_identify(velodyne_gazebo_plugins) by extension 'ignore'
[0.517s] Level 1:colcon.colcon_core.package_identification:_identify(velodyne_gazebo_plugins) by extension 'ignore_ament_install'
[0.517s] Level 1:colcon.colcon_core.package_identification:_identify(velodyne_gazebo_plugins) by extensions ['colcon_pkg']
[0.517s] Level 1:colcon.colcon_core.package_identification:_identify(velodyne_gazebo_plugins) by extension 'colcon_pkg'
[0.517s] Level 1:colcon.colcon_core.package_identification:_identify(velodyne_gazebo_plugins) by extensions ['colcon_meta']
[0.517s] Level 1:colcon.colcon_core.package_identification:_identify(velodyne_gazebo_plugins) by extension 'colcon_meta'
[0.517s] Level 1:colcon.colcon_core.package_identification:_identify(velodyne_gazebo_plugins) by extensions ['ros']
[0.517s] Level 1:colcon.colcon_core.package_identification:_identify(velodyne_gazebo_plugins) by extension 'ros'
[0.518s] DEBUG:colcon.colcon_core.package_identification:Package 'velodyne_gazebo_plugins' with type 'ros.ament_cmake' and name 'velodyne_gazebo_plugins'
[0.518s] Level 1:colcon.colcon_core.package_identification:_identify(velodyne_simulator) by extensions ['ignore', 'ignore_ament_install']
[0.518s] Level 1:colcon.colcon_core.package_identification:_identify(velodyne_simulator) by extension 'ignore'
[0.518s] Level 1:colcon.colcon_core.package_identification:_identify(velodyne_simulator) by extension 'ignore_ament_install'
[0.518s] Level 1:colcon.colcon_core.package_identification:_identify(velodyne_simulator) by extensions ['colcon_pkg']
[0.518s] Level 1:colcon.colcon_core.package_identification:_identify(velodyne_simulator) by extension 'colcon_pkg'
[0.518s] Level 1:colcon.colcon_core.package_identification:_identify(velodyne_simulator) by extensions ['colcon_meta']
[0.518s] Level 1:colcon.colcon_core.package_identification:_identify(velodyne_simulator) by extension 'colcon_meta'
[0.518s] Level 1:colcon.colcon_core.package_identification:_identify(velodyne_simulator) by extensions ['ros']
[0.518s] Level 1:colcon.colcon_core.package_identification:_identify(velodyne_simulator) by extension 'ros'
[0.519s] DEBUG:colcon.colcon_core.package_identification:Package 'velodyne_simulator' with type 'ros.ament_cmake' and name 'velodyne_simulator'
[0.519s] Level 1:colcon.colcon_core.package_discovery:discover_packages(recursive) using defaults
[0.519s] Level 1:colcon.colcon_core.package_discovery:discover_packages(ignore) discover
[0.519s] Level 1:colcon.colcon_core.package_discovery:discover_packages(ignore) using defaults
[0.519s] Level 1:colcon.colcon_core.package_discovery:discover_packages(path) discover
[0.519s] Level 1:colcon.colcon_core.package_discovery:discover_packages(path) using defaults
[0.555s] Level 1:colcon.colcon_core.package_discovery:discover_packages(prefix_path) check parameters
[0.555s] Level 1:colcon.colcon_core.package_discovery:discover_packages(prefix_path) discover
[0.569s] DEBUG:colcon.colcon_installed_package_information.package_discovery:Found 6 installed packages in /home/nyann/svan/svan_sw2/src/install
[0.571s] DEBUG:colcon.colcon_installed_package_information.package_discovery:Found 58 installed packages in /home/nyann/ros2_ws/src/install
[0.573s] DEBUG:colcon.colcon_installed_package_information.package_discovery:Found 404 installed packages in /opt/ros/humble
[0.577s] Level 1:colcon.colcon_core.package_discovery:discover_packages(prefix_path) using defaults
[0.669s] Level 5:colcon.colcon_core.verb:set package 'svanm2_description' build argument 'cmake_args' from command line to 'None'
[0.669s] Level 5:colcon.colcon_core.verb:set package 'svanm2_description' build argument 'cmake_target' from command line to 'None'
[0.669s] Level 5:colcon.colcon_core.verb:set package 'svanm2_description' build argument 'cmake_target_skip_unavailable' from command line to 'False'
[0.669s] Level 5:colcon.colcon_core.verb:set package 'svanm2_description' build argument 'cmake_clean_cache' from command line to 'False'
[0.669s] Level 5:colcon.colcon_core.verb:set package 'svanm2_description' build argument 'cmake_clean_first' from command line to 'False'
[0.669s] Level 5:colcon.colcon_core.verb:set package 'svanm2_description' build argument 'cmake_force_configure' from command line to 'False'
[0.669s] Level 5:colcon.colcon_core.verb:set package 'svanm2_description' build argument 'ament_cmake_args' from command line to 'None'
[0.669s] Level 5:colcon.colcon_core.verb:set package 'svanm2_description' build argument 'catkin_cmake_args' from command line to 'None'
[0.669s] Level 5:colcon.colcon_core.verb:set package 'svanm2_description' build argument 'catkin_skip_building_tests' from command line to 'False'
[0.669s] DEBUG:colcon.colcon_core.verb:Building package 'svanm2_description' with the following arguments: {'ament_cmake_args': None, 'build_base': '/home/nyann/svan/svan_sw2/src/build/svanm2_description', 'catkin_cmake_args': None, 'catkin_skip_building_tests': False, 'cmake_args': None, 'cmake_clean_cache': False, 'cmake_clean_first': False, 'cmake_force_configure': False, 'cmake_target': None, 'cmake_target_skip_unavailable': False, 'install_base': '/home/nyann/svan/svan_sw2/src/install/svanm2_description', 'merge_install': False, 'path': '/home/nyann/svan/svan_sw2/src/svanm2_description', 'symlink_install': False, 'test_result_base': None}
[0.669s] Level 5:colcon.colcon_core.verb:set package 'velodyne_description' build argument 'cmake_args' from command line to 'None'
[0.669s] Level 5:colcon.colcon_core.verb:set package 'velodyne_description' build argument 'cmake_target' from command line to 'None'
[0.670s] Level 5:colcon.colcon_core.verb:set package 'velodyne_description' build argument 'cmake_target_skip_unavailable' from command line to 'False'
[0.670s] Level 5:colcon.colcon_core.verb:set package 'velodyne_description' build argument 'cmake_clean_cache' from command line to 'False'
[0.670s] Level 5:colcon.colcon_core.verb:set package 'velodyne_description' build argument 'cmake_clean_first' from command line to 'False'
[0.670s] Level 5:colcon.colcon_core.verb:set package 'velodyne_description' build argument 'cmake_force_configure' from command line to 'False'
[0.670s] Level 5:colcon.colcon_core.verb:set package 'velodyne_description' build argument 'ament_cmake_args' from command line to 'None'
[0.670s] Level 5:colcon.colcon_core.verb:set package 'velodyne_description' build argument 'catkin_cmake_args' from command line to 'None'
[0.670s] Level 5:colcon.colcon_core.verb:set package 'velodyne_description' build argument 'catkin_skip_building_tests' from command line to 'False'
[0.670s] DEBUG:colcon.colcon_core.verb:Building package 'velodyne_description' with the following arguments: {'ament_cmake_args': None, 'build_base': '/home/nyann/svan/svan_sw2/src/build/velodyne_description', 'catkin_cmake_args': None, 'catkin_skip_building_tests': False, 'cmake_args': None, 'cmake_clean_cache': False, 'cmake_clean_first': False, 'cmake_force_configure': False, 'cmake_target': None, 'cmake_target_skip_unavailable': False, 'install_base': '/home/nyann/svan/svan_sw2/src/install/velodyne_description', 'merge_install': False, 'path': '/home/nyann/svan/svan_sw2/src/velodyne_description', 'symlink_install': False, 'test_result_base': None}
[0.670s] Level 5:colcon.colcon_core.verb:set package 'velodyne_gazebo_plugins' build argument 'cmake_args' from command line to 'None'
[0.670s] Level 5:colcon.colcon_core.verb:set package 'velodyne_gazebo_plugins' build argument 'cmake_target' from command line to 'None'
[0.670s] Level 5:colcon.colcon_core.verb:set package 'velodyne_gazebo_plugins' build argument 'cmake_target_skip_unavailable' from command line to 'False'
[0.670s] Level 5:colcon.colcon_core.verb:set package 'velodyne_gazebo_plugins' build argument 'cmake_clean_cache' from command line to 'False'
[0.670s] Level 5:colcon.colcon_core.verb:set package 'velodyne_gazebo_plugins' build argument 'cmake_clean_first' from command line to 'False'
[0.670s] Level 5:colcon.colcon_core.verb:set package 'velodyne_gazebo_plugins' build argument 'cmake_force_configure' from command line to 'False'
[0.670s] Level 5:colcon.colcon_core.verb:set package 'velodyne_gazebo_plugins' build argument 'ament_cmake_args' from command line to 'None'
[0.670s] Level 5:colcon.colcon_core.verb:set package 'velodyne_gazebo_plugins' build argument 'catkin_cmake_args' from command line to 'None'
[0.670s] Level 5:colcon.colcon_core.verb:set package 'velodyne_gazebo_plugins' build argument 'catkin_skip_building_tests' from command line to 'False'
[0.670s] DEBUG:colcon.colcon_core.verb:Building package 'velodyne_gazebo_plugins' with the following arguments: {'ament_cmake_args': None, 'build_base': '/home/nyann/svan/svan_sw2/src/build/velodyne_gazebo_plugins', 'catkin_cmake_args': None, 'catkin_skip_building_tests': False, 'cmake_args': None, 'cmake_clean_cache': False, 'cmake_clean_first': False, 'cmake_force_configure': False, 'cmake_target': None, 'cmake_target_skip_unavailable': False, 'install_base': '/home/nyann/svan/svan_sw2/src/install/velodyne_gazebo_plugins', 'merge_install': False, 'path': '/home/nyann/svan/svan_sw2/src/velodyne_gazebo_plugins', 'symlink_install': False, 'test_result_base': None}
[0.671s] Level 5:colcon.colcon_core.verb:set package 'velodyne_simulator' build argument 'cmake_args' from command line to 'None'
[0.671s] Level 5:colcon.colcon_core.verb:set package 'velodyne_simulator' build argument 'cmake_target' from command line to 'None'
[0.671s] Level 5:colcon.colcon_core.verb:set package 'velodyne_simulator' build argument 'cmake_target_skip_unavailable' from command line to 'False'
[0.671s] Level 5:colcon.colcon_core.verb:set package 'velodyne_simulator' build argument 'cmake_clean_cache' from command line to 'False'
[0.671s] Level 5:colcon.colcon_core.verb:set package 'velodyne_simulator' build argument 'cmake_clean_first' from command line to 'False'
[0.671s] Level 5:colcon.colcon_core.verb:set package 'velodyne_simulator' build argument 'cmake_force_configure' from command line to 'False'
[0.671s] Level 5:colcon.colcon_core.verb:set package 'velodyne_simulator' build argument 'ament_cmake_args' from command line to 'None'
[0.671s] Level 5:colcon.colcon_core.verb:set package 'velodyne_simulator' build argument 'catkin_cmake_args' from command line to 'None'
[0.671s] Level 5:colcon.colcon_core.verb:set package 'velodyne_simulator' build argument 'catkin_skip_building_tests' from command line to 'False'
[0.671s] DEBUG:colcon.colcon_core.verb:Building package 'velodyne_simulator' with the following arguments: {'ament_cmake_args': None, 'build_base': '/home/nyann/svan/svan_sw2/src/build/velodyne_simulator', 'catkin_cmake_args': None, 'catkin_skip_building_tests': False, 'cmake_args': None, 'cmake_clean_cache': False, 'cmake_clean_first': False, 'cmake_force_configure': False, 'cmake_target': None, 'cmake_target_skip_unavailable': False, 'install_base': '/home/nyann/svan/svan_sw2/src/install/velodyne_simulator', 'merge_install': False, 'path': '/home/nyann/svan/svan_sw2/src/velodyne_simulator', 'symlink_install': False, 'test_result_base': None}
[0.671s] INFO:colcon.colcon_core.executor:Executing jobs using 'parallel' executor
[0.672s] DEBUG:colcon.colcon_parallel_executor.executor.parallel:run_until_complete
[0.672s] INFO:colcon.colcon_ros.task.ament_cmake.build:Building ROS package in '/home/nyann/svan/svan_sw2/src/velodyne_description' with build type 'ament_cmake'
[0.672s] INFO:colcon.colcon_cmake.task.cmake.build:Building CMake package in '/home/nyann/svan/svan_sw2/src/velodyne_description'
[0.676s] INFO:colcon.colcon_core.plugin_system:Skipping extension 'colcon_core.shell.bat': Not used on non-Windows systems
[0.677s] INFO:colcon.colcon_core.shell:Skip shell extension 'powershell' for command environment: Not usable outside of PowerShell
[0.677s] DEBUG:colcon.colcon_core.shell:Skip shell extension 'dsv' for command environment
[0.685s] INFO:colcon.colcon_ros.task.ament_cmake.build:Building ROS package in '/home/nyann/svan/svan_sw2/src/velodyne_gazebo_plugins' with build type 'ament_cmake'
[0.685s] INFO:colcon.colcon_cmake.task.cmake.build:Building CMake package in '/home/nyann/svan/svan_sw2/src/velodyne_gazebo_plugins'
[0.686s] INFO:colcon.colcon_core.shell:Skip shell extension 'powershell' for command environment: Not usable outside of PowerShell
[0.686s] DEBUG:colcon.colcon_core.shell:Skip shell extension 'dsv' for command environment
[0.694s] INFO:colcon.colcon_ros.task.ament_cmake.build:Building ROS package in '/home/nyann/svan/svan_sw2/src/svanm2_description' with build type 'ament_cmake'
[0.694s] INFO:colcon.colcon_cmake.task.cmake.build:Building CMake package in '/home/nyann/svan/svan_sw2/src/svanm2_description'
[0.695s] INFO:colcon.colcon_core.shell:Skip shell extension 'powershell' for command environment: Not usable outside of PowerShell
[0.695s] DEBUG:colcon.colcon_core.shell:Skip shell extension 'dsv' for command environment
[0.709s] DEBUG:colcon.colcon_core.event_handler.log_command:Invoking command in '/home/nyann/svan/svan_sw2/src/build/velodyne_description': CMAKE_PREFIX_PATH=${CMAKE_PREFIX_PATH}:/home/nyann/ros2_ws/src/install/rqt_joint_trajectory_controller:/home/nyann/ros2_ws/src/install/rqt_controller_manager:/home/nyann/ros2_ws/src/install/ros2controlcli:/home/nyann/ros2_ws/src/install/ros2_controllers_test_nodes:/home/nyann/ros2_ws/src/install/my_robot_controller:/opt/ros/humble /usr/bin/cmake --build /home/nyann/svan/svan_sw2/src/build/velodyne_description -- -j16 -l16
[0.715s] DEBUG:colcon.colcon_core.event_handler.log_command:Invoking command in '/home/nyann/svan/svan_sw2/src/build/velodyne_gazebo_plugins': CMAKE_PREFIX_PATH=${CMAKE_PREFIX_PATH}:/home/nyann/ros2_ws/src/install/rqt_joint_trajectory_controller:/home/nyann/ros2_ws/src/install/rqt_controller_manager:/home/nyann/ros2_ws/src/install/ros2controlcli:/home/nyann/ros2_ws/src/install/ros2_controllers_test_nodes:/home/nyann/ros2_ws/src/install/my_robot_controller:/opt/ros/humble /usr/bin/cmake --build /home/nyann/svan/svan_sw2/src/build/velodyne_gazebo_plugins -- -j16 -l16
[0.718s] DEBUG:colcon.colcon_core.event_handler.log_command:Invoking command in '/home/nyann/svan/svan_sw2/src/build/svanm2_description': CMAKE_PREFIX_PATH=${CMAKE_PREFIX_PATH}:/home/nyann/ros2_ws/src/install/rqt_joint_trajectory_controller:/home/nyann/ros2_ws/src/install/rqt_controller_manager:/home/nyann/ros2_ws/src/install/ros2controlcli:/home/nyann/ros2_ws/src/install/ros2_controllers_test_nodes:/home/nyann/ros2_ws/src/install/my_robot_controller:/opt/ros/humble /usr/bin/cmake --build /home/nyann/svan/svan_sw2/src/build/svanm2_description -- -j16 -l16
[0.820s] DEBUG:colcon.colcon_core.event_handler.log_command:Invoked command in '/home/nyann/svan/svan_sw2/src/build/velodyne_description' returned '0': CMAKE_PREFIX_PATH=${CMAKE_PREFIX_PATH}:/home/nyann/ros2_ws/src/install/rqt_joint_trajectory_controller:/home/nyann/ros2_ws/src/install/rqt_controller_manager:/home/nyann/ros2_ws/src/install/ros2controlcli:/home/nyann/ros2_ws/src/install/ros2_controllers_test_nodes:/home/nyann/ros2_ws/src/install/my_robot_controller:/opt/ros/humble /usr/bin/cmake --build /home/nyann/svan/svan_sw2/src/build/velodyne_description -- -j16 -l16
[0.835s] DEBUG:colcon.colcon_core.event_handler.log_command:Invoked command in '/home/nyann/svan/svan_sw2/src/build/svanm2_description' returned '0': CMAKE_PREFIX_PATH=${CMAKE_PREFIX_PATH}:/home/nyann/ros2_ws/src/install/rqt_joint_trajectory_controller:/home/nyann/ros2_ws/src/install/rqt_controller_manager:/home/nyann/ros2_ws/src/install/ros2controlcli:/home/nyann/ros2_ws/src/install/ros2_controllers_test_nodes:/home/nyann/ros2_ws/src/install/my_robot_controller:/opt/ros/humble /usr/bin/cmake --build /home/nyann/svan/svan_sw2/src/build/svanm2_description -- -j16 -l16
[0.898s] DEBUG:colcon.colcon_core.event_handler.log_command:Invoking command in '/home/nyann/svan/svan_sw2/src/build/velodyne_description': CMAKE_PREFIX_PATH=${CMAKE_PREFIX_PATH}:/home/nyann/ros2_ws/src/install/rqt_joint_trajectory_controller:/home/nyann/ros2_ws/src/install/rqt_controller_manager:/home/nyann/ros2_ws/src/install/ros2controlcli:/home/nyann/ros2_ws/src/install/ros2_controllers_test_nodes:/home/nyann/ros2_ws/src/install/my_robot_controller:/opt/ros/humble /usr/bin/cmake --install /home/nyann/svan/svan_sw2/src/build/velodyne_description
[0.901s] DEBUG:colcon.colcon_core.event_handler.log_command:Invoking command in '/home/nyann/svan/svan_sw2/src/build/svanm2_description': CMAKE_PREFIX_PATH=${CMAKE_PREFIX_PATH}:/home/nyann/ros2_ws/src/install/rqt_joint_trajectory_controller:/home/nyann/ros2_ws/src/install/rqt_controller_manager:/home/nyann/ros2_ws/src/install/ros2controlcli:/home/nyann/ros2_ws/src/install/ros2_controllers_test_nodes:/home/nyann/ros2_ws/src/install/my_robot_controller:/opt/ros/humble /usr/bin/cmake --install /home/nyann/svan/svan_sw2/src/build/svanm2_description
[0.922s] Level 1:colcon.colcon_core.environment:create_environment_scripts_only(velodyne_description)
[0.929s] DEBUG:colcon.colcon_core.event_handler.log_command:Invoked command in '/home/nyann/svan/svan_sw2/src/build/velodyne_description' returned '0': CMAKE_PREFIX_PATH=${CMAKE_PREFIX_PATH}:/home/nyann/ros2_ws/src/install/rqt_joint_trajectory_controller:/home/nyann/ros2_ws/src/install/rqt_controller_manager:/home/nyann/ros2_ws/src/install/ros2controlcli:/home/nyann/ros2_ws/src/install/ros2_controllers_test_nodes:/home/nyann/ros2_ws/src/install/my_robot_controller:/opt/ros/humble /usr/bin/cmake --install /home/nyann/svan/svan_sw2/src/build/velodyne_description
[0.933s] Level 1:colcon.colcon_core.environment:checking '/home/nyann/svan/svan_sw2/src/install/velodyne_description' for CMake module files
[0.933s] Level 1:colcon.colcon_core.environment:checking '/home/nyann/svan/svan_sw2/src/install/velodyne_description' for CMake config files
[0.934s] Level 1:colcon.colcon_core.shell:create_environment_hook('velodyne_description', 'cmake_prefix_path')
[0.934s] INFO:colcon.colcon_core.shell:Creating environment hook '/home/nyann/svan/svan_sw2/src/install/velodyne_description/share/velodyne_description/hook/cmake_prefix_path.ps1'
[0.935s] INFO:colcon.colcon_core.shell:Creating environment descriptor '/home/nyann/svan/svan_sw2/src/install/velodyne_description/share/velodyne_description/hook/cmake_prefix_path.dsv'
[0.935s] INFO:colcon.colcon_core.shell:Creating environment hook '/home/nyann/svan/svan_sw2/src/install/velodyne_description/share/velodyne_description/hook/cmake_prefix_path.sh'
[0.937s] Level 1:colcon.colcon_core.environment:checking '/home/nyann/svan/svan_sw2/src/install/velodyne_description/bin'
[0.937s] Level 1:colcon.colcon_core.environment:checking '/home/nyann/svan/svan_sw2/src/install/velodyne_description/lib/pkgconfig/velodyne_description.pc'
[0.937s] Level 1:colcon.colcon_core.environment:checking '/home/nyann/svan/svan_sw2/src/install/velodyne_description/lib/python3.10/site-packages'
[0.937s] Level 1:colcon.colcon_core.environment:checking '/home/nyann/svan/svan_sw2/src/install/velodyne_description/bin'
[0.937s] INFO:colcon.colcon_core.shell:Creating package script '/home/nyann/svan/svan_sw2/src/install/velodyne_description/share/velodyne_description/package.ps1'
[0.938s] INFO:colcon.colcon_core.shell:Creating package descriptor '/home/nyann/svan/svan_sw2/src/install/velodyne_description/share/velodyne_description/package.dsv'
[0.939s] INFO:colcon.colcon_core.shell:Creating package script '/home/nyann/svan/svan_sw2/src/install/velodyne_description/share/velodyne_description/package.sh'
[0.940s] INFO:colcon.colcon_core.shell:Creating package script '/home/nyann/svan/svan_sw2/src/install/velodyne_description/share/velodyne_description/package.bash'
[0.940s] INFO:colcon.colcon_core.shell:Creating package script '/home/nyann/svan/svan_sw2/src/install/velodyne_description/share/velodyne_description/package.zsh'
[0.941s] Level 1:colcon.colcon_core.environment:create_file_with_runtime_dependencies(/home/nyann/svan/svan_sw2/src/install/velodyne_description/share/colcon-core/packages/velodyne_description)
[0.943s] Level 1:colcon.colcon_core.environment:create_environment_scripts_only(svanm2_description)
[0.944s] Level 1:colcon.colcon_core.environment:checking '/home/nyann/svan/svan_sw2/src/install/svanm2_description' for CMake module files
[0.944s] DEBUG:colcon.colcon_core.event_handler.log_command:Invoked command in '/home/nyann/svan/svan_sw2/src/build/svanm2_description' returned '0': CMAKE_PREFIX_PATH=${CMAKE_PREFIX_PATH}:/home/nyann/ros2_ws/src/install/rqt_joint_trajectory_controller:/home/nyann/ros2_ws/src/install/rqt_controller_manager:/home/nyann/ros2_ws/src/install/ros2controlcli:/home/nyann/ros2_ws/src/install/ros2_controllers_test_nodes:/home/nyann/ros2_ws/src/install/my_robot_controller:/opt/ros/humble /usr/bin/cmake --install /home/nyann/svan/svan_sw2/src/build/svanm2_description
[0.945s] Level 1:colcon.colcon_core.environment:checking '/home/nyann/svan/svan_sw2/src/install/svanm2_description' for CMake config files
[0.945s] Level 1:colcon.colcon_core.shell:create_environment_hook('svanm2_description', 'cmake_prefix_path')
[0.945s] INFO:colcon.colcon_core.shell:Creating environment hook '/home/nyann/svan/svan_sw2/src/install/svanm2_description/share/svanm2_description/hook/cmake_prefix_path.ps1'
[0.946s] INFO:colcon.colcon_core.shell:Creating environment descriptor '/home/nyann/svan/svan_sw2/src/install/svanm2_description/share/svanm2_description/hook/cmake_prefix_path.dsv'
[0.946s] INFO:colcon.colcon_core.shell:Creating environment hook '/home/nyann/svan/svan_sw2/src/install/svanm2_description/share/svanm2_description/hook/cmake_prefix_path.sh'
[0.947s] Level 1:colcon.colcon_core.environment:checking '/home/nyann/svan/svan_sw2/src/install/svanm2_description/bin'
[0.947s] Level 1:colcon.colcon_core.environment:checking '/home/nyann/svan/svan_sw2/src/install/svanm2_description/lib/pkgconfig/svanm2_description.pc'
[0.947s] Level 1:colcon.colcon_core.environment:checking '/home/nyann/svan/svan_sw2/src/install/svanm2_description/lib/python3.10/site-packages'
[0.947s] Level 1:colcon.colcon_core.environment:checking '/home/nyann/svan/svan_sw2/src/install/svanm2_description/bin'
[0.948s] INFO:colcon.colcon_core.shell:Creating package script '/home/nyann/svan/svan_sw2/src/install/svanm2_description/share/svanm2_description/package.ps1'
[0.948s] INFO:colcon.colcon_core.shell:Creating package descriptor '/home/nyann/svan/svan_sw2/src/install/svanm2_description/share/svanm2_description/package.dsv'
[0.948s] INFO:colcon.colcon_core.shell:Creating package script '/home/nyann/svan/svan_sw2/src/install/svanm2_description/share/svanm2_description/package.sh'
[0.949s] INFO:colcon.colcon_core.shell:Creating package script '/home/nyann/svan/svan_sw2/src/install/svanm2_description/share/svanm2_description/package.bash'
[0.949s] INFO:colcon.colcon_core.shell:Creating package script '/home/nyann/svan/svan_sw2/src/install/svanm2_description/share/svanm2_description/package.zsh'
[0.949s] Level 1:colcon.colcon_core.environment:create_file_with_runtime_dependencies(/home/nyann/svan/svan_sw2/src/install/svanm2_description/share/colcon-core/packages/svanm2_description)
[0.951s] DEBUG:colcon.colcon_core.event_handler.log_command:Invoked command in '/home/nyann/svan/svan_sw2/src/build/velodyne_gazebo_plugins' returned '0': CMAKE_PREFIX_PATH=${CMAKE_PREFIX_PATH}:/home/nyann/ros2_ws/src/install/rqt_joint_trajectory_controller:/home/nyann/ros2_ws/src/install/rqt_controller_manager:/home/nyann/ros2_ws/src/install/ros2controlcli:/home/nyann/ros2_ws/src/install/ros2_controllers_test_nodes:/home/nyann/ros2_ws/src/install/my_robot_controller:/opt/ros/humble /usr/bin/cmake --build /home/nyann/svan/svan_sw2/src/build/velodyne_gazebo_plugins -- -j16 -l16
[1.006s] Level 1:colcon.colcon_core.environment:create_environment_scripts_only(velodyne_description)
[1.007s] Level 1:colcon.colcon_core.environment:checking '/home/nyann/svan/svan_sw2/src/install/velodyne_description' for CMake module files
[1.007s] Level 1:colcon.colcon_core.environment:checking '/home/nyann/svan/svan_sw2/src/install/velodyne_description' for CMake config files
[1.007s] Level 1:colcon.colcon_core.shell:create_environment_hook('velodyne_description', 'cmake_prefix_path')
[1.008s] INFO:colcon.colcon_core.shell:Creating environment hook '/home/nyann/svan/svan_sw2/src/install/velodyne_description/share/velodyne_description/hook/cmake_prefix_path.ps1'
[1.008s] INFO:colcon.colcon_core.shell:Creating environment descriptor '/home/nyann/svan/svan_sw2/src/install/velodyne_description/share/velodyne_description/hook/cmake_prefix_path.dsv'
[1.009s] INFO:colcon.colcon_core.shell:Creating environment hook '/home/nyann/svan/svan_sw2/src/install/velodyne_description/share/velodyne_description/hook/cmake_prefix_path.sh'
[1.009s] Level 1:colcon.colcon_core.environment:checking '/home/nyann/svan/svan_sw2/src/install/velodyne_description/bin'
[1.009s] Level 1:colcon.colcon_core.environment:checking '/home/nyann/svan/svan_sw2/src/install/velodyne_description/lib/pkgconfig/velodyne_description.pc'
[1.010s] Level 1:colcon.colcon_core.environment:checking '/home/nyann/svan/svan_sw2/src/install/velodyne_description/lib/python3.10/site-packages'
[1.010s] Level 1:colcon.colcon_core.environment:checking '/home/nyann/svan/svan_sw2/src/install/velodyne_description/bin'
[1.010s] INFO:colcon.colcon_core.shell:Creating package script '/home/nyann/svan/svan_sw2/src/install/velodyne_description/share/velodyne_description/package.ps1'
[1.011s] INFO:colcon.colcon_core.shell:Creating package descriptor '/home/nyann/svan/svan_sw2/src/install/velodyne_description/share/velodyne_description/package.dsv'
[1.011s] INFO:colcon.colcon_core.shell:Creating package script '/home/nyann/svan/svan_sw2/src/install/velodyne_description/share/velodyne_description/package.sh'
[1.012s] INFO:colcon.colcon_core.shell:Creating package script '/home/nyann/svan/svan_sw2/src/install/velodyne_description/share/velodyne_description/package.bash'
[1.012s] INFO:colcon.colcon_core.shell:Creating package script '/home/nyann/svan/svan_sw2/src/install/velodyne_description/share/velodyne_description/package.zsh'
[1.012s] Level 1:colcon.colcon_core.environment:create_file_with_runtime_dependencies(/home/nyann/svan/svan_sw2/src/install/velodyne_description/share/colcon-core/packages/velodyne_description)
[1.014s] Level 1:colcon.colcon_core.environment:create_environment_scripts_only(svanm2_description)
[1.014s] Level 1:colcon.colcon_core.environment:checking '/home/nyann/svan/svan_sw2/src/install/svanm2_description' for CMake module files
[1.014s] Level 1:colcon.colcon_core.environment:checking '/home/nyann/svan/svan_sw2/src/install/svanm2_description' for CMake config files
[1.015s] Level 1:colcon.colcon_core.shell:create_environment_hook('svanm2_description', 'cmake_prefix_path')
[1.015s] INFO:colcon.colcon_core.shell:Creating environment hook '/home/nyann/svan/svan_sw2/src/install/svanm2_description/share/svanm2_description/hook/cmake_prefix_path.ps1'
[1.015s] INFO:colcon.colcon_core.shell:Creating environment descriptor '/home/nyann/svan/svan_sw2/src/install/svanm2_description/share/svanm2_description/hook/cmake_prefix_path.dsv'
[1.016s] INFO:colcon.colcon_core.shell:Creating environment hook '/home/nyann/svan/svan_sw2/src/install/svanm2_description/share/svanm2_description/hook/cmake_prefix_path.sh'
[1.016s] Level 1:colcon.colcon_core.environment:checking '/home/nyann/svan/svan_sw2/src/install/svanm2_description/bin'
[1.016s] Level 1:colcon.colcon_core.environment:checking '/home/nyann/svan/svan_sw2/src/install/svanm2_description/lib/pkgconfig/svanm2_description.pc'
[1.016s] Level 1:colcon.colcon_core.environment:checking '/home/nyann/svan/svan_sw2/src/install/svanm2_description/lib/python3.10/site-packages'
[1.017s] Level 1:colcon.colcon_core.environment:checking '/home/nyann/svan/svan_sw2/src/install/svanm2_description/bin'
[1.017s] INFO:colcon.colcon_core.shell:Creating package script '/home/nyann/svan/svan_sw2/src/install/svanm2_description/share/svanm2_description/package.ps1'
[1.017s] INFO:colcon.colcon_core.shell:Creating package descriptor '/home/nyann/svan/svan_sw2/src/install/svanm2_description/share/svanm2_description/package.dsv'
[1.018s] INFO:colcon.colcon_core.shell:Creating package script '/home/nyann/svan/svan_sw2/src/install/svanm2_description/share/svanm2_description/package.sh'
[1.018s] INFO:colcon.colcon_core.shell:Creating package script '/home/nyann/svan/svan_sw2/src/install/svanm2_description/share/svanm2_description/package.bash'
[1.019s] INFO:colcon.colcon_core.shell:Creating package script '/home/nyann/svan/svan_sw2/src/install/svanm2_description/share/svanm2_description/package.zsh'
[1.019s] Level 1:colcon.colcon_core.environment:create_file_with_runtime_dependencies(/home/nyann/svan/svan_sw2/src/install/svanm2_description/share/colcon-core/packages/svanm2_description)
[1.027s] DEBUG:colcon.colcon_core.event_handler.log_command:Invoking command in '/home/nyann/svan/svan_sw2/src/build/velodyne_gazebo_plugins': CMAKE_PREFIX_PATH=${CMAKE_PREFIX_PATH}:/home/nyann/ros2_ws/src/install/rqt_joint_trajectory_controller:/home/nyann/ros2_ws/src/install/rqt_controller_manager:/home/nyann/ros2_ws/src/install/ros2controlcli:/home/nyann/ros2_ws/src/install/ros2_controllers_test_nodes:/home/nyann/ros2_ws/src/install/my_robot_controller:/opt/ros/humble /usr/bin/cmake --install /home/nyann/svan/svan_sw2/src/build/velodyne_gazebo_plugins
[1.048s] Level 1:colcon.colcon_core.environment:create_environment_scripts_only(velodyne_gazebo_plugins)
[1.048s] Level 1:colcon.colcon_core.environment:checking '/home/nyann/svan/svan_sw2/src/install/velodyne_gazebo_plugins' for CMake module files
[1.049s] DEBUG:colcon.colcon_core.event_handler.log_command:Invoked command in '/home/nyann/svan/svan_sw2/src/build/velodyne_gazebo_plugins' returned '0': CMAKE_PREFIX_PATH=${CMAKE_PREFIX_PATH}:/home/nyann/ros2_ws/src/install/rqt_joint_trajectory_controller:/home/nyann/ros2_ws/src/install/rqt_controller_manager:/home/nyann/ros2_ws/src/install/ros2controlcli:/home/nyann/ros2_ws/src/install/ros2_controllers_test_nodes:/home/nyann/ros2_ws/src/install/my_robot_controller:/opt/ros/humble /usr/bin/cmake --install /home/nyann/svan/svan_sw2/src/build/velodyne_gazebo_plugins
[1.050s] Level 1:colcon.colcon_core.environment:checking '/home/nyann/svan/svan_sw2/src/install/velodyne_gazebo_plugins' for CMake config files
[1.050s] Level 1:colcon.colcon_core.shell:create_environment_hook('velodyne_gazebo_plugins', 'cmake_prefix_path')
[1.051s] INFO:colcon.colcon_core.shell:Creating environment hook '/home/nyann/svan/svan_sw2/src/install/velodyne_gazebo_plugins/share/velodyne_gazebo_plugins/hook/cmake_prefix_path.ps1'
[1.051s] INFO:colcon.colcon_core.shell:Creating environment descriptor '/home/nyann/svan/svan_sw2/src/install/velodyne_gazebo_plugins/share/velodyne_gazebo_plugins/hook/cmake_prefix_path.dsv'
[1.052s] INFO:colcon.colcon_core.shell:Creating environment hook '/home/nyann/svan/svan_sw2/src/install/velodyne_gazebo_plugins/share/velodyne_gazebo_plugins/hook/cmake_prefix_path.sh'
[1.052s] Level 1:colcon.colcon_core.environment:checking '/home/nyann/svan/svan_sw2/src/install/velodyne_gazebo_plugins/lib'
[1.052s] Level 1:colcon.colcon_core.shell:create_environment_hook('velodyne_gazebo_plugins', 'ld_library_path_lib')
[1.053s] INFO:colcon.colcon_core.shell:Creating environment hook '/home/nyann/svan/svan_sw2/src/install/velodyne_gazebo_plugins/share/velodyne_gazebo_plugins/hook/ld_library_path_lib.ps1'
[1.053s] INFO:colcon.colcon_core.shell:Creating environment descriptor '/home/nyann/svan/svan_sw2/src/install/velodyne_gazebo_plugins/share/velodyne_gazebo_plugins/hook/ld_library_path_lib.dsv'
[1.053s] INFO:colcon.colcon_core.shell:Creating environment hook '/home/nyann/svan/svan_sw2/src/install/velodyne_gazebo_plugins/share/velodyne_gazebo_plugins/hook/ld_library_path_lib.sh'
[1.054s] Level 1:colcon.colcon_core.environment:checking '/home/nyann/svan/svan_sw2/src/install/velodyne_gazebo_plugins/bin'
[1.054s] Level 1:colcon.colcon_core.environment:checking '/home/nyann/svan/svan_sw2/src/install/velodyne_gazebo_plugins/lib/pkgconfig/velodyne_gazebo_plugins.pc'
[1.054s] Level 1:colcon.colcon_core.environment:checking '/home/nyann/svan/svan_sw2/src/install/velodyne_gazebo_plugins/lib/python3.10/site-packages'
[1.054s] Level 1:colcon.colcon_core.environment:checking '/home/nyann/svan/svan_sw2/src/install/velodyne_gazebo_plugins/bin'
[1.055s] INFO:colcon.colcon_core.shell:Creating package script '/home/nyann/svan/svan_sw2/src/install/velodyne_gazebo_plugins/share/velodyne_gazebo_plugins/package.ps1'
[1.055s] INFO:colcon.colcon_core.shell:Creating package descriptor '/home/nyann/svan/svan_sw2/src/install/velodyne_gazebo_plugins/share/velodyne_gazebo_plugins/package.dsv'
[1.056s] INFO:colcon.colcon_core.shell:Creating package script '/home/nyann/svan/svan_sw2/src/install/velodyne_gazebo_plugins/share/velodyne_gazebo_plugins/package.sh'
[1.056s] INFO:colcon.colcon_core.shell:Creating package script '/home/nyann/svan/svan_sw2/src/install/velodyne_gazebo_plugins/share/velodyne_gazebo_plugins/package.bash'
[1.056s] INFO:colcon.colcon_core.shell:Creating package script '/home/nyann/svan/svan_sw2/src/install/velodyne_gazebo_plugins/share/velodyne_gazebo_plugins/package.zsh'
[1.057s] Level 1:colcon.colcon_core.environment:create_file_with_runtime_dependencies(/home/nyann/svan/svan_sw2/src/install/velodyne_gazebo_plugins/share/colcon-core/packages/velodyne_gazebo_plugins)
[1.133s] Level 1:colcon.colcon_core.environment:create_environment_scripts_only(velodyne_gazebo_plugins)
[1.134s] Level 1:colcon.colcon_core.environment:checking '/home/nyann/svan/svan_sw2/src/install/velodyne_gazebo_plugins' for CMake module files
[1.134s] Level 1:colcon.colcon_core.environment:checking '/home/nyann/svan/svan_sw2/src/install/velodyne_gazebo_plugins' for CMake config files
[1.135s] Level 1:colcon.colcon_core.shell:create_environment_hook('velodyne_gazebo_plugins', 'cmake_prefix_path')
[1.135s] INFO:colcon.colcon_core.shell:Creating environment hook '/home/nyann/svan/svan_sw2/src/install/velodyne_gazebo_plugins/share/velodyne_gazebo_plugins/hook/cmake_prefix_path.ps1'
[1.135s] INFO:colcon.colcon_core.shell:Creating environment descriptor '/home/nyann/svan/svan_sw2/src/install/velodyne_gazebo_plugins/share/velodyne_gazebo_plugins/hook/cmake_prefix_path.dsv'
[1.136s] INFO:colcon.colcon_core.shell:Creating environment hook '/home/nyann/svan/svan_sw2/src/install/velodyne_gazebo_plugins/share/velodyne_gazebo_plugins/hook/cmake_prefix_path.sh'
[1.136s] Level 1:colcon.colcon_core.environment:checking '/home/nyann/svan/svan_sw2/src/install/velodyne_gazebo_plugins/lib'
[1.136s] Level 1:colcon.colcon_core.shell:create_environment_hook('velodyne_gazebo_plugins', 'ld_library_path_lib')
[1.136s] INFO:colcon.colcon_core.shell:Creating environment hook '/home/nyann/svan/svan_sw2/src/install/velodyne_gazebo_plugins/share/velodyne_gazebo_plugins/hook/ld_library_path_lib.ps1'
[1.137s] INFO:colcon.colcon_core.shell:Creating environment descriptor '/home/nyann/svan/svan_sw2/src/install/velodyne_gazebo_plugins/share/velodyne_gazebo_plugins/hook/ld_library_path_lib.dsv'
[1.137s] INFO:colcon.colcon_core.shell:Creating environment hook '/home/nyann/svan/svan_sw2/src/install/velodyne_gazebo_plugins/share/velodyne_gazebo_plugins/hook/ld_library_path_lib.sh'
[1.137s] Level 1:colcon.colcon_core.environment:checking '/home/nyann/svan/svan_sw2/src/install/velodyne_gazebo_plugins/bin'
[1.137s] Level 1:colcon.colcon_core.environment:checking '/home/nyann/svan/svan_sw2/src/install/velodyne_gazebo_plugins/lib/pkgconfig/velodyne_gazebo_plugins.pc'
[1.138s] Level 1:colcon.colcon_core.environment:checking '/home/nyann/svan/svan_sw2/src/install/velodyne_gazebo_plugins/lib/python3.10/site-packages'
[1.138s] Level 1:colcon.colcon_core.environment:checking '/home/nyann/svan/svan_sw2/src/install/velodyne_gazebo_plugins/bin'
[1.138s] INFO:colcon.colcon_core.shell:Creating package script '/home/nyann/svan/svan_sw2/src/install/velodyne_gazebo_plugins/share/velodyne_gazebo_plugins/package.ps1'
[1.138s] INFO:colcon.colcon_core.shell:Creating package descriptor '/home/nyann/svan/svan_sw2/src/install/velodyne_gazebo_plugins/share/velodyne_gazebo_plugins/package.dsv'
[1.139s] INFO:colcon.colcon_core.shell:Creating package script '/home/nyann/svan/svan_sw2/src/install/velodyne_gazebo_plugins/share/velodyne_gazebo_plugins/package.sh'
[1.139s] INFO:colcon.colcon_core.shell:Creating package script '/home/nyann/svan/svan_sw2/src/install/velodyne_gazebo_plugins/share/velodyne_gazebo_plugins/package.bash'
[1.140s] INFO:colcon.colcon_core.shell:Creating package script '/home/nyann/svan/svan_sw2/src/install/velodyne_gazebo_plugins/share/velodyne_gazebo_plugins/package.zsh'
[1.140s] Level 1:colcon.colcon_core.environment:create_file_with_runtime_dependencies(/home/nyann/svan/svan_sw2/src/install/velodyne_gazebo_plugins/share/colcon-core/packages/velodyne_gazebo_plugins)
[1.140s] INFO:colcon.colcon_ros.task.ament_cmake.build:Building ROS package in '/home/nyann/svan/svan_sw2/src/velodyne_simulator' with build type 'ament_cmake'
[1.140s] INFO:colcon.colcon_cmake.task.cmake.build:Building CMake package in '/home/nyann/svan/svan_sw2/src/velodyne_simulator'
[1.141s] INFO:colcon.colcon_core.shell:Skip shell extension 'powershell' for command environment: Not usable outside of PowerShell
[1.141s] DEBUG:colcon.colcon_core.shell:Skip shell extension 'dsv' for command environment
[1.166s] DEBUG:colcon.colcon_core.event_handler.log_command:Invoking command in '/home/nyann/svan/svan_sw2/src/build/velodyne_simulator': CMAKE_PREFIX_PATH=/home/nyann/svan/svan_sw2/src/install/velodyne_gazebo_plugins:/home/nyann/svan/svan_sw2/src/install/velodyne_description:/home/nyann/svan/svan_sw2/src/install/velodyne_simulator:/home/nyann/svan/svan_sw2/src/install/svanm2_description:/home/nyann/svan/svan_sw2/src/install/svan_msgs:/home/nyann/svan/svan_sw2/src/install/svan_gazebo:/home/nyann/ros2_ws/src/install/ros2_controllers:/home/nyann/ros2_ws/src/install/ign_ros2_control_demos:/home/nyann/ros2_ws/src/install/gazebo_ros2_control_demos:/home/nyann/ros2_ws/src/install/velocity_controllers:/home/nyann/ros2_ws/src/install/tricycle_steering_controller:/home/nyann/ros2_ws/src/install/tricycle_controller:/home/nyann/ros2_ws/src/install/ros2_control_demos:/home/nyann/ros2_ws/src/install/ros2_control_demo_example_8:/home/nyann/ros2_ws/src/install/ros2_control:/home/nyann/ros2_ws/src/install/transmission_interface:/home/nyann/ros2_ws/src/install/ros2_control_demo_example_11:/home/nyann/ros2_ws/src/install/bicycle_steering_controller:/home/nyann/ros2_ws/src/install/ackermann_steering_controller:/home/nyann/ros2_ws/src/install/steering_controllers_library:/home/nyann/ros2_ws/src/install/ros2_control_demo_example_9:/home/nyann/ros2_ws/src/install/ros2_control_demo_example_7:/home/nyann/ros2_ws/src/install/ros2_control_demo_example_6:/home/nyann/ros2_ws/src/install/ros2_control_demo_example_15:/home/nyann/ros2_ws/src/install/ros2_control_demo_example_5:/home/nyann/ros2_ws/src/install/ros2_control_demo_example_4:/home/nyann/ros2_ws/src/install/ros2_control_demo_example_3:/home/nyann/ros2_ws/src/install/ros2_control_demo_example_2:/home/nyann/ros2_ws/src/install/ros2_control_demo_example_14:/home/nyann/ros2_ws/src/install/ros2_control_demo_example_12:/home/nyann/ros2_ws/src/install/ros2_control_demo_example_10:/home/nyann/ros2_ws/src/install/ros2_control_demo_example_1:/home/nyann/ros2_ws/src/install/gz_ros2_control_tests:/home/nyann/ros2_ws/src/install/ign_ros2_control:/home/nyann/ros2_ws/src/install/hardware_interface_testing:/home/nyann/ros2_ws/src/install/gazebo_ros2_control:/home/nyann/ros2_ws/src/install/controller_manager:/home/nyann/ros2_ws/src/install/ros2_control_test_assets:/home/nyann/ros2_ws/src/install/ros2_control_demo_description:/home/nyann/ros2_ws/src/install/range_sensor_broadcaster:/home/nyann/ros2_ws/src/install/position_controllers:/home/nyann/ros2_ws/src/install/admittance_controller:/home/nyann/ros2_ws/src/install/joint_trajectory_controller:/home/nyann/ros2_ws/src/install/joint_state_broadcaster:/home/nyann/ros2_ws/src/install/imu_sensor_broadcaster:/home/nyann/ros2_ws/src/install/gripper_controllers:/home/nyann/ros2_ws/src/install/effort_controllers:/home/nyann/ros2_ws/src/install/forward_command_controller:/home/nyann/ros2_ws/src/install/force_torque_sensor_broadcaster:/home/nyann/ros2_ws/src/install/diff_drive_controller:/home/nyann/ros2_ws/src/install/control_toolbox:/home/nyann/ros2_ws/src/install/realtime_tools:/home/nyann/ros2_ws/src/install/kinematics_interface_kdl:/home/nyann/ros2_ws/src/install/kinematics_interface:/home/nyann/ros2_ws/src/install/joint_limits:/home/nyann/ros2_ws/src/install/controller_interface:/home/nyann/ros2_ws/src/install/hardware_interface:/home/nyann/ros2_ws/src/install/controller_manager_msgs:/home/nyann/ros2_ws/src/install/control_msgs:/opt/openrobots:/home/nyann/ros2_ws/src/install/rqt_joint_trajectory_controller:/home/nyann/ros2_ws/src/install/rqt_controller_manager:/home/nyann/ros2_ws/src/install/ros2controlcli:/home/nyann/ros2_ws/src/install/ros2_controllers_test_nodes:/home/nyann/ros2_ws/src/install/my_robot_controller:/opt/ros/humble LD_LIBRARY_PATH=/home/nyann/svan/svan_sw2/src/install/velodyne_gazebo_plugins/lib:/home/nyann/svan/svan_sw2/src/install/svan_msgs/lib:/home/nyann/ros2_ws/src/install/velocity_controllers/lib:/home/nyann/ros2_ws/src/install/tricycle_steering_controller/lib:/home/nyann/ros2_ws/src/install/tricycle_controller/lib:/home/nyann/ros2_ws/src/install/ros2_control_demo_example_8/lib:/home/nyann/ros2_ws/src/install/transmission_interface/lib:/home/nyann/ros2_ws/src/install/ros2_control_demo_example_11/lib:/home/nyann/ros2_ws/src/install/bicycle_steering_controller/lib:/home/nyann/ros2_ws/src/install/ackermann_steering_controller/lib:/home/nyann/ros2_ws/src/install/steering_controllers_library/lib:/home/nyann/ros2_ws/src/install/ros2_control_demo_example_9/lib:/home/nyann/ros2_ws/src/install/ros2_control_demo_example_7/lib:/home/nyann/ros2_ws/src/install/ros2_control_demo_example_6/lib:/home/nyann/ros2_ws/src/install/ros2_control_demo_example_5/lib:/home/nyann/ros2_ws/src/install/ros2_control_demo_example_4/lib:/home/nyann/ros2_ws/src/install/ros2_control_demo_example_3/lib:/home/nyann/ros2_ws/src/install/ros2_control_demo_example_2/lib:/home/nyann/ros2_ws/src/install/ros2_control_demo_example_14/lib:/home/nyann/ros2_ws/src/install/ros2_control_demo_example_12/lib:/home/nyann/ros2_ws/src/install/ros2_control_demo_example_10/lib:/home/nyann/ros2_ws/src/install/ros2_control_demo_example_1/lib:/home/nyann/ros2_ws/src/install/ign_ros2_control/lib:/home/nyann/ros2_ws/src/install/hardware_interface_testing/lib:/home/nyann/ros2_ws/src/install/gazebo_ros2_control/lib:/home/nyann/ros2_ws/src/install/controller_manager/lib:/home/nyann/ros2_ws/src/install/range_sensor_broadcaster/lib:/home/nyann/ros2_ws/src/install/position_controllers/lib:/home/nyann/ros2_ws/src/install/admittance_controller/lib:/home/nyann/ros2_ws/src/install/joint_trajectory_controller/lib:/home/nyann/ros2_ws/src/install/joint_state_broadcaster/lib:/home/nyann/ros2_ws/src/install/imu_sensor_broadcaster/lib:/home/nyann/ros2_ws/src/install/gripper_controllers/lib:/home/nyann/ros2_ws/src/install/effort_controllers/lib:/home/nyann/ros2_ws/src/install/forward_command_controller/lib:/home/nyann/ros2_ws/src/install/force_torque_sensor_broadcaster/lib:/home/nyann/ros2_ws/src/install/diff_drive_controller/lib:/home/nyann/ros2_ws/src/install/control_toolbox/lib:/home/nyann/ros2_ws/src/install/realtime_tools/lib:/home/nyann/ros2_ws/src/install/kinematics_interface_kdl/lib:/home/nyann/ros2_ws/src/install/kinematics_interface/lib:/home/nyann/ros2_ws/src/install/controller_interface/lib:/home/nyann/ros2_ws/src/install/hardware_interface/lib:/home/nyann/ros2_ws/src/install/controller_manager_msgs/lib:/home/nyann/ros2_ws/src/install/control_msgs/lib:/opt/ros/humble/opt/rviz_ogre_vendor/lib:/opt/ros/humble/lib/x86_64-linux-gnu:/opt/ros/humble/lib:/opt/openrobots/lib:/usr/lib/x86_64-linux-gnu/gazebo-11/plugins /usr/bin/cmake --build /home/nyann/svan/svan_sw2/src/build/velodyne_simulator -- -j16 -l16
[1.242s] DEBUG:colcon.colcon_core.event_handler.log_command:Invoked command in '/home/nyann/svan/svan_sw2/src/build/velodyne_simulator' returned '0': CMAKE_PREFIX_PATH=/home/nyann/svan/svan_sw2/src/install/velodyne_gazebo_plugins:/home/nyann/svan/svan_sw2/src/install/velodyne_description:/home/nyann/svan/svan_sw2/src/install/velodyne_simulator:/home/nyann/svan/svan_sw2/src/install/svanm2_description:/home/nyann/svan/svan_sw2/src/install/svan_msgs:/home/nyann/svan/svan_sw2/src/install/svan_gazebo:/home/nyann/ros2_ws/src/install/ros2_controllers:/home/nyann/ros2_ws/src/install/ign_ros2_control_demos:/home/nyann/ros2_ws/src/install/gazebo_ros2_control_demos:/home/nyann/ros2_ws/src/install/velocity_controllers:/home/nyann/ros2_ws/src/install/tricycle_steering_controller:/home/nyann/ros2_ws/src/install/tricycle_controller:/home/nyann/ros2_ws/src/install/ros2_control_demos:/home/nyann/ros2_ws/src/install/ros2_control_demo_example_8:/home/nyann/ros2_ws/src/install/ros2_control:/home/nyann/ros2_ws/src/install/transmission_interface:/home/nyann/ros2_ws/src/install/ros2_control_demo_example_11:/home/nyann/ros2_ws/src/install/bicycle_steering_controller:/home/nyann/ros2_ws/src/install/ackermann_steering_controller:/home/nyann/ros2_ws/src/install/steering_controllers_library:/home/nyann/ros2_ws/src/install/ros2_control_demo_example_9:/home/nyann/ros2_ws/src/install/ros2_control_demo_example_7:/home/nyann/ros2_ws/src/install/ros2_control_demo_example_6:/home/nyann/ros2_ws/src/install/ros2_control_demo_example_15:/home/nyann/ros2_ws/src/install/ros2_control_demo_example_5:/home/nyann/ros2_ws/src/install/ros2_control_demo_example_4:/home/nyann/ros2_ws/src/install/ros2_control_demo_example_3:/home/nyann/ros2_ws/src/install/ros2_control_demo_example_2:/home/nyann/ros2_ws/src/install/ros2_control_demo_example_14:/home/nyann/ros2_ws/src/install/ros2_control_demo_example_12:/home/nyann/ros2_ws/src/install/ros2_control_demo_example_10:/home/nyann/ros2_ws/src/install/ros2_control_demo_example_1:/home/nyann/ros2_ws/src/install/gz_ros2_control_tests:/home/nyann/ros2_ws/src/install/ign_ros2_control:/home/nyann/ros2_ws/src/install/hardware_interface_testing:/home/nyann/ros2_ws/src/install/gazebo_ros2_control:/home/nyann/ros2_ws/src/install/controller_manager:/home/nyann/ros2_ws/src/install/ros2_control_test_assets:/home/nyann/ros2_ws/src/install/ros2_control_demo_description:/home/nyann/ros2_ws/src/install/range_sensor_broadcaster:/home/nyann/ros2_ws/src/install/position_controllers:/home/nyann/ros2_ws/src/install/admittance_controller:/home/nyann/ros2_ws/src/install/joint_trajectory_controller:/home/nyann/ros2_ws/src/install/joint_state_broadcaster:/home/nyann/ros2_ws/src/install/imu_sensor_broadcaster:/home/nyann/ros2_ws/src/install/gripper_controllers:/home/nyann/ros2_ws/src/install/effort_controllers:/home/nyann/ros2_ws/src/install/forward_command_controller:/home/nyann/ros2_ws/src/install/force_torque_sensor_broadcaster:/home/nyann/ros2_ws/src/install/diff_drive_controller:/home/nyann/ros2_ws/src/install/control_toolbox:/home/nyann/ros2_ws/src/install/realtime_tools:/home/nyann/ros2_ws/src/install/kinematics_interface_kdl:/home/nyann/ros2_ws/src/install/kinematics_interface:/home/nyann/ros2_ws/src/install/joint_limits:/home/nyann/ros2_ws/src/install/controller_interface:/home/nyann/ros2_ws/src/install/hardware_interface:/home/nyann/ros2_ws/src/install/controller_manager_msgs:/home/nyann/ros2_ws/src/install/control_msgs:/opt/openrobots:/home/nyann/ros2_ws/src/install/rqt_joint_trajectory_controller:/home/nyann/ros2_ws/src/install/rqt_controller_manager:/home/nyann/ros2_ws/src/install/ros2controlcli:/home/nyann/ros2_ws/src/install/ros2_controllers_test_nodes:/home/nyann/ros2_ws/src/install/my_robot_controller:/opt/ros/humble LD_LIBRARY_PATH=/home/nyann/svan/svan_sw2/src/install/velodyne_gazebo_plugins/lib:/home/nyann/svan/svan_sw2/src/install/svan_msgs/lib:/home/nyann/ros2_ws/src/install/velocity_controllers/lib:/home/nyann/ros2_ws/src/install/tricycle_steering_controller/lib:/home/nyann/ros2_ws/src/install/tricycle_controller/lib:/home/nyann/ros2_ws/src/install/ros2_control_demo_example_8/lib:/home/nyann/ros2_ws/src/install/transmission_interface/lib:/home/nyann/ros2_ws/src/install/ros2_control_demo_example_11/lib:/home/nyann/ros2_ws/src/install/bicycle_steering_controller/lib:/home/nyann/ros2_ws/src/install/ackermann_steering_controller/lib:/home/nyann/ros2_ws/src/install/steering_controllers_library/lib:/home/nyann/ros2_ws/src/install/ros2_control_demo_example_9/lib:/home/nyann/ros2_ws/src/install/ros2_control_demo_example_7/lib:/home/nyann/ros2_ws/src/install/ros2_control_demo_example_6/lib:/home/nyann/ros2_ws/src/install/ros2_control_demo_example_5/lib:/home/nyann/ros2_ws/src/install/ros2_control_demo_example_4/lib:/home/nyann/ros2_ws/src/install/ros2_control_demo_example_3/lib:/home/nyann/ros2_ws/src/install/ros2_control_demo_example_2/lib:/home/nyann/ros2_ws/src/install/ros2_control_demo_example_14/lib:/home/nyann/ros2_ws/src/install/ros2_control_demo_example_12/lib:/home/nyann/ros2_ws/src/install/ros2_control_demo_example_10/lib:/home/nyann/ros2_ws/src/install/ros2_control_demo_example_1/lib:/home/nyann/ros2_ws/src/install/ign_ros2_control/lib:/home/nyann/ros2_ws/src/install/hardware_interface_testing/lib:/home/nyann/ros2_ws/src/install/gazebo_ros2_control/lib:/home/nyann/ros2_ws/src/install/controller_manager/lib:/home/nyann/ros2_ws/src/install/range_sensor_broadcaster/lib:/home/nyann/ros2_ws/src/install/position_controllers/lib:/home/nyann/ros2_ws/src/install/admittance_controller/lib:/home/nyann/ros2_ws/src/install/joint_trajectory_controller/lib:/home/nyann/ros2_ws/src/install/joint_state_broadcaster/lib:/home/nyann/ros2_ws/src/install/imu_sensor_broadcaster/lib:/home/nyann/ros2_ws/src/install/gripper_controllers/lib:/home/nyann/ros2_ws/src/install/effort_controllers/lib:/home/nyann/ros2_ws/src/install/forward_command_controller/lib:/home/nyann/ros2_ws/src/install/force_torque_sensor_broadcaster/lib:/home/nyann/ros2_ws/src/install/diff_drive_controller/lib:/home/nyann/ros2_ws/src/install/control_toolbox/lib:/home/nyann/ros2_ws/src/install/realtime_tools/lib:/home/nyann/ros2_ws/src/install/kinematics_interface_kdl/lib:/home/nyann/ros2_ws/src/install/kinematics_interface/lib:/home/nyann/ros2_ws/src/install/controller_interface/lib:/home/nyann/ros2_ws/src/install/hardware_interface/lib:/home/nyann/ros2_ws/src/install/controller_manager_msgs/lib:/home/nyann/ros2_ws/src/install/control_msgs/lib:/opt/ros/humble/opt/rviz_ogre_vendor/lib:/opt/ros/humble/lib/x86_64-linux-gnu:/opt/ros/humble/lib:/opt/openrobots/lib:/usr/lib/x86_64-linux-gnu/gazebo-11/plugins /usr/bin/cmake --build /home/nyann/svan/svan_sw2/src/build/velodyne_simulator -- -j16 -l16
[1.301s] DEBUG:colcon.colcon_core.event_handler.log_command:Invoking command in '/home/nyann/svan/svan_sw2/src/build/velodyne_simulator': CMAKE_PREFIX_PATH=/home/nyann/svan/svan_sw2/src/install/velodyne_gazebo_plugins:/home/nyann/svan/svan_sw2/src/install/velodyne_description:/home/nyann/svan/svan_sw2/src/install/velodyne_simulator:/home/nyann/svan/svan_sw2/src/install/svanm2_description:/home/nyann/svan/svan_sw2/src/install/svan_msgs:/home/nyann/svan/svan_sw2/src/install/svan_gazebo:/home/nyann/ros2_ws/src/install/ros2_controllers:/home/nyann/ros2_ws/src/install/ign_ros2_control_demos:/home/nyann/ros2_ws/src/install/gazebo_ros2_control_demos:/home/nyann/ros2_ws/src/install/velocity_controllers:/home/nyann/ros2_ws/src/install/tricycle_steering_controller:/home/nyann/ros2_ws/src/install/tricycle_controller:/home/nyann/ros2_ws/src/install/ros2_control_demos:/home/nyann/ros2_ws/src/install/ros2_control_demo_example_8:/home/nyann/ros2_ws/src/install/ros2_control:/home/nyann/ros2_ws/src/install/transmission_interface:/home/nyann/ros2_ws/src/install/ros2_control_demo_example_11:/home/nyann/ros2_ws/src/install/bicycle_steering_controller:/home/nyann/ros2_ws/src/install/ackermann_steering_controller:/home/nyann/ros2_ws/src/install/steering_controllers_library:/home/nyann/ros2_ws/src/install/ros2_control_demo_example_9:/home/nyann/ros2_ws/src/install/ros2_control_demo_example_7:/home/nyann/ros2_ws/src/install/ros2_control_demo_example_6:/home/nyann/ros2_ws/src/install/ros2_control_demo_example_15:/home/nyann/ros2_ws/src/install/ros2_control_demo_example_5:/home/nyann/ros2_ws/src/install/ros2_control_demo_example_4:/home/nyann/ros2_ws/src/install/ros2_control_demo_example_3:/home/nyann/ros2_ws/src/install/ros2_control_demo_example_2:/home/nyann/ros2_ws/src/install/ros2_control_demo_example_14:/home/nyann/ros2_ws/src/install/ros2_control_demo_example_12:/home/nyann/ros2_ws/src/install/ros2_control_demo_example_10:/home/nyann/ros2_ws/src/install/ros2_control_demo_example_1:/home/nyann/ros2_ws/src/install/gz_ros2_control_tests:/home/nyann/ros2_ws/src/install/ign_ros2_control:/home/nyann/ros2_ws/src/install/hardware_interface_testing:/home/nyann/ros2_ws/src/install/gazebo_ros2_control:/home/nyann/ros2_ws/src/install/controller_manager:/home/nyann/ros2_ws/src/install/ros2_control_test_assets:/home/nyann/ros2_ws/src/install/ros2_control_demo_description:/home/nyann/ros2_ws/src/install/range_sensor_broadcaster:/home/nyann/ros2_ws/src/install/position_controllers:/home/nyann/ros2_ws/src/install/admittance_controller:/home/nyann/ros2_ws/src/install/joint_trajectory_controller:/home/nyann/ros2_ws/src/install/joint_state_broadcaster:/home/nyann/ros2_ws/src/install/imu_sensor_broadcaster:/home/nyann/ros2_ws/src/install/gripper_controllers:/home/nyann/ros2_ws/src/install/effort_controllers:/home/nyann/ros2_ws/src/install/forward_command_controller:/home/nyann/ros2_ws/src/install/force_torque_sensor_broadcaster:/home/nyann/ros2_ws/src/install/diff_drive_controller:/home/nyann/ros2_ws/src/install/control_toolbox:/home/nyann/ros2_ws/src/install/realtime_tools:/home/nyann/ros2_ws/src/install/kinematics_interface_kdl:/home/nyann/ros2_ws/src/install/kinematics_interface:/home/nyann/ros2_ws/src/install/joint_limits:/home/nyann/ros2_ws/src/install/controller_interface:/home/nyann/ros2_ws/src/install/hardware_interface:/home/nyann/ros2_ws/src/install/controller_manager_msgs:/home/nyann/ros2_ws/src/install/control_msgs:/opt/openrobots:/home/nyann/ros2_ws/src/install/rqt_joint_trajectory_controller:/home/nyann/ros2_ws/src/install/rqt_controller_manager:/home/nyann/ros2_ws/src/install/ros2controlcli:/home/nyann/ros2_ws/src/install/ros2_controllers_test_nodes:/home/nyann/ros2_ws/src/install/my_robot_controller:/opt/ros/humble LD_LIBRARY_PATH=/home/nyann/svan/svan_sw2/src/install/velodyne_gazebo_plugins/lib:/home/nyann/svan/svan_sw2/src/install/svan_msgs/lib:/home/nyann/ros2_ws/src/install/velocity_controllers/lib:/home/nyann/ros2_ws/src/install/tricycle_steering_controller/lib:/home/nyann/ros2_ws/src/install/tricycle_controller/lib:/home/nyann/ros2_ws/src/install/ros2_control_demo_example_8/lib:/home/nyann/ros2_ws/src/install/transmission_interface/lib:/home/nyann/ros2_ws/src/install/ros2_control_demo_example_11/lib:/home/nyann/ros2_ws/src/install/bicycle_steering_controller/lib:/home/nyann/ros2_ws/src/install/ackermann_steering_controller/lib:/home/nyann/ros2_ws/src/install/steering_controllers_library/lib:/home/nyann/ros2_ws/src/install/ros2_control_demo_example_9/lib:/home/nyann/ros2_ws/src/install/ros2_control_demo_example_7/lib:/home/nyann/ros2_ws/src/install/ros2_control_demo_example_6/lib:/home/nyann/ros2_ws/src/install/ros2_control_demo_example_5/lib:/home/nyann/ros2_ws/src/install/ros2_control_demo_example_4/lib:/home/nyann/ros2_ws/src/install/ros2_control_demo_example_3/lib:/home/nyann/ros2_ws/src/install/ros2_control_demo_example_2/lib:/home/nyann/ros2_ws/src/install/ros2_control_demo_example_14/lib:/home/nyann/ros2_ws/src/install/ros2_control_demo_example_12/lib:/home/nyann/ros2_ws/src/install/ros2_control_demo_example_10/lib:/home/nyann/ros2_ws/src/install/ros2_control_demo_example_1/lib:/home/nyann/ros2_ws/src/install/ign_ros2_control/lib:/home/nyann/ros2_ws/src/install/hardware_interface_testing/lib:/home/nyann/ros2_ws/src/install/gazebo_ros2_control/lib:/home/nyann/ros2_ws/src/install/controller_manager/lib:/home/nyann/ros2_ws/src/install/range_sensor_broadcaster/lib:/home/nyann/ros2_ws/src/install/position_controllers/lib:/home/nyann/ros2_ws/src/install/admittance_controller/lib:/home/nyann/ros2_ws/src/install/joint_trajectory_controller/lib:/home/nyann/ros2_ws/src/install/joint_state_broadcaster/lib:/home/nyann/ros2_ws/src/install/imu_sensor_broadcaster/lib:/home/nyann/ros2_ws/src/install/gripper_controllers/lib:/home/nyann/ros2_ws/src/install/effort_controllers/lib:/home/nyann/ros2_ws/src/install/forward_command_controller/lib:/home/nyann/ros2_ws/src/install/force_torque_sensor_broadcaster/lib:/home/nyann/ros2_ws/src/install/diff_drive_controller/lib:/home/nyann/ros2_ws/src/install/control_toolbox/lib:/home/nyann/ros2_ws/src/install/realtime_tools/lib:/home/nyann/ros2_ws/src/install/kinematics_interface_kdl/lib:/home/nyann/ros2_ws/src/install/kinematics_interface/lib:/home/nyann/ros2_ws/src/install/controller_interface/lib:/home/nyann/ros2_ws/src/install/hardware_interface/lib:/home/nyann/ros2_ws/src/install/controller_manager_msgs/lib:/home/nyann/ros2_ws/src/install/control_msgs/lib:/opt/ros/humble/opt/rviz_ogre_vendor/lib:/opt/ros/humble/lib/x86_64-linux-gnu:/opt/ros/humble/lib:/opt/openrobots/lib:/usr/lib/x86_64-linux-gnu/gazebo-11/plugins /usr/bin/cmake --install /home/nyann/svan/svan_sw2/src/build/velodyne_simulator
[1.317s] Level 1:colcon.colcon_core.environment:create_environment_scripts_only(velodyne_simulator)
[1.318s] Level 1:colcon.colcon_core.environment:checking '/home/nyann/svan/svan_sw2/src/install/velodyne_simulator' for CMake module files
[1.318s] DEBUG:colcon.colcon_core.event_handler.log_command:Invoked command in '/home/nyann/svan/svan_sw2/src/build/velodyne_simulator' returned '0': CMAKE_PREFIX_PATH=/home/nyann/svan/svan_sw2/src/install/velodyne_gazebo_plugins:/home/nyann/svan/svan_sw2/src/install/velodyne_description:/home/nyann/svan/svan_sw2/src/install/velodyne_simulator:/home/nyann/svan/svan_sw2/src/install/svanm2_description:/home/nyann/svan/svan_sw2/src/install/svan_msgs:/home/nyann/svan/svan_sw2/src/install/svan_gazebo:/home/nyann/ros2_ws/src/install/ros2_controllers:/home/nyann/ros2_ws/src/install/ign_ros2_control_demos:/home/nyann/ros2_ws/src/install/gazebo_ros2_control_demos:/home/nyann/ros2_ws/src/install/velocity_controllers:/home/nyann/ros2_ws/src/install/tricycle_steering_controller:/home/nyann/ros2_ws/src/install/tricycle_controller:/home/nyann/ros2_ws/src/install/ros2_control_demos:/home/nyann/ros2_ws/src/install/ros2_control_demo_example_8:/home/nyann/ros2_ws/src/install/ros2_control:/home/nyann/ros2_ws/src/install/transmission_interface:/home/nyann/ros2_ws/src/install/ros2_control_demo_example_11:/home/nyann/ros2_ws/src/install/bicycle_steering_controller:/home/nyann/ros2_ws/src/install/ackermann_steering_controller:/home/nyann/ros2_ws/src/install/steering_controllers_library:/home/nyann/ros2_ws/src/install/ros2_control_demo_example_9:/home/nyann/ros2_ws/src/install/ros2_control_demo_example_7:/home/nyann/ros2_ws/src/install/ros2_control_demo_example_6:/home/nyann/ros2_ws/src/install/ros2_control_demo_example_15:/home/nyann/ros2_ws/src/install/ros2_control_demo_example_5:/home/nyann/ros2_ws/src/install/ros2_control_demo_example_4:/home/nyann/ros2_ws/src/install/ros2_control_demo_example_3:/home/nyann/ros2_ws/src/install/ros2_control_demo_example_2:/home/nyann/ros2_ws/src/install/ros2_control_demo_example_14:/home/nyann/ros2_ws/src/install/ros2_control_demo_example_12:/home/nyann/ros2_ws/src/install/ros2_control_demo_example_10:/home/nyann/ros2_ws/src/install/ros2_control_demo_example_1:/home/nyann/ros2_ws/src/install/gz_ros2_control_tests:/home/nyann/ros2_ws/src/install/ign_ros2_control:/home/nyann/ros2_ws/src/install/hardware_interface_testing:/home/nyann/ros2_ws/src/install/gazebo_ros2_control:/home/nyann/ros2_ws/src/install/controller_manager:/home/nyann/ros2_ws/src/install/ros2_control_test_assets:/home/nyann/ros2_ws/src/install/ros2_control_demo_description:/home/nyann/ros2_ws/src/install/range_sensor_broadcaster:/home/nyann/ros2_ws/src/install/position_controllers:/home/nyann/ros2_ws/src/install/admittance_controller:/home/nyann/ros2_ws/src/install/joint_trajectory_controller:/home/nyann/ros2_ws/src/install/joint_state_broadcaster:/home/nyann/ros2_ws/src/install/imu_sensor_broadcaster:/home/nyann/ros2_ws/src/install/gripper_controllers:/home/nyann/ros2_ws/src/install/effort_controllers:/home/nyann/ros2_ws/src/install/forward_command_controller:/home/nyann/ros2_ws/src/install/force_torque_sensor_broadcaster:/home/nyann/ros2_ws/src/install/diff_drive_controller:/home/nyann/ros2_ws/src/install/control_toolbox:/home/nyann/ros2_ws/src/install/realtime_tools:/home/nyann/ros2_ws/src/install/kinematics_interface_kdl:/home/nyann/ros2_ws/src/install/kinematics_interface:/home/nyann/ros2_ws/src/install/joint_limits:/home/nyann/ros2_ws/src/install/controller_interface:/home/nyann/ros2_ws/src/install/hardware_interface:/home/nyann/ros2_ws/src/install/controller_manager_msgs:/home/nyann/ros2_ws/src/install/control_msgs:/opt/openrobots:/home/nyann/ros2_ws/src/install/rqt_joint_trajectory_controller:/home/nyann/ros2_ws/src/install/rqt_controller_manager:/home/nyann/ros2_ws/src/install/ros2controlcli:/home/nyann/ros2_ws/src/install/ros2_controllers_test_nodes:/home/nyann/ros2_ws/src/install/my_robot_controller:/opt/ros/humble LD_LIBRARY_PATH=/home/nyann/svan/svan_sw2/src/install/velodyne_gazebo_plugins/lib:/home/nyann/svan/svan_sw2/src/install/svan_msgs/lib:/home/nyann/ros2_ws/src/install/velocity_controllers/lib:/home/nyann/ros2_ws/src/install/tricycle_steering_controller/lib:/home/nyann/ros2_ws/src/install/tricycle_controller/lib:/home/nyann/ros2_ws/src/install/ros2_control_demo_example_8/lib:/home/nyann/ros2_ws/src/install/transmission_interface/lib:/home/nyann/ros2_ws/src/install/ros2_control_demo_example_11/lib:/home/nyann/ros2_ws/src/install/bicycle_steering_controller/lib:/home/nyann/ros2_ws/src/install/ackermann_steering_controller/lib:/home/nyann/ros2_ws/src/install/steering_controllers_library/lib:/home/nyann/ros2_ws/src/install/ros2_control_demo_example_9/lib:/home/nyann/ros2_ws/src/install/ros2_control_demo_example_7/lib:/home/nyann/ros2_ws/src/install/ros2_control_demo_example_6/lib:/home/nyann/ros2_ws/src/install/ros2_control_demo_example_5/lib:/home/nyann/ros2_ws/src/install/ros2_control_demo_example_4/lib:/home/nyann/ros2_ws/src/install/ros2_control_demo_example_3/lib:/home/nyann/ros2_ws/src/install/ros2_control_demo_example_2/lib:/home/nyann/ros2_ws/src/install/ros2_control_demo_example_14/lib:/home/nyann/ros2_ws/src/install/ros2_control_demo_example_12/lib:/home/nyann/ros2_ws/src/install/ros2_control_demo_example_10/lib:/home/nyann/ros2_ws/src/install/ros2_control_demo_example_1/lib:/home/nyann/ros2_ws/src/install/ign_ros2_control/lib:/home/nyann/ros2_ws/src/install/hardware_interface_testing/lib:/home/nyann/ros2_ws/src/install/gazebo_ros2_control/lib:/home/nyann/ros2_ws/src/install/controller_manager/lib:/home/nyann/ros2_ws/src/install/range_sensor_broadcaster/lib:/home/nyann/ros2_ws/src/install/position_controllers/lib:/home/nyann/ros2_ws/src/install/admittance_controller/lib:/home/nyann/ros2_ws/src/install/joint_trajectory_controller/lib:/home/nyann/ros2_ws/src/install/joint_state_broadcaster/lib:/home/nyann/ros2_ws/src/install/imu_sensor_broadcaster/lib:/home/nyann/ros2_ws/src/install/gripper_controllers/lib:/home/nyann/ros2_ws/src/install/effort_controllers/lib:/home/nyann/ros2_ws/src/install/forward_command_controller/lib:/home/nyann/ros2_ws/src/install/force_torque_sensor_broadcaster/lib:/home/nyann/ros2_ws/src/install/diff_drive_controller/lib:/home/nyann/ros2_ws/src/install/control_toolbox/lib:/home/nyann/ros2_ws/src/install/realtime_tools/lib:/home/nyann/ros2_ws/src/install/kinematics_interface_kdl/lib:/home/nyann/ros2_ws/src/install/kinematics_interface/lib:/home/nyann/ros2_ws/src/install/controller_interface/lib:/home/nyann/ros2_ws/src/install/hardware_interface/lib:/home/nyann/ros2_ws/src/install/controller_manager_msgs/lib:/home/nyann/ros2_ws/src/install/control_msgs/lib:/opt/ros/humble/opt/rviz_ogre_vendor/lib:/opt/ros/humble/lib/x86_64-linux-gnu:/opt/ros/humble/lib:/opt/openrobots/lib:/usr/lib/x86_64-linux-gnu/gazebo-11/plugins /usr/bin/cmake --install /home/nyann/svan/svan_sw2/src/build/velodyne_simulator
[1.318s] Level 1:colcon.colcon_core.environment:checking '/home/nyann/svan/svan_sw2/src/install/velodyne_simulator' for CMake config files
[1.319s] Level 1:colcon.colcon_core.shell:create_environment_hook('velodyne_simulator', 'cmake_prefix_path')
[1.319s] INFO:colcon.colcon_core.shell:Creating environment hook '/home/nyann/svan/svan_sw2/src/install/velodyne_simulator/share/velodyne_simulator/hook/cmake_prefix_path.ps1'
[1.319s] INFO:colcon.colcon_core.shell:Creating environment descriptor '/home/nyann/svan/svan_sw2/src/install/velodyne_simulator/share/velodyne_simulator/hook/cmake_prefix_path.dsv'
[1.320s] INFO:colcon.colcon_core.shell:Creating environment hook '/home/nyann/svan/svan_sw2/src/install/velodyne_simulator/share/velodyne_simulator/hook/cmake_prefix_path.sh'
[1.320s] Level 1:colcon.colcon_core.environment:checking '/home/nyann/svan/svan_sw2/src/install/velodyne_simulator/bin'
[1.320s] Level 1:colcon.colcon_core.environment:checking '/home/nyann/svan/svan_sw2/src/install/velodyne_simulator/lib/pkgconfig/velodyne_simulator.pc'
[1.320s] Level 1:colcon.colcon_core.environment:checking '/home/nyann/svan/svan_sw2/src/install/velodyne_simulator/lib/python3.10/site-packages'
[1.320s] Level 1:colcon.colcon_core.environment:checking '/home/nyann/svan/svan_sw2/src/install/velodyne_simulator/bin'
[1.321s] INFO:colcon.colcon_core.shell:Creating package script '/home/nyann/svan/svan_sw2/src/install/velodyne_simulator/share/velodyne_simulator/package.ps1'
[1.321s] INFO:colcon.colcon_core.shell:Creating package descriptor '/home/nyann/svan/svan_sw2/src/install/velodyne_simulator/share/velodyne_simulator/package.dsv'
[1.321s] INFO:colcon.colcon_core.shell:Creating package script '/home/nyann/svan/svan_sw2/src/install/velodyne_simulator/share/velodyne_simulator/package.sh'
[1.322s] INFO:colcon.colcon_core.shell:Creating package script '/home/nyann/svan/svan_sw2/src/install/velodyne_simulator/share/velodyne_simulator/package.bash'
[1.322s] INFO:colcon.colcon_core.shell:Creating package script '/home/nyann/svan/svan_sw2/src/install/velodyne_simulator/share/velodyne_simulator/package.zsh'
[1.322s] Level 1:colcon.colcon_core.environment:create_file_with_runtime_dependencies(/home/nyann/svan/svan_sw2/src/install/velodyne_simulator/share/colcon-core/packages/velodyne_simulator)
[1.380s] Level 1:colcon.colcon_core.environment:create_environment_scripts_only(velodyne_simulator)
[1.380s] Level 1:colcon.colcon_core.environment:checking '/home/nyann/svan/svan_sw2/src/install/velodyne_simulator' for CMake module files
[1.381s] Level 1:colcon.colcon_core.environment:checking '/home/nyann/svan/svan_sw2/src/install/velodyne_simulator' for CMake config files
[1.381s] Level 1:colcon.colcon_core.shell:create_environment_hook('velodyne_simulator', 'cmake_prefix_path')
[1.381s] INFO:colcon.colcon_core.shell:Creating environment hook '/home/nyann/svan/svan_sw2/src/install/velodyne_simulator/share/velodyne_simulator/hook/cmake_prefix_path.ps1'
[1.381s] INFO:colcon.colcon_core.shell:Creating environment descriptor '/home/nyann/svan/svan_sw2/src/install/velodyne_simulator/share/velodyne_simulator/hook/cmake_prefix_path.dsv'
[1.382s] INFO:colcon.colcon_core.shell:Creating environment hook '/home/nyann/svan/svan_sw2/src/install/velodyne_simulator/share/velodyne_simulator/hook/cmake_prefix_path.sh'
[1.382s] Level 1:colcon.colcon_core.environment:checking '/home/nyann/svan/svan_sw2/src/install/velodyne_simulator/bin'
[1.382s] Level 1:colcon.colcon_core.environment:checking '/home/nyann/svan/svan_sw2/src/install/velodyne_simulator/lib/pkgconfig/velodyne_simulator.pc'
[1.382s] Level 1:colcon.colcon_core.environment:checking '/home/nyann/svan/svan_sw2/src/install/velodyne_simulator/lib/python3.10/site-packages'
[1.383s] Level 1:colcon.colcon_core.environment:checking '/home/nyann/svan/svan_sw2/src/install/velodyne_simulator/bin'
[1.383s] INFO:colcon.colcon_core.shell:Creating package script '/home/nyann/svan/svan_sw2/src/install/velodyne_simulator/share/velodyne_simulator/package.ps1'
[1.383s] INFO:colcon.colcon_core.shell:Creating package descriptor '/home/nyann/svan/svan_sw2/src/install/velodyne_simulator/share/velodyne_simulator/package.dsv'
[1.384s] INFO:colcon.colcon_core.shell:Creating package script '/home/nyann/svan/svan_sw2/src/install/velodyne_simulator/share/velodyne_simulator/package.sh'
[1.384s] INFO:colcon.colcon_core.shell:Creating package script '/home/nyann/svan/svan_sw2/src/install/velodyne_simulator/share/velodyne_simulator/package.bash'
[1.384s] INFO:colcon.colcon_core.shell:Creating package script '/home/nyann/svan/svan_sw2/src/install/velodyne_simulator/share/velodyne_simulator/package.zsh'
[1.385s] Level 1:colcon.colcon_core.environment:create_file_with_runtime_dependencies(/home/nyann/svan/svan_sw2/src/install/velodyne_simulator/share/colcon-core/packages/velodyne_simulator)
[1.385s] DEBUG:colcon.colcon_parallel_executor.executor.parallel:closing loop
[1.385s] DEBUG:colcon.colcon_parallel_executor.executor.parallel:loop closed
[1.385s] DEBUG:colcon.colcon_parallel_executor.executor.parallel:run_until_complete finished with '0'
[1.385s] DEBUG:colcon.colcon_core.event_reactor:joining thread
[1.395s] INFO:colcon.colcon_core.plugin_system:Skipping extension 'colcon_notification.desktop_notification.terminal_notifier': Not used on non-Darwin systems
[1.395s] INFO:colcon.colcon_core.plugin_system:Skipping extension 'colcon_notification.desktop_notification.win32': Not used on non-Windows systems
[1.395s] INFO:colcon.colcon_notification.desktop_notification:Sending desktop notification using 'notify2'
[1.473s] DEBUG:colcon.colcon_core.event_reactor:joined thread
[1.474s] INFO:colcon.colcon_core.shell:Creating prefix script '/home/nyann/svan/svan_sw2/src/install/local_setup.ps1'
[1.475s] INFO:colcon.colcon_core.shell:Creating prefix util module '/home/nyann/svan/svan_sw2/src/install/_local_setup_util_ps1.py'
[1.476s] INFO:colcon.colcon_core.shell:Creating prefix chain script '/home/nyann/svan/svan_sw2/src/install/setup.ps1'
[1.480s] INFO:colcon.colcon_core.shell:Creating prefix script '/home/nyann/svan/svan_sw2/src/install/local_setup.sh'
[1.480s] INFO:colcon.colcon_core.shell:Creating prefix util module '/home/nyann/svan/svan_sw2/src/install/_local_setup_util_sh.py'
[1.481s] INFO:colcon.colcon_core.shell:Creating prefix chain script '/home/nyann/svan/svan_sw2/src/install/setup.sh'
[1.484s] INFO:colcon.colcon_core.shell:Creating prefix script '/home/nyann/svan/svan_sw2/src/install/local_setup.bash'
[1.485s] INFO:colcon.colcon_core.shell:Creating prefix chain script '/home/nyann/svan/svan_sw2/src/install/setup.bash'
[1.488s] INFO:colcon.colcon_core.shell:Creating prefix script '/home/nyann/svan/svan_sw2/src/install/local_setup.zsh'
[1.489s] INFO:colcon.colcon_core.shell:Creating prefix chain script '/home/nyann/svan/svan_sw2/src/install/setup.zsh'
