-- The C compiler identification is GNU 11.4.0
-- The CXX compiler identification is GNU 11.4.0
-- Detecting C compiler ABI info
-- Detecting C compiler ABI info - done
-- Check for working C compiler: /usr/bin/cc - skipped
-- Detecting C compile features
-- Detecting C compile features - done
-- Detecting CXX compiler ABI info
-- Detecting CXX compiler ABI info - done
-- Check for working CXX compiler: /usr/bin/c++ - skipped
-- Detecting CXX compile features
-- Detecting CXX compile features - done
-- Found ament_cmake: 1.3.9 (/opt/ros/humble/share/ament_cmake/cmake)
-- Found Python3: /usr/bin/python3 (found version "3.10.12") found components: Interpreter 
-- Found rosidl_default_generators: 1.2.0 (/opt/ros/humble/share/rosidl_default_generators/cmake)
-- Using all available rosidl_typesupport_c: rosidl_typesupport_fastrtps_c;rosidl_typesupport_introspection_c
-- Found rosidl_adapter: 3.1.5 (/opt/ros/humble/share/rosidl_adapter/cmake)
-- Using all available rosidl_typesupport_cpp: rosidl_typesupport_fastrtps_cpp;rosidl_typesupport_introspection_cpp
-- Found ament_cmake_ros: 0.10.0 (/opt/ros/humble/share/ament_cmake_ros/cmake)
-- Using all available rosidl_typesupport_c: rosidl_typesupport_fastrtps_c;rosidl_typesupport_introspection_c
-- Using all available rosidl_typesupport_cpp: rosidl_typesupport_fastrtps_cpp;rosidl_typesupport_introspection_cpp
-- Found PythonInterp: /usr/bin/python3 (found suitable version "3.10.12", minimum required is "3.6") 
-- Found python_cmake_module: 0.10.0 (/opt/ros/humble/share/python_cmake_module/cmake)
-- Found PythonLibs: /usr/lib/x86_64-linux-gnu/libpython3.10.so (found suitable version "3.10.12", minimum required is "3.5") 
-- Using PYTHON_EXECUTABLE: /usr/bin/python3
-- Using PYTHON_INCLUDE_DIRS: /usr/include/python3.10
-- Using PYTHON_LIBRARIES: /usr/lib/x86_64-linux-gnu/libpython3.10.so
-- Found PythonExtra: .so  
-- Found ament_lint_auto: 0.12.11 (/opt/ros/humble/share/ament_lint_auto/cmake)
-- Added test 'lint_cmake' to check CMake code style
-- Added test 'xmllint' to check XML markup files
-- Configuring done
-- Generating done
-- Build files have been written to: /home/nyann/svan/svan_sw2/src/build/svan_msgs
[  1%] [34m[1mGenerating C code for ROS interfaces[0m
[  2%] [34m[1mGenerating C++ code for ROS interfaces[0m
[  2%] Built target ament_cmake_python_copy_svan_msgs
running egg_info
creating svan_msgs.egg-info
writing svan_msgs.egg-info/PKG-INFO
writing dependency_links to svan_msgs.egg-info/dependency_links.txt
writing top-level names to svan_msgs.egg-info/top_level.txt
writing manifest file 'svan_msgs.egg-info/SOURCES.txt'
reading manifest file 'svan_msgs.egg-info/SOURCES.txt'
writing manifest file 'svan_msgs.egg-info/SOURCES.txt'
[  2%] Built target ament_cmake_python_build_svan_msgs_egg
[  2%] Built target svan_msgs__cpp
[  3%] [34m[1mGenerating C++ introspection for ROS interfaces[0m
[  4%] [34m[1mGenerating C++ type support dispatch for ROS interfaces[0m
[  5%] [34m[1mGenerating C++ type support for eProsima Fast-RTPS[0m
[  8%] [32mBuilding C object CMakeFiles/svan_msgs__rosidl_generator_c.dir/rosidl_generator_c/svan_msgs/msg/detail/motor_gain_multiplier__functions.c.o[0m
[  8%] [32mBuilding C object CMakeFiles/svan_msgs__rosidl_generator_c.dir/rosidl_generator_c/svan_msgs/msg/detail/joint_state__functions.c.o[0m
[  9%] [32mBuilding C object CMakeFiles/svan_msgs__rosidl_generator_c.dir/rosidl_generator_c/svan_msgs/msg/detail/euler_xyz__functions.c.o[0m
[ 10%] [32mBuilding C object CMakeFiles/svan_msgs__rosidl_generator_c.dir/rosidl_generator_c/svan_msgs/msg/detail/pose_euler__functions.c.o[0m
[ 11%] [32mBuilding C object CMakeFiles/svan_msgs__rosidl_generator_c.dir/rosidl_generator_c/svan_msgs/msg/detail/twist__functions.c.o[0m
[ 12%] [32mBuilding C object CMakeFiles/svan_msgs__rosidl_generator_c.dir/rosidl_generator_c/svan_msgs/msg/detail/imu_data__functions.c.o[0m
[ 13%] [32mBuilding C object CMakeFiles/svan_msgs__rosidl_generator_c.dir/rosidl_generator_c/svan_msgs/msg/detail/position__functions.c.o[0m
[ 14%] [32mBuilding C object CMakeFiles/svan_msgs__rosidl_generator_c.dir/rosidl_generator_c/svan_msgs/msg/detail/trajectory__functions.c.o[0m
[ 16%] [32m[1mLinking C shared library libsvan_msgs__rosidl_generator_c.so[0m
[ 16%] Built target svan_msgs__rosidl_generator_c
[ 19%] [34m[1mGenerating C type support for eProsima Fast-RTPS[0m
[ 19%] [34m[1mGenerating C type support dispatch for ROS interfaces[0m
[ 19%] [34m[1mGenerating C introspection for ROS interfaces[0m
[ 25%] [32mBuilding CXX object CMakeFiles/svan_msgs__rosidl_typesupport_cpp.dir/rosidl_typesupport_cpp/svan_msgs/msg/euler_xyz__type_support.cpp.o[0m
[ 26%] [32mBuilding CXX object CMakeFiles/svan_msgs__rosidl_typesupport_cpp.dir/rosidl_typesupport_cpp/svan_msgs/msg/pose_euler__type_support.cpp.o[0m
[ 26%] [32mBuilding CXX object CMakeFiles/svan_msgs__rosidl_typesupport_cpp.dir/rosidl_typesupport_cpp/svan_msgs/msg/imu_data__type_support.cpp.o[0m
[ 27%] [32mBuilding CXX object CMakeFiles/svan_msgs__rosidl_typesupport_cpp.dir/rosidl_typesupport_cpp/svan_msgs/msg/joint_state__type_support.cpp.o[0m
[ 25%] [32mBuilding CXX object CMakeFiles/svan_msgs__rosidl_typesupport_cpp.dir/rosidl_typesupport_cpp/svan_msgs/msg/position__type_support.cpp.o[0m
[ 25%] [32mBuilding CXX object CMakeFiles/svan_msgs__rosidl_typesupport_cpp.dir/rosidl_typesupport_cpp/svan_msgs/msg/motor_gain_multiplier__type_support.cpp.o[0m
[ 28%] [32mBuilding CXX object CMakeFiles/svan_msgs__rosidl_typesupport_cpp.dir/rosidl_typesupport_cpp/svan_msgs/msg/twist__type_support.cpp.o[0m
[ 25%] [32mBuilding CXX object CMakeFiles/svan_msgs__rosidl_typesupport_cpp.dir/rosidl_typesupport_cpp/svan_msgs/msg/trajectory__type_support.cpp.o[0m
[ 29%] [32mBuilding CXX object CMakeFiles/svan_msgs__rosidl_typesupport_introspection_cpp.dir/rosidl_typesupport_introspection_cpp/svan_msgs/msg/detail/euler_xyz__type_support.cpp.o[0m
[ 31%] [32mBuilding CXX object CMakeFiles/svan_msgs__rosidl_typesupport_introspection_cpp.dir/rosidl_typesupport_introspection_cpp/svan_msgs/msg/detail/imu_data__type_support.cpp.o[0m
[ 32%] [32mBuilding CXX object CMakeFiles/svan_msgs__rosidl_typesupport_introspection_cpp.dir/rosidl_typesupport_introspection_cpp/svan_msgs/msg/detail/joint_state__type_support.cpp.o[0m
[ 33%] [32mBuilding CXX object CMakeFiles/svan_msgs__rosidl_typesupport_fastrtps_cpp.dir/rosidl_typesupport_fastrtps_cpp/svan_msgs/msg/detail/dds_fastrtps/euler_xyz__type_support.cpp.o[0m
[ 34%] [32mBuilding CXX object CMakeFiles/svan_msgs__rosidl_typesupport_introspection_cpp.dir/rosidl_typesupport_introspection_cpp/svan_msgs/msg/detail/motor_gain_multiplier__type_support.cpp.o[0m
[ 35%] [32mBuilding CXX object CMakeFiles/svan_msgs__rosidl_typesupport_fastrtps_cpp.dir/rosidl_typesupport_fastrtps_cpp/svan_msgs/msg/detail/dds_fastrtps/imu_data__type_support.cpp.o[0m
[ 40%] [32mBuilding CXX object CMakeFiles/svan_msgs__rosidl_typesupport_fastrtps_cpp.dir/rosidl_typesupport_fastrtps_cpp/svan_msgs/msg/detail/dds_fastrtps/joint_state__type_support.cpp.o[0m
[ 40%] [32mBuilding CXX object CMakeFiles/svan_msgs__rosidl_typesupport_introspection_cpp.dir/rosidl_typesupport_introspection_cpp/svan_msgs/msg/detail/pose_euler__type_support.cpp.o[0m
[ 40%] [32mBuilding CXX object CMakeFiles/svan_msgs__rosidl_typesupport_fastrtps_cpp.dir/rosidl_typesupport_fastrtps_cpp/svan_msgs/msg/detail/dds_fastrtps/motor_gain_multiplier__type_support.cpp.o[0m
[ 40%] [32mBuilding CXX object CMakeFiles/svan_msgs__rosidl_typesupport_introspection_cpp.dir/rosidl_typesupport_introspection_cpp/svan_msgs/msg/detail/position__type_support.cpp.o[0m
[ 41%] [32mBuilding CXX object CMakeFiles/svan_msgs__rosidl_typesupport_fastrtps_cpp.dir/rosidl_typesupport_fastrtps_cpp/svan_msgs/msg/detail/dds_fastrtps/pose_euler__type_support.cpp.o[0m
[ 42%] [32mBuilding CXX object CMakeFiles/svan_msgs__rosidl_typesupport_introspection_cpp.dir/rosidl_typesupport_introspection_cpp/svan_msgs/msg/detail/trajectory__type_support.cpp.o[0m
[ 43%] [32m[1mLinking CXX shared library libsvan_msgs__rosidl_typesupport_cpp.so[0m
[ 44%] [32mBuilding CXX object CMakeFiles/svan_msgs__rosidl_typesupport_c.dir/rosidl_typesupport_c/svan_msgs/msg/euler_xyz__type_support.cpp.o[0m
[ 44%] Built target svan_msgs__rosidl_typesupport_cpp
[ 45%] [32mBuilding CXX object CMakeFiles/svan_msgs__rosidl_typesupport_c.dir/rosidl_typesupport_c/svan_msgs/msg/imu_data__type_support.cpp.o[0m
[ 47%] [32mBuilding CXX object CMakeFiles/svan_msgs__rosidl_typesupport_fastrtps_cpp.dir/rosidl_typesupport_fastrtps_cpp/svan_msgs/msg/detail/dds_fastrtps/position__type_support.cpp.o[0m
[ 48%] [32mBuilding CXX object CMakeFiles/svan_msgs__rosidl_typesupport_c.dir/rosidl_typesupport_c/svan_msgs/msg/joint_state__type_support.cpp.o[0m
[ 49%] [32mBuilding CXX object CMakeFiles/svan_msgs__rosidl_typesupport_introspection_cpp.dir/rosidl_typesupport_introspection_cpp/svan_msgs/msg/detail/twist__type_support.cpp.o[0m
[ 50%] [32mBuilding CXX object CMakeFiles/svan_msgs__rosidl_typesupport_c.dir/rosidl_typesupport_c/svan_msgs/msg/motor_gain_multiplier__type_support.cpp.o[0m
[ 51%] [32mBuilding CXX object CMakeFiles/svan_msgs__rosidl_typesupport_c.dir/rosidl_typesupport_c/svan_msgs/msg/pose_euler__type_support.cpp.o[0m
[ 52%] [32mBuilding CXX object CMakeFiles/svan_msgs__rosidl_typesupport_fastrtps_cpp.dir/rosidl_typesupport_fastrtps_cpp/svan_msgs/msg/detail/dds_fastrtps/twist__type_support.cpp.o[0m
[ 54%] [32mBuilding CXX object CMakeFiles/svan_msgs__rosidl_typesupport_fastrtps_cpp.dir/rosidl_typesupport_fastrtps_cpp/svan_msgs/msg/detail/dds_fastrtps/trajectory__type_support.cpp.o[0m
[ 55%] [32mBuilding CXX object CMakeFiles/svan_msgs__rosidl_typesupport_fastrtps_c.dir/rosidl_typesupport_fastrtps_c/svan_msgs/msg/detail/euler_xyz__type_support_c.cpp.o[0m
[ 56%] [32mBuilding C object CMakeFiles/svan_msgs__rosidl_typesupport_introspection_c.dir/rosidl_typesupport_introspection_c/svan_msgs/msg/detail/euler_xyz__type_support.c.o[0m
[ 57%] [32mBuilding CXX object CMakeFiles/svan_msgs__rosidl_typesupport_c.dir/rosidl_typesupport_c/svan_msgs/msg/position__type_support.cpp.o[0m
[ 58%] [32mBuilding CXX object CMakeFiles/svan_msgs__rosidl_typesupport_c.dir/rosidl_typesupport_c/svan_msgs/msg/trajectory__type_support.cpp.o[0m
[ 59%] [32mBuilding CXX object CMakeFiles/svan_msgs__rosidl_typesupport_c.dir/rosidl_typesupport_c/svan_msgs/msg/twist__type_support.cpp.o[0m
[ 62%] [32mBuilding CXX object CMakeFiles/svan_msgs__rosidl_typesupport_fastrtps_c.dir/rosidl_typesupport_fastrtps_c/svan_msgs/msg/detail/imu_data__type_support_c.cpp.o[0m
[ 62%] [32mBuilding C object CMakeFiles/svan_msgs__rosidl_typesupport_introspection_c.dir/rosidl_typesupport_introspection_c/svan_msgs/msg/detail/imu_data__type_support.c.o[0m
[ 63%] [32mBuilding C object CMakeFiles/svan_msgs__rosidl_typesupport_introspection_c.dir/rosidl_typesupport_introspection_c/svan_msgs/msg/detail/joint_state__type_support.c.o[0m
[ 64%] [32mBuilding C object CMakeFiles/svan_msgs__rosidl_typesupport_introspection_c.dir/rosidl_typesupport_introspection_c/svan_msgs/msg/detail/motor_gain_multiplier__type_support.c.o[0m
[ 65%] [32mBuilding CXX object CMakeFiles/svan_msgs__rosidl_typesupport_fastrtps_c.dir/rosidl_typesupport_fastrtps_c/svan_msgs/msg/detail/joint_state__type_support_c.cpp.o[0m
[ 66%] [32mBuilding C object CMakeFiles/svan_msgs__rosidl_typesupport_introspection_c.dir/rosidl_typesupport_introspection_c/svan_msgs/msg/detail/pose_euler__type_support.c.o[0m
[ 67%] [32mBuilding C object CMakeFiles/svan_msgs__rosidl_typesupport_introspection_c.dir/rosidl_typesupport_introspection_c/svan_msgs/msg/detail/position__type_support.c.o[0m
[ 68%] [32m[1mLinking CXX shared library libsvan_msgs__rosidl_typesupport_c.so[0m
[ 70%] [32mBuilding CXX object CMakeFiles/svan_msgs__rosidl_typesupport_fastrtps_c.dir/rosidl_typesupport_fastrtps_c/svan_msgs/msg/detail/motor_gain_multiplier__type_support_c.cpp.o[0m
[ 71%] [32mBuilding CXX object CMakeFiles/svan_msgs__rosidl_typesupport_fastrtps_c.dir/rosidl_typesupport_fastrtps_c/svan_msgs/msg/detail/pose_euler__type_support_c.cpp.o[0m
[ 72%] [32mBuilding C object CMakeFiles/svan_msgs__rosidl_typesupport_introspection_c.dir/rosidl_typesupport_introspection_c/svan_msgs/msg/detail/trajectory__type_support.c.o[0m
[ 73%] [32mBuilding C object CMakeFiles/svan_msgs__rosidl_typesupport_introspection_c.dir/rosidl_typesupport_introspection_c/svan_msgs/msg/detail/twist__type_support.c.o[0m
[ 74%] [32mBuilding CXX object CMakeFiles/svan_msgs__rosidl_typesupport_fastrtps_c.dir/rosidl_typesupport_fastrtps_c/svan_msgs/msg/detail/position__type_support_c.cpp.o[0m
[ 75%] [32mBuilding CXX object CMakeFiles/svan_msgs__rosidl_typesupport_fastrtps_c.dir/rosidl_typesupport_fastrtps_c/svan_msgs/msg/detail/trajectory__type_support_c.cpp.o[0m
[ 77%] [32mBuilding CXX object CMakeFiles/svan_msgs__rosidl_typesupport_fastrtps_c.dir/rosidl_typesupport_fastrtps_c/svan_msgs/msg/detail/twist__type_support_c.cpp.o[0m
[ 77%] Built target svan_msgs__rosidl_typesupport_c
[ 78%] [32m[1mLinking C shared library libsvan_msgs__rosidl_typesupport_introspection_c.so[0m
[ 78%] Built target svan_msgs__rosidl_typesupport_introspection_c
[ 79%] [32m[1mLinking CXX shared library libsvan_msgs__rosidl_typesupport_introspection_cpp.so[0m
[ 79%] Built target svan_msgs__rosidl_typesupport_introspection_cpp
[ 80%] [32m[1mLinking CXX shared library libsvan_msgs__rosidl_typesupport_fastrtps_cpp.so[0m
[ 80%] Built target svan_msgs__rosidl_typesupport_fastrtps_cpp
[ 81%] [32m[1mLinking CXX shared library libsvan_msgs__rosidl_typesupport_fastrtps_c.so[0m
[ 81%] Built target svan_msgs__rosidl_typesupport_fastrtps_c
[ 81%] Built target svan_msgs
[ 82%] [34m[1mGenerating Python code for ROS interfaces[0m
[ 82%] Built target svan_msgs__py
[ 89%] [32mBuilding C object CMakeFiles/svan_msgs__rosidl_generator_py.dir/rosidl_generator_py/svan_msgs/msg/_joint_state_s.c.o[0m
[ 89%] [32mBuilding C object CMakeFiles/svan_msgs__rosidl_generator_py.dir/rosidl_generator_py/svan_msgs/msg/_trajectory_s.c.o[0m
[ 89%] [32mBuilding C object CMakeFiles/svan_msgs__rosidl_generator_py.dir/rosidl_generator_py/svan_msgs/msg/_motor_gain_multiplier_s.c.o[0m
[ 89%] [32mBuilding C object CMakeFiles/svan_msgs__rosidl_generator_py.dir/rosidl_generator_py/svan_msgs/msg/_imu_data_s.c.o[0m
[ 89%] [32mBuilding C object CMakeFiles/svan_msgs__rosidl_generator_py.dir/rosidl_generator_py/svan_msgs/msg/_euler_xyz_s.c.o[0m
[ 89%] [32mBuilding C object CMakeFiles/svan_msgs__rosidl_generator_py.dir/rosidl_generator_py/svan_msgs/msg/_pose_euler_s.c.o[0m
[ 90%] [32mBuilding C object CMakeFiles/svan_msgs__rosidl_generator_py.dir/rosidl_generator_py/svan_msgs/msg/_twist_s.c.o[0m
[ 91%] [32mBuilding C object CMakeFiles/svan_msgs__rosidl_generator_py.dir/rosidl_generator_py/svan_msgs/msg/_position_s.c.o[0m
[ 93%] [32m[1mLinking C shared library rosidl_generator_py/svan_msgs/libsvan_msgs__rosidl_generator_py.so[0m
[ 93%] Built target svan_msgs__rosidl_generator_py
[ 96%] [32mBuilding C object CMakeFiles/svan_msgs__rosidl_typesupport_introspection_c__pyext.dir/rosidl_generator_py/svan_msgs/_svan_msgs_s.ep.rosidl_typesupport_introspection_c.c.o[0m
[ 96%] [32mBuilding C object CMakeFiles/svan_msgs__rosidl_typesupport_c__pyext.dir/rosidl_generator_py/svan_msgs/_svan_msgs_s.ep.rosidl_typesupport_c.c.o[0m
[ 96%] [32mBuilding C object CMakeFiles/svan_msgs__rosidl_typesupport_fastrtps_c__pyext.dir/rosidl_generator_py/svan_msgs/_svan_msgs_s.ep.rosidl_typesupport_fastrtps_c.c.o[0m
[ 97%] [32m[1mLinking C shared library rosidl_generator_py/svan_msgs/svan_msgs_s__rosidl_typesupport_c.cpython-310-x86_64-linux-gnu.so[0m
[ 98%] [32m[1mLinking C shared library rosidl_generator_py/svan_msgs/svan_msgs_s__rosidl_typesupport_introspection_c.cpython-310-x86_64-linux-gnu.so[0m
[100%] [32m[1mLinking C shared library rosidl_generator_py/svan_msgs/svan_msgs_s__rosidl_typesupport_fastrtps_c.cpython-310-x86_64-linux-gnu.so[0m
[100%] Built target svan_msgs__rosidl_typesupport_introspection_c__pyext
[100%] Built target svan_msgs__rosidl_typesupport_c__pyext
[100%] Built target svan_msgs__rosidl_typesupport_fastrtps_c__pyext
-- Install configuration: ""
-- Installing: /home/nyann/svan/svan_sw2/src/install/svan_msgs/share/ament_index/resource_index/rosidl_interfaces/svan_msgs
-- Installing: /home/nyann/svan/svan_sw2/src/install/svan_msgs/include/svan_msgs/svan_msgs
-- Installing: /home/nyann/svan/svan_sw2/src/install/svan_msgs/include/svan_msgs/svan_msgs/msg
-- Installing: /home/nyann/svan/svan_sw2/src/install/svan_msgs/include/svan_msgs/svan_msgs/msg/pose_euler.h
-- Installing: /home/nyann/svan/svan_sw2/src/install/svan_msgs/include/svan_msgs/svan_msgs/msg/imu_data.h
-- Installing: /home/nyann/svan/svan_sw2/src/install/svan_msgs/include/svan_msgs/svan_msgs/msg/position.h
-- Installing: /home/nyann/svan/svan_sw2/src/install/svan_msgs/include/svan_msgs/svan_msgs/msg/trajectory.h
-- Installing: /home/nyann/svan/svan_sw2/src/install/svan_msgs/include/svan_msgs/svan_msgs/msg/motor_gain_multiplier.h
-- Installing: /home/nyann/svan/svan_sw2/src/install/svan_msgs/include/svan_msgs/svan_msgs/msg/euler_xyz.h
-- Installing: /home/nyann/svan/svan_sw2/src/install/svan_msgs/include/svan_msgs/svan_msgs/msg/rosidl_generator_c__visibility_control.h
-- Installing: /home/nyann/svan/svan_sw2/src/install/svan_msgs/include/svan_msgs/svan_msgs/msg/joint_state.h
-- Installing: /home/nyann/svan/svan_sw2/src/install/svan_msgs/include/svan_msgs/svan_msgs/msg/detail
-- Installing: /home/nyann/svan/svan_sw2/src/install/svan_msgs/include/svan_msgs/svan_msgs/msg/detail/joint_state__type_support.h
-- Installing: /home/nyann/svan/svan_sw2/src/install/svan_msgs/include/svan_msgs/svan_msgs/msg/detail/motor_gain_multiplier__struct.h
-- Installing: /home/nyann/svan/svan_sw2/src/install/svan_msgs/include/svan_msgs/svan_msgs/msg/detail/twist__functions.c
-- Installing: /home/nyann/svan/svan_sw2/src/install/svan_msgs/include/svan_msgs/svan_msgs/msg/detail/imu_data__functions.h
-- Installing: /home/nyann/svan/svan_sw2/src/install/svan_msgs/include/svan_msgs/svan_msgs/msg/detail/position__functions.c
-- Installing: /home/nyann/svan/svan_sw2/src/install/svan_msgs/include/svan_msgs/svan_msgs/msg/detail/position__type_support.h
-- Installing: /home/nyann/svan/svan_sw2/src/install/svan_msgs/include/svan_msgs/svan_msgs/msg/detail/euler_xyz__type_support.h
-- Installing: /home/nyann/svan/svan_sw2/src/install/svan_msgs/include/svan_msgs/svan_msgs/msg/detail/motor_gain_multiplier__type_support.h
-- Installing: /home/nyann/svan/svan_sw2/src/install/svan_msgs/include/svan_msgs/svan_msgs/msg/detail/pose_euler__functions.h
-- Installing: /home/nyann/svan/svan_sw2/src/install/svan_msgs/include/svan_msgs/svan_msgs/msg/detail/pose_euler__struct.h
-- Installing: /home/nyann/svan/svan_sw2/src/install/svan_msgs/include/svan_msgs/svan_msgs/msg/detail/imu_data__type_support.h
-- Installing: /home/nyann/svan/svan_sw2/src/install/svan_msgs/include/svan_msgs/svan_msgs/msg/detail/euler_xyz__functions.c
-- Installing: /home/nyann/svan/svan_sw2/src/install/svan_msgs/include/svan_msgs/svan_msgs/msg/detail/trajectory__type_support.h
-- Installing: /home/nyann/svan/svan_sw2/src/install/svan_msgs/include/svan_msgs/svan_msgs/msg/detail/twist__functions.h
-- Installing: /home/nyann/svan/svan_sw2/src/install/svan_msgs/include/svan_msgs/svan_msgs/msg/detail/pose_euler__functions.c
-- Installing: /home/nyann/svan/svan_sw2/src/install/svan_msgs/include/svan_msgs/svan_msgs/msg/detail/position__struct.h
-- Installing: /home/nyann/svan/svan_sw2/src/install/svan_msgs/include/svan_msgs/svan_msgs/msg/detail/trajectory__functions.h
-- Installing: /home/nyann/svan/svan_sw2/src/install/svan_msgs/include/svan_msgs/svan_msgs/msg/detail/euler_xyz__functions.h
-- Installing: /home/nyann/svan/svan_sw2/src/install/svan_msgs/include/svan_msgs/svan_msgs/msg/detail/joint_state__struct.h
-- Installing: /home/nyann/svan/svan_sw2/src/install/svan_msgs/include/svan_msgs/svan_msgs/msg/detail/position__functions.h
-- Installing: /home/nyann/svan/svan_sw2/src/install/svan_msgs/include/svan_msgs/svan_msgs/msg/detail/twist__struct.h
-- Installing: /home/nyann/svan/svan_sw2/src/install/svan_msgs/include/svan_msgs/svan_msgs/msg/detail/joint_state__functions.h
-- Installing: /home/nyann/svan/svan_sw2/src/install/svan_msgs/include/svan_msgs/svan_msgs/msg/detail/imu_data__functions.c
-- Installing: /home/nyann/svan/svan_sw2/src/install/svan_msgs/include/svan_msgs/svan_msgs/msg/detail/euler_xyz__struct.h
-- Installing: /home/nyann/svan/svan_sw2/src/install/svan_msgs/include/svan_msgs/svan_msgs/msg/detail/motor_gain_multiplier__functions.c
-- Installing: /home/nyann/svan/svan_sw2/src/install/svan_msgs/include/svan_msgs/svan_msgs/msg/detail/trajectory__functions.c
-- Installing: /home/nyann/svan/svan_sw2/src/install/svan_msgs/include/svan_msgs/svan_msgs/msg/detail/twist__type_support.h
-- Installing: /home/nyann/svan/svan_sw2/src/install/svan_msgs/include/svan_msgs/svan_msgs/msg/detail/joint_state__functions.c
-- Installing: /home/nyann/svan/svan_sw2/src/install/svan_msgs/include/svan_msgs/svan_msgs/msg/detail/trajectory__struct.h
-- Installing: /home/nyann/svan/svan_sw2/src/install/svan_msgs/include/svan_msgs/svan_msgs/msg/detail/imu_data__struct.h
-- Installing: /home/nyann/svan/svan_sw2/src/install/svan_msgs/include/svan_msgs/svan_msgs/msg/detail/motor_gain_multiplier__functions.h
-- Installing: /home/nyann/svan/svan_sw2/src/install/svan_msgs/include/svan_msgs/svan_msgs/msg/detail/pose_euler__type_support.h
-- Installing: /home/nyann/svan/svan_sw2/src/install/svan_msgs/include/svan_msgs/svan_msgs/msg/twist.h
-- Installing: /home/nyann/svan/svan_sw2/src/install/svan_msgs/share/svan_msgs/environment/library_path.sh
-- Installing: /home/nyann/svan/svan_sw2/src/install/svan_msgs/share/svan_msgs/environment/library_path.dsv
-- Installing: /home/nyann/svan/svan_sw2/src/install/svan_msgs/lib/libsvan_msgs__rosidl_generator_c.so
-- Set runtime path of "/home/nyann/svan/svan_sw2/src/install/svan_msgs/lib/libsvan_msgs__rosidl_generator_c.so" to ""
-- Up-to-date: /home/nyann/svan/svan_sw2/src/install/svan_msgs/include/svan_msgs/svan_msgs
-- Up-to-date: /home/nyann/svan/svan_sw2/src/install/svan_msgs/include/svan_msgs/svan_msgs/msg
-- Up-to-date: /home/nyann/svan/svan_sw2/src/install/svan_msgs/include/svan_msgs/svan_msgs/msg/detail
-- Installing: /home/nyann/svan/svan_sw2/src/install/svan_msgs/include/svan_msgs/svan_msgs/msg/detail/twist__rosidl_typesupport_fastrtps_c.h
-- Installing: /home/nyann/svan/svan_sw2/src/install/svan_msgs/include/svan_msgs/svan_msgs/msg/detail/pose_euler__rosidl_typesupport_fastrtps_c.h
-- Installing: /home/nyann/svan/svan_sw2/src/install/svan_msgs/include/svan_msgs/svan_msgs/msg/detail/imu_data__rosidl_typesupport_fastrtps_c.h
-- Installing: /home/nyann/svan/svan_sw2/src/install/svan_msgs/include/svan_msgs/svan_msgs/msg/detail/joint_state__rosidl_typesupport_fastrtps_c.h
-- Installing: /home/nyann/svan/svan_sw2/src/install/svan_msgs/include/svan_msgs/svan_msgs/msg/detail/position__rosidl_typesupport_fastrtps_c.h
-- Installing: /home/nyann/svan/svan_sw2/src/install/svan_msgs/include/svan_msgs/svan_msgs/msg/detail/trajectory__rosidl_typesupport_fastrtps_c.h
-- Installing: /home/nyann/svan/svan_sw2/src/install/svan_msgs/include/svan_msgs/svan_msgs/msg/detail/motor_gain_multiplier__rosidl_typesupport_fastrtps_c.h
-- Installing: /home/nyann/svan/svan_sw2/src/install/svan_msgs/include/svan_msgs/svan_msgs/msg/detail/euler_xyz__rosidl_typesupport_fastrtps_c.h
-- Installing: /home/nyann/svan/svan_sw2/src/install/svan_msgs/include/svan_msgs/svan_msgs/msg/rosidl_typesupport_fastrtps_c__visibility_control.h
-- Installing: /home/nyann/svan/svan_sw2/src/install/svan_msgs/lib/libsvan_msgs__rosidl_typesupport_fastrtps_c.so
-- Set runtime path of "/home/nyann/svan/svan_sw2/src/install/svan_msgs/lib/libsvan_msgs__rosidl_typesupport_fastrtps_c.so" to ""
-- Up-to-date: /home/nyann/svan/svan_sw2/src/install/svan_msgs/include/svan_msgs/svan_msgs
-- Up-to-date: /home/nyann/svan/svan_sw2/src/install/svan_msgs/include/svan_msgs/svan_msgs/msg
-- Installing: /home/nyann/svan/svan_sw2/src/install/svan_msgs/include/svan_msgs/svan_msgs/msg/rosidl_typesupport_introspection_c__visibility_control.h
-- Up-to-date: /home/nyann/svan/svan_sw2/src/install/svan_msgs/include/svan_msgs/svan_msgs/msg/detail
-- Installing: /home/nyann/svan/svan_sw2/src/install/svan_msgs/include/svan_msgs/svan_msgs/msg/detail/trajectory__type_support.c
-- Installing: /home/nyann/svan/svan_sw2/src/install/svan_msgs/include/svan_msgs/svan_msgs/msg/detail/joint_state__rosidl_typesupport_introspection_c.h
-- Installing: /home/nyann/svan/svan_sw2/src/install/svan_msgs/include/svan_msgs/svan_msgs/msg/detail/joint_state__type_support.c
-- Installing: /home/nyann/svan/svan_sw2/src/install/svan_msgs/include/svan_msgs/svan_msgs/msg/detail/trajectory__rosidl_typesupport_introspection_c.h
-- Installing: /home/nyann/svan/svan_sw2/src/install/svan_msgs/include/svan_msgs/svan_msgs/msg/detail/motor_gain_multiplier__rosidl_typesupport_introspection_c.h
-- Installing: /home/nyann/svan/svan_sw2/src/install/svan_msgs/include/svan_msgs/svan_msgs/msg/detail/position__type_support.c
-- Installing: /home/nyann/svan/svan_sw2/src/install/svan_msgs/include/svan_msgs/svan_msgs/msg/detail/twist__rosidl_typesupport_introspection_c.h
-- Installing: /home/nyann/svan/svan_sw2/src/install/svan_msgs/include/svan_msgs/svan_msgs/msg/detail/euler_xyz__type_support.c
-- Installing: /home/nyann/svan/svan_sw2/src/install/svan_msgs/include/svan_msgs/svan_msgs/msg/detail/twist__type_support.c
-- Installing: /home/nyann/svan/svan_sw2/src/install/svan_msgs/include/svan_msgs/svan_msgs/msg/detail/pose_euler__rosidl_typesupport_introspection_c.h
-- Installing: /home/nyann/svan/svan_sw2/src/install/svan_msgs/include/svan_msgs/svan_msgs/msg/detail/motor_gain_multiplier__type_support.c
-- Installing: /home/nyann/svan/svan_sw2/src/install/svan_msgs/include/svan_msgs/svan_msgs/msg/detail/imu_data__rosidl_typesupport_introspection_c.h
-- Installing: /home/nyann/svan/svan_sw2/src/install/svan_msgs/include/svan_msgs/svan_msgs/msg/detail/imu_data__type_support.c
-- Installing: /home/nyann/svan/svan_sw2/src/install/svan_msgs/include/svan_msgs/svan_msgs/msg/detail/euler_xyz__rosidl_typesupport_introspection_c.h
-- Installing: /home/nyann/svan/svan_sw2/src/install/svan_msgs/include/svan_msgs/svan_msgs/msg/detail/pose_euler__type_support.c
-- Installing: /home/nyann/svan/svan_sw2/src/install/svan_msgs/include/svan_msgs/svan_msgs/msg/detail/position__rosidl_typesupport_introspection_c.h
-- Installing: /home/nyann/svan/svan_sw2/src/install/svan_msgs/lib/libsvan_msgs__rosidl_typesupport_introspection_c.so
-- Set runtime path of "/home/nyann/svan/svan_sw2/src/install/svan_msgs/lib/libsvan_msgs__rosidl_typesupport_introspection_c.so" to ""
-- Installing: /home/nyann/svan/svan_sw2/src/install/svan_msgs/lib/libsvan_msgs__rosidl_typesupport_c.so
-- Set runtime path of "/home/nyann/svan/svan_sw2/src/install/svan_msgs/lib/libsvan_msgs__rosidl_typesupport_c.so" to ""
-- Up-to-date: /home/nyann/svan/svan_sw2/src/install/svan_msgs/include/svan_msgs/svan_msgs
-- Up-to-date: /home/nyann/svan/svan_sw2/src/install/svan_msgs/include/svan_msgs/svan_msgs/msg
-- Installing: /home/nyann/svan/svan_sw2/src/install/svan_msgs/include/svan_msgs/svan_msgs/msg/motor_gain_multiplier.hpp
-- Installing: /home/nyann/svan/svan_sw2/src/install/svan_msgs/include/svan_msgs/svan_msgs/msg/position.hpp
-- Installing: /home/nyann/svan/svan_sw2/src/install/svan_msgs/include/svan_msgs/svan_msgs/msg/joint_state.hpp
-- Installing: /home/nyann/svan/svan_sw2/src/install/svan_msgs/include/svan_msgs/svan_msgs/msg/imu_data.hpp
-- Installing: /home/nyann/svan/svan_sw2/src/install/svan_msgs/include/svan_msgs/svan_msgs/msg/trajectory.hpp
-- Installing: /home/nyann/svan/svan_sw2/src/install/svan_msgs/include/svan_msgs/svan_msgs/msg/twist.hpp
-- Up-to-date: /home/nyann/svan/svan_sw2/src/install/svan_msgs/include/svan_msgs/svan_msgs/msg/detail
-- Installing: /home/nyann/svan/svan_sw2/src/install/svan_msgs/include/svan_msgs/svan_msgs/msg/detail/imu_data__struct.hpp
-- Installing: /home/nyann/svan/svan_sw2/src/install/svan_msgs/include/svan_msgs/svan_msgs/msg/detail/motor_gain_multiplier__builder.hpp
-- Installing: /home/nyann/svan/svan_sw2/src/install/svan_msgs/include/svan_msgs/svan_msgs/msg/detail/motor_gain_multiplier__traits.hpp
-- Installing: /home/nyann/svan/svan_sw2/src/install/svan_msgs/include/svan_msgs/svan_msgs/msg/detail/pose_euler__traits.hpp
-- Installing: /home/nyann/svan/svan_sw2/src/install/svan_msgs/include/svan_msgs/svan_msgs/msg/detail/position__struct.hpp
-- Installing: /home/nyann/svan/svan_sw2/src/install/svan_msgs/include/svan_msgs/svan_msgs/msg/detail/twist__builder.hpp
-- Installing: /home/nyann/svan/svan_sw2/src/install/svan_msgs/include/svan_msgs/svan_msgs/msg/detail/trajectory__struct.hpp
-- Installing: /home/nyann/svan/svan_sw2/src/install/svan_msgs/include/svan_msgs/svan_msgs/msg/detail/joint_state__builder.hpp
-- Installing: /home/nyann/svan/svan_sw2/src/install/svan_msgs/include/svan_msgs/svan_msgs/msg/detail/position__builder.hpp
-- Installing: /home/nyann/svan/svan_sw2/src/install/svan_msgs/include/svan_msgs/svan_msgs/msg/detail/twist__traits.hpp
-- Installing: /home/nyann/svan/svan_sw2/src/install/svan_msgs/include/svan_msgs/svan_msgs/msg/detail/euler_xyz__struct.hpp
-- Installing: /home/nyann/svan/svan_sw2/src/install/svan_msgs/include/svan_msgs/svan_msgs/msg/detail/trajectory__traits.hpp
-- Installing: /home/nyann/svan/svan_sw2/src/install/svan_msgs/include/svan_msgs/svan_msgs/msg/detail/trajectory__builder.hpp
-- Installing: /home/nyann/svan/svan_sw2/src/install/svan_msgs/include/svan_msgs/svan_msgs/msg/detail/imu_data__traits.hpp
-- Installing: /home/nyann/svan/svan_sw2/src/install/svan_msgs/include/svan_msgs/svan_msgs/msg/detail/euler_xyz__builder.hpp
-- Installing: /home/nyann/svan/svan_sw2/src/install/svan_msgs/include/svan_msgs/svan_msgs/msg/detail/pose_euler__builder.hpp
-- Installing: /home/nyann/svan/svan_sw2/src/install/svan_msgs/include/svan_msgs/svan_msgs/msg/detail/joint_state__struct.hpp
-- Installing: /home/nyann/svan/svan_sw2/src/install/svan_msgs/include/svan_msgs/svan_msgs/msg/detail/euler_xyz__traits.hpp
-- Installing: /home/nyann/svan/svan_sw2/src/install/svan_msgs/include/svan_msgs/svan_msgs/msg/detail/joint_state__traits.hpp
-- Installing: /home/nyann/svan/svan_sw2/src/install/svan_msgs/include/svan_msgs/svan_msgs/msg/detail/pose_euler__struct.hpp
-- Installing: /home/nyann/svan/svan_sw2/src/install/svan_msgs/include/svan_msgs/svan_msgs/msg/detail/imu_data__builder.hpp
-- Installing: /home/nyann/svan/svan_sw2/src/install/svan_msgs/include/svan_msgs/svan_msgs/msg/detail/motor_gain_multiplier__struct.hpp
-- Installing: /home/nyann/svan/svan_sw2/src/install/svan_msgs/include/svan_msgs/svan_msgs/msg/detail/position__traits.hpp
-- Installing: /home/nyann/svan/svan_sw2/src/install/svan_msgs/include/svan_msgs/svan_msgs/msg/detail/twist__struct.hpp
-- Installing: /home/nyann/svan/svan_sw2/src/install/svan_msgs/include/svan_msgs/svan_msgs/msg/euler_xyz.hpp
-- Installing: /home/nyann/svan/svan_sw2/src/install/svan_msgs/include/svan_msgs/svan_msgs/msg/pose_euler.hpp
-- Up-to-date: /home/nyann/svan/svan_sw2/src/install/svan_msgs/include/svan_msgs/svan_msgs
-- Up-to-date: /home/nyann/svan/svan_sw2/src/install/svan_msgs/include/svan_msgs/svan_msgs/msg
-- Installing: /home/nyann/svan/svan_sw2/src/install/svan_msgs/include/svan_msgs/svan_msgs/msg/rosidl_typesupport_fastrtps_cpp__visibility_control.h
-- Up-to-date: /home/nyann/svan/svan_sw2/src/install/svan_msgs/include/svan_msgs/svan_msgs/msg/detail
-- Installing: /home/nyann/svan/svan_sw2/src/install/svan_msgs/include/svan_msgs/svan_msgs/msg/detail/joint_state__rosidl_typesupport_fastrtps_cpp.hpp
-- Installing: /home/nyann/svan/svan_sw2/src/install/svan_msgs/include/svan_msgs/svan_msgs/msg/detail/twist__rosidl_typesupport_fastrtps_cpp.hpp
-- Installing: /home/nyann/svan/svan_sw2/src/install/svan_msgs/include/svan_msgs/svan_msgs/msg/detail/trajectory__rosidl_typesupport_fastrtps_cpp.hpp
-- Installing: /home/nyann/svan/svan_sw2/src/install/svan_msgs/include/svan_msgs/svan_msgs/msg/detail/position__rosidl_typesupport_fastrtps_cpp.hpp
-- Installing: /home/nyann/svan/svan_sw2/src/install/svan_msgs/include/svan_msgs/svan_msgs/msg/detail/pose_euler__rosidl_typesupport_fastrtps_cpp.hpp
-- Installing: /home/nyann/svan/svan_sw2/src/install/svan_msgs/include/svan_msgs/svan_msgs/msg/detail/dds_fastrtps
-- Installing: /home/nyann/svan/svan_sw2/src/install/svan_msgs/include/svan_msgs/svan_msgs/msg/detail/motor_gain_multiplier__rosidl_typesupport_fastrtps_cpp.hpp
-- Installing: /home/nyann/svan/svan_sw2/src/install/svan_msgs/include/svan_msgs/svan_msgs/msg/detail/euler_xyz__rosidl_typesupport_fastrtps_cpp.hpp
-- Installing: /home/nyann/svan/svan_sw2/src/install/svan_msgs/include/svan_msgs/svan_msgs/msg/detail/imu_data__rosidl_typesupport_fastrtps_cpp.hpp
-- Installing: /home/nyann/svan/svan_sw2/src/install/svan_msgs/lib/libsvan_msgs__rosidl_typesupport_fastrtps_cpp.so
-- Set runtime path of "/home/nyann/svan/svan_sw2/src/install/svan_msgs/lib/libsvan_msgs__rosidl_typesupport_fastrtps_cpp.so" to ""
-- Up-to-date: /home/nyann/svan/svan_sw2/src/install/svan_msgs/include/svan_msgs/svan_msgs
-- Up-to-date: /home/nyann/svan/svan_sw2/src/install/svan_msgs/include/svan_msgs/svan_msgs/msg
-- Up-to-date: /home/nyann/svan/svan_sw2/src/install/svan_msgs/include/svan_msgs/svan_msgs/msg/detail
-- Installing: /home/nyann/svan/svan_sw2/src/install/svan_msgs/include/svan_msgs/svan_msgs/msg/detail/pose_euler__type_support.cpp
-- Installing: /home/nyann/svan/svan_sw2/src/install/svan_msgs/include/svan_msgs/svan_msgs/msg/detail/trajectory__type_support.cpp
-- Installing: /home/nyann/svan/svan_sw2/src/install/svan_msgs/include/svan_msgs/svan_msgs/msg/detail/euler_xyz__type_support.cpp
-- Installing: /home/nyann/svan/svan_sw2/src/install/svan_msgs/include/svan_msgs/svan_msgs/msg/detail/twist__rosidl_typesupport_introspection_cpp.hpp
-- Installing: /home/nyann/svan/svan_sw2/src/install/svan_msgs/include/svan_msgs/svan_msgs/msg/detail/motor_gain_multiplier__type_support.cpp
-- Installing: /home/nyann/svan/svan_sw2/src/install/svan_msgs/include/svan_msgs/svan_msgs/msg/detail/twist__type_support.cpp
-- Installing: /home/nyann/svan/svan_sw2/src/install/svan_msgs/include/svan_msgs/svan_msgs/msg/detail/position__type_support.cpp
-- Installing: /home/nyann/svan/svan_sw2/src/install/svan_msgs/include/svan_msgs/svan_msgs/msg/detail/imu_data__rosidl_typesupport_introspection_cpp.hpp
-- Installing: /home/nyann/svan/svan_sw2/src/install/svan_msgs/include/svan_msgs/svan_msgs/msg/detail/joint_state__rosidl_typesupport_introspection_cpp.hpp
-- Installing: /home/nyann/svan/svan_sw2/src/install/svan_msgs/include/svan_msgs/svan_msgs/msg/detail/imu_data__type_support.cpp
-- Installing: /home/nyann/svan/svan_sw2/src/install/svan_msgs/include/svan_msgs/svan_msgs/msg/detail/trajectory__rosidl_typesupport_introspection_cpp.hpp
-- Installing: /home/nyann/svan/svan_sw2/src/install/svan_msgs/include/svan_msgs/svan_msgs/msg/detail/euler_xyz__rosidl_typesupport_introspection_cpp.hpp
-- Installing: /home/nyann/svan/svan_sw2/src/install/svan_msgs/include/svan_msgs/svan_msgs/msg/detail/motor_gain_multiplier__rosidl_typesupport_introspection_cpp.hpp
-- Installing: /home/nyann/svan/svan_sw2/src/install/svan_msgs/include/svan_msgs/svan_msgs/msg/detail/joint_state__type_support.cpp
-- Installing: /home/nyann/svan/svan_sw2/src/install/svan_msgs/include/svan_msgs/svan_msgs/msg/detail/position__rosidl_typesupport_introspection_cpp.hpp
-- Installing: /home/nyann/svan/svan_sw2/src/install/svan_msgs/include/svan_msgs/svan_msgs/msg/detail/pose_euler__rosidl_typesupport_introspection_cpp.hpp
-- Installing: /home/nyann/svan/svan_sw2/src/install/svan_msgs/lib/libsvan_msgs__rosidl_typesupport_introspection_cpp.so
-- Set runtime path of "/home/nyann/svan/svan_sw2/src/install/svan_msgs/lib/libsvan_msgs__rosidl_typesupport_introspection_cpp.so" to ""
-- Installing: /home/nyann/svan/svan_sw2/src/install/svan_msgs/lib/libsvan_msgs__rosidl_typesupport_cpp.so
-- Set runtime path of "/home/nyann/svan/svan_sw2/src/install/svan_msgs/lib/libsvan_msgs__rosidl_typesupport_cpp.so" to ""
-- Installing: /home/nyann/svan/svan_sw2/src/install/svan_msgs/share/svan_msgs/environment/pythonpath.sh
-- Installing: /home/nyann/svan/svan_sw2/src/install/svan_msgs/share/svan_msgs/environment/pythonpath.dsv
-- Installing: /home/nyann/svan/svan_sw2/src/install/svan_msgs/local/lib/python3.10/dist-packages/svan_msgs-0.0.0-py3.10.egg-info
-- Installing: /home/nyann/svan/svan_sw2/src/install/svan_msgs/local/lib/python3.10/dist-packages/svan_msgs-0.0.0-py3.10.egg-info/PKG-INFO
-- Installing: /home/nyann/svan/svan_sw2/src/install/svan_msgs/local/lib/python3.10/dist-packages/svan_msgs-0.0.0-py3.10.egg-info/dependency_links.txt
-- Installing: /home/nyann/svan/svan_sw2/src/install/svan_msgs/local/lib/python3.10/dist-packages/svan_msgs-0.0.0-py3.10.egg-info/top_level.txt
-- Installing: /home/nyann/svan/svan_sw2/src/install/svan_msgs/local/lib/python3.10/dist-packages/svan_msgs-0.0.0-py3.10.egg-info/SOURCES.txt
-- Installing: /home/nyann/svan/svan_sw2/src/install/svan_msgs/local/lib/python3.10/dist-packages/svan_msgs
-- Installing: /home/nyann/svan/svan_sw2/src/install/svan_msgs/local/lib/python3.10/dist-packages/svan_msgs/__init__.py
-- Installing: /home/nyann/svan/svan_sw2/src/install/svan_msgs/local/lib/python3.10/dist-packages/svan_msgs/svan_msgs_s__rosidl_typesupport_c.cpython-310-x86_64-linux-gnu.so
-- Installing: /home/nyann/svan/svan_sw2/src/install/svan_msgs/local/lib/python3.10/dist-packages/svan_msgs/_svan_msgs_s.ep.rosidl_typesupport_fastrtps_c.c
-- Installing: /home/nyann/svan/svan_sw2/src/install/svan_msgs/local/lib/python3.10/dist-packages/svan_msgs/msg
-- Installing: /home/nyann/svan/svan_sw2/src/install/svan_msgs/local/lib/python3.10/dist-packages/svan_msgs/msg/_imu_data.py
-- Installing: /home/nyann/svan/svan_sw2/src/install/svan_msgs/local/lib/python3.10/dist-packages/svan_msgs/msg/_motor_gain_multiplier.py
-- Installing: /home/nyann/svan/svan_sw2/src/install/svan_msgs/local/lib/python3.10/dist-packages/svan_msgs/msg/__init__.py
-- Installing: /home/nyann/svan/svan_sw2/src/install/svan_msgs/local/lib/python3.10/dist-packages/svan_msgs/msg/_imu_data_s.c
-- Installing: /home/nyann/svan/svan_sw2/src/install/svan_msgs/local/lib/python3.10/dist-packages/svan_msgs/msg/_trajectory.py
-- Installing: /home/nyann/svan/svan_sw2/src/install/svan_msgs/local/lib/python3.10/dist-packages/svan_msgs/msg/_position_s.c
-- Installing: /home/nyann/svan/svan_sw2/src/install/svan_msgs/local/lib/python3.10/dist-packages/svan_msgs/msg/_twist.py
-- Installing: /home/nyann/svan/svan_sw2/src/install/svan_msgs/local/lib/python3.10/dist-packages/svan_msgs/msg/_euler_xyz.py
-- Installing: /home/nyann/svan/svan_sw2/src/install/svan_msgs/local/lib/python3.10/dist-packages/svan_msgs/msg/_trajectory_s.c
-- Installing: /home/nyann/svan/svan_sw2/src/install/svan_msgs/local/lib/python3.10/dist-packages/svan_msgs/msg/_motor_gain_multiplier_s.c
-- Installing: /home/nyann/svan/svan_sw2/src/install/svan_msgs/local/lib/python3.10/dist-packages/svan_msgs/msg/_twist_s.c
-- Installing: /home/nyann/svan/svan_sw2/src/install/svan_msgs/local/lib/python3.10/dist-packages/svan_msgs/msg/_joint_state_s.c
-- Installing: /home/nyann/svan/svan_sw2/src/install/svan_msgs/local/lib/python3.10/dist-packages/svan_msgs/msg/_position.py
-- Installing: /home/nyann/svan/svan_sw2/src/install/svan_msgs/local/lib/python3.10/dist-packages/svan_msgs/msg/_pose_euler_s.c
-- Installing: /home/nyann/svan/svan_sw2/src/install/svan_msgs/local/lib/python3.10/dist-packages/svan_msgs/msg/_euler_xyz_s.c
-- Installing: /home/nyann/svan/svan_sw2/src/install/svan_msgs/local/lib/python3.10/dist-packages/svan_msgs/msg/_joint_state.py
-- Installing: /home/nyann/svan/svan_sw2/src/install/svan_msgs/local/lib/python3.10/dist-packages/svan_msgs/msg/_pose_euler.py
-- Installing: /home/nyann/svan/svan_sw2/src/install/svan_msgs/local/lib/python3.10/dist-packages/svan_msgs/svan_msgs_s__rosidl_typesupport_introspection_c.cpython-310-x86_64-linux-gnu.so
-- Installing: /home/nyann/svan/svan_sw2/src/install/svan_msgs/local/lib/python3.10/dist-packages/svan_msgs/_svan_msgs_s.ep.rosidl_typesupport_c.c
-- Installing: /home/nyann/svan/svan_sw2/src/install/svan_msgs/local/lib/python3.10/dist-packages/svan_msgs/svan_msgs_s__rosidl_typesupport_fastrtps_c.cpython-310-x86_64-linux-gnu.so
-- Installing: /home/nyann/svan/svan_sw2/src/install/svan_msgs/local/lib/python3.10/dist-packages/svan_msgs/_svan_msgs_s.ep.rosidl_typesupport_introspection_c.c
-- Installing: /home/nyann/svan/svan_sw2/src/install/svan_msgs/local/lib/python3.10/dist-packages/svan_msgs/libsvan_msgs__rosidl_generator_py.so
Listing '/home/nyann/svan/svan_sw2/src/install/svan_msgs/local/lib/python3.10/dist-packages/svan_msgs'...
Compiling '/home/nyann/svan/svan_sw2/src/install/svan_msgs/local/lib/python3.10/dist-packages/svan_msgs/__init__.py'...
Listing '/home/nyann/svan/svan_sw2/src/install/svan_msgs/local/lib/python3.10/dist-packages/svan_msgs/msg'...
Compiling '/home/nyann/svan/svan_sw2/src/install/svan_msgs/local/lib/python3.10/dist-packages/svan_msgs/msg/__init__.py'...
Compiling '/home/nyann/svan/svan_sw2/src/install/svan_msgs/local/lib/python3.10/dist-packages/svan_msgs/msg/_euler_xyz.py'...
Compiling '/home/nyann/svan/svan_sw2/src/install/svan_msgs/local/lib/python3.10/dist-packages/svan_msgs/msg/_imu_data.py'...
Compiling '/home/nyann/svan/svan_sw2/src/install/svan_msgs/local/lib/python3.10/dist-packages/svan_msgs/msg/_joint_state.py'...
Compiling '/home/nyann/svan/svan_sw2/src/install/svan_msgs/local/lib/python3.10/dist-packages/svan_msgs/msg/_motor_gain_multiplier.py'...
Compiling '/home/nyann/svan/svan_sw2/src/install/svan_msgs/local/lib/python3.10/dist-packages/svan_msgs/msg/_pose_euler.py'...
Compiling '/home/nyann/svan/svan_sw2/src/install/svan_msgs/local/lib/python3.10/dist-packages/svan_msgs/msg/_position.py'...
Compiling '/home/nyann/svan/svan_sw2/src/install/svan_msgs/local/lib/python3.10/dist-packages/svan_msgs/msg/_trajectory.py'...
Compiling '/home/nyann/svan/svan_sw2/src/install/svan_msgs/local/lib/python3.10/dist-packages/svan_msgs/msg/_twist.py'...
-- Installing: /home/nyann/svan/svan_sw2/src/install/svan_msgs/local/lib/python3.10/dist-packages/svan_msgs/svan_msgs_s__rosidl_typesupport_fastrtps_c.cpython-310-x86_64-linux-gnu.so
-- Set runtime path of "/home/nyann/svan/svan_sw2/src/install/svan_msgs/local/lib/python3.10/dist-packages/svan_msgs/svan_msgs_s__rosidl_typesupport_fastrtps_c.cpython-310-x86_64-linux-gnu.so" to ""
-- Installing: /home/nyann/svan/svan_sw2/src/install/svan_msgs/local/lib/python3.10/dist-packages/svan_msgs/svan_msgs_s__rosidl_typesupport_introspection_c.cpython-310-x86_64-linux-gnu.so
-- Set runtime path of "/home/nyann/svan/svan_sw2/src/install/svan_msgs/local/lib/python3.10/dist-packages/svan_msgs/svan_msgs_s__rosidl_typesupport_introspection_c.cpython-310-x86_64-linux-gnu.so" to ""
-- Installing: /home/nyann/svan/svan_sw2/src/install/svan_msgs/local/lib/python3.10/dist-packages/svan_msgs/svan_msgs_s__rosidl_typesupport_c.cpython-310-x86_64-linux-gnu.so
-- Set runtime path of "/home/nyann/svan/svan_sw2/src/install/svan_msgs/local/lib/python3.10/dist-packages/svan_msgs/svan_msgs_s__rosidl_typesupport_c.cpython-310-x86_64-linux-gnu.so" to ""
-- Installing: /home/nyann/svan/svan_sw2/src/install/svan_msgs/lib/libsvan_msgs__rosidl_generator_py.so
-- Set runtime path of "/home/nyann/svan/svan_sw2/src/install/svan_msgs/lib/libsvan_msgs__rosidl_generator_py.so" to ""
-- Installing: /home/nyann/svan/svan_sw2/src/install/svan_msgs/share/svan_msgs/msg/EulerXYZ.idl
-- Installing: /home/nyann/svan/svan_sw2/src/install/svan_msgs/share/svan_msgs/msg/ImuData.idl
-- Installing: /home/nyann/svan/svan_sw2/src/install/svan_msgs/share/svan_msgs/msg/JointState.idl
-- Installing: /home/nyann/svan/svan_sw2/src/install/svan_msgs/share/svan_msgs/msg/MotorGainMultiplier.idl
-- Installing: /home/nyann/svan/svan_sw2/src/install/svan_msgs/share/svan_msgs/msg/PoseEuler.idl
-- Installing: /home/nyann/svan/svan_sw2/src/install/svan_msgs/share/svan_msgs/msg/Position.idl
-- Installing: /home/nyann/svan/svan_sw2/src/install/svan_msgs/share/svan_msgs/msg/Trajectory.idl
-- Installing: /home/nyann/svan/svan_sw2/src/install/svan_msgs/share/svan_msgs/msg/Twist.idl
-- Installing: /home/nyann/svan/svan_sw2/src/install/svan_msgs/share/svan_msgs/msg/EulerXYZ.msg
-- Installing: /home/nyann/svan/svan_sw2/src/install/svan_msgs/share/svan_msgs/msg/ImuData.msg
-- Installing: /home/nyann/svan/svan_sw2/src/install/svan_msgs/share/svan_msgs/msg/JointState.msg
-- Installing: /home/nyann/svan/svan_sw2/src/install/svan_msgs/share/svan_msgs/msg/MotorGainMultiplier.msg
-- Installing: /home/nyann/svan/svan_sw2/src/install/svan_msgs/share/svan_msgs/msg/PoseEuler.msg
-- Installing: /home/nyann/svan/svan_sw2/src/install/svan_msgs/share/svan_msgs/msg/Position.msg
-- Installing: /home/nyann/svan/svan_sw2/src/install/svan_msgs/share/svan_msgs/msg/Trajectory.msg
-- Installing: /home/nyann/svan/svan_sw2/src/install/svan_msgs/share/svan_msgs/msg/Twist.msg
-- Installing: /home/nyann/svan/svan_sw2/src/install/svan_msgs/share/ament_index/resource_index/package_run_dependencies/svan_msgs
-- Installing: /home/nyann/svan/svan_sw2/src/install/svan_msgs/share/ament_index/resource_index/parent_prefix_path/svan_msgs
-- Installing: /home/nyann/svan/svan_sw2/src/install/svan_msgs/share/svan_msgs/environment/ament_prefix_path.sh
-- Installing: /home/nyann/svan/svan_sw2/src/install/svan_msgs/share/svan_msgs/environment/ament_prefix_path.dsv
-- Installing: /home/nyann/svan/svan_sw2/src/install/svan_msgs/share/svan_msgs/environment/path.sh
-- Installing: /home/nyann/svan/svan_sw2/src/install/svan_msgs/share/svan_msgs/environment/path.dsv
-- Installing: /home/nyann/svan/svan_sw2/src/install/svan_msgs/share/svan_msgs/local_setup.bash
-- Installing: /home/nyann/svan/svan_sw2/src/install/svan_msgs/share/svan_msgs/local_setup.sh
-- Installing: /home/nyann/svan/svan_sw2/src/install/svan_msgs/share/svan_msgs/local_setup.zsh
-- Installing: /home/nyann/svan/svan_sw2/src/install/svan_msgs/share/svan_msgs/local_setup.dsv
-- Installing: /home/nyann/svan/svan_sw2/src/install/svan_msgs/share/svan_msgs/package.dsv
-- Installing: /home/nyann/svan/svan_sw2/src/install/svan_msgs/share/ament_index/resource_index/packages/svan_msgs
-- Installing: /home/nyann/svan/svan_sw2/src/install/svan_msgs/share/svan_msgs/cmake/export_svan_msgs__rosidl_generator_cExport.cmake
-- Installing: /home/nyann/svan/svan_sw2/src/install/svan_msgs/share/svan_msgs/cmake/export_svan_msgs__rosidl_generator_cExport-noconfig.cmake
-- Installing: /home/nyann/svan/svan_sw2/src/install/svan_msgs/share/svan_msgs/cmake/export_svan_msgs__rosidl_typesupport_fastrtps_cExport.cmake
-- Installing: /home/nyann/svan/svan_sw2/src/install/svan_msgs/share/svan_msgs/cmake/export_svan_msgs__rosidl_typesupport_fastrtps_cExport-noconfig.cmake
-- Installing: /home/nyann/svan/svan_sw2/src/install/svan_msgs/share/svan_msgs/cmake/svan_msgs__rosidl_typesupport_introspection_cExport.cmake
-- Installing: /home/nyann/svan/svan_sw2/src/install/svan_msgs/share/svan_msgs/cmake/svan_msgs__rosidl_typesupport_introspection_cExport-noconfig.cmake
-- Installing: /home/nyann/svan/svan_sw2/src/install/svan_msgs/share/svan_msgs/cmake/svan_msgs__rosidl_typesupport_cExport.cmake
-- Installing: /home/nyann/svan/svan_sw2/src/install/svan_msgs/share/svan_msgs/cmake/svan_msgs__rosidl_typesupport_cExport-noconfig.cmake
-- Installing: /home/nyann/svan/svan_sw2/src/install/svan_msgs/share/svan_msgs/cmake/export_svan_msgs__rosidl_generator_cppExport.cmake
-- Installing: /home/nyann/svan/svan_sw2/src/install/svan_msgs/share/svan_msgs/cmake/export_svan_msgs__rosidl_typesupport_fastrtps_cppExport.cmake
-- Installing: /home/nyann/svan/svan_sw2/src/install/svan_msgs/share/svan_msgs/cmake/export_svan_msgs__rosidl_typesupport_fastrtps_cppExport-noconfig.cmake
-- Installing: /home/nyann/svan/svan_sw2/src/install/svan_msgs/share/svan_msgs/cmake/svan_msgs__rosidl_typesupport_introspection_cppExport.cmake
-- Installing: /home/nyann/svan/svan_sw2/src/install/svan_msgs/share/svan_msgs/cmake/svan_msgs__rosidl_typesupport_introspection_cppExport-noconfig.cmake
-- Installing: /home/nyann/svan/svan_sw2/src/install/svan_msgs/share/svan_msgs/cmake/svan_msgs__rosidl_typesupport_cppExport.cmake
-- Installing: /home/nyann/svan/svan_sw2/src/install/svan_msgs/share/svan_msgs/cmake/svan_msgs__rosidl_typesupport_cppExport-noconfig.cmake
-- Installing: /home/nyann/svan/svan_sw2/src/install/svan_msgs/share/svan_msgs/cmake/export_svan_msgs__rosidl_generator_pyExport.cmake
-- Installing: /home/nyann/svan/svan_sw2/src/install/svan_msgs/share/svan_msgs/cmake/export_svan_msgs__rosidl_generator_pyExport-noconfig.cmake
-- Installing: /home/nyann/svan/svan_sw2/src/install/svan_msgs/share/svan_msgs/cmake/rosidl_cmake-extras.cmake
-- Installing: /home/nyann/svan/svan_sw2/src/install/svan_msgs/share/svan_msgs/cmake/ament_cmake_export_include_directories-extras.cmake
-- Installing: /home/nyann/svan/svan_sw2/src/install/svan_msgs/share/svan_msgs/cmake/ament_cmake_export_libraries-extras.cmake
-- Installing: /home/nyann/svan/svan_sw2/src/install/svan_msgs/share/svan_msgs/cmake/ament_cmake_export_targets-extras.cmake
-- Installing: /home/nyann/svan/svan_sw2/src/install/svan_msgs/share/svan_msgs/cmake/rosidl_cmake_export_typesupport_targets-extras.cmake
-- Installing: /home/nyann/svan/svan_sw2/src/install/svan_msgs/share/svan_msgs/cmake/ament_cmake_export_dependencies-extras.cmake
-- Installing: /home/nyann/svan/svan_sw2/src/install/svan_msgs/share/svan_msgs/cmake/rosidl_cmake_export_typesupport_libraries-extras.cmake
-- Installing: /home/nyann/svan/svan_sw2/src/install/svan_msgs/share/svan_msgs/cmake/svan_msgsConfig.cmake
-- Installing: /home/nyann/svan/svan_sw2/src/install/svan_msgs/share/svan_msgs/cmake/svan_msgsConfig-version.cmake
-- Installing: /home/nyann/svan/svan_sw2/src/install/svan_msgs/share/svan_msgs/package.xml
