[0.024s] Invoking command in '/home/nyann/svan/svan_sw2/src/build/svan_msgs': CMAKE_PREFIX_PATH=${CMAKE_PREFIX_PATH}:/home/nyann/ros2_ws/src/install/rqt_joint_trajectory_controller:/home/nyann/ros2_ws/src/install/rqt_controller_manager:/home/nyann/ros2_ws/src/install/ros2controlcli:/home/nyann/ros2_ws/src/install/ros2_controllers_test_nodes:/home/nyann/ros2_ws/src/install/my_robot_controller:/opt/ros/humble /usr/bin/cmake /home/nyann/svan/svan_sw2/src/svan_msgs -DCMAKE_INSTALL_PREFIX=/home/nyann/svan/svan_sw2/src/install/svan_msgs
[0.096s] -- The C compiler identification is GNU 11.4.0
[0.158s] -- The CXX compiler identification is GNU 11.4.0
[0.166s] -- Detecting C compiler ABI info
[0.275s] -- Detecting C compiler ABI info - done
[0.281s] -- Check for working C compiler: /usr/bin/cc - skipped
[0.281s] -- Detecting C compile features
[0.282s] -- Detecting C compile features - done
[0.284s] -- Detecting CXX compiler ABI info
[0.401s] -- Detecting CXX compiler ABI info - done
[0.407s] -- Check for working CXX compiler: /usr/bin/c++ - skipped
[0.408s] -- Detecting CXX compile features
[0.408s] -- Detecting CXX compile features - done
[0.417s] -- Found ament_cmake: 1.3.9 (/opt/ros/humble/share/ament_cmake/cmake)
[0.610s] -- Found Python3: /usr/bin/python3 (found version "3.10.12") found components: Interpreter 
[0.813s] -- Found rosidl_default_generators: 1.2.0 (/opt/ros/humble/share/rosidl_default_generators/cmake)
[0.831s] -- Using all available rosidl_typesupport_c: rosidl_typesupport_fastrtps_c;rosidl_typesupport_introspection_c
[0.859s] -- Found rosidl_adapter: 3.1.5 (/opt/ros/humble/share/rosidl_adapter/cmake)
[0.969s] -- Using all available rosidl_typesupport_cpp: rosidl_typesupport_fastrtps_cpp;rosidl_typesupport_introspection_cpp
[1.338s] -- Found ament_cmake_ros: 0.10.0 (/opt/ros/humble/share/ament_cmake_ros/cmake)
[1.565s] -- Using all available rosidl_typesupport_c: rosidl_typesupport_fastrtps_c;rosidl_typesupport_introspection_c
[1.820s] -- Using all available rosidl_typesupport_cpp: rosidl_typesupport_fastrtps_cpp;rosidl_typesupport_introspection_cpp
[1.848s] -- Found PythonInterp: /usr/bin/python3 (found suitable version "3.10.12", minimum required is "3.6") 
[1.857s] -- Found python_cmake_module: 0.10.0 (/opt/ros/humble/share/python_cmake_module/cmake)
[1.892s] -- Found PythonLibs: /usr/lib/x86_64-linux-gnu/libpython3.10.so (found suitable version "3.10.12", minimum required is "3.5") 
[1.892s] -- Using PYTHON_EXECUTABLE: /usr/bin/python3
[1.893s] -- Using PYTHON_INCLUDE_DIRS: /usr/include/python3.10
[1.893s] -- Using PYTHON_LIBRARIES: /usr/lib/x86_64-linux-gnu/libpython3.10.so
[1.917s] -- Found PythonExtra: .so  
[1.984s] -- Found ament_lint_auto: 0.12.11 (/opt/ros/humble/share/ament_lint_auto/cmake)
[2.056s] -- Added test 'lint_cmake' to check CMake code style
[2.059s] -- Added test 'xmllint' to check XML markup files
[2.063s] -- Configuring done
[2.098s] -- Generating done
[2.100s] -- Build files have been written to: /home/nyann/svan/svan_sw2/src/build/svan_msgs
[2.108s] Invoked command in '/home/nyann/svan/svan_sw2/src/build/svan_msgs' returned '0': CMAKE_PREFIX_PATH=${CMAKE_PREFIX_PATH}:/home/nyann/ros2_ws/src/install/rqt_joint_trajectory_controller:/home/nyann/ros2_ws/src/install/rqt_controller_manager:/home/nyann/ros2_ws/src/install/ros2controlcli:/home/nyann/ros2_ws/src/install/ros2_controllers_test_nodes:/home/nyann/ros2_ws/src/install/my_robot_controller:/opt/ros/humble /usr/bin/cmake /home/nyann/svan/svan_sw2/src/svan_msgs -DCMAKE_INSTALL_PREFIX=/home/nyann/svan/svan_sw2/src/install/svan_msgs
[2.109s] Invoking command in '/home/nyann/svan/svan_sw2/src/build/svan_msgs': CMAKE_PREFIX_PATH=${CMAKE_PREFIX_PATH}:/home/nyann/ros2_ws/src/install/rqt_joint_trajectory_controller:/home/nyann/ros2_ws/src/install/rqt_controller_manager:/home/nyann/ros2_ws/src/install/ros2controlcli:/home/nyann/ros2_ws/src/install/ros2_controllers_test_nodes:/home/nyann/ros2_ws/src/install/my_robot_controller:/opt/ros/humble /usr/bin/cmake --build /home/nyann/svan/svan_sw2/src/build/svan_msgs -- -j16 -l16
[2.181s] [  1%] [34m[1mGenerating C code for ROS interfaces[0m
[2.201s] [  2%] [34m[1mGenerating C++ code for ROS interfaces[0m
[2.216s] [  2%] Built target ament_cmake_python_copy_svan_msgs
[2.494s] running egg_info
[2.494s] creating svan_msgs.egg-info
[2.494s] writing svan_msgs.egg-info/PKG-INFO
[2.494s] writing dependency_links to svan_msgs.egg-info/dependency_links.txt
[2.495s] writing top-level names to svan_msgs.egg-info/top_level.txt
[2.495s] writing manifest file 'svan_msgs.egg-info/SOURCES.txt'
[2.496s] reading manifest file 'svan_msgs.egg-info/SOURCES.txt'
[2.497s] writing manifest file 'svan_msgs.egg-info/SOURCES.txt'
[2.529s] [  2%] Built target ament_cmake_python_build_svan_msgs_egg
[2.694s] [  2%] Built target svan_msgs__cpp
[2.716s] [  3%] [34m[1mGenerating C++ introspection for ROS interfaces[0m
[2.721s] [  4%] [34m[1mGenerating C++ type support dispatch for ROS interfaces[0m
[2.721s] [  5%] [34m[1mGenerating C++ type support for eProsima Fast-RTPS[0m
[2.756s] [  8%] [32mBuilding C object CMakeFiles/svan_msgs__rosidl_generator_c.dir/rosidl_generator_c/svan_msgs/msg/detail/motor_gain_multiplier__functions.c.o[0m
[2.756s] [  8%] [32mBuilding C object CMakeFiles/svan_msgs__rosidl_generator_c.dir/rosidl_generator_c/svan_msgs/msg/detail/joint_state__functions.c.o[0m
[2.756s] [  9%] [32mBuilding C object CMakeFiles/svan_msgs__rosidl_generator_c.dir/rosidl_generator_c/svan_msgs/msg/detail/euler_xyz__functions.c.o[0m
[2.757s] [ 10%] [32mBuilding C object CMakeFiles/svan_msgs__rosidl_generator_c.dir/rosidl_generator_c/svan_msgs/msg/detail/pose_euler__functions.c.o[0m
[2.761s] [ 11%] [32mBuilding C object CMakeFiles/svan_msgs__rosidl_generator_c.dir/rosidl_generator_c/svan_msgs/msg/detail/twist__functions.c.o[0m
[2.763s] [ 12%] [32mBuilding C object CMakeFiles/svan_msgs__rosidl_generator_c.dir/rosidl_generator_c/svan_msgs/msg/detail/imu_data__functions.c.o[0m
[2.763s] [ 13%] [32mBuilding C object CMakeFiles/svan_msgs__rosidl_generator_c.dir/rosidl_generator_c/svan_msgs/msg/detail/position__functions.c.o[0m
[2.764s] [ 14%] [32mBuilding C object CMakeFiles/svan_msgs__rosidl_generator_c.dir/rosidl_generator_c/svan_msgs/msg/detail/trajectory__functions.c.o[0m
[2.835s] [ 16%] [32m[1mLinking C shared library libsvan_msgs__rosidl_generator_c.so[0m
[2.892s] [ 16%] Built target svan_msgs__rosidl_generator_c
[2.912s] [ 19%] [34m[1mGenerating C type support for eProsima Fast-RTPS[0m
[2.912s] [ 19%] [34m[1mGenerating C type support dispatch for ROS interfaces[0m
[2.912s] [ 19%] [34m[1mGenerating C introspection for ROS interfaces[0m
[3.091s] [ 25%] [32mBuilding CXX object CMakeFiles/svan_msgs__rosidl_typesupport_cpp.dir/rosidl_typesupport_cpp/svan_msgs/msg/euler_xyz__type_support.cpp.o[0m
[3.091s] [ 26%] [32mBuilding CXX object CMakeFiles/svan_msgs__rosidl_typesupport_cpp.dir/rosidl_typesupport_cpp/svan_msgs/msg/pose_euler__type_support.cpp.o[0m
[3.091s] [ 26%] [32mBuilding CXX object CMakeFiles/svan_msgs__rosidl_typesupport_cpp.dir/rosidl_typesupport_cpp/svan_msgs/msg/imu_data__type_support.cpp.o[0m
[3.091s] [ 27%] [32mBuilding CXX object CMakeFiles/svan_msgs__rosidl_typesupport_cpp.dir/rosidl_typesupport_cpp/svan_msgs/msg/joint_state__type_support.cpp.o[0m
[3.094s] [ 25%] [32mBuilding CXX object CMakeFiles/svan_msgs__rosidl_typesupport_cpp.dir/rosidl_typesupport_cpp/svan_msgs/msg/position__type_support.cpp.o[0m
[3.094s] [ 25%] [32mBuilding CXX object CMakeFiles/svan_msgs__rosidl_typesupport_cpp.dir/rosidl_typesupport_cpp/svan_msgs/msg/motor_gain_multiplier__type_support.cpp.o[0m
[3.094s] [ 28%] [32mBuilding CXX object CMakeFiles/svan_msgs__rosidl_typesupport_cpp.dir/rosidl_typesupport_cpp/svan_msgs/msg/twist__type_support.cpp.o[0m
[3.094s] [ 25%] [32mBuilding CXX object CMakeFiles/svan_msgs__rosidl_typesupport_cpp.dir/rosidl_typesupport_cpp/svan_msgs/msg/trajectory__type_support.cpp.o[0m
[3.260s] [ 29%] [32mBuilding CXX object CMakeFiles/svan_msgs__rosidl_typesupport_introspection_cpp.dir/rosidl_typesupport_introspection_cpp/svan_msgs/msg/detail/euler_xyz__type_support.cpp.o[0m
[3.271s] [ 31%] [32mBuilding CXX object CMakeFiles/svan_msgs__rosidl_typesupport_introspection_cpp.dir/rosidl_typesupport_introspection_cpp/svan_msgs/msg/detail/imu_data__type_support.cpp.o[0m
[3.351s] [ 32%] [32mBuilding CXX object CMakeFiles/svan_msgs__rosidl_typesupport_introspection_cpp.dir/rosidl_typesupport_introspection_cpp/svan_msgs/msg/detail/joint_state__type_support.cpp.o[0m
[3.485s] [ 33%] [32mBuilding CXX object CMakeFiles/svan_msgs__rosidl_typesupport_fastrtps_cpp.dir/rosidl_typesupport_fastrtps_cpp/svan_msgs/msg/detail/dds_fastrtps/euler_xyz__type_support.cpp.o[0m
[3.489s] [ 34%] [32mBuilding CXX object CMakeFiles/svan_msgs__rosidl_typesupport_introspection_cpp.dir/rosidl_typesupport_introspection_cpp/svan_msgs/msg/detail/motor_gain_multiplier__type_support.cpp.o[0m
[3.491s] [ 35%] [32mBuilding CXX object CMakeFiles/svan_msgs__rosidl_typesupport_fastrtps_cpp.dir/rosidl_typesupport_fastrtps_cpp/svan_msgs/msg/detail/dds_fastrtps/imu_data__type_support.cpp.o[0m
[3.496s] [ 40%] [32mBuilding CXX object CMakeFiles/svan_msgs__rosidl_typesupport_fastrtps_cpp.dir/rosidl_typesupport_fastrtps_cpp/svan_msgs/msg/detail/dds_fastrtps/joint_state__type_support.cpp.o[0m
[3.496s] [ 40%] [32mBuilding CXX object CMakeFiles/svan_msgs__rosidl_typesupport_introspection_cpp.dir/rosidl_typesupport_introspection_cpp/svan_msgs/msg/detail/pose_euler__type_support.cpp.o[0m
[3.496s] [ 40%] [32mBuilding CXX object CMakeFiles/svan_msgs__rosidl_typesupport_fastrtps_cpp.dir/rosidl_typesupport_fastrtps_cpp/svan_msgs/msg/detail/dds_fastrtps/motor_gain_multiplier__type_support.cpp.o[0m
[3.496s] [ 40%] [32mBuilding CXX object CMakeFiles/svan_msgs__rosidl_typesupport_introspection_cpp.dir/rosidl_typesupport_introspection_cpp/svan_msgs/msg/detail/position__type_support.cpp.o[0m
[3.496s] [ 41%] [32mBuilding CXX object CMakeFiles/svan_msgs__rosidl_typesupport_fastrtps_cpp.dir/rosidl_typesupport_fastrtps_cpp/svan_msgs/msg/detail/dds_fastrtps/pose_euler__type_support.cpp.o[0m
[3.529s] [ 42%] [32mBuilding CXX object CMakeFiles/svan_msgs__rosidl_typesupport_introspection_cpp.dir/rosidl_typesupport_introspection_cpp/svan_msgs/msg/detail/trajectory__type_support.cpp.o[0m
[3.534s] [ 43%] [32m[1mLinking CXX shared library libsvan_msgs__rosidl_typesupport_cpp.so[0m
[3.568s] [ 44%] [32mBuilding CXX object CMakeFiles/svan_msgs__rosidl_typesupport_c.dir/rosidl_typesupport_c/svan_msgs/msg/euler_xyz__type_support.cpp.o[0m
[3.668s] [ 44%] Built target svan_msgs__rosidl_typesupport_cpp
[3.695s] [ 45%] [32mBuilding CXX object CMakeFiles/svan_msgs__rosidl_typesupport_c.dir/rosidl_typesupport_c/svan_msgs/msg/imu_data__type_support.cpp.o[0m
[3.742s] [ 47%] [32mBuilding CXX object CMakeFiles/svan_msgs__rosidl_typesupport_fastrtps_cpp.dir/rosidl_typesupport_fastrtps_cpp/svan_msgs/msg/detail/dds_fastrtps/position__type_support.cpp.o[0m
[3.813s] [ 48%] [32mBuilding CXX object CMakeFiles/svan_msgs__rosidl_typesupport_c.dir/rosidl_typesupport_c/svan_msgs/msg/joint_state__type_support.cpp.o[0m
[3.864s] [ 49%] [32mBuilding CXX object CMakeFiles/svan_msgs__rosidl_typesupport_introspection_cpp.dir/rosidl_typesupport_introspection_cpp/svan_msgs/msg/detail/twist__type_support.cpp.o[0m
[3.925s] [ 50%] [32mBuilding CXX object CMakeFiles/svan_msgs__rosidl_typesupport_c.dir/rosidl_typesupport_c/svan_msgs/msg/motor_gain_multiplier__type_support.cpp.o[0m
[3.999s] [ 51%] [32mBuilding CXX object CMakeFiles/svan_msgs__rosidl_typesupport_c.dir/rosidl_typesupport_c/svan_msgs/msg/pose_euler__type_support.cpp.o[0m
[4.011s] [ 52%] [32mBuilding CXX object CMakeFiles/svan_msgs__rosidl_typesupport_fastrtps_cpp.dir/rosidl_typesupport_fastrtps_cpp/svan_msgs/msg/detail/dds_fastrtps/twist__type_support.cpp.o[0m
[4.016s] [ 54%] [32mBuilding CXX object CMakeFiles/svan_msgs__rosidl_typesupport_fastrtps_cpp.dir/rosidl_typesupport_fastrtps_cpp/svan_msgs/msg/detail/dds_fastrtps/trajectory__type_support.cpp.o[0m
[4.029s] [ 55%] [32mBuilding CXX object CMakeFiles/svan_msgs__rosidl_typesupport_fastrtps_c.dir/rosidl_typesupport_fastrtps_c/svan_msgs/msg/detail/euler_xyz__type_support_c.cpp.o[0m
[4.074s] [ 56%] [32mBuilding C object CMakeFiles/svan_msgs__rosidl_typesupport_introspection_c.dir/rosidl_typesupport_introspection_c/svan_msgs/msg/detail/euler_xyz__type_support.c.o[0m
[4.107s] [ 57%] [32mBuilding CXX object CMakeFiles/svan_msgs__rosidl_typesupport_c.dir/rosidl_typesupport_c/svan_msgs/msg/position__type_support.cpp.o[0m
[4.119s] [ 58%] [32mBuilding CXX object CMakeFiles/svan_msgs__rosidl_typesupport_c.dir/rosidl_typesupport_c/svan_msgs/msg/trajectory__type_support.cpp.o[0m
[4.125s] [ 59%] [32mBuilding CXX object CMakeFiles/svan_msgs__rosidl_typesupport_c.dir/rosidl_typesupport_c/svan_msgs/msg/twist__type_support.cpp.o[0m
[4.142s] [ 62%] [32mBuilding CXX object CMakeFiles/svan_msgs__rosidl_typesupport_fastrtps_c.dir/rosidl_typesupport_fastrtps_c/svan_msgs/msg/detail/imu_data__type_support_c.cpp.o[0m
[4.142s] [ 62%] [32mBuilding C object CMakeFiles/svan_msgs__rosidl_typesupport_introspection_c.dir/rosidl_typesupport_introspection_c/svan_msgs/msg/detail/imu_data__type_support.c.o[0m
[4.148s] [ 63%] [32mBuilding C object CMakeFiles/svan_msgs__rosidl_typesupport_introspection_c.dir/rosidl_typesupport_introspection_c/svan_msgs/msg/detail/joint_state__type_support.c.o[0m
[4.152s] [ 64%] [32mBuilding C object CMakeFiles/svan_msgs__rosidl_typesupport_introspection_c.dir/rosidl_typesupport_introspection_c/svan_msgs/msg/detail/motor_gain_multiplier__type_support.c.o[0m
[4.162s] [ 65%] [32mBuilding CXX object CMakeFiles/svan_msgs__rosidl_typesupport_fastrtps_c.dir/rosidl_typesupport_fastrtps_c/svan_msgs/msg/detail/joint_state__type_support_c.cpp.o[0m
[4.182s] [ 66%] [32mBuilding C object CMakeFiles/svan_msgs__rosidl_typesupport_introspection_c.dir/rosidl_typesupport_introspection_c/svan_msgs/msg/detail/pose_euler__type_support.c.o[0m
[4.193s] [ 67%] [32mBuilding C object CMakeFiles/svan_msgs__rosidl_typesupport_introspection_c.dir/rosidl_typesupport_introspection_c/svan_msgs/msg/detail/position__type_support.c.o[0m
[4.200s] [ 68%] [32m[1mLinking CXX shared library libsvan_msgs__rosidl_typesupport_c.so[0m
[4.211s] [ 70%] [32mBuilding CXX object CMakeFiles/svan_msgs__rosidl_typesupport_fastrtps_c.dir/rosidl_typesupport_fastrtps_c/svan_msgs/msg/detail/motor_gain_multiplier__type_support_c.cpp.o[0m
[4.217s] [ 71%] [32mBuilding CXX object CMakeFiles/svan_msgs__rosidl_typesupport_fastrtps_c.dir/rosidl_typesupport_fastrtps_c/svan_msgs/msg/detail/pose_euler__type_support_c.cpp.o[0m
[4.222s] [ 72%] [32mBuilding C object CMakeFiles/svan_msgs__rosidl_typesupport_introspection_c.dir/rosidl_typesupport_introspection_c/svan_msgs/msg/detail/trajectory__type_support.c.o[0m
[4.229s] [ 73%] [32mBuilding C object CMakeFiles/svan_msgs__rosidl_typesupport_introspection_c.dir/rosidl_typesupport_introspection_c/svan_msgs/msg/detail/twist__type_support.c.o[0m
[4.245s] [ 74%] [32mBuilding CXX object CMakeFiles/svan_msgs__rosidl_typesupport_fastrtps_c.dir/rosidl_typesupport_fastrtps_c/svan_msgs/msg/detail/position__type_support_c.cpp.o[0m
[4.262s] [ 75%] [32mBuilding CXX object CMakeFiles/svan_msgs__rosidl_typesupport_fastrtps_c.dir/rosidl_typesupport_fastrtps_c/svan_msgs/msg/detail/trajectory__type_support_c.cpp.o[0m
[4.271s] [ 77%] [32mBuilding CXX object CMakeFiles/svan_msgs__rosidl_typesupport_fastrtps_c.dir/rosidl_typesupport_fastrtps_c/svan_msgs/msg/detail/twist__type_support_c.cpp.o[0m
[4.310s] [ 77%] Built target svan_msgs__rosidl_typesupport_c
[4.321s] [ 78%] [32m[1mLinking C shared library libsvan_msgs__rosidl_typesupport_introspection_c.so[0m
[4.394s] [ 78%] Built target svan_msgs__rosidl_typesupport_introspection_c
[4.418s] [ 79%] [32m[1mLinking CXX shared library libsvan_msgs__rosidl_typesupport_introspection_cpp.so[0m
[4.555s] [ 79%] Built target svan_msgs__rosidl_typesupport_introspection_cpp
[4.617s] [ 80%] [32m[1mLinking CXX shared library libsvan_msgs__rosidl_typesupport_fastrtps_cpp.so[0m
[4.714s] [ 80%] Built target svan_msgs__rosidl_typesupport_fastrtps_cpp
[4.733s] [ 81%] [32m[1mLinking CXX shared library libsvan_msgs__rosidl_typesupport_fastrtps_c.so[0m
[4.816s] [ 81%] Built target svan_msgs__rosidl_typesupport_fastrtps_c
[4.855s] [ 81%] Built target svan_msgs
[4.893s] [ 82%] [34m[1mGenerating Python code for ROS interfaces[0m
[5.579s] [ 82%] Built target svan_msgs__py
[5.620s] [ 89%] [32mBuilding C object CMakeFiles/svan_msgs__rosidl_generator_py.dir/rosidl_generator_py/svan_msgs/msg/_joint_state_s.c.o[0m
[5.620s] [ 89%] [32mBuilding C object CMakeFiles/svan_msgs__rosidl_generator_py.dir/rosidl_generator_py/svan_msgs/msg/_trajectory_s.c.o[0m
[5.620s] [ 89%] [32mBuilding C object CMakeFiles/svan_msgs__rosidl_generator_py.dir/rosidl_generator_py/svan_msgs/msg/_motor_gain_multiplier_s.c.o[0m
[5.620s] [ 89%] [32mBuilding C object CMakeFiles/svan_msgs__rosidl_generator_py.dir/rosidl_generator_py/svan_msgs/msg/_imu_data_s.c.o[0m
[5.620s] [ 89%] [32mBuilding C object CMakeFiles/svan_msgs__rosidl_generator_py.dir/rosidl_generator_py/svan_msgs/msg/_euler_xyz_s.c.o[0m
[5.620s] [ 89%] [32mBuilding C object CMakeFiles/svan_msgs__rosidl_generator_py.dir/rosidl_generator_py/svan_msgs/msg/_pose_euler_s.c.o[0m
[5.620s] [ 90%] [32mBuilding C object CMakeFiles/svan_msgs__rosidl_generator_py.dir/rosidl_generator_py/svan_msgs/msg/_twist_s.c.o[0m
[5.623s] [ 91%] [32mBuilding C object CMakeFiles/svan_msgs__rosidl_generator_py.dir/rosidl_generator_py/svan_msgs/msg/_position_s.c.o[0m
[5.761s] [ 93%] [32m[1mLinking C shared library rosidl_generator_py/svan_msgs/libsvan_msgs__rosidl_generator_py.so[0m
[5.819s] [ 93%] Built target svan_msgs__rosidl_generator_py
[5.861s] [ 96%] [32mBuilding C object CMakeFiles/svan_msgs__rosidl_typesupport_introspection_c__pyext.dir/rosidl_generator_py/svan_msgs/_svan_msgs_s.ep.rosidl_typesupport_introspection_c.c.o[0m
[5.861s] [ 96%] [32mBuilding C object CMakeFiles/svan_msgs__rosidl_typesupport_c__pyext.dir/rosidl_generator_py/svan_msgs/_svan_msgs_s.ep.rosidl_typesupport_c.c.o[0m
[5.861s] [ 96%] [32mBuilding C object CMakeFiles/svan_msgs__rosidl_typesupport_fastrtps_c__pyext.dir/rosidl_generator_py/svan_msgs/_svan_msgs_s.ep.rosidl_typesupport_fastrtps_c.c.o[0m
[5.966s] [ 97%] [32m[1mLinking C shared library rosidl_generator_py/svan_msgs/svan_msgs_s__rosidl_typesupport_c.cpython-310-x86_64-linux-gnu.so[0m
[5.967s] [ 98%] [32m[1mLinking C shared library rosidl_generator_py/svan_msgs/svan_msgs_s__rosidl_typesupport_introspection_c.cpython-310-x86_64-linux-gnu.so[0m
[5.971s] [100%] [32m[1mLinking C shared library rosidl_generator_py/svan_msgs/svan_msgs_s__rosidl_typesupport_fastrtps_c.cpython-310-x86_64-linux-gnu.so[0m
[6.018s] [100%] Built target svan_msgs__rosidl_typesupport_introspection_c__pyext
[6.018s] [100%] Built target svan_msgs__rosidl_typesupport_c__pyext
[6.022s] [100%] Built target svan_msgs__rosidl_typesupport_fastrtps_c__pyext
[6.042s] Invoked command in '/home/nyann/svan/svan_sw2/src/build/svan_msgs' returned '0': CMAKE_PREFIX_PATH=${CMAKE_PREFIX_PATH}:/home/nyann/ros2_ws/src/install/rqt_joint_trajectory_controller:/home/nyann/ros2_ws/src/install/rqt_controller_manager:/home/nyann/ros2_ws/src/install/ros2controlcli:/home/nyann/ros2_ws/src/install/ros2_controllers_test_nodes:/home/nyann/ros2_ws/src/install/my_robot_controller:/opt/ros/humble /usr/bin/cmake --build /home/nyann/svan/svan_sw2/src/build/svan_msgs -- -j16 -l16
[6.633s] Invoking command in '/home/nyann/svan/svan_sw2/src/build/svan_msgs': CMAKE_PREFIX_PATH=${CMAKE_PREFIX_PATH}:/home/nyann/ros2_ws/src/install/rqt_joint_trajectory_controller:/home/nyann/ros2_ws/src/install/rqt_controller_manager:/home/nyann/ros2_ws/src/install/ros2controlcli:/home/nyann/ros2_ws/src/install/ros2_controllers_test_nodes:/home/nyann/ros2_ws/src/install/my_robot_controller:/opt/ros/humble /usr/bin/cmake --install /home/nyann/svan/svan_sw2/src/build/svan_msgs
[6.647s] -- Install configuration: ""
[6.647s] -- Installing: /home/nyann/svan/svan_sw2/src/install/svan_msgs/share/ament_index/resource_index/rosidl_interfaces/svan_msgs
[6.647s] -- Installing: /home/nyann/svan/svan_sw2/src/install/svan_msgs/include/svan_msgs/svan_msgs
[6.647s] -- Installing: /home/nyann/svan/svan_sw2/src/install/svan_msgs/include/svan_msgs/svan_msgs/msg
[6.647s] -- Installing: /home/nyann/svan/svan_sw2/src/install/svan_msgs/include/svan_msgs/svan_msgs/msg/pose_euler.h
[6.648s] -- Installing: /home/nyann/svan/svan_sw2/src/install/svan_msgs/include/svan_msgs/svan_msgs/msg/imu_data.h
[6.648s] -- Installing: /home/nyann/svan/svan_sw2/src/install/svan_msgs/include/svan_msgs/svan_msgs/msg/position.h
[6.648s] -- Installing: /home/nyann/svan/svan_sw2/src/install/svan_msgs/include/svan_msgs/svan_msgs/msg/trajectory.h
[6.648s] -- Installing: /home/nyann/svan/svan_sw2/src/install/svan_msgs/include/svan_msgs/svan_msgs/msg/motor_gain_multiplier.h
[6.648s] -- Installing: /home/nyann/svan/svan_sw2/src/install/svan_msgs/include/svan_msgs/svan_msgs/msg/euler_xyz.h
[6.648s] -- Installing: /home/nyann/svan/svan_sw2/src/install/svan_msgs/include/svan_msgs/svan_msgs/msg/rosidl_generator_c__visibility_control.h
[6.648s] -- Installing: /home/nyann/svan/svan_sw2/src/install/svan_msgs/include/svan_msgs/svan_msgs/msg/joint_state.h
[6.648s] -- Installing: /home/nyann/svan/svan_sw2/src/install/svan_msgs/include/svan_msgs/svan_msgs/msg/detail
[6.648s] -- Installing: /home/nyann/svan/svan_sw2/src/install/svan_msgs/include/svan_msgs/svan_msgs/msg/detail/joint_state__type_support.h
[6.649s] -- Installing: /home/nyann/svan/svan_sw2/src/install/svan_msgs/include/svan_msgs/svan_msgs/msg/detail/motor_gain_multiplier__struct.h
[6.649s] -- Installing: /home/nyann/svan/svan_sw2/src/install/svan_msgs/include/svan_msgs/svan_msgs/msg/detail/twist__functions.c
[6.649s] -- Installing: /home/nyann/svan/svan_sw2/src/install/svan_msgs/include/svan_msgs/svan_msgs/msg/detail/imu_data__functions.h
[6.649s] -- Installing: /home/nyann/svan/svan_sw2/src/install/svan_msgs/include/svan_msgs/svan_msgs/msg/detail/position__functions.c
[6.649s] -- Installing: /home/nyann/svan/svan_sw2/src/install/svan_msgs/include/svan_msgs/svan_msgs/msg/detail/position__type_support.h
[6.649s] -- Installing: /home/nyann/svan/svan_sw2/src/install/svan_msgs/include/svan_msgs/svan_msgs/msg/detail/euler_xyz__type_support.h
[6.649s] -- Installing: /home/nyann/svan/svan_sw2/src/install/svan_msgs/include/svan_msgs/svan_msgs/msg/detail/motor_gain_multiplier__type_support.h
[6.650s] -- Installing: /home/nyann/svan/svan_sw2/src/install/svan_msgs/include/svan_msgs/svan_msgs/msg/detail/pose_euler__functions.h
[6.650s] -- Installing: /home/nyann/svan/svan_sw2/src/install/svan_msgs/include/svan_msgs/svan_msgs/msg/detail/pose_euler__struct.h
[6.650s] -- Installing: /home/nyann/svan/svan_sw2/src/install/svan_msgs/include/svan_msgs/svan_msgs/msg/detail/imu_data__type_support.h
[6.650s] -- Installing: /home/nyann/svan/svan_sw2/src/install/svan_msgs/include/svan_msgs/svan_msgs/msg/detail/euler_xyz__functions.c
[6.650s] -- Installing: /home/nyann/svan/svan_sw2/src/install/svan_msgs/include/svan_msgs/svan_msgs/msg/detail/trajectory__type_support.h
[6.650s] -- Installing: /home/nyann/svan/svan_sw2/src/install/svan_msgs/include/svan_msgs/svan_msgs/msg/detail/twist__functions.h
[6.650s] -- Installing: /home/nyann/svan/svan_sw2/src/install/svan_msgs/include/svan_msgs/svan_msgs/msg/detail/pose_euler__functions.c
[6.650s] -- Installing: /home/nyann/svan/svan_sw2/src/install/svan_msgs/include/svan_msgs/svan_msgs/msg/detail/position__struct.h
[6.651s] -- Installing: /home/nyann/svan/svan_sw2/src/install/svan_msgs/include/svan_msgs/svan_msgs/msg/detail/trajectory__functions.h
[6.651s] -- Installing: /home/nyann/svan/svan_sw2/src/install/svan_msgs/include/svan_msgs/svan_msgs/msg/detail/euler_xyz__functions.h
[6.651s] -- Installing: /home/nyann/svan/svan_sw2/src/install/svan_msgs/include/svan_msgs/svan_msgs/msg/detail/joint_state__struct.h
[6.651s] -- Installing: /home/nyann/svan/svan_sw2/src/install/svan_msgs/include/svan_msgs/svan_msgs/msg/detail/position__functions.h
[6.651s] -- Installing: /home/nyann/svan/svan_sw2/src/install/svan_msgs/include/svan_msgs/svan_msgs/msg/detail/twist__struct.h
[6.651s] -- Installing: /home/nyann/svan/svan_sw2/src/install/svan_msgs/include/svan_msgs/svan_msgs/msg/detail/joint_state__functions.h
[6.651s] -- Installing: /home/nyann/svan/svan_sw2/src/install/svan_msgs/include/svan_msgs/svan_msgs/msg/detail/imu_data__functions.c
[6.651s] -- Installing: /home/nyann/svan/svan_sw2/src/install/svan_msgs/include/svan_msgs/svan_msgs/msg/detail/euler_xyz__struct.h
[6.652s] -- Installing: /home/nyann/svan/svan_sw2/src/install/svan_msgs/include/svan_msgs/svan_msgs/msg/detail/motor_gain_multiplier__functions.c
[6.652s] -- Installing: /home/nyann/svan/svan_sw2/src/install/svan_msgs/include/svan_msgs/svan_msgs/msg/detail/trajectory__functions.c
[6.652s] -- Installing: /home/nyann/svan/svan_sw2/src/install/svan_msgs/include/svan_msgs/svan_msgs/msg/detail/twist__type_support.h
[6.652s] -- Installing: /home/nyann/svan/svan_sw2/src/install/svan_msgs/include/svan_msgs/svan_msgs/msg/detail/joint_state__functions.c
[6.652s] -- Installing: /home/nyann/svan/svan_sw2/src/install/svan_msgs/include/svan_msgs/svan_msgs/msg/detail/trajectory__struct.h
[6.652s] -- Installing: /home/nyann/svan/svan_sw2/src/install/svan_msgs/include/svan_msgs/svan_msgs/msg/detail/imu_data__struct.h
[6.652s] -- Installing: /home/nyann/svan/svan_sw2/src/install/svan_msgs/include/svan_msgs/svan_msgs/msg/detail/motor_gain_multiplier__functions.h
[6.652s] -- Installing: /home/nyann/svan/svan_sw2/src/install/svan_msgs/include/svan_msgs/svan_msgs/msg/detail/pose_euler__type_support.h
[6.653s] -- Installing: /home/nyann/svan/svan_sw2/src/install/svan_msgs/include/svan_msgs/svan_msgs/msg/twist.h
[6.653s] -- Installing: /home/nyann/svan/svan_sw2/src/install/svan_msgs/share/svan_msgs/environment/library_path.sh
[6.653s] -- Installing: /home/nyann/svan/svan_sw2/src/install/svan_msgs/share/svan_msgs/environment/library_path.dsv
[6.653s] -- Installing: /home/nyann/svan/svan_sw2/src/install/svan_msgs/lib/libsvan_msgs__rosidl_generator_c.so
[6.653s] -- Set runtime path of "/home/nyann/svan/svan_sw2/src/install/svan_msgs/lib/libsvan_msgs__rosidl_generator_c.so" to ""
[6.654s] -- Up-to-date: /home/nyann/svan/svan_sw2/src/install/svan_msgs/include/svan_msgs/svan_msgs
[6.654s] -- Up-to-date: /home/nyann/svan/svan_sw2/src/install/svan_msgs/include/svan_msgs/svan_msgs/msg
[6.654s] -- Up-to-date: /home/nyann/svan/svan_sw2/src/install/svan_msgs/include/svan_msgs/svan_msgs/msg/detail
[6.654s] -- Installing: /home/nyann/svan/svan_sw2/src/install/svan_msgs/include/svan_msgs/svan_msgs/msg/detail/twist__rosidl_typesupport_fastrtps_c.h
[6.654s] -- Installing: /home/nyann/svan/svan_sw2/src/install/svan_msgs/include/svan_msgs/svan_msgs/msg/detail/pose_euler__rosidl_typesupport_fastrtps_c.h
[6.654s] -- Installing: /home/nyann/svan/svan_sw2/src/install/svan_msgs/include/svan_msgs/svan_msgs/msg/detail/imu_data__rosidl_typesupport_fastrtps_c.h
[6.654s] -- Installing: /home/nyann/svan/svan_sw2/src/install/svan_msgs/include/svan_msgs/svan_msgs/msg/detail/joint_state__rosidl_typesupport_fastrtps_c.h
[6.654s] -- Installing: /home/nyann/svan/svan_sw2/src/install/svan_msgs/include/svan_msgs/svan_msgs/msg/detail/position__rosidl_typesupport_fastrtps_c.h
[6.654s] -- Installing: /home/nyann/svan/svan_sw2/src/install/svan_msgs/include/svan_msgs/svan_msgs/msg/detail/trajectory__rosidl_typesupport_fastrtps_c.h
[6.654s] -- Installing: /home/nyann/svan/svan_sw2/src/install/svan_msgs/include/svan_msgs/svan_msgs/msg/detail/motor_gain_multiplier__rosidl_typesupport_fastrtps_c.h
[6.654s] -- Installing: /home/nyann/svan/svan_sw2/src/install/svan_msgs/include/svan_msgs/svan_msgs/msg/detail/euler_xyz__rosidl_typesupport_fastrtps_c.h
[6.655s] -- Installing: /home/nyann/svan/svan_sw2/src/install/svan_msgs/include/svan_msgs/svan_msgs/msg/rosidl_typesupport_fastrtps_c__visibility_control.h
[6.655s] -- Installing: /home/nyann/svan/svan_sw2/src/install/svan_msgs/lib/libsvan_msgs__rosidl_typesupport_fastrtps_c.so
[6.655s] -- Set runtime path of "/home/nyann/svan/svan_sw2/src/install/svan_msgs/lib/libsvan_msgs__rosidl_typesupport_fastrtps_c.so" to ""
[6.655s] -- Up-to-date: /home/nyann/svan/svan_sw2/src/install/svan_msgs/include/svan_msgs/svan_msgs
[6.655s] -- Up-to-date: /home/nyann/svan/svan_sw2/src/install/svan_msgs/include/svan_msgs/svan_msgs/msg
[6.655s] -- Installing: /home/nyann/svan/svan_sw2/src/install/svan_msgs/include/svan_msgs/svan_msgs/msg/rosidl_typesupport_introspection_c__visibility_control.h
[6.655s] -- Up-to-date: /home/nyann/svan/svan_sw2/src/install/svan_msgs/include/svan_msgs/svan_msgs/msg/detail
[6.655s] -- Installing: /home/nyann/svan/svan_sw2/src/install/svan_msgs/include/svan_msgs/svan_msgs/msg/detail/trajectory__type_support.c
[6.656s] -- Installing: /home/nyann/svan/svan_sw2/src/install/svan_msgs/include/svan_msgs/svan_msgs/msg/detail/joint_state__rosidl_typesupport_introspection_c.h
[6.656s] -- Installing: /home/nyann/svan/svan_sw2/src/install/svan_msgs/include/svan_msgs/svan_msgs/msg/detail/joint_state__type_support.c
[6.656s] -- Installing: /home/nyann/svan/svan_sw2/src/install/svan_msgs/include/svan_msgs/svan_msgs/msg/detail/trajectory__rosidl_typesupport_introspection_c.h
[6.656s] -- Installing: /home/nyann/svan/svan_sw2/src/install/svan_msgs/include/svan_msgs/svan_msgs/msg/detail/motor_gain_multiplier__rosidl_typesupport_introspection_c.h
[6.656s] -- Installing: /home/nyann/svan/svan_sw2/src/install/svan_msgs/include/svan_msgs/svan_msgs/msg/detail/position__type_support.c
[6.656s] -- Installing: /home/nyann/svan/svan_sw2/src/install/svan_msgs/include/svan_msgs/svan_msgs/msg/detail/twist__rosidl_typesupport_introspection_c.h
[6.656s] -- Installing: /home/nyann/svan/svan_sw2/src/install/svan_msgs/include/svan_msgs/svan_msgs/msg/detail/euler_xyz__type_support.c
[6.657s] -- Installing: /home/nyann/svan/svan_sw2/src/install/svan_msgs/include/svan_msgs/svan_msgs/msg/detail/twist__type_support.c
[6.657s] -- Installing: /home/nyann/svan/svan_sw2/src/install/svan_msgs/include/svan_msgs/svan_msgs/msg/detail/pose_euler__rosidl_typesupport_introspection_c.h
[6.657s] -- Installing: /home/nyann/svan/svan_sw2/src/install/svan_msgs/include/svan_msgs/svan_msgs/msg/detail/motor_gain_multiplier__type_support.c
[6.657s] -- Installing: /home/nyann/svan/svan_sw2/src/install/svan_msgs/include/svan_msgs/svan_msgs/msg/detail/imu_data__rosidl_typesupport_introspection_c.h
[6.657s] -- Installing: /home/nyann/svan/svan_sw2/src/install/svan_msgs/include/svan_msgs/svan_msgs/msg/detail/imu_data__type_support.c
[6.657s] -- Installing: /home/nyann/svan/svan_sw2/src/install/svan_msgs/include/svan_msgs/svan_msgs/msg/detail/euler_xyz__rosidl_typesupport_introspection_c.h
[6.657s] -- Installing: /home/nyann/svan/svan_sw2/src/install/svan_msgs/include/svan_msgs/svan_msgs/msg/detail/pose_euler__type_support.c
[6.657s] -- Installing: /home/nyann/svan/svan_sw2/src/install/svan_msgs/include/svan_msgs/svan_msgs/msg/detail/position__rosidl_typesupport_introspection_c.h
[6.658s] -- Installing: /home/nyann/svan/svan_sw2/src/install/svan_msgs/lib/libsvan_msgs__rosidl_typesupport_introspection_c.so
[6.658s] -- Set runtime path of "/home/nyann/svan/svan_sw2/src/install/svan_msgs/lib/libsvan_msgs__rosidl_typesupport_introspection_c.so" to ""
[6.658s] -- Installing: /home/nyann/svan/svan_sw2/src/install/svan_msgs/lib/libsvan_msgs__rosidl_typesupport_c.so
[6.658s] -- Set runtime path of "/home/nyann/svan/svan_sw2/src/install/svan_msgs/lib/libsvan_msgs__rosidl_typesupport_c.so" to ""
[6.658s] -- Up-to-date: /home/nyann/svan/svan_sw2/src/install/svan_msgs/include/svan_msgs/svan_msgs
[6.658s] -- Up-to-date: /home/nyann/svan/svan_sw2/src/install/svan_msgs/include/svan_msgs/svan_msgs/msg
[6.658s] -- Installing: /home/nyann/svan/svan_sw2/src/install/svan_msgs/include/svan_msgs/svan_msgs/msg/motor_gain_multiplier.hpp
[6.659s] -- Installing: /home/nyann/svan/svan_sw2/src/install/svan_msgs/include/svan_msgs/svan_msgs/msg/position.hpp
[6.659s] -- Installing: /home/nyann/svan/svan_sw2/src/install/svan_msgs/include/svan_msgs/svan_msgs/msg/joint_state.hpp
[6.659s] -- Installing: /home/nyann/svan/svan_sw2/src/install/svan_msgs/include/svan_msgs/svan_msgs/msg/imu_data.hpp
[6.659s] -- Installing: /home/nyann/svan/svan_sw2/src/install/svan_msgs/include/svan_msgs/svan_msgs/msg/trajectory.hpp
[6.659s] -- Installing: /home/nyann/svan/svan_sw2/src/install/svan_msgs/include/svan_msgs/svan_msgs/msg/twist.hpp
[6.659s] -- Up-to-date: /home/nyann/svan/svan_sw2/src/install/svan_msgs/include/svan_msgs/svan_msgs/msg/detail
[6.659s] -- Installing: /home/nyann/svan/svan_sw2/src/install/svan_msgs/include/svan_msgs/svan_msgs/msg/detail/imu_data__struct.hpp
[6.659s] -- Installing: /home/nyann/svan/svan_sw2/src/install/svan_msgs/include/svan_msgs/svan_msgs/msg/detail/motor_gain_multiplier__builder.hpp
[6.659s] -- Installing: /home/nyann/svan/svan_sw2/src/install/svan_msgs/include/svan_msgs/svan_msgs/msg/detail/motor_gain_multiplier__traits.hpp
[6.660s] -- Installing: /home/nyann/svan/svan_sw2/src/install/svan_msgs/include/svan_msgs/svan_msgs/msg/detail/pose_euler__traits.hpp
[6.660s] -- Installing: /home/nyann/svan/svan_sw2/src/install/svan_msgs/include/svan_msgs/svan_msgs/msg/detail/position__struct.hpp
[6.660s] -- Installing: /home/nyann/svan/svan_sw2/src/install/svan_msgs/include/svan_msgs/svan_msgs/msg/detail/twist__builder.hpp
[6.660s] -- Installing: /home/nyann/svan/svan_sw2/src/install/svan_msgs/include/svan_msgs/svan_msgs/msg/detail/trajectory__struct.hpp
[6.660s] -- Installing: /home/nyann/svan/svan_sw2/src/install/svan_msgs/include/svan_msgs/svan_msgs/msg/detail/joint_state__builder.hpp
[6.660s] -- Installing: /home/nyann/svan/svan_sw2/src/install/svan_msgs/include/svan_msgs/svan_msgs/msg/detail/position__builder.hpp
[6.660s] -- Installing: /home/nyann/svan/svan_sw2/src/install/svan_msgs/include/svan_msgs/svan_msgs/msg/detail/twist__traits.hpp
[6.661s] -- Installing: /home/nyann/svan/svan_sw2/src/install/svan_msgs/include/svan_msgs/svan_msgs/msg/detail/euler_xyz__struct.hpp
[6.661s] -- Installing: /home/nyann/svan/svan_sw2/src/install/svan_msgs/include/svan_msgs/svan_msgs/msg/detail/trajectory__traits.hpp
[6.661s] -- Installing: /home/nyann/svan/svan_sw2/src/install/svan_msgs/include/svan_msgs/svan_msgs/msg/detail/trajectory__builder.hpp
[6.661s] -- Installing: /home/nyann/svan/svan_sw2/src/install/svan_msgs/include/svan_msgs/svan_msgs/msg/detail/imu_data__traits.hpp
[6.661s] -- Installing: /home/nyann/svan/svan_sw2/src/install/svan_msgs/include/svan_msgs/svan_msgs/msg/detail/euler_xyz__builder.hpp
[6.661s] -- Installing: /home/nyann/svan/svan_sw2/src/install/svan_msgs/include/svan_msgs/svan_msgs/msg/detail/pose_euler__builder.hpp
[6.661s] -- Installing: /home/nyann/svan/svan_sw2/src/install/svan_msgs/include/svan_msgs/svan_msgs/msg/detail/joint_state__struct.hpp
[6.661s] -- Installing: /home/nyann/svan/svan_sw2/src/install/svan_msgs/include/svan_msgs/svan_msgs/msg/detail/euler_xyz__traits.hpp
[6.662s] -- Installing: /home/nyann/svan/svan_sw2/src/install/svan_msgs/include/svan_msgs/svan_msgs/msg/detail/joint_state__traits.hpp
[6.662s] -- Installing: /home/nyann/svan/svan_sw2/src/install/svan_msgs/include/svan_msgs/svan_msgs/msg/detail/pose_euler__struct.hpp
[6.662s] -- Installing: /home/nyann/svan/svan_sw2/src/install/svan_msgs/include/svan_msgs/svan_msgs/msg/detail/imu_data__builder.hpp
[6.662s] -- Installing: /home/nyann/svan/svan_sw2/src/install/svan_msgs/include/svan_msgs/svan_msgs/msg/detail/motor_gain_multiplier__struct.hpp
[6.662s] -- Installing: /home/nyann/svan/svan_sw2/src/install/svan_msgs/include/svan_msgs/svan_msgs/msg/detail/position__traits.hpp
[6.662s] -- Installing: /home/nyann/svan/svan_sw2/src/install/svan_msgs/include/svan_msgs/svan_msgs/msg/detail/twist__struct.hpp
[6.662s] -- Installing: /home/nyann/svan/svan_sw2/src/install/svan_msgs/include/svan_msgs/svan_msgs/msg/euler_xyz.hpp
[6.663s] -- Installing: /home/nyann/svan/svan_sw2/src/install/svan_msgs/include/svan_msgs/svan_msgs/msg/pose_euler.hpp
[6.663s] -- Up-to-date: /home/nyann/svan/svan_sw2/src/install/svan_msgs/include/svan_msgs/svan_msgs
[6.663s] -- Up-to-date: /home/nyann/svan/svan_sw2/src/install/svan_msgs/include/svan_msgs/svan_msgs/msg
[6.663s] -- Installing: /home/nyann/svan/svan_sw2/src/install/svan_msgs/include/svan_msgs/svan_msgs/msg/rosidl_typesupport_fastrtps_cpp__visibility_control.h
[6.663s] -- Up-to-date: /home/nyann/svan/svan_sw2/src/install/svan_msgs/include/svan_msgs/svan_msgs/msg/detail
[6.663s] -- Installing: /home/nyann/svan/svan_sw2/src/install/svan_msgs/include/svan_msgs/svan_msgs/msg/detail/joint_state__rosidl_typesupport_fastrtps_cpp.hpp
[6.663s] -- Installing: /home/nyann/svan/svan_sw2/src/install/svan_msgs/include/svan_msgs/svan_msgs/msg/detail/twist__rosidl_typesupport_fastrtps_cpp.hpp
[6.663s] -- Installing: /home/nyann/svan/svan_sw2/src/install/svan_msgs/include/svan_msgs/svan_msgs/msg/detail/trajectory__rosidl_typesupport_fastrtps_cpp.hpp
[6.663s] -- Installing: /home/nyann/svan/svan_sw2/src/install/svan_msgs/include/svan_msgs/svan_msgs/msg/detail/position__rosidl_typesupport_fastrtps_cpp.hpp
[6.663s] -- Installing: /home/nyann/svan/svan_sw2/src/install/svan_msgs/include/svan_msgs/svan_msgs/msg/detail/pose_euler__rosidl_typesupport_fastrtps_cpp.hpp
[6.664s] -- Installing: /home/nyann/svan/svan_sw2/src/install/svan_msgs/include/svan_msgs/svan_msgs/msg/detail/dds_fastrtps
[6.664s] -- Installing: /home/nyann/svan/svan_sw2/src/install/svan_msgs/include/svan_msgs/svan_msgs/msg/detail/motor_gain_multiplier__rosidl_typesupport_fastrtps_cpp.hpp
[6.664s] -- Installing: /home/nyann/svan/svan_sw2/src/install/svan_msgs/include/svan_msgs/svan_msgs/msg/detail/euler_xyz__rosidl_typesupport_fastrtps_cpp.hpp
[6.664s] -- Installing: /home/nyann/svan/svan_sw2/src/install/svan_msgs/include/svan_msgs/svan_msgs/msg/detail/imu_data__rosidl_typesupport_fastrtps_cpp.hpp
[6.664s] -- Installing: /home/nyann/svan/svan_sw2/src/install/svan_msgs/lib/libsvan_msgs__rosidl_typesupport_fastrtps_cpp.so
[6.665s] -- Set runtime path of "/home/nyann/svan/svan_sw2/src/install/svan_msgs/lib/libsvan_msgs__rosidl_typesupport_fastrtps_cpp.so" to ""
[6.665s] -- Up-to-date: /home/nyann/svan/svan_sw2/src/install/svan_msgs/include/svan_msgs/svan_msgs
[6.665s] -- Up-to-date: /home/nyann/svan/svan_sw2/src/install/svan_msgs/include/svan_msgs/svan_msgs/msg
[6.665s] -- Up-to-date: /home/nyann/svan/svan_sw2/src/install/svan_msgs/include/svan_msgs/svan_msgs/msg/detail
[6.665s] -- Installing: /home/nyann/svan/svan_sw2/src/install/svan_msgs/include/svan_msgs/svan_msgs/msg/detail/pose_euler__type_support.cpp
[6.665s] -- Installing: /home/nyann/svan/svan_sw2/src/install/svan_msgs/include/svan_msgs/svan_msgs/msg/detail/trajectory__type_support.cpp
[6.665s] -- Installing: /home/nyann/svan/svan_sw2/src/install/svan_msgs/include/svan_msgs/svan_msgs/msg/detail/euler_xyz__type_support.cpp
[6.665s] -- Installing: /home/nyann/svan/svan_sw2/src/install/svan_msgs/include/svan_msgs/svan_msgs/msg/detail/twist__rosidl_typesupport_introspection_cpp.hpp
[6.665s] -- Installing: /home/nyann/svan/svan_sw2/src/install/svan_msgs/include/svan_msgs/svan_msgs/msg/detail/motor_gain_multiplier__type_support.cpp
[6.665s] -- Installing: /home/nyann/svan/svan_sw2/src/install/svan_msgs/include/svan_msgs/svan_msgs/msg/detail/twist__type_support.cpp
[6.665s] -- Installing: /home/nyann/svan/svan_sw2/src/install/svan_msgs/include/svan_msgs/svan_msgs/msg/detail/position__type_support.cpp
[6.666s] -- Installing: /home/nyann/svan/svan_sw2/src/install/svan_msgs/include/svan_msgs/svan_msgs/msg/detail/imu_data__rosidl_typesupport_introspection_cpp.hpp
[6.666s] -- Installing: /home/nyann/svan/svan_sw2/src/install/svan_msgs/include/svan_msgs/svan_msgs/msg/detail/joint_state__rosidl_typesupport_introspection_cpp.hpp
[6.666s] -- Installing: /home/nyann/svan/svan_sw2/src/install/svan_msgs/include/svan_msgs/svan_msgs/msg/detail/imu_data__type_support.cpp
[6.666s] -- Installing: /home/nyann/svan/svan_sw2/src/install/svan_msgs/include/svan_msgs/svan_msgs/msg/detail/trajectory__rosidl_typesupport_introspection_cpp.hpp
[6.666s] -- Installing: /home/nyann/svan/svan_sw2/src/install/svan_msgs/include/svan_msgs/svan_msgs/msg/detail/euler_xyz__rosidl_typesupport_introspection_cpp.hpp
[6.666s] -- Installing: /home/nyann/svan/svan_sw2/src/install/svan_msgs/include/svan_msgs/svan_msgs/msg/detail/motor_gain_multiplier__rosidl_typesupport_introspection_cpp.hpp
[6.666s] -- Installing: /home/nyann/svan/svan_sw2/src/install/svan_msgs/include/svan_msgs/svan_msgs/msg/detail/joint_state__type_support.cpp
[6.667s] -- Installing: /home/nyann/svan/svan_sw2/src/install/svan_msgs/include/svan_msgs/svan_msgs/msg/detail/position__rosidl_typesupport_introspection_cpp.hpp
[6.667s] -- Installing: /home/nyann/svan/svan_sw2/src/install/svan_msgs/include/svan_msgs/svan_msgs/msg/detail/pose_euler__rosidl_typesupport_introspection_cpp.hpp
[6.667s] -- Installing: /home/nyann/svan/svan_sw2/src/install/svan_msgs/lib/libsvan_msgs__rosidl_typesupport_introspection_cpp.so
[6.667s] -- Set runtime path of "/home/nyann/svan/svan_sw2/src/install/svan_msgs/lib/libsvan_msgs__rosidl_typesupport_introspection_cpp.so" to ""
[6.667s] -- Installing: /home/nyann/svan/svan_sw2/src/install/svan_msgs/lib/libsvan_msgs__rosidl_typesupport_cpp.so
[6.668s] -- Set runtime path of "/home/nyann/svan/svan_sw2/src/install/svan_msgs/lib/libsvan_msgs__rosidl_typesupport_cpp.so" to ""
[6.668s] -- Installing: /home/nyann/svan/svan_sw2/src/install/svan_msgs/share/svan_msgs/environment/pythonpath.sh
[6.668s] -- Installing: /home/nyann/svan/svan_sw2/src/install/svan_msgs/share/svan_msgs/environment/pythonpath.dsv
[6.668s] -- Installing: /home/nyann/svan/svan_sw2/src/install/svan_msgs/local/lib/python3.10/dist-packages/svan_msgs-0.0.0-py3.10.egg-info
[6.668s] -- Installing: /home/nyann/svan/svan_sw2/src/install/svan_msgs/local/lib/python3.10/dist-packages/svan_msgs-0.0.0-py3.10.egg-info/PKG-INFO
[6.668s] -- Installing: /home/nyann/svan/svan_sw2/src/install/svan_msgs/local/lib/python3.10/dist-packages/svan_msgs-0.0.0-py3.10.egg-info/dependency_links.txt
[6.669s] -- Installing: /home/nyann/svan/svan_sw2/src/install/svan_msgs/local/lib/python3.10/dist-packages/svan_msgs-0.0.0-py3.10.egg-info/top_level.txt
[6.669s] -- Installing: /home/nyann/svan/svan_sw2/src/install/svan_msgs/local/lib/python3.10/dist-packages/svan_msgs-0.0.0-py3.10.egg-info/SOURCES.txt
[6.669s] -- Installing: /home/nyann/svan/svan_sw2/src/install/svan_msgs/local/lib/python3.10/dist-packages/svan_msgs
[6.669s] -- Installing: /home/nyann/svan/svan_sw2/src/install/svan_msgs/local/lib/python3.10/dist-packages/svan_msgs/__init__.py
[6.669s] -- Installing: /home/nyann/svan/svan_sw2/src/install/svan_msgs/local/lib/python3.10/dist-packages/svan_msgs/svan_msgs_s__rosidl_typesupport_c.cpython-310-x86_64-linux-gnu.so
[6.669s] -- Installing: /home/nyann/svan/svan_sw2/src/install/svan_msgs/local/lib/python3.10/dist-packages/svan_msgs/_svan_msgs_s.ep.rosidl_typesupport_fastrtps_c.c
[6.669s] -- Installing: /home/nyann/svan/svan_sw2/src/install/svan_msgs/local/lib/python3.10/dist-packages/svan_msgs/msg
[6.669s] -- Installing: /home/nyann/svan/svan_sw2/src/install/svan_msgs/local/lib/python3.10/dist-packages/svan_msgs/msg/_imu_data.py
[6.670s] -- Installing: /home/nyann/svan/svan_sw2/src/install/svan_msgs/local/lib/python3.10/dist-packages/svan_msgs/msg/_motor_gain_multiplier.py
[6.670s] -- Installing: /home/nyann/svan/svan_sw2/src/install/svan_msgs/local/lib/python3.10/dist-packages/svan_msgs/msg/__init__.py
[6.670s] -- Installing: /home/nyann/svan/svan_sw2/src/install/svan_msgs/local/lib/python3.10/dist-packages/svan_msgs/msg/_imu_data_s.c
[6.670s] -- Installing: /home/nyann/svan/svan_sw2/src/install/svan_msgs/local/lib/python3.10/dist-packages/svan_msgs/msg/_trajectory.py
[6.670s] -- Installing: /home/nyann/svan/svan_sw2/src/install/svan_msgs/local/lib/python3.10/dist-packages/svan_msgs/msg/_position_s.c
[6.670s] -- Installing: /home/nyann/svan/svan_sw2/src/install/svan_msgs/local/lib/python3.10/dist-packages/svan_msgs/msg/_twist.py
[6.670s] -- Installing: /home/nyann/svan/svan_sw2/src/install/svan_msgs/local/lib/python3.10/dist-packages/svan_msgs/msg/_euler_xyz.py
[6.670s] -- Installing: /home/nyann/svan/svan_sw2/src/install/svan_msgs/local/lib/python3.10/dist-packages/svan_msgs/msg/_trajectory_s.c
[6.671s] -- Installing: /home/nyann/svan/svan_sw2/src/install/svan_msgs/local/lib/python3.10/dist-packages/svan_msgs/msg/_motor_gain_multiplier_s.c
[6.671s] -- Installing: /home/nyann/svan/svan_sw2/src/install/svan_msgs/local/lib/python3.10/dist-packages/svan_msgs/msg/_twist_s.c
[6.671s] -- Installing: /home/nyann/svan/svan_sw2/src/install/svan_msgs/local/lib/python3.10/dist-packages/svan_msgs/msg/_joint_state_s.c
[6.671s] -- Installing: /home/nyann/svan/svan_sw2/src/install/svan_msgs/local/lib/python3.10/dist-packages/svan_msgs/msg/_position.py
[6.671s] -- Installing: /home/nyann/svan/svan_sw2/src/install/svan_msgs/local/lib/python3.10/dist-packages/svan_msgs/msg/_pose_euler_s.c
[6.671s] -- Installing: /home/nyann/svan/svan_sw2/src/install/svan_msgs/local/lib/python3.10/dist-packages/svan_msgs/msg/_euler_xyz_s.c
[6.671s] -- Installing: /home/nyann/svan/svan_sw2/src/install/svan_msgs/local/lib/python3.10/dist-packages/svan_msgs/msg/_joint_state.py
[6.671s] -- Installing: /home/nyann/svan/svan_sw2/src/install/svan_msgs/local/lib/python3.10/dist-packages/svan_msgs/msg/_pose_euler.py
[6.672s] -- Installing: /home/nyann/svan/svan_sw2/src/install/svan_msgs/local/lib/python3.10/dist-packages/svan_msgs/svan_msgs_s__rosidl_typesupport_introspection_c.cpython-310-x86_64-linux-gnu.so
[6.672s] -- Installing: /home/nyann/svan/svan_sw2/src/install/svan_msgs/local/lib/python3.10/dist-packages/svan_msgs/_svan_msgs_s.ep.rosidl_typesupport_c.c
[6.672s] -- Installing: /home/nyann/svan/svan_sw2/src/install/svan_msgs/local/lib/python3.10/dist-packages/svan_msgs/svan_msgs_s__rosidl_typesupport_fastrtps_c.cpython-310-x86_64-linux-gnu.so
[6.672s] -- Installing: /home/nyann/svan/svan_sw2/src/install/svan_msgs/local/lib/python3.10/dist-packages/svan_msgs/_svan_msgs_s.ep.rosidl_typesupport_introspection_c.c
[6.672s] -- Installing: /home/nyann/svan/svan_sw2/src/install/svan_msgs/local/lib/python3.10/dist-packages/svan_msgs/libsvan_msgs__rosidl_generator_py.so
[6.714s] Listing '/home/nyann/svan/svan_sw2/src/install/svan_msgs/local/lib/python3.10/dist-packages/svan_msgs'...
[6.714s] Compiling '/home/nyann/svan/svan_sw2/src/install/svan_msgs/local/lib/python3.10/dist-packages/svan_msgs/__init__.py'...
[6.714s] Listing '/home/nyann/svan/svan_sw2/src/install/svan_msgs/local/lib/python3.10/dist-packages/svan_msgs/msg'...
[6.714s] Compiling '/home/nyann/svan/svan_sw2/src/install/svan_msgs/local/lib/python3.10/dist-packages/svan_msgs/msg/__init__.py'...
[6.714s] Compiling '/home/nyann/svan/svan_sw2/src/install/svan_msgs/local/lib/python3.10/dist-packages/svan_msgs/msg/_euler_xyz.py'...
[6.714s] Compiling '/home/nyann/svan/svan_sw2/src/install/svan_msgs/local/lib/python3.10/dist-packages/svan_msgs/msg/_imu_data.py'...
[6.714s] Compiling '/home/nyann/svan/svan_sw2/src/install/svan_msgs/local/lib/python3.10/dist-packages/svan_msgs/msg/_joint_state.py'...
[6.715s] Compiling '/home/nyann/svan/svan_sw2/src/install/svan_msgs/local/lib/python3.10/dist-packages/svan_msgs/msg/_motor_gain_multiplier.py'...
[6.715s] Compiling '/home/nyann/svan/svan_sw2/src/install/svan_msgs/local/lib/python3.10/dist-packages/svan_msgs/msg/_pose_euler.py'...
[6.715s] Compiling '/home/nyann/svan/svan_sw2/src/install/svan_msgs/local/lib/python3.10/dist-packages/svan_msgs/msg/_position.py'...
[6.715s] Compiling '/home/nyann/svan/svan_sw2/src/install/svan_msgs/local/lib/python3.10/dist-packages/svan_msgs/msg/_trajectory.py'...
[6.715s] Compiling '/home/nyann/svan/svan_sw2/src/install/svan_msgs/local/lib/python3.10/dist-packages/svan_msgs/msg/_twist.py'...
[6.718s] -- Installing: /home/nyann/svan/svan_sw2/src/install/svan_msgs/local/lib/python3.10/dist-packages/svan_msgs/svan_msgs_s__rosidl_typesupport_fastrtps_c.cpython-310-x86_64-linux-gnu.so
[6.718s] -- Set runtime path of "/home/nyann/svan/svan_sw2/src/install/svan_msgs/local/lib/python3.10/dist-packages/svan_msgs/svan_msgs_s__rosidl_typesupport_fastrtps_c.cpython-310-x86_64-linux-gnu.so" to ""
[6.719s] -- Installing: /home/nyann/svan/svan_sw2/src/install/svan_msgs/local/lib/python3.10/dist-packages/svan_msgs/svan_msgs_s__rosidl_typesupport_introspection_c.cpython-310-x86_64-linux-gnu.so
[6.719s] -- Set runtime path of "/home/nyann/svan/svan_sw2/src/install/svan_msgs/local/lib/python3.10/dist-packages/svan_msgs/svan_msgs_s__rosidl_typesupport_introspection_c.cpython-310-x86_64-linux-gnu.so" to ""
[6.719s] -- Installing: /home/nyann/svan/svan_sw2/src/install/svan_msgs/local/lib/python3.10/dist-packages/svan_msgs/svan_msgs_s__rosidl_typesupport_c.cpython-310-x86_64-linux-gnu.so
[6.720s] -- Set runtime path of "/home/nyann/svan/svan_sw2/src/install/svan_msgs/local/lib/python3.10/dist-packages/svan_msgs/svan_msgs_s__rosidl_typesupport_c.cpython-310-x86_64-linux-gnu.so" to ""
[6.720s] -- Installing: /home/nyann/svan/svan_sw2/src/install/svan_msgs/lib/libsvan_msgs__rosidl_generator_py.so
[6.720s] -- Set runtime path of "/home/nyann/svan/svan_sw2/src/install/svan_msgs/lib/libsvan_msgs__rosidl_generator_py.so" to ""
[6.720s] -- Installing: /home/nyann/svan/svan_sw2/src/install/svan_msgs/share/svan_msgs/msg/EulerXYZ.idl
[6.720s] -- Installing: /home/nyann/svan/svan_sw2/src/install/svan_msgs/share/svan_msgs/msg/ImuData.idl
[6.721s] -- Installing: /home/nyann/svan/svan_sw2/src/install/svan_msgs/share/svan_msgs/msg/JointState.idl
[6.721s] -- Installing: /home/nyann/svan/svan_sw2/src/install/svan_msgs/share/svan_msgs/msg/MotorGainMultiplier.idl
[6.721s] -- Installing: /home/nyann/svan/svan_sw2/src/install/svan_msgs/share/svan_msgs/msg/PoseEuler.idl
[6.721s] -- Installing: /home/nyann/svan/svan_sw2/src/install/svan_msgs/share/svan_msgs/msg/Position.idl
[6.721s] -- Installing: /home/nyann/svan/svan_sw2/src/install/svan_msgs/share/svan_msgs/msg/Trajectory.idl
[6.721s] -- Installing: /home/nyann/svan/svan_sw2/src/install/svan_msgs/share/svan_msgs/msg/Twist.idl
[6.721s] -- Installing: /home/nyann/svan/svan_sw2/src/install/svan_msgs/share/svan_msgs/msg/EulerXYZ.msg
[6.721s] -- Installing: /home/nyann/svan/svan_sw2/src/install/svan_msgs/share/svan_msgs/msg/ImuData.msg
[6.722s] -- Installing: /home/nyann/svan/svan_sw2/src/install/svan_msgs/share/svan_msgs/msg/JointState.msg
[6.722s] -- Installing: /home/nyann/svan/svan_sw2/src/install/svan_msgs/share/svan_msgs/msg/MotorGainMultiplier.msg
[6.722s] -- Installing: /home/nyann/svan/svan_sw2/src/install/svan_msgs/share/svan_msgs/msg/PoseEuler.msg
[6.722s] -- Installing: /home/nyann/svan/svan_sw2/src/install/svan_msgs/share/svan_msgs/msg/Position.msg
[6.722s] -- Installing: /home/nyann/svan/svan_sw2/src/install/svan_msgs/share/svan_msgs/msg/Trajectory.msg
[6.722s] -- Installing: /home/nyann/svan/svan_sw2/src/install/svan_msgs/share/svan_msgs/msg/Twist.msg
[6.722s] -- Installing: /home/nyann/svan/svan_sw2/src/install/svan_msgs/share/ament_index/resource_index/package_run_dependencies/svan_msgs
[6.723s] -- Installing: /home/nyann/svan/svan_sw2/src/install/svan_msgs/share/ament_index/resource_index/parent_prefix_path/svan_msgs
[6.723s] -- Installing: /home/nyann/svan/svan_sw2/src/install/svan_msgs/share/svan_msgs/environment/ament_prefix_path.sh
[6.723s] -- Installing: /home/nyann/svan/svan_sw2/src/install/svan_msgs/share/svan_msgs/environment/ament_prefix_path.dsv
[6.723s] -- Installing: /home/nyann/svan/svan_sw2/src/install/svan_msgs/share/svan_msgs/environment/path.sh
[6.723s] -- Installing: /home/nyann/svan/svan_sw2/src/install/svan_msgs/share/svan_msgs/environment/path.dsv
[6.723s] -- Installing: /home/nyann/svan/svan_sw2/src/install/svan_msgs/share/svan_msgs/local_setup.bash
[6.724s] -- Installing: /home/nyann/svan/svan_sw2/src/install/svan_msgs/share/svan_msgs/local_setup.sh
[6.724s] -- Installing: /home/nyann/svan/svan_sw2/src/install/svan_msgs/share/svan_msgs/local_setup.zsh
[6.724s] -- Installing: /home/nyann/svan/svan_sw2/src/install/svan_msgs/share/svan_msgs/local_setup.dsv
[6.724s] -- Installing: /home/nyann/svan/svan_sw2/src/install/svan_msgs/share/svan_msgs/package.dsv
[6.724s] -- Installing: /home/nyann/svan/svan_sw2/src/install/svan_msgs/share/ament_index/resource_index/packages/svan_msgs
[6.724s] -- Installing: /home/nyann/svan/svan_sw2/src/install/svan_msgs/share/svan_msgs/cmake/export_svan_msgs__rosidl_generator_cExport.cmake
[6.725s] -- Installing: /home/nyann/svan/svan_sw2/src/install/svan_msgs/share/svan_msgs/cmake/export_svan_msgs__rosidl_generator_cExport-noconfig.cmake
[6.725s] -- Installing: /home/nyann/svan/svan_sw2/src/install/svan_msgs/share/svan_msgs/cmake/export_svan_msgs__rosidl_typesupport_fastrtps_cExport.cmake
[6.725s] -- Installing: /home/nyann/svan/svan_sw2/src/install/svan_msgs/share/svan_msgs/cmake/export_svan_msgs__rosidl_typesupport_fastrtps_cExport-noconfig.cmake
[6.725s] -- Installing: /home/nyann/svan/svan_sw2/src/install/svan_msgs/share/svan_msgs/cmake/svan_msgs__rosidl_typesupport_introspection_cExport.cmake
[6.725s] -- Installing: /home/nyann/svan/svan_sw2/src/install/svan_msgs/share/svan_msgs/cmake/svan_msgs__rosidl_typesupport_introspection_cExport-noconfig.cmake
[6.725s] -- Installing: /home/nyann/svan/svan_sw2/src/install/svan_msgs/share/svan_msgs/cmake/svan_msgs__rosidl_typesupport_cExport.cmake
[6.725s] -- Installing: /home/nyann/svan/svan_sw2/src/install/svan_msgs/share/svan_msgs/cmake/svan_msgs__rosidl_typesupport_cExport-noconfig.cmake
[6.726s] -- Installing: /home/nyann/svan/svan_sw2/src/install/svan_msgs/share/svan_msgs/cmake/export_svan_msgs__rosidl_generator_cppExport.cmake
[6.726s] -- Installing: /home/nyann/svan/svan_sw2/src/install/svan_msgs/share/svan_msgs/cmake/export_svan_msgs__rosidl_typesupport_fastrtps_cppExport.cmake
[6.726s] -- Installing: /home/nyann/svan/svan_sw2/src/install/svan_msgs/share/svan_msgs/cmake/export_svan_msgs__rosidl_typesupport_fastrtps_cppExport-noconfig.cmake
[6.726s] -- Installing: /home/nyann/svan/svan_sw2/src/install/svan_msgs/share/svan_msgs/cmake/svan_msgs__rosidl_typesupport_introspection_cppExport.cmake
[6.726s] -- Installing: /home/nyann/svan/svan_sw2/src/install/svan_msgs/share/svan_msgs/cmake/svan_msgs__rosidl_typesupport_introspection_cppExport-noconfig.cmake
[6.726s] -- Installing: /home/nyann/svan/svan_sw2/src/install/svan_msgs/share/svan_msgs/cmake/svan_msgs__rosidl_typesupport_cppExport.cmake
[6.727s] -- Installing: /home/nyann/svan/svan_sw2/src/install/svan_msgs/share/svan_msgs/cmake/svan_msgs__rosidl_typesupport_cppExport-noconfig.cmake
[6.727s] -- Installing: /home/nyann/svan/svan_sw2/src/install/svan_msgs/share/svan_msgs/cmake/export_svan_msgs__rosidl_generator_pyExport.cmake
[6.727s] -- Installing: /home/nyann/svan/svan_sw2/src/install/svan_msgs/share/svan_msgs/cmake/export_svan_msgs__rosidl_generator_pyExport-noconfig.cmake
[6.727s] -- Installing: /home/nyann/svan/svan_sw2/src/install/svan_msgs/share/svan_msgs/cmake/rosidl_cmake-extras.cmake
[6.727s] -- Installing: /home/nyann/svan/svan_sw2/src/install/svan_msgs/share/svan_msgs/cmake/ament_cmake_export_include_directories-extras.cmake
[6.727s] -- Installing: /home/nyann/svan/svan_sw2/src/install/svan_msgs/share/svan_msgs/cmake/ament_cmake_export_libraries-extras.cmake
[6.727s] -- Installing: /home/nyann/svan/svan_sw2/src/install/svan_msgs/share/svan_msgs/cmake/ament_cmake_export_targets-extras.cmake
[6.728s] -- Installing: /home/nyann/svan/svan_sw2/src/install/svan_msgs/share/svan_msgs/cmake/rosidl_cmake_export_typesupport_targets-extras.cmake
[6.728s] -- Installing: /home/nyann/svan/svan_sw2/src/install/svan_msgs/share/svan_msgs/cmake/ament_cmake_export_dependencies-extras.cmake
[6.728s] -- Installing: /home/nyann/svan/svan_sw2/src/install/svan_msgs/share/svan_msgs/cmake/rosidl_cmake_export_typesupport_libraries-extras.cmake
[6.728s] -- Installing: /home/nyann/svan/svan_sw2/src/install/svan_msgs/share/svan_msgs/cmake/svan_msgsConfig.cmake
[6.728s] -- Installing: /home/nyann/svan/svan_sw2/src/install/svan_msgs/share/svan_msgs/cmake/svan_msgsConfig-version.cmake
[6.728s] -- Installing: /home/nyann/svan/svan_sw2/src/install/svan_msgs/share/svan_msgs/package.xml
[6.731s] Invoked command in '/home/nyann/svan/svan_sw2/src/build/svan_msgs' returned '0': CMAKE_PREFIX_PATH=${CMAKE_PREFIX_PATH}:/home/nyann/ros2_ws/src/install/rqt_joint_trajectory_controller:/home/nyann/ros2_ws/src/install/rqt_controller_manager:/home/nyann/ros2_ws/src/install/ros2controlcli:/home/nyann/ros2_ws/src/install/ros2_controllers_test_nodes:/home/nyann/ros2_ws/src/install/my_robot_controller:/opt/ros/humble /usr/bin/cmake --install /home/nyann/svan/svan_sw2/src/build/svan_msgs
