[0.034s] Invoking command in '/home/nyann/svan/svan_sw2/src/build/svan_msgs': CMAKE_PREFIX_PATH=${CMAKE_PREFIX_PATH}:/home/nyann/ros2_ws/src/install/rqt_joint_trajectory_controller:/home/nyann/ros2_ws/src/install/rqt_controller_manager:/home/nyann/ros2_ws/src/install/ros2controlcli:/home/nyann/ros2_ws/src/install/ros2_controllers_test_nodes:/home/nyann/ros2_ws/src/install/my_robot_controller:/opt/ros/humble /usr/bin/cmake --build /home/nyann/svan/svan_sw2/src/build/svan_msgs -- -j16 -l16
[0.116s] [35m[1mConsolidate compiler generated dependencies of target svan_msgs__rosidl_generator_c[0m
[0.135s] [  1%] Built target svan_msgs__cpp
[0.150s] [ 12%] Built target svan_msgs__rosidl_generator_c
[0.161s] [ 12%] Built target ament_cmake_python_copy_svan_msgs
[0.165s] [35m[1mConsolidate compiler generated dependencies of target svan_msgs__rosidl_typesupport_fastrtps_cpp[0m
[0.166s] [35m[1mConsolidate compiler generated dependencies of target svan_msgs__rosidl_typesupport_introspection_cpp[0m
[0.167s] [35m[1mConsolidate compiler generated dependencies of target svan_msgs__rosidl_typesupport_cpp[0m
[0.180s] [35m[1mConsolidate compiler generated dependencies of target svan_msgs__rosidl_typesupport_c[0m
[0.180s] [35m[1mConsolidate compiler generated dependencies of target svan_msgs__rosidl_typesupport_introspection_c[0m
[0.181s] [35m[1mConsolidate compiler generated dependencies of target svan_msgs__rosidl_typesupport_fastrtps_c[0m
[0.207s] [ 24%] Built target svan_msgs__rosidl_typesupport_cpp
[0.210s] [ 35%] Built target svan_msgs__rosidl_typesupport_fastrtps_cpp
[0.210s] [ 58%] Built target svan_msgs__rosidl_typesupport_introspection_cpp
[0.210s] [ 58%] Built target svan_msgs__rosidl_typesupport_c
[0.211s] [ 70%] Built target svan_msgs__rosidl_typesupport_introspection_c
[0.226s] [ 81%] Built target svan_msgs__rosidl_typesupport_fastrtps_c
[0.277s] [ 81%] Built target svan_msgs
[0.333s] [ 82%] Built target svan_msgs__py
[0.368s] [35m[1mConsolidate compiler generated dependencies of target svan_msgs__rosidl_generator_py[0m
[0.409s] [ 93%] Built target svan_msgs__rosidl_generator_py
[0.433s] [35m[1mConsolidate compiler generated dependencies of target svan_msgs__rosidl_typesupport_c__pyext[0m
[0.433s] [35m[1mConsolidate compiler generated dependencies of target svan_msgs__rosidl_typesupport_introspection_c__pyext[0m
[0.433s] [35m[1mConsolidate compiler generated dependencies of target svan_msgs__rosidl_typesupport_fastrtps_c__pyext[0m
[0.460s] [100%] Built target svan_msgs__rosidl_typesupport_c__pyext
[0.460s] [100%] Built target svan_msgs__rosidl_typesupport_introspection_c__pyext
[0.460s] [100%] Built target svan_msgs__rosidl_typesupport_fastrtps_c__pyext
[0.565s] running egg_info
[0.566s] writing svan_msgs.egg-info/PKG-INFO
[0.566s] writing dependency_links to svan_msgs.egg-info/dependency_links.txt
[0.566s] writing top-level names to svan_msgs.egg-info/top_level.txt
[0.571s] reading manifest file 'svan_msgs.egg-info/SOURCES.txt'
[0.572s] writing manifest file 'svan_msgs.egg-info/SOURCES.txt'
[0.627s] [100%] Built target ament_cmake_python_build_svan_msgs_egg
[0.657s] Invoked command in '/home/nyann/svan/svan_sw2/src/build/svan_msgs' returned '0': CMAKE_PREFIX_PATH=${CMAKE_PREFIX_PATH}:/home/nyann/ros2_ws/src/install/rqt_joint_trajectory_controller:/home/nyann/ros2_ws/src/install/rqt_controller_manager:/home/nyann/ros2_ws/src/install/ros2controlcli:/home/nyann/ros2_ws/src/install/ros2_controllers_test_nodes:/home/nyann/ros2_ws/src/install/my_robot_controller:/opt/ros/humble /usr/bin/cmake --build /home/nyann/svan/svan_sw2/src/build/svan_msgs -- -j16 -l16
[1.288s] Invoking command in '/home/nyann/svan/svan_sw2/src/build/svan_msgs': CMAKE_PREFIX_PATH=${CMAKE_PREFIX_PATH}:/home/nyann/ros2_ws/src/install/rqt_joint_trajectory_controller:/home/nyann/ros2_ws/src/install/rqt_controller_manager:/home/nyann/ros2_ws/src/install/ros2controlcli:/home/nyann/ros2_ws/src/install/ros2_controllers_test_nodes:/home/nyann/ros2_ws/src/install/my_robot_controller:/opt/ros/humble /usr/bin/cmake --install /home/nyann/svan/svan_sw2/src/build/svan_msgs
[1.304s] -- Install configuration: ""
[1.304s] -- Up-to-date: /home/nyann/svan/svan_sw2/src/install/svan_msgs/share/ament_index/resource_index/rosidl_interfaces/svan_msgs
[1.305s] -- Up-to-date: /home/nyann/svan/svan_sw2/src/install/svan_msgs/include/svan_msgs/svan_msgs
[1.305s] -- Up-to-date: /home/nyann/svan/svan_sw2/src/install/svan_msgs/include/svan_msgs/svan_msgs/msg
[1.305s] -- Up-to-date: /home/nyann/svan/svan_sw2/src/install/svan_msgs/include/svan_msgs/svan_msgs/msg/pose_euler.h
[1.305s] -- Up-to-date: /home/nyann/svan/svan_sw2/src/install/svan_msgs/include/svan_msgs/svan_msgs/msg/imu_data.h
[1.305s] -- Up-to-date: /home/nyann/svan/svan_sw2/src/install/svan_msgs/include/svan_msgs/svan_msgs/msg/position.h
[1.305s] -- Up-to-date: /home/nyann/svan/svan_sw2/src/install/svan_msgs/include/svan_msgs/svan_msgs/msg/trajectory.h
[1.306s] -- Up-to-date: /home/nyann/svan/svan_sw2/src/install/svan_msgs/include/svan_msgs/svan_msgs/msg/motor_gain_multiplier.h
[1.306s] -- Up-to-date: /home/nyann/svan/svan_sw2/src/install/svan_msgs/include/svan_msgs/svan_msgs/msg/euler_xyz.h
[1.306s] -- Up-to-date: /home/nyann/svan/svan_sw2/src/install/svan_msgs/include/svan_msgs/svan_msgs/msg/rosidl_generator_c__visibility_control.h
[1.306s] -- Up-to-date: /home/nyann/svan/svan_sw2/src/install/svan_msgs/include/svan_msgs/svan_msgs/msg/joint_state.h
[1.306s] -- Up-to-date: /home/nyann/svan/svan_sw2/src/install/svan_msgs/include/svan_msgs/svan_msgs/msg/detail
[1.306s] -- Up-to-date: /home/nyann/svan/svan_sw2/src/install/svan_msgs/include/svan_msgs/svan_msgs/msg/detail/joint_state__type_support.h
[1.306s] -- Up-to-date: /home/nyann/svan/svan_sw2/src/install/svan_msgs/include/svan_msgs/svan_msgs/msg/detail/motor_gain_multiplier__struct.h
[1.306s] -- Up-to-date: /home/nyann/svan/svan_sw2/src/install/svan_msgs/include/svan_msgs/svan_msgs/msg/detail/twist__functions.c
[1.306s] -- Up-to-date: /home/nyann/svan/svan_sw2/src/install/svan_msgs/include/svan_msgs/svan_msgs/msg/detail/imu_data__functions.h
[1.307s] -- Up-to-date: /home/nyann/svan/svan_sw2/src/install/svan_msgs/include/svan_msgs/svan_msgs/msg/detail/position__functions.c
[1.307s] -- Up-to-date: /home/nyann/svan/svan_sw2/src/install/svan_msgs/include/svan_msgs/svan_msgs/msg/detail/position__type_support.h
[1.307s] -- Up-to-date: /home/nyann/svan/svan_sw2/src/install/svan_msgs/include/svan_msgs/svan_msgs/msg/detail/euler_xyz__type_support.h
[1.307s] -- Up-to-date: /home/nyann/svan/svan_sw2/src/install/svan_msgs/include/svan_msgs/svan_msgs/msg/detail/motor_gain_multiplier__type_support.h
[1.307s] -- Up-to-date: /home/nyann/svan/svan_sw2/src/install/svan_msgs/include/svan_msgs/svan_msgs/msg/detail/pose_euler__functions.h
[1.307s] -- Up-to-date: /home/nyann/svan/svan_sw2/src/install/svan_msgs/include/svan_msgs/svan_msgs/msg/detail/pose_euler__struct.h
[1.307s] -- Up-to-date: /home/nyann/svan/svan_sw2/src/install/svan_msgs/include/svan_msgs/svan_msgs/msg/detail/imu_data__type_support.h
[1.307s] -- Up-to-date: /home/nyann/svan/svan_sw2/src/install/svan_msgs/include/svan_msgs/svan_msgs/msg/detail/euler_xyz__functions.c
[1.307s] -- Up-to-date: /home/nyann/svan/svan_sw2/src/install/svan_msgs/include/svan_msgs/svan_msgs/msg/detail/trajectory__type_support.h
[1.307s] -- Up-to-date: /home/nyann/svan/svan_sw2/src/install/svan_msgs/include/svan_msgs/svan_msgs/msg/detail/twist__functions.h
[1.307s] -- Up-to-date: /home/nyann/svan/svan_sw2/src/install/svan_msgs/include/svan_msgs/svan_msgs/msg/detail/pose_euler__functions.c
[1.308s] -- Up-to-date: /home/nyann/svan/svan_sw2/src/install/svan_msgs/include/svan_msgs/svan_msgs/msg/detail/position__struct.h
[1.308s] -- Up-to-date: /home/nyann/svan/svan_sw2/src/install/svan_msgs/include/svan_msgs/svan_msgs/msg/detail/trajectory__functions.h
[1.308s] -- Up-to-date: /home/nyann/svan/svan_sw2/src/install/svan_msgs/include/svan_msgs/svan_msgs/msg/detail/euler_xyz__functions.h
[1.308s] -- Up-to-date: /home/nyann/svan/svan_sw2/src/install/svan_msgs/include/svan_msgs/svan_msgs/msg/detail/joint_state__struct.h
[1.308s] -- Up-to-date: /home/nyann/svan/svan_sw2/src/install/svan_msgs/include/svan_msgs/svan_msgs/msg/detail/position__functions.h
[1.308s] -- Up-to-date: /home/nyann/svan/svan_sw2/src/install/svan_msgs/include/svan_msgs/svan_msgs/msg/detail/twist__struct.h
[1.308s] -- Up-to-date: /home/nyann/svan/svan_sw2/src/install/svan_msgs/include/svan_msgs/svan_msgs/msg/detail/joint_state__functions.h
[1.308s] -- Up-to-date: /home/nyann/svan/svan_sw2/src/install/svan_msgs/include/svan_msgs/svan_msgs/msg/detail/imu_data__functions.c
[1.308s] -- Up-to-date: /home/nyann/svan/svan_sw2/src/install/svan_msgs/include/svan_msgs/svan_msgs/msg/detail/euler_xyz__struct.h
[1.308s] -- Up-to-date: /home/nyann/svan/svan_sw2/src/install/svan_msgs/include/svan_msgs/svan_msgs/msg/detail/motor_gain_multiplier__functions.c
[1.308s] -- Up-to-date: /home/nyann/svan/svan_sw2/src/install/svan_msgs/include/svan_msgs/svan_msgs/msg/detail/trajectory__functions.c
[1.309s] -- Up-to-date: /home/nyann/svan/svan_sw2/src/install/svan_msgs/include/svan_msgs/svan_msgs/msg/detail/twist__type_support.h
[1.309s] -- Up-to-date: /home/nyann/svan/svan_sw2/src/install/svan_msgs/include/svan_msgs/svan_msgs/msg/detail/joint_state__functions.c
[1.309s] -- Up-to-date: /home/nyann/svan/svan_sw2/src/install/svan_msgs/include/svan_msgs/svan_msgs/msg/detail/trajectory__struct.h
[1.309s] -- Up-to-date: /home/nyann/svan/svan_sw2/src/install/svan_msgs/include/svan_msgs/svan_msgs/msg/detail/imu_data__struct.h
[1.309s] -- Up-to-date: /home/nyann/svan/svan_sw2/src/install/svan_msgs/include/svan_msgs/svan_msgs/msg/detail/motor_gain_multiplier__functions.h
[1.309s] -- Up-to-date: /home/nyann/svan/svan_sw2/src/install/svan_msgs/include/svan_msgs/svan_msgs/msg/detail/pose_euler__type_support.h
[1.309s] -- Up-to-date: /home/nyann/svan/svan_sw2/src/install/svan_msgs/include/svan_msgs/svan_msgs/msg/twist.h
[1.309s] -- Up-to-date: /home/nyann/svan/svan_sw2/src/install/svan_msgs/share/svan_msgs/environment/library_path.sh
[1.309s] -- Up-to-date: /home/nyann/svan/svan_sw2/src/install/svan_msgs/share/svan_msgs/environment/library_path.dsv
[1.309s] -- Up-to-date: /home/nyann/svan/svan_sw2/src/install/svan_msgs/lib/libsvan_msgs__rosidl_generator_c.so
[1.310s] -- Up-to-date: /home/nyann/svan/svan_sw2/src/install/svan_msgs/include/svan_msgs/svan_msgs
[1.310s] -- Up-to-date: /home/nyann/svan/svan_sw2/src/install/svan_msgs/include/svan_msgs/svan_msgs/msg
[1.310s] -- Up-to-date: /home/nyann/svan/svan_sw2/src/install/svan_msgs/include/svan_msgs/svan_msgs/msg/detail
[1.310s] -- Up-to-date: /home/nyann/svan/svan_sw2/src/install/svan_msgs/include/svan_msgs/svan_msgs/msg/detail/twist__rosidl_typesupport_fastrtps_c.h
[1.310s] -- Up-to-date: /home/nyann/svan/svan_sw2/src/install/svan_msgs/include/svan_msgs/svan_msgs/msg/detail/pose_euler__rosidl_typesupport_fastrtps_c.h
[1.310s] -- Up-to-date: /home/nyann/svan/svan_sw2/src/install/svan_msgs/include/svan_msgs/svan_msgs/msg/detail/imu_data__rosidl_typesupport_fastrtps_c.h
[1.310s] -- Up-to-date: /home/nyann/svan/svan_sw2/src/install/svan_msgs/include/svan_msgs/svan_msgs/msg/detail/joint_state__rosidl_typesupport_fastrtps_c.h
[1.310s] -- Up-to-date: /home/nyann/svan/svan_sw2/src/install/svan_msgs/include/svan_msgs/svan_msgs/msg/detail/position__rosidl_typesupport_fastrtps_c.h
[1.310s] -- Up-to-date: /home/nyann/svan/svan_sw2/src/install/svan_msgs/include/svan_msgs/svan_msgs/msg/detail/trajectory__rosidl_typesupport_fastrtps_c.h
[1.310s] -- Up-to-date: /home/nyann/svan/svan_sw2/src/install/svan_msgs/include/svan_msgs/svan_msgs/msg/detail/motor_gain_multiplier__rosidl_typesupport_fastrtps_c.h
[1.311s] -- Up-to-date: /home/nyann/svan/svan_sw2/src/install/svan_msgs/include/svan_msgs/svan_msgs/msg/detail/euler_xyz__rosidl_typesupport_fastrtps_c.h
[1.311s] -- Up-to-date: /home/nyann/svan/svan_sw2/src/install/svan_msgs/include/svan_msgs/svan_msgs/msg/rosidl_typesupport_fastrtps_c__visibility_control.h
[1.311s] -- Up-to-date: /home/nyann/svan/svan_sw2/src/install/svan_msgs/lib/libsvan_msgs__rosidl_typesupport_fastrtps_c.so
[1.311s] -- Up-to-date: /home/nyann/svan/svan_sw2/src/install/svan_msgs/include/svan_msgs/svan_msgs
[1.311s] -- Up-to-date: /home/nyann/svan/svan_sw2/src/install/svan_msgs/include/svan_msgs/svan_msgs/msg
[1.311s] -- Up-to-date: /home/nyann/svan/svan_sw2/src/install/svan_msgs/include/svan_msgs/svan_msgs/msg/rosidl_typesupport_introspection_c__visibility_control.h
[1.311s] -- Up-to-date: /home/nyann/svan/svan_sw2/src/install/svan_msgs/include/svan_msgs/svan_msgs/msg/detail
[1.311s] -- Up-to-date: /home/nyann/svan/svan_sw2/src/install/svan_msgs/include/svan_msgs/svan_msgs/msg/detail/trajectory__type_support.c
[1.311s] -- Up-to-date: /home/nyann/svan/svan_sw2/src/install/svan_msgs/include/svan_msgs/svan_msgs/msg/detail/joint_state__rosidl_typesupport_introspection_c.h
[1.311s] -- Up-to-date: /home/nyann/svan/svan_sw2/src/install/svan_msgs/include/svan_msgs/svan_msgs/msg/detail/joint_state__type_support.c
[1.312s] -- Up-to-date: /home/nyann/svan/svan_sw2/src/install/svan_msgs/include/svan_msgs/svan_msgs/msg/detail/trajectory__rosidl_typesupport_introspection_c.h
[1.312s] -- Up-to-date: /home/nyann/svan/svan_sw2/src/install/svan_msgs/include/svan_msgs/svan_msgs/msg/detail/motor_gain_multiplier__rosidl_typesupport_introspection_c.h
[1.312s] -- Up-to-date: /home/nyann/svan/svan_sw2/src/install/svan_msgs/include/svan_msgs/svan_msgs/msg/detail/position__type_support.c
[1.312s] -- Up-to-date: /home/nyann/svan/svan_sw2/src/install/svan_msgs/include/svan_msgs/svan_msgs/msg/detail/twist__rosidl_typesupport_introspection_c.h
[1.312s] -- Up-to-date: /home/nyann/svan/svan_sw2/src/install/svan_msgs/include/svan_msgs/svan_msgs/msg/detail/euler_xyz__type_support.c
[1.312s] -- Up-to-date: /home/nyann/svan/svan_sw2/src/install/svan_msgs/include/svan_msgs/svan_msgs/msg/detail/twist__type_support.c
[1.312s] -- Up-to-date: /home/nyann/svan/svan_sw2/src/install/svan_msgs/include/svan_msgs/svan_msgs/msg/detail/pose_euler__rosidl_typesupport_introspection_c.h
[1.312s] -- Up-to-date: /home/nyann/svan/svan_sw2/src/install/svan_msgs/include/svan_msgs/svan_msgs/msg/detail/motor_gain_multiplier__type_support.c
[1.312s] -- Up-to-date: /home/nyann/svan/svan_sw2/src/install/svan_msgs/include/svan_msgs/svan_msgs/msg/detail/imu_data__rosidl_typesupport_introspection_c.h
[1.312s] -- Up-to-date: /home/nyann/svan/svan_sw2/src/install/svan_msgs/include/svan_msgs/svan_msgs/msg/detail/imu_data__type_support.c
[1.313s] -- Up-to-date: /home/nyann/svan/svan_sw2/src/install/svan_msgs/include/svan_msgs/svan_msgs/msg/detail/euler_xyz__rosidl_typesupport_introspection_c.h
[1.313s] -- Up-to-date: /home/nyann/svan/svan_sw2/src/install/svan_msgs/include/svan_msgs/svan_msgs/msg/detail/pose_euler__type_support.c
[1.313s] -- Up-to-date: /home/nyann/svan/svan_sw2/src/install/svan_msgs/include/svan_msgs/svan_msgs/msg/detail/position__rosidl_typesupport_introspection_c.h
[1.313s] -- Up-to-date: /home/nyann/svan/svan_sw2/src/install/svan_msgs/lib/libsvan_msgs__rosidl_typesupport_introspection_c.so
[1.313s] -- Up-to-date: /home/nyann/svan/svan_sw2/src/install/svan_msgs/lib/libsvan_msgs__rosidl_typesupport_c.so
[1.313s] -- Up-to-date: /home/nyann/svan/svan_sw2/src/install/svan_msgs/include/svan_msgs/svan_msgs
[1.313s] -- Up-to-date: /home/nyann/svan/svan_sw2/src/install/svan_msgs/include/svan_msgs/svan_msgs/msg
[1.313s] -- Up-to-date: /home/nyann/svan/svan_sw2/src/install/svan_msgs/include/svan_msgs/svan_msgs/msg/motor_gain_multiplier.hpp
[1.313s] -- Up-to-date: /home/nyann/svan/svan_sw2/src/install/svan_msgs/include/svan_msgs/svan_msgs/msg/position.hpp
[1.313s] -- Up-to-date: /home/nyann/svan/svan_sw2/src/install/svan_msgs/include/svan_msgs/svan_msgs/msg/joint_state.hpp
[1.313s] -- Up-to-date: /home/nyann/svan/svan_sw2/src/install/svan_msgs/include/svan_msgs/svan_msgs/msg/imu_data.hpp
[1.314s] -- Up-to-date: /home/nyann/svan/svan_sw2/src/install/svan_msgs/include/svan_msgs/svan_msgs/msg/trajectory.hpp
[1.314s] -- Up-to-date: /home/nyann/svan/svan_sw2/src/install/svan_msgs/include/svan_msgs/svan_msgs/msg/twist.hpp
[1.314s] -- Up-to-date: /home/nyann/svan/svan_sw2/src/install/svan_msgs/include/svan_msgs/svan_msgs/msg/detail
[1.314s] -- Up-to-date: /home/nyann/svan/svan_sw2/src/install/svan_msgs/include/svan_msgs/svan_msgs/msg/detail/imu_data__struct.hpp
[1.314s] -- Up-to-date: /home/nyann/svan/svan_sw2/src/install/svan_msgs/include/svan_msgs/svan_msgs/msg/detail/motor_gain_multiplier__builder.hpp
[1.314s] -- Up-to-date: /home/nyann/svan/svan_sw2/src/install/svan_msgs/include/svan_msgs/svan_msgs/msg/detail/motor_gain_multiplier__traits.hpp
[1.314s] -- Up-to-date: /home/nyann/svan/svan_sw2/src/install/svan_msgs/include/svan_msgs/svan_msgs/msg/detail/pose_euler__traits.hpp
[1.314s] -- Up-to-date: /home/nyann/svan/svan_sw2/src/install/svan_msgs/include/svan_msgs/svan_msgs/msg/detail/position__struct.hpp
[1.314s] -- Up-to-date: /home/nyann/svan/svan_sw2/src/install/svan_msgs/include/svan_msgs/svan_msgs/msg/detail/twist__builder.hpp
[1.314s] -- Up-to-date: /home/nyann/svan/svan_sw2/src/install/svan_msgs/include/svan_msgs/svan_msgs/msg/detail/trajectory__struct.hpp
[1.314s] -- Up-to-date: /home/nyann/svan/svan_sw2/src/install/svan_msgs/include/svan_msgs/svan_msgs/msg/detail/joint_state__builder.hpp
[1.315s] -- Up-to-date: /home/nyann/svan/svan_sw2/src/install/svan_msgs/include/svan_msgs/svan_msgs/msg/detail/position__builder.hpp
[1.315s] -- Up-to-date: /home/nyann/svan/svan_sw2/src/install/svan_msgs/include/svan_msgs/svan_msgs/msg/detail/twist__traits.hpp
[1.315s] -- Up-to-date: /home/nyann/svan/svan_sw2/src/install/svan_msgs/include/svan_msgs/svan_msgs/msg/detail/euler_xyz__struct.hpp
[1.315s] -- Up-to-date: /home/nyann/svan/svan_sw2/src/install/svan_msgs/include/svan_msgs/svan_msgs/msg/detail/trajectory__traits.hpp
[1.315s] -- Up-to-date: /home/nyann/svan/svan_sw2/src/install/svan_msgs/include/svan_msgs/svan_msgs/msg/detail/trajectory__builder.hpp
[1.315s] -- Up-to-date: /home/nyann/svan/svan_sw2/src/install/svan_msgs/include/svan_msgs/svan_msgs/msg/detail/imu_data__traits.hpp
[1.315s] -- Up-to-date: /home/nyann/svan/svan_sw2/src/install/svan_msgs/include/svan_msgs/svan_msgs/msg/detail/euler_xyz__builder.hpp
[1.315s] -- Up-to-date: /home/nyann/svan/svan_sw2/src/install/svan_msgs/include/svan_msgs/svan_msgs/msg/detail/pose_euler__builder.hpp
[1.315s] -- Up-to-date: /home/nyann/svan/svan_sw2/src/install/svan_msgs/include/svan_msgs/svan_msgs/msg/detail/joint_state__struct.hpp
[1.316s] -- Up-to-date: /home/nyann/svan/svan_sw2/src/install/svan_msgs/include/svan_msgs/svan_msgs/msg/detail/euler_xyz__traits.hpp
[1.316s] -- Up-to-date: /home/nyann/svan/svan_sw2/src/install/svan_msgs/include/svan_msgs/svan_msgs/msg/detail/joint_state__traits.hpp
[1.316s] -- Up-to-date: /home/nyann/svan/svan_sw2/src/install/svan_msgs/include/svan_msgs/svan_msgs/msg/detail/pose_euler__struct.hpp
[1.316s] -- Up-to-date: /home/nyann/svan/svan_sw2/src/install/svan_msgs/include/svan_msgs/svan_msgs/msg/detail/imu_data__builder.hpp
[1.316s] -- Up-to-date: /home/nyann/svan/svan_sw2/src/install/svan_msgs/include/svan_msgs/svan_msgs/msg/detail/motor_gain_multiplier__struct.hpp
[1.316s] -- Up-to-date: /home/nyann/svan/svan_sw2/src/install/svan_msgs/include/svan_msgs/svan_msgs/msg/detail/position__traits.hpp
[1.316s] -- Up-to-date: /home/nyann/svan/svan_sw2/src/install/svan_msgs/include/svan_msgs/svan_msgs/msg/detail/twist__struct.hpp
[1.316s] -- Up-to-date: /home/nyann/svan/svan_sw2/src/install/svan_msgs/include/svan_msgs/svan_msgs/msg/euler_xyz.hpp
[1.316s] -- Up-to-date: /home/nyann/svan/svan_sw2/src/install/svan_msgs/include/svan_msgs/svan_msgs/msg/pose_euler.hpp
[1.316s] -- Up-to-date: /home/nyann/svan/svan_sw2/src/install/svan_msgs/include/svan_msgs/svan_msgs
[1.316s] -- Up-to-date: /home/nyann/svan/svan_sw2/src/install/svan_msgs/include/svan_msgs/svan_msgs/msg
[1.316s] -- Up-to-date: /home/nyann/svan/svan_sw2/src/install/svan_msgs/include/svan_msgs/svan_msgs/msg/rosidl_typesupport_fastrtps_cpp__visibility_control.h
[1.317s] -- Up-to-date: /home/nyann/svan/svan_sw2/src/install/svan_msgs/include/svan_msgs/svan_msgs/msg/detail
[1.317s] -- Up-to-date: /home/nyann/svan/svan_sw2/src/install/svan_msgs/include/svan_msgs/svan_msgs/msg/detail/joint_state__rosidl_typesupport_fastrtps_cpp.hpp
[1.317s] -- Up-to-date: /home/nyann/svan/svan_sw2/src/install/svan_msgs/include/svan_msgs/svan_msgs/msg/detail/twist__rosidl_typesupport_fastrtps_cpp.hpp
[1.317s] -- Up-to-date: /home/nyann/svan/svan_sw2/src/install/svan_msgs/include/svan_msgs/svan_msgs/msg/detail/trajectory__rosidl_typesupport_fastrtps_cpp.hpp
[1.317s] -- Up-to-date: /home/nyann/svan/svan_sw2/src/install/svan_msgs/include/svan_msgs/svan_msgs/msg/detail/position__rosidl_typesupport_fastrtps_cpp.hpp
[1.317s] -- Up-to-date: /home/nyann/svan/svan_sw2/src/install/svan_msgs/include/svan_msgs/svan_msgs/msg/detail/pose_euler__rosidl_typesupport_fastrtps_cpp.hpp
[1.317s] -- Up-to-date: /home/nyann/svan/svan_sw2/src/install/svan_msgs/include/svan_msgs/svan_msgs/msg/detail/dds_fastrtps
[1.317s] -- Up-to-date: /home/nyann/svan/svan_sw2/src/install/svan_msgs/include/svan_msgs/svan_msgs/msg/detail/motor_gain_multiplier__rosidl_typesupport_fastrtps_cpp.hpp
[1.317s] -- Up-to-date: /home/nyann/svan/svan_sw2/src/install/svan_msgs/include/svan_msgs/svan_msgs/msg/detail/euler_xyz__rosidl_typesupport_fastrtps_cpp.hpp
[1.317s] -- Up-to-date: /home/nyann/svan/svan_sw2/src/install/svan_msgs/include/svan_msgs/svan_msgs/msg/detail/imu_data__rosidl_typesupport_fastrtps_cpp.hpp
[1.317s] -- Up-to-date: /home/nyann/svan/svan_sw2/src/install/svan_msgs/lib/libsvan_msgs__rosidl_typesupport_fastrtps_cpp.so
[1.317s] -- Up-to-date: /home/nyann/svan/svan_sw2/src/install/svan_msgs/include/svan_msgs/svan_msgs
[1.317s] -- Up-to-date: /home/nyann/svan/svan_sw2/src/install/svan_msgs/include/svan_msgs/svan_msgs/msg
[1.317s] -- Up-to-date: /home/nyann/svan/svan_sw2/src/install/svan_msgs/include/svan_msgs/svan_msgs/msg/detail
[1.317s] -- Up-to-date: /home/nyann/svan/svan_sw2/src/install/svan_msgs/include/svan_msgs/svan_msgs/msg/detail/pose_euler__type_support.cpp
[1.317s] -- Up-to-date: /home/nyann/svan/svan_sw2/src/install/svan_msgs/include/svan_msgs/svan_msgs/msg/detail/trajectory__type_support.cpp
[1.317s] -- Up-to-date: /home/nyann/svan/svan_sw2/src/install/svan_msgs/include/svan_msgs/svan_msgs/msg/detail/euler_xyz__type_support.cpp
[1.318s] -- Up-to-date: /home/nyann/svan/svan_sw2/src/install/svan_msgs/include/svan_msgs/svan_msgs/msg/detail/twist__rosidl_typesupport_introspection_cpp.hpp
[1.318s] -- Up-to-date: /home/nyann/svan/svan_sw2/src/install/svan_msgs/include/svan_msgs/svan_msgs/msg/detail/motor_gain_multiplier__type_support.cpp
[1.318s] -- Up-to-date: /home/nyann/svan/svan_sw2/src/install/svan_msgs/include/svan_msgs/svan_msgs/msg/detail/twist__type_support.cpp
[1.318s] -- Up-to-date: /home/nyann/svan/svan_sw2/src/install/svan_msgs/include/svan_msgs/svan_msgs/msg/detail/position__type_support.cpp
[1.318s] -- Up-to-date: /home/nyann/svan/svan_sw2/src/install/svan_msgs/include/svan_msgs/svan_msgs/msg/detail/imu_data__rosidl_typesupport_introspection_cpp.hpp
[1.318s] -- Up-to-date: /home/nyann/svan/svan_sw2/src/install/svan_msgs/include/svan_msgs/svan_msgs/msg/detail/joint_state__rosidl_typesupport_introspection_cpp.hpp
[1.318s] -- Up-to-date: /home/nyann/svan/svan_sw2/src/install/svan_msgs/include/svan_msgs/svan_msgs/msg/detail/imu_data__type_support.cpp
[1.318s] -- Up-to-date: /home/nyann/svan/svan_sw2/src/install/svan_msgs/include/svan_msgs/svan_msgs/msg/detail/trajectory__rosidl_typesupport_introspection_cpp.hpp
[1.318s] -- Up-to-date: /home/nyann/svan/svan_sw2/src/install/svan_msgs/include/svan_msgs/svan_msgs/msg/detail/euler_xyz__rosidl_typesupport_introspection_cpp.hpp
[1.318s] -- Up-to-date: /home/nyann/svan/svan_sw2/src/install/svan_msgs/include/svan_msgs/svan_msgs/msg/detail/motor_gain_multiplier__rosidl_typesupport_introspection_cpp.hpp
[1.318s] -- Up-to-date: /home/nyann/svan/svan_sw2/src/install/svan_msgs/include/svan_msgs/svan_msgs/msg/detail/joint_state__type_support.cpp
[1.319s] -- Up-to-date: /home/nyann/svan/svan_sw2/src/install/svan_msgs/include/svan_msgs/svan_msgs/msg/detail/position__rosidl_typesupport_introspection_cpp.hpp
[1.319s] -- Up-to-date: /home/nyann/svan/svan_sw2/src/install/svan_msgs/include/svan_msgs/svan_msgs/msg/detail/pose_euler__rosidl_typesupport_introspection_cpp.hpp
[1.319s] -- Up-to-date: /home/nyann/svan/svan_sw2/src/install/svan_msgs/lib/libsvan_msgs__rosidl_typesupport_introspection_cpp.so
[1.319s] -- Up-to-date: /home/nyann/svan/svan_sw2/src/install/svan_msgs/lib/libsvan_msgs__rosidl_typesupport_cpp.so
[1.319s] -- Up-to-date: /home/nyann/svan/svan_sw2/src/install/svan_msgs/share/svan_msgs/environment/pythonpath.sh
[1.319s] -- Up-to-date: /home/nyann/svan/svan_sw2/src/install/svan_msgs/share/svan_msgs/environment/pythonpath.dsv
[1.319s] -- Up-to-date: /home/nyann/svan/svan_sw2/src/install/svan_msgs/local/lib/python3.10/dist-packages/svan_msgs-0.0.0-py3.10.egg-info
[1.319s] -- Installing: /home/nyann/svan/svan_sw2/src/install/svan_msgs/local/lib/python3.10/dist-packages/svan_msgs-0.0.0-py3.10.egg-info/PKG-INFO
[1.319s] -- Installing: /home/nyann/svan/svan_sw2/src/install/svan_msgs/local/lib/python3.10/dist-packages/svan_msgs-0.0.0-py3.10.egg-info/dependency_links.txt
[1.319s] -- Installing: /home/nyann/svan/svan_sw2/src/install/svan_msgs/local/lib/python3.10/dist-packages/svan_msgs-0.0.0-py3.10.egg-info/top_level.txt
[1.319s] -- Installing: /home/nyann/svan/svan_sw2/src/install/svan_msgs/local/lib/python3.10/dist-packages/svan_msgs-0.0.0-py3.10.egg-info/SOURCES.txt
[1.319s] -- Up-to-date: /home/nyann/svan/svan_sw2/src/install/svan_msgs/local/lib/python3.10/dist-packages/svan_msgs
[1.320s] -- Up-to-date: /home/nyann/svan/svan_sw2/src/install/svan_msgs/local/lib/python3.10/dist-packages/svan_msgs/__init__.py
[1.320s] -- Up-to-date: /home/nyann/svan/svan_sw2/src/install/svan_msgs/local/lib/python3.10/dist-packages/svan_msgs/svan_msgs_s__rosidl_typesupport_c.cpython-310-x86_64-linux-gnu.so
[1.320s] -- Up-to-date: /home/nyann/svan/svan_sw2/src/install/svan_msgs/local/lib/python3.10/dist-packages/svan_msgs/_svan_msgs_s.ep.rosidl_typesupport_fastrtps_c.c
[1.320s] -- Up-to-date: /home/nyann/svan/svan_sw2/src/install/svan_msgs/local/lib/python3.10/dist-packages/svan_msgs/msg
[1.320s] -- Up-to-date: /home/nyann/svan/svan_sw2/src/install/svan_msgs/local/lib/python3.10/dist-packages/svan_msgs/msg/_imu_data.py
[1.320s] -- Up-to-date: /home/nyann/svan/svan_sw2/src/install/svan_msgs/local/lib/python3.10/dist-packages/svan_msgs/msg/_motor_gain_multiplier.py
[1.320s] -- Up-to-date: /home/nyann/svan/svan_sw2/src/install/svan_msgs/local/lib/python3.10/dist-packages/svan_msgs/msg/__init__.py
[1.320s] -- Up-to-date: /home/nyann/svan/svan_sw2/src/install/svan_msgs/local/lib/python3.10/dist-packages/svan_msgs/msg/_imu_data_s.c
[1.320s] -- Up-to-date: /home/nyann/svan/svan_sw2/src/install/svan_msgs/local/lib/python3.10/dist-packages/svan_msgs/msg/_trajectory.py
[1.320s] -- Up-to-date: /home/nyann/svan/svan_sw2/src/install/svan_msgs/local/lib/python3.10/dist-packages/svan_msgs/msg/_position_s.c
[1.320s] -- Up-to-date: /home/nyann/svan/svan_sw2/src/install/svan_msgs/local/lib/python3.10/dist-packages/svan_msgs/msg/_twist.py
[1.320s] -- Up-to-date: /home/nyann/svan/svan_sw2/src/install/svan_msgs/local/lib/python3.10/dist-packages/svan_msgs/msg/_euler_xyz.py
[1.321s] -- Up-to-date: /home/nyann/svan/svan_sw2/src/install/svan_msgs/local/lib/python3.10/dist-packages/svan_msgs/msg/_trajectory_s.c
[1.321s] -- Up-to-date: /home/nyann/svan/svan_sw2/src/install/svan_msgs/local/lib/python3.10/dist-packages/svan_msgs/msg/_motor_gain_multiplier_s.c
[1.321s] -- Up-to-date: /home/nyann/svan/svan_sw2/src/install/svan_msgs/local/lib/python3.10/dist-packages/svan_msgs/msg/_twist_s.c
[1.321s] -- Up-to-date: /home/nyann/svan/svan_sw2/src/install/svan_msgs/local/lib/python3.10/dist-packages/svan_msgs/msg/_joint_state_s.c
[1.321s] -- Up-to-date: /home/nyann/svan/svan_sw2/src/install/svan_msgs/local/lib/python3.10/dist-packages/svan_msgs/msg/_position.py
[1.321s] -- Up-to-date: /home/nyann/svan/svan_sw2/src/install/svan_msgs/local/lib/python3.10/dist-packages/svan_msgs/msg/_pose_euler_s.c
[1.321s] -- Up-to-date: /home/nyann/svan/svan_sw2/src/install/svan_msgs/local/lib/python3.10/dist-packages/svan_msgs/msg/_euler_xyz_s.c
[1.321s] -- Up-to-date: /home/nyann/svan/svan_sw2/src/install/svan_msgs/local/lib/python3.10/dist-packages/svan_msgs/msg/_joint_state.py
[1.321s] -- Up-to-date: /home/nyann/svan/svan_sw2/src/install/svan_msgs/local/lib/python3.10/dist-packages/svan_msgs/msg/_pose_euler.py
[1.321s] -- Up-to-date: /home/nyann/svan/svan_sw2/src/install/svan_msgs/local/lib/python3.10/dist-packages/svan_msgs/svan_msgs_s__rosidl_typesupport_introspection_c.cpython-310-x86_64-linux-gnu.so
[1.321s] -- Up-to-date: /home/nyann/svan/svan_sw2/src/install/svan_msgs/local/lib/python3.10/dist-packages/svan_msgs/_svan_msgs_s.ep.rosidl_typesupport_c.c
[1.321s] -- Up-to-date: /home/nyann/svan/svan_sw2/src/install/svan_msgs/local/lib/python3.10/dist-packages/svan_msgs/svan_msgs_s__rosidl_typesupport_fastrtps_c.cpython-310-x86_64-linux-gnu.so
[1.321s] -- Up-to-date: /home/nyann/svan/svan_sw2/src/install/svan_msgs/local/lib/python3.10/dist-packages/svan_msgs/_svan_msgs_s.ep.rosidl_typesupport_introspection_c.c
[1.322s] -- Up-to-date: /home/nyann/svan/svan_sw2/src/install/svan_msgs/local/lib/python3.10/dist-packages/svan_msgs/libsvan_msgs__rosidl_generator_py.so
[1.358s] Listing '/home/nyann/svan/svan_sw2/src/install/svan_msgs/local/lib/python3.10/dist-packages/svan_msgs'...
[1.358s] Listing '/home/nyann/svan/svan_sw2/src/install/svan_msgs/local/lib/python3.10/dist-packages/svan_msgs/msg'...
[1.362s] -- Up-to-date: /home/nyann/svan/svan_sw2/src/install/svan_msgs/local/lib/python3.10/dist-packages/svan_msgs/svan_msgs_s__rosidl_typesupport_fastrtps_c.cpython-310-x86_64-linux-gnu.so
[1.362s] -- Up-to-date: /home/nyann/svan/svan_sw2/src/install/svan_msgs/local/lib/python3.10/dist-packages/svan_msgs/svan_msgs_s__rosidl_typesupport_introspection_c.cpython-310-x86_64-linux-gnu.so
[1.363s] -- Up-to-date: /home/nyann/svan/svan_sw2/src/install/svan_msgs/local/lib/python3.10/dist-packages/svan_msgs/svan_msgs_s__rosidl_typesupport_c.cpython-310-x86_64-linux-gnu.so
[1.363s] -- Up-to-date: /home/nyann/svan/svan_sw2/src/install/svan_msgs/lib/libsvan_msgs__rosidl_generator_py.so
[1.363s] -- Up-to-date: /home/nyann/svan/svan_sw2/src/install/svan_msgs/share/svan_msgs/msg/EulerXYZ.idl
[1.364s] -- Up-to-date: /home/nyann/svan/svan_sw2/src/install/svan_msgs/share/svan_msgs/msg/ImuData.idl
[1.364s] -- Up-to-date: /home/nyann/svan/svan_sw2/src/install/svan_msgs/share/svan_msgs/msg/JointState.idl
[1.364s] -- Up-to-date: /home/nyann/svan/svan_sw2/src/install/svan_msgs/share/svan_msgs/msg/MotorGainMultiplier.idl
[1.364s] -- Up-to-date: /home/nyann/svan/svan_sw2/src/install/svan_msgs/share/svan_msgs/msg/PoseEuler.idl
[1.364s] -- Up-to-date: /home/nyann/svan/svan_sw2/src/install/svan_msgs/share/svan_msgs/msg/Position.idl
[1.364s] -- Up-to-date: /home/nyann/svan/svan_sw2/src/install/svan_msgs/share/svan_msgs/msg/Trajectory.idl
[1.364s] -- Up-to-date: /home/nyann/svan/svan_sw2/src/install/svan_msgs/share/svan_msgs/msg/Twist.idl
[1.364s] -- Up-to-date: /home/nyann/svan/svan_sw2/src/install/svan_msgs/share/svan_msgs/msg/EulerXYZ.msg
[1.364s] -- Up-to-date: /home/nyann/svan/svan_sw2/src/install/svan_msgs/share/svan_msgs/msg/ImuData.msg
[1.365s] -- Up-to-date: /home/nyann/svan/svan_sw2/src/install/svan_msgs/share/svan_msgs/msg/JointState.msg
[1.365s] -- Up-to-date: /home/nyann/svan/svan_sw2/src/install/svan_msgs/share/svan_msgs/msg/MotorGainMultiplier.msg
[1.365s] -- Up-to-date: /home/nyann/svan/svan_sw2/src/install/svan_msgs/share/svan_msgs/msg/PoseEuler.msg
[1.365s] -- Up-to-date: /home/nyann/svan/svan_sw2/src/install/svan_msgs/share/svan_msgs/msg/Position.msg
[1.365s] -- Up-to-date: /home/nyann/svan/svan_sw2/src/install/svan_msgs/share/svan_msgs/msg/Trajectory.msg
[1.365s] -- Up-to-date: /home/nyann/svan/svan_sw2/src/install/svan_msgs/share/svan_msgs/msg/Twist.msg
[1.365s] -- Up-to-date: /home/nyann/svan/svan_sw2/src/install/svan_msgs/share/ament_index/resource_index/package_run_dependencies/svan_msgs
[1.365s] -- Up-to-date: /home/nyann/svan/svan_sw2/src/install/svan_msgs/share/ament_index/resource_index/parent_prefix_path/svan_msgs
[1.365s] -- Up-to-date: /home/nyann/svan/svan_sw2/src/install/svan_msgs/share/svan_msgs/environment/ament_prefix_path.sh
[1.365s] -- Up-to-date: /home/nyann/svan/svan_sw2/src/install/svan_msgs/share/svan_msgs/environment/ament_prefix_path.dsv
[1.365s] -- Up-to-date: /home/nyann/svan/svan_sw2/src/install/svan_msgs/share/svan_msgs/environment/path.sh
[1.365s] -- Up-to-date: /home/nyann/svan/svan_sw2/src/install/svan_msgs/share/svan_msgs/environment/path.dsv
[1.366s] -- Up-to-date: /home/nyann/svan/svan_sw2/src/install/svan_msgs/share/svan_msgs/local_setup.bash
[1.366s] -- Up-to-date: /home/nyann/svan/svan_sw2/src/install/svan_msgs/share/svan_msgs/local_setup.sh
[1.366s] -- Up-to-date: /home/nyann/svan/svan_sw2/src/install/svan_msgs/share/svan_msgs/local_setup.zsh
[1.366s] -- Up-to-date: /home/nyann/svan/svan_sw2/src/install/svan_msgs/share/svan_msgs/local_setup.dsv
[1.366s] -- Installing: /home/nyann/svan/svan_sw2/src/install/svan_msgs/share/svan_msgs/package.dsv
[1.366s] -- Up-to-date: /home/nyann/svan/svan_sw2/src/install/svan_msgs/share/ament_index/resource_index/packages/svan_msgs
[1.366s] -- Up-to-date: /home/nyann/svan/svan_sw2/src/install/svan_msgs/share/svan_msgs/cmake/export_svan_msgs__rosidl_generator_cExport.cmake
[1.366s] -- Up-to-date: /home/nyann/svan/svan_sw2/src/install/svan_msgs/share/svan_msgs/cmake/export_svan_msgs__rosidl_generator_cExport-noconfig.cmake
[1.366s] -- Up-to-date: /home/nyann/svan/svan_sw2/src/install/svan_msgs/share/svan_msgs/cmake/export_svan_msgs__rosidl_typesupport_fastrtps_cExport.cmake
[1.366s] -- Up-to-date: /home/nyann/svan/svan_sw2/src/install/svan_msgs/share/svan_msgs/cmake/export_svan_msgs__rosidl_typesupport_fastrtps_cExport-noconfig.cmake
[1.366s] -- Up-to-date: /home/nyann/svan/svan_sw2/src/install/svan_msgs/share/svan_msgs/cmake/svan_msgs__rosidl_typesupport_introspection_cExport.cmake
[1.366s] -- Up-to-date: /home/nyann/svan/svan_sw2/src/install/svan_msgs/share/svan_msgs/cmake/svan_msgs__rosidl_typesupport_introspection_cExport-noconfig.cmake
[1.367s] -- Up-to-date: /home/nyann/svan/svan_sw2/src/install/svan_msgs/share/svan_msgs/cmake/svan_msgs__rosidl_typesupport_cExport.cmake
[1.367s] -- Up-to-date: /home/nyann/svan/svan_sw2/src/install/svan_msgs/share/svan_msgs/cmake/svan_msgs__rosidl_typesupport_cExport-noconfig.cmake
[1.367s] -- Up-to-date: /home/nyann/svan/svan_sw2/src/install/svan_msgs/share/svan_msgs/cmake/export_svan_msgs__rosidl_generator_cppExport.cmake
[1.367s] -- Up-to-date: /home/nyann/svan/svan_sw2/src/install/svan_msgs/share/svan_msgs/cmake/export_svan_msgs__rosidl_typesupport_fastrtps_cppExport.cmake
[1.367s] -- Up-to-date: /home/nyann/svan/svan_sw2/src/install/svan_msgs/share/svan_msgs/cmake/export_svan_msgs__rosidl_typesupport_fastrtps_cppExport-noconfig.cmake
[1.368s] -- Up-to-date: /home/nyann/svan/svan_sw2/src/install/svan_msgs/share/svan_msgs/cmake/svan_msgs__rosidl_typesupport_introspection_cppExport.cmake
[1.368s] -- Up-to-date: /home/nyann/svan/svan_sw2/src/install/svan_msgs/share/svan_msgs/cmake/svan_msgs__rosidl_typesupport_introspection_cppExport-noconfig.cmake
[1.368s] -- Up-to-date: /home/nyann/svan/svan_sw2/src/install/svan_msgs/share/svan_msgs/cmake/svan_msgs__rosidl_typesupport_cppExport.cmake
[1.368s] -- Up-to-date: /home/nyann/svan/svan_sw2/src/install/svan_msgs/share/svan_msgs/cmake/svan_msgs__rosidl_typesupport_cppExport-noconfig.cmake
[1.368s] -- Up-to-date: /home/nyann/svan/svan_sw2/src/install/svan_msgs/share/svan_msgs/cmake/export_svan_msgs__rosidl_generator_pyExport.cmake
[1.369s] -- Up-to-date: /home/nyann/svan/svan_sw2/src/install/svan_msgs/share/svan_msgs/cmake/export_svan_msgs__rosidl_generator_pyExport-noconfig.cmake
[1.369s] -- Up-to-date: /home/nyann/svan/svan_sw2/src/install/svan_msgs/share/svan_msgs/cmake/rosidl_cmake-extras.cmake
[1.369s] -- Up-to-date: /home/nyann/svan/svan_sw2/src/install/svan_msgs/share/svan_msgs/cmake/ament_cmake_export_include_directories-extras.cmake
[1.369s] -- Up-to-date: /home/nyann/svan/svan_sw2/src/install/svan_msgs/share/svan_msgs/cmake/ament_cmake_export_libraries-extras.cmake
[1.369s] -- Up-to-date: /home/nyann/svan/svan_sw2/src/install/svan_msgs/share/svan_msgs/cmake/ament_cmake_export_targets-extras.cmake
[1.369s] -- Up-to-date: /home/nyann/svan/svan_sw2/src/install/svan_msgs/share/svan_msgs/cmake/rosidl_cmake_export_typesupport_targets-extras.cmake
[1.369s] -- Up-to-date: /home/nyann/svan/svan_sw2/src/install/svan_msgs/share/svan_msgs/cmake/ament_cmake_export_dependencies-extras.cmake
[1.369s] -- Up-to-date: /home/nyann/svan/svan_sw2/src/install/svan_msgs/share/svan_msgs/cmake/rosidl_cmake_export_typesupport_libraries-extras.cmake
[1.369s] -- Up-to-date: /home/nyann/svan/svan_sw2/src/install/svan_msgs/share/svan_msgs/cmake/svan_msgsConfig.cmake
[1.369s] -- Up-to-date: /home/nyann/svan/svan_sw2/src/install/svan_msgs/share/svan_msgs/cmake/svan_msgsConfig-version.cmake
[1.369s] -- Up-to-date: /home/nyann/svan/svan_sw2/src/install/svan_msgs/share/svan_msgs/package.xml
[1.372s] Invoked command in '/home/nyann/svan/svan_sw2/src/build/svan_msgs' returned '0': CMAKE_PREFIX_PATH=${CMAKE_PREFIX_PATH}:/home/nyann/ros2_ws/src/install/rqt_joint_trajectory_controller:/home/nyann/ros2_ws/src/install/rqt_controller_manager:/home/nyann/ros2_ws/src/install/ros2controlcli:/home/nyann/ros2_ws/src/install/ros2_controllers_test_nodes:/home/nyann/ros2_ws/src/install/my_robot_controller:/opt/ros/humble /usr/bin/cmake --install /home/nyann/svan/svan_sw2/src/build/svan_msgs
