[0.050s] Invoking command in '/home/nyann/svan/svan_sw2/src/build/svan_gazebo': CMAKE_PREFIX_PATH=${CMAKE_PREFIX_PATH}:/home/nyann/ros2_ws/src/install/rqt_joint_trajectory_controller:/home/nyann/ros2_ws/src/install/rqt_controller_manager:/home/nyann/ros2_ws/src/install/ros2controlcli:/home/nyann/ros2_ws/src/install/ros2_controllers_test_nodes:/home/nyann/ros2_ws/src/install/my_robot_controller:/opt/ros/humble /usr/bin/cmake --build /home/nyann/svan/svan_sw2/src/build/svan_gazebo -- -j16 -l16
[0.166s] Invoked command in '/home/nyann/svan/svan_sw2/src/build/svan_gazebo' returned '0': CMAKE_PREFIX_PATH=${CMAKE_PREFIX_PATH}:/home/nyann/ros2_ws/src/install/rqt_joint_trajectory_controller:/home/nyann/ros2_ws/src/install/rqt_controller_manager:/home/nyann/ros2_ws/src/install/ros2controlcli:/home/nyann/ros2_ws/src/install/ros2_controllers_test_nodes:/home/nyann/ros2_ws/src/install/my_robot_controller:/opt/ros/humble /usr/bin/cmake --build /home/nyann/svan/svan_sw2/src/build/svan_gazebo -- -j16 -l16
[0.248s] Invoking command in '/home/nyann/svan/svan_sw2/src/build/svan_gazebo': CMAKE_PREFIX_PATH=${CMAKE_PREFIX_PATH}:/home/nyann/ros2_ws/src/install/rqt_joint_trajectory_controller:/home/nyann/ros2_ws/src/install/rqt_controller_manager:/home/nyann/ros2_ws/src/install/ros2controlcli:/home/nyann/ros2_ws/src/install/ros2_controllers_test_nodes:/home/nyann/ros2_ws/src/install/my_robot_controller:/opt/ros/humble /usr/bin/cmake --install /home/nyann/svan/svan_sw2/src/build/svan_gazebo
[0.263s] -- Install configuration: ""
[0.263s] -- Up-to-date: /home/nyann/svan/svan_sw2/src/install/svan_gazebo/share/ament_index/resource_index/package_run_dependencies/svan_gazebo
[0.263s] -- Up-to-date: /home/nyann/svan/svan_sw2/src/install/svan_gazebo/share/ament_index/resource_index/parent_prefix_path/svan_gazebo
[0.264s] -- Up-to-date: /home/nyann/svan/svan_sw2/src/install/svan_gazebo/share/svan_gazebo/environment/ament_prefix_path.sh
[0.265s] -- Up-to-date: /home/nyann/svan/svan_sw2/src/install/svan_gazebo/share/svan_gazebo/environment/ament_prefix_path.dsv
[0.265s] -- Up-to-date: /home/nyann/svan/svan_sw2/src/install/svan_gazebo/share/svan_gazebo/environment/path.sh
[0.265s] -- Up-to-date: /home/nyann/svan/svan_sw2/src/install/svan_gazebo/share/svan_gazebo/environment/path.dsv
[0.265s] -- Up-to-date: /home/nyann/svan/svan_sw2/src/install/svan_gazebo/share/svan_gazebo/local_setup.bash
[0.265s] -- Up-to-date: /home/nyann/svan/svan_sw2/src/install/svan_gazebo/share/svan_gazebo/local_setup.sh
[0.265s] -- Up-to-date: /home/nyann/svan/svan_sw2/src/install/svan_gazebo/share/svan_gazebo/local_setup.zsh
[0.266s] -- Up-to-date: /home/nyann/svan/svan_sw2/src/install/svan_gazebo/share/svan_gazebo/local_setup.dsv
[0.266s] -- Installing: /home/nyann/svan/svan_sw2/src/install/svan_gazebo/share/svan_gazebo/package.dsv
[0.266s] -- Up-to-date: /home/nyann/svan/svan_sw2/src/install/svan_gazebo/share/ament_index/resource_index/packages/svan_gazebo
[0.266s] -- Up-to-date: /home/nyann/svan/svan_sw2/src/install/svan_gazebo/share/svan_gazebo/cmake/svan_gazeboConfig.cmake
[0.271s] -- Up-to-date: /home/nyann/svan/svan_sw2/src/install/svan_gazebo/share/svan_gazebo/cmake/svan_gazeboConfig-version.cmake
[0.271s] -- Up-to-date: /home/nyann/svan/svan_sw2/src/install/svan_gazebo/share/svan_gazebo/package.xml
[0.276s] Invoked command in '/home/nyann/svan/svan_sw2/src/build/svan_gazebo' returned '0': CMAKE_PREFIX_PATH=${CMAKE_PREFIX_PATH}:/home/nyann/ros2_ws/src/install/rqt_joint_trajectory_controller:/home/nyann/ros2_ws/src/install/rqt_controller_manager:/home/nyann/ros2_ws/src/install/ros2controlcli:/home/nyann/ros2_ws/src/install/ros2_controllers_test_nodes:/home/nyann/ros2_ws/src/install/my_robot_controller:/opt/ros/humble /usr/bin/cmake --install /home/nyann/svan/svan_sw2/src/build/svan_gazebo
