[  1%] Built target svan_msgs__cpp
[ 12%] Built target svan_msgs__rosidl_generator_c
[ 12%] Built target ament_cmake_python_copy_svan_msgs
[ 28%] Built target svan_msgs__rosidl_typesupport_cpp
[ 35%] Built target svan_msgs__rosidl_typesupport_fastrtps_cpp
[ 47%] Built target svan_msgs__rosidl_typesupport_introspection_cpp
[ 59%] Built target svan_msgs__rosidl_typesupport_c
[ 70%] Built target svan_msgs__rosidl_typesupport_introspection_c
[ 81%] Built target svan_msgs__rosidl_typesupport_fastrtps_c
[ 81%] Built target svan_msgs
[ 82%] Built target svan_msgs__py
[ 93%] Built target svan_msgs__rosidl_generator_py
[ 98%] Built target svan_msgs__rosidl_typesupport_c__pyext
[100%] Built target svan_msgs__rosidl_typesupport_introspection_c__pyext
[100%] Built target svan_msgs__rosidl_typesupport_fastrtps_c__pyext
running egg_info
writing svan_msgs.egg-info/PKG-INFO
writing dependency_links to svan_msgs.egg-info/dependency_links.txt
writing top-level names to svan_msgs.egg-info/top_level.txt
reading manifest file 'svan_msgs.egg-info/SOURCES.txt'
writing manifest file 'svan_msgs.egg-info/SOURCES.txt'
[100%] Built target ament_cmake_python_build_svan_msgs_egg
-- Install configuration: ""
-- Up-to-date: /home/nyann/svan/svan_sw2/src/install/svan_msgs/share/ament_index/resource_index/rosidl_interfaces/svan_msgs
-- Up-to-date: /home/nyann/svan/svan_sw2/src/install/svan_msgs/include/svan_msgs/svan_msgs
-- Up-to-date: /home/nyann/svan/svan_sw2/src/install/svan_msgs/include/svan_msgs/svan_msgs/msg
-- Up-to-date: /home/nyann/svan/svan_sw2/src/install/svan_msgs/include/svan_msgs/svan_msgs/msg/pose_euler.h
-- Up-to-date: /home/nyann/svan/svan_sw2/src/install/svan_msgs/include/svan_msgs/svan_msgs/msg/imu_data.h
-- Up-to-date: /home/nyann/svan/svan_sw2/src/install/svan_msgs/include/svan_msgs/svan_msgs/msg/position.h
-- Up-to-date: /home/nyann/svan/svan_sw2/src/install/svan_msgs/include/svan_msgs/svan_msgs/msg/trajectory.h
-- Up-to-date: /home/nyann/svan/svan_sw2/src/install/svan_msgs/include/svan_msgs/svan_msgs/msg/motor_gain_multiplier.h
-- Up-to-date: /home/nyann/svan/svan_sw2/src/install/svan_msgs/include/svan_msgs/svan_msgs/msg/euler_xyz.h
-- Up-to-date: /home/nyann/svan/svan_sw2/src/install/svan_msgs/include/svan_msgs/svan_msgs/msg/rosidl_generator_c__visibility_control.h
-- Up-to-date: /home/nyann/svan/svan_sw2/src/install/svan_msgs/include/svan_msgs/svan_msgs/msg/joint_state.h
-- Up-to-date: /home/nyann/svan/svan_sw2/src/install/svan_msgs/include/svan_msgs/svan_msgs/msg/detail
-- Up-to-date: /home/nyann/svan/svan_sw2/src/install/svan_msgs/include/svan_msgs/svan_msgs/msg/detail/joint_state__type_support.h
-- Up-to-date: /home/nyann/svan/svan_sw2/src/install/svan_msgs/include/svan_msgs/svan_msgs/msg/detail/motor_gain_multiplier__struct.h
-- Up-to-date: /home/nyann/svan/svan_sw2/src/install/svan_msgs/include/svan_msgs/svan_msgs/msg/detail/twist__functions.c
-- Up-to-date: /home/nyann/svan/svan_sw2/src/install/svan_msgs/include/svan_msgs/svan_msgs/msg/detail/imu_data__functions.h
-- Up-to-date: /home/nyann/svan/svan_sw2/src/install/svan_msgs/include/svan_msgs/svan_msgs/msg/detail/position__functions.c
-- Up-to-date: /home/nyann/svan/svan_sw2/src/install/svan_msgs/include/svan_msgs/svan_msgs/msg/detail/position__type_support.h
-- Up-to-date: /home/nyann/svan/svan_sw2/src/install/svan_msgs/include/svan_msgs/svan_msgs/msg/detail/euler_xyz__type_support.h
-- Up-to-date: /home/nyann/svan/svan_sw2/src/install/svan_msgs/include/svan_msgs/svan_msgs/msg/detail/motor_gain_multiplier__type_support.h
-- Up-to-date: /home/nyann/svan/svan_sw2/src/install/svan_msgs/include/svan_msgs/svan_msgs/msg/detail/pose_euler__functions.h
-- Up-to-date: /home/nyann/svan/svan_sw2/src/install/svan_msgs/include/svan_msgs/svan_msgs/msg/detail/pose_euler__struct.h
-- Up-to-date: /home/nyann/svan/svan_sw2/src/install/svan_msgs/include/svan_msgs/svan_msgs/msg/detail/imu_data__type_support.h
-- Up-to-date: /home/nyann/svan/svan_sw2/src/install/svan_msgs/include/svan_msgs/svan_msgs/msg/detail/euler_xyz__functions.c
-- Up-to-date: /home/nyann/svan/svan_sw2/src/install/svan_msgs/include/svan_msgs/svan_msgs/msg/detail/trajectory__type_support.h
-- Up-to-date: /home/nyann/svan/svan_sw2/src/install/svan_msgs/include/svan_msgs/svan_msgs/msg/detail/twist__functions.h
-- Up-to-date: /home/nyann/svan/svan_sw2/src/install/svan_msgs/include/svan_msgs/svan_msgs/msg/detail/pose_euler__functions.c
-- Up-to-date: /home/nyann/svan/svan_sw2/src/install/svan_msgs/include/svan_msgs/svan_msgs/msg/detail/position__struct.h
-- Up-to-date: /home/nyann/svan/svan_sw2/src/install/svan_msgs/include/svan_msgs/svan_msgs/msg/detail/trajectory__functions.h
-- Up-to-date: /home/nyann/svan/svan_sw2/src/install/svan_msgs/include/svan_msgs/svan_msgs/msg/detail/euler_xyz__functions.h
-- Up-to-date: /home/nyann/svan/svan_sw2/src/install/svan_msgs/include/svan_msgs/svan_msgs/msg/detail/joint_state__struct.h
-- Up-to-date: /home/nyann/svan/svan_sw2/src/install/svan_msgs/include/svan_msgs/svan_msgs/msg/detail/position__functions.h
-- Up-to-date: /home/nyann/svan/svan_sw2/src/install/svan_msgs/include/svan_msgs/svan_msgs/msg/detail/twist__struct.h
-- Up-to-date: /home/nyann/svan/svan_sw2/src/install/svan_msgs/include/svan_msgs/svan_msgs/msg/detail/joint_state__functions.h
-- Up-to-date: /home/nyann/svan/svan_sw2/src/install/svan_msgs/include/svan_msgs/svan_msgs/msg/detail/imu_data__functions.c
-- Up-to-date: /home/nyann/svan/svan_sw2/src/install/svan_msgs/include/svan_msgs/svan_msgs/msg/detail/euler_xyz__struct.h
-- Up-to-date: /home/nyann/svan/svan_sw2/src/install/svan_msgs/include/svan_msgs/svan_msgs/msg/detail/motor_gain_multiplier__functions.c
-- Up-to-date: /home/nyann/svan/svan_sw2/src/install/svan_msgs/include/svan_msgs/svan_msgs/msg/detail/trajectory__functions.c
-- Up-to-date: /home/nyann/svan/svan_sw2/src/install/svan_msgs/include/svan_msgs/svan_msgs/msg/detail/twist__type_support.h
-- Up-to-date: /home/nyann/svan/svan_sw2/src/install/svan_msgs/include/svan_msgs/svan_msgs/msg/detail/joint_state__functions.c
-- Up-to-date: /home/nyann/svan/svan_sw2/src/install/svan_msgs/include/svan_msgs/svan_msgs/msg/detail/trajectory__struct.h
-- Up-to-date: /home/nyann/svan/svan_sw2/src/install/svan_msgs/include/svan_msgs/svan_msgs/msg/detail/imu_data__struct.h
-- Up-to-date: /home/nyann/svan/svan_sw2/src/install/svan_msgs/include/svan_msgs/svan_msgs/msg/detail/motor_gain_multiplier__functions.h
-- Up-to-date: /home/nyann/svan/svan_sw2/src/install/svan_msgs/include/svan_msgs/svan_msgs/msg/detail/pose_euler__type_support.h
-- Up-to-date: /home/nyann/svan/svan_sw2/src/install/svan_msgs/include/svan_msgs/svan_msgs/msg/twist.h
-- Up-to-date: /home/nyann/svan/svan_sw2/src/install/svan_msgs/share/svan_msgs/environment/library_path.sh
-- Up-to-date: /home/nyann/svan/svan_sw2/src/install/svan_msgs/share/svan_msgs/environment/library_path.dsv
-- Up-to-date: /home/nyann/svan/svan_sw2/src/install/svan_msgs/lib/libsvan_msgs__rosidl_generator_c.so
-- Up-to-date: /home/nyann/svan/svan_sw2/src/install/svan_msgs/include/svan_msgs/svan_msgs
-- Up-to-date: /home/nyann/svan/svan_sw2/src/install/svan_msgs/include/svan_msgs/svan_msgs/msg
-- Up-to-date: /home/nyann/svan/svan_sw2/src/install/svan_msgs/include/svan_msgs/svan_msgs/msg/detail
-- Up-to-date: /home/nyann/svan/svan_sw2/src/install/svan_msgs/include/svan_msgs/svan_msgs/msg/detail/twist__rosidl_typesupport_fastrtps_c.h
-- Up-to-date: /home/nyann/svan/svan_sw2/src/install/svan_msgs/include/svan_msgs/svan_msgs/msg/detail/pose_euler__rosidl_typesupport_fastrtps_c.h
-- Up-to-date: /home/nyann/svan/svan_sw2/src/install/svan_msgs/include/svan_msgs/svan_msgs/msg/detail/imu_data__rosidl_typesupport_fastrtps_c.h
-- Up-to-date: /home/nyann/svan/svan_sw2/src/install/svan_msgs/include/svan_msgs/svan_msgs/msg/detail/joint_state__rosidl_typesupport_fastrtps_c.h
-- Up-to-date: /home/nyann/svan/svan_sw2/src/install/svan_msgs/include/svan_msgs/svan_msgs/msg/detail/position__rosidl_typesupport_fastrtps_c.h
-- Up-to-date: /home/nyann/svan/svan_sw2/src/install/svan_msgs/include/svan_msgs/svan_msgs/msg/detail/trajectory__rosidl_typesupport_fastrtps_c.h
-- Up-to-date: /home/nyann/svan/svan_sw2/src/install/svan_msgs/include/svan_msgs/svan_msgs/msg/detail/motor_gain_multiplier__rosidl_typesupport_fastrtps_c.h
-- Up-to-date: /home/nyann/svan/svan_sw2/src/install/svan_msgs/include/svan_msgs/svan_msgs/msg/detail/euler_xyz__rosidl_typesupport_fastrtps_c.h
-- Up-to-date: /home/nyann/svan/svan_sw2/src/install/svan_msgs/include/svan_msgs/svan_msgs/msg/rosidl_typesupport_fastrtps_c__visibility_control.h
-- Up-to-date: /home/nyann/svan/svan_sw2/src/install/svan_msgs/lib/libsvan_msgs__rosidl_typesupport_fastrtps_c.so
-- Up-to-date: /home/nyann/svan/svan_sw2/src/install/svan_msgs/include/svan_msgs/svan_msgs
-- Up-to-date: /home/nyann/svan/svan_sw2/src/install/svan_msgs/include/svan_msgs/svan_msgs/msg
-- Up-to-date: /home/nyann/svan/svan_sw2/src/install/svan_msgs/include/svan_msgs/svan_msgs/msg/rosidl_typesupport_introspection_c__visibility_control.h
-- Up-to-date: /home/nyann/svan/svan_sw2/src/install/svan_msgs/include/svan_msgs/svan_msgs/msg/detail
-- Up-to-date: /home/nyann/svan/svan_sw2/src/install/svan_msgs/include/svan_msgs/svan_msgs/msg/detail/trajectory__type_support.c
-- Up-to-date: /home/nyann/svan/svan_sw2/src/install/svan_msgs/include/svan_msgs/svan_msgs/msg/detail/joint_state__rosidl_typesupport_introspection_c.h
-- Up-to-date: /home/nyann/svan/svan_sw2/src/install/svan_msgs/include/svan_msgs/svan_msgs/msg/detail/joint_state__type_support.c
-- Up-to-date: /home/nyann/svan/svan_sw2/src/install/svan_msgs/include/svan_msgs/svan_msgs/msg/detail/trajectory__rosidl_typesupport_introspection_c.h
-- Up-to-date: /home/nyann/svan/svan_sw2/src/install/svan_msgs/include/svan_msgs/svan_msgs/msg/detail/motor_gain_multiplier__rosidl_typesupport_introspection_c.h
-- Up-to-date: /home/nyann/svan/svan_sw2/src/install/svan_msgs/include/svan_msgs/svan_msgs/msg/detail/position__type_support.c
-- Up-to-date: /home/nyann/svan/svan_sw2/src/install/svan_msgs/include/svan_msgs/svan_msgs/msg/detail/twist__rosidl_typesupport_introspection_c.h
-- Up-to-date: /home/nyann/svan/svan_sw2/src/install/svan_msgs/include/svan_msgs/svan_msgs/msg/detail/euler_xyz__type_support.c
-- Up-to-date: /home/nyann/svan/svan_sw2/src/install/svan_msgs/include/svan_msgs/svan_msgs/msg/detail/twist__type_support.c
-- Up-to-date: /home/nyann/svan/svan_sw2/src/install/svan_msgs/include/svan_msgs/svan_msgs/msg/detail/pose_euler__rosidl_typesupport_introspection_c.h
-- Up-to-date: /home/nyann/svan/svan_sw2/src/install/svan_msgs/include/svan_msgs/svan_msgs/msg/detail/motor_gain_multiplier__type_support.c
-- Up-to-date: /home/nyann/svan/svan_sw2/src/install/svan_msgs/include/svan_msgs/svan_msgs/msg/detail/imu_data__rosidl_typesupport_introspection_c.h
-- Up-to-date: /home/nyann/svan/svan_sw2/src/install/svan_msgs/include/svan_msgs/svan_msgs/msg/detail/imu_data__type_support.c
-- Up-to-date: /home/nyann/svan/svan_sw2/src/install/svan_msgs/include/svan_msgs/svan_msgs/msg/detail/euler_xyz__rosidl_typesupport_introspection_c.h
-- Up-to-date: /home/nyann/svan/svan_sw2/src/install/svan_msgs/include/svan_msgs/svan_msgs/msg/detail/pose_euler__type_support.c
-- Up-to-date: /home/nyann/svan/svan_sw2/src/install/svan_msgs/include/svan_msgs/svan_msgs/msg/detail/position__rosidl_typesupport_introspection_c.h
-- Up-to-date: /home/nyann/svan/svan_sw2/src/install/svan_msgs/lib/libsvan_msgs__rosidl_typesupport_introspection_c.so
-- Up-to-date: /home/nyann/svan/svan_sw2/src/install/svan_msgs/lib/libsvan_msgs__rosidl_typesupport_c.so
-- Up-to-date: /home/nyann/svan/svan_sw2/src/install/svan_msgs/include/svan_msgs/svan_msgs
-- Up-to-date: /home/nyann/svan/svan_sw2/src/install/svan_msgs/include/svan_msgs/svan_msgs/msg
-- Up-to-date: /home/nyann/svan/svan_sw2/src/install/svan_msgs/include/svan_msgs/svan_msgs/msg/motor_gain_multiplier.hpp
-- Up-to-date: /home/nyann/svan/svan_sw2/src/install/svan_msgs/include/svan_msgs/svan_msgs/msg/position.hpp
-- Up-to-date: /home/nyann/svan/svan_sw2/src/install/svan_msgs/include/svan_msgs/svan_msgs/msg/joint_state.hpp
-- Up-to-date: /home/nyann/svan/svan_sw2/src/install/svan_msgs/include/svan_msgs/svan_msgs/msg/imu_data.hpp
-- Up-to-date: /home/nyann/svan/svan_sw2/src/install/svan_msgs/include/svan_msgs/svan_msgs/msg/trajectory.hpp
-- Up-to-date: /home/nyann/svan/svan_sw2/src/install/svan_msgs/include/svan_msgs/svan_msgs/msg/twist.hpp
-- Up-to-date: /home/nyann/svan/svan_sw2/src/install/svan_msgs/include/svan_msgs/svan_msgs/msg/detail
-- Up-to-date: /home/nyann/svan/svan_sw2/src/install/svan_msgs/include/svan_msgs/svan_msgs/msg/detail/imu_data__struct.hpp
-- Up-to-date: /home/nyann/svan/svan_sw2/src/install/svan_msgs/include/svan_msgs/svan_msgs/msg/detail/motor_gain_multiplier__builder.hpp
-- Up-to-date: /home/nyann/svan/svan_sw2/src/install/svan_msgs/include/svan_msgs/svan_msgs/msg/detail/motor_gain_multiplier__traits.hpp
-- Up-to-date: /home/nyann/svan/svan_sw2/src/install/svan_msgs/include/svan_msgs/svan_msgs/msg/detail/pose_euler__traits.hpp
-- Up-to-date: /home/nyann/svan/svan_sw2/src/install/svan_msgs/include/svan_msgs/svan_msgs/msg/detail/position__struct.hpp
-- Up-to-date: /home/nyann/svan/svan_sw2/src/install/svan_msgs/include/svan_msgs/svan_msgs/msg/detail/twist__builder.hpp
-- Up-to-date: /home/nyann/svan/svan_sw2/src/install/svan_msgs/include/svan_msgs/svan_msgs/msg/detail/trajectory__struct.hpp
-- Up-to-date: /home/nyann/svan/svan_sw2/src/install/svan_msgs/include/svan_msgs/svan_msgs/msg/detail/joint_state__builder.hpp
-- Up-to-date: /home/nyann/svan/svan_sw2/src/install/svan_msgs/include/svan_msgs/svan_msgs/msg/detail/position__builder.hpp
-- Up-to-date: /home/nyann/svan/svan_sw2/src/install/svan_msgs/include/svan_msgs/svan_msgs/msg/detail/twist__traits.hpp
-- Up-to-date: /home/nyann/svan/svan_sw2/src/install/svan_msgs/include/svan_msgs/svan_msgs/msg/detail/euler_xyz__struct.hpp
-- Up-to-date: /home/nyann/svan/svan_sw2/src/install/svan_msgs/include/svan_msgs/svan_msgs/msg/detail/trajectory__traits.hpp
-- Up-to-date: /home/nyann/svan/svan_sw2/src/install/svan_msgs/include/svan_msgs/svan_msgs/msg/detail/trajectory__builder.hpp
-- Up-to-date: /home/nyann/svan/svan_sw2/src/install/svan_msgs/include/svan_msgs/svan_msgs/msg/detail/imu_data__traits.hpp
-- Up-to-date: /home/nyann/svan/svan_sw2/src/install/svan_msgs/include/svan_msgs/svan_msgs/msg/detail/euler_xyz__builder.hpp
-- Up-to-date: /home/nyann/svan/svan_sw2/src/install/svan_msgs/include/svan_msgs/svan_msgs/msg/detail/pose_euler__builder.hpp
-- Up-to-date: /home/nyann/svan/svan_sw2/src/install/svan_msgs/include/svan_msgs/svan_msgs/msg/detail/joint_state__struct.hpp
-- Up-to-date: /home/nyann/svan/svan_sw2/src/install/svan_msgs/include/svan_msgs/svan_msgs/msg/detail/euler_xyz__traits.hpp
-- Up-to-date: /home/nyann/svan/svan_sw2/src/install/svan_msgs/include/svan_msgs/svan_msgs/msg/detail/joint_state__traits.hpp
-- Up-to-date: /home/nyann/svan/svan_sw2/src/install/svan_msgs/include/svan_msgs/svan_msgs/msg/detail/pose_euler__struct.hpp
-- Up-to-date: /home/nyann/svan/svan_sw2/src/install/svan_msgs/include/svan_msgs/svan_msgs/msg/detail/imu_data__builder.hpp
-- Up-to-date: /home/nyann/svan/svan_sw2/src/install/svan_msgs/include/svan_msgs/svan_msgs/msg/detail/motor_gain_multiplier__struct.hpp
-- Up-to-date: /home/nyann/svan/svan_sw2/src/install/svan_msgs/include/svan_msgs/svan_msgs/msg/detail/position__traits.hpp
-- Up-to-date: /home/nyann/svan/svan_sw2/src/install/svan_msgs/include/svan_msgs/svan_msgs/msg/detail/twist__struct.hpp
-- Up-to-date: /home/nyann/svan/svan_sw2/src/install/svan_msgs/include/svan_msgs/svan_msgs/msg/euler_xyz.hpp
-- Up-to-date: /home/nyann/svan/svan_sw2/src/install/svan_msgs/include/svan_msgs/svan_msgs/msg/pose_euler.hpp
-- Up-to-date: /home/nyann/svan/svan_sw2/src/install/svan_msgs/include/svan_msgs/svan_msgs
-- Up-to-date: /home/nyann/svan/svan_sw2/src/install/svan_msgs/include/svan_msgs/svan_msgs/msg
-- Up-to-date: /home/nyann/svan/svan_sw2/src/install/svan_msgs/include/svan_msgs/svan_msgs/msg/rosidl_typesupport_fastrtps_cpp__visibility_control.h
-- Up-to-date: /home/nyann/svan/svan_sw2/src/install/svan_msgs/include/svan_msgs/svan_msgs/msg/detail
-- Up-to-date: /home/nyann/svan/svan_sw2/src/install/svan_msgs/include/svan_msgs/svan_msgs/msg/detail/joint_state__rosidl_typesupport_fastrtps_cpp.hpp
-- Up-to-date: /home/nyann/svan/svan_sw2/src/install/svan_msgs/include/svan_msgs/svan_msgs/msg/detail/twist__rosidl_typesupport_fastrtps_cpp.hpp
-- Up-to-date: /home/nyann/svan/svan_sw2/src/install/svan_msgs/include/svan_msgs/svan_msgs/msg/detail/trajectory__rosidl_typesupport_fastrtps_cpp.hpp
-- Up-to-date: /home/nyann/svan/svan_sw2/src/install/svan_msgs/include/svan_msgs/svan_msgs/msg/detail/position__rosidl_typesupport_fastrtps_cpp.hpp
-- Up-to-date: /home/nyann/svan/svan_sw2/src/install/svan_msgs/include/svan_msgs/svan_msgs/msg/detail/pose_euler__rosidl_typesupport_fastrtps_cpp.hpp
-- Up-to-date: /home/nyann/svan/svan_sw2/src/install/svan_msgs/include/svan_msgs/svan_msgs/msg/detail/dds_fastrtps
-- Up-to-date: /home/nyann/svan/svan_sw2/src/install/svan_msgs/include/svan_msgs/svan_msgs/msg/detail/motor_gain_multiplier__rosidl_typesupport_fastrtps_cpp.hpp
-- Up-to-date: /home/nyann/svan/svan_sw2/src/install/svan_msgs/include/svan_msgs/svan_msgs/msg/detail/euler_xyz__rosidl_typesupport_fastrtps_cpp.hpp
-- Up-to-date: /home/nyann/svan/svan_sw2/src/install/svan_msgs/include/svan_msgs/svan_msgs/msg/detail/imu_data__rosidl_typesupport_fastrtps_cpp.hpp
-- Up-to-date: /home/nyann/svan/svan_sw2/src/install/svan_msgs/lib/libsvan_msgs__rosidl_typesupport_fastrtps_cpp.so
-- Up-to-date: /home/nyann/svan/svan_sw2/src/install/svan_msgs/include/svan_msgs/svan_msgs
-- Up-to-date: /home/nyann/svan/svan_sw2/src/install/svan_msgs/include/svan_msgs/svan_msgs/msg
-- Up-to-date: /home/nyann/svan/svan_sw2/src/install/svan_msgs/include/svan_msgs/svan_msgs/msg/detail
-- Up-to-date: /home/nyann/svan/svan_sw2/src/install/svan_msgs/include/svan_msgs/svan_msgs/msg/detail/pose_euler__type_support.cpp
-- Up-to-date: /home/nyann/svan/svan_sw2/src/install/svan_msgs/include/svan_msgs/svan_msgs/msg/detail/trajectory__type_support.cpp
-- Up-to-date: /home/nyann/svan/svan_sw2/src/install/svan_msgs/include/svan_msgs/svan_msgs/msg/detail/euler_xyz__type_support.cpp
-- Up-to-date: /home/nyann/svan/svan_sw2/src/install/svan_msgs/include/svan_msgs/svan_msgs/msg/detail/twist__rosidl_typesupport_introspection_cpp.hpp
-- Up-to-date: /home/nyann/svan/svan_sw2/src/install/svan_msgs/include/svan_msgs/svan_msgs/msg/detail/motor_gain_multiplier__type_support.cpp
-- Up-to-date: /home/nyann/svan/svan_sw2/src/install/svan_msgs/include/svan_msgs/svan_msgs/msg/detail/twist__type_support.cpp
-- Up-to-date: /home/nyann/svan/svan_sw2/src/install/svan_msgs/include/svan_msgs/svan_msgs/msg/detail/position__type_support.cpp
-- Up-to-date: /home/nyann/svan/svan_sw2/src/install/svan_msgs/include/svan_msgs/svan_msgs/msg/detail/imu_data__rosidl_typesupport_introspection_cpp.hpp
-- Up-to-date: /home/nyann/svan/svan_sw2/src/install/svan_msgs/include/svan_msgs/svan_msgs/msg/detail/joint_state__rosidl_typesupport_introspection_cpp.hpp
-- Up-to-date: /home/nyann/svan/svan_sw2/src/install/svan_msgs/include/svan_msgs/svan_msgs/msg/detail/imu_data__type_support.cpp
-- Up-to-date: /home/nyann/svan/svan_sw2/src/install/svan_msgs/include/svan_msgs/svan_msgs/msg/detail/trajectory__rosidl_typesupport_introspection_cpp.hpp
-- Up-to-date: /home/nyann/svan/svan_sw2/src/install/svan_msgs/include/svan_msgs/svan_msgs/msg/detail/euler_xyz__rosidl_typesupport_introspection_cpp.hpp
-- Up-to-date: /home/nyann/svan/svan_sw2/src/install/svan_msgs/include/svan_msgs/svan_msgs/msg/detail/motor_gain_multiplier__rosidl_typesupport_introspection_cpp.hpp
-- Up-to-date: /home/nyann/svan/svan_sw2/src/install/svan_msgs/include/svan_msgs/svan_msgs/msg/detail/joint_state__type_support.cpp
-- Up-to-date: /home/nyann/svan/svan_sw2/src/install/svan_msgs/include/svan_msgs/svan_msgs/msg/detail/position__rosidl_typesupport_introspection_cpp.hpp
-- Up-to-date: /home/nyann/svan/svan_sw2/src/install/svan_msgs/include/svan_msgs/svan_msgs/msg/detail/pose_euler__rosidl_typesupport_introspection_cpp.hpp
-- Up-to-date: /home/nyann/svan/svan_sw2/src/install/svan_msgs/lib/libsvan_msgs__rosidl_typesupport_introspection_cpp.so
-- Up-to-date: /home/nyann/svan/svan_sw2/src/install/svan_msgs/lib/libsvan_msgs__rosidl_typesupport_cpp.so
-- Up-to-date: /home/nyann/svan/svan_sw2/src/install/svan_msgs/share/svan_msgs/environment/pythonpath.sh
-- Up-to-date: /home/nyann/svan/svan_sw2/src/install/svan_msgs/share/svan_msgs/environment/pythonpath.dsv
-- Up-to-date: /home/nyann/svan/svan_sw2/src/install/svan_msgs/local/lib/python3.10/dist-packages/svan_msgs-0.0.0-py3.10.egg-info
-- Installing: /home/nyann/svan/svan_sw2/src/install/svan_msgs/local/lib/python3.10/dist-packages/svan_msgs-0.0.0-py3.10.egg-info/PKG-INFO
-- Installing: /home/nyann/svan/svan_sw2/src/install/svan_msgs/local/lib/python3.10/dist-packages/svan_msgs-0.0.0-py3.10.egg-info/dependency_links.txt
-- Installing: /home/nyann/svan/svan_sw2/src/install/svan_msgs/local/lib/python3.10/dist-packages/svan_msgs-0.0.0-py3.10.egg-info/top_level.txt
-- Installing: /home/nyann/svan/svan_sw2/src/install/svan_msgs/local/lib/python3.10/dist-packages/svan_msgs-0.0.0-py3.10.egg-info/SOURCES.txt
-- Up-to-date: /home/nyann/svan/svan_sw2/src/install/svan_msgs/local/lib/python3.10/dist-packages/svan_msgs
-- Up-to-date: /home/nyann/svan/svan_sw2/src/install/svan_msgs/local/lib/python3.10/dist-packages/svan_msgs/__init__.py
-- Up-to-date: /home/nyann/svan/svan_sw2/src/install/svan_msgs/local/lib/python3.10/dist-packages/svan_msgs/svan_msgs_s__rosidl_typesupport_c.cpython-310-x86_64-linux-gnu.so
-- Up-to-date: /home/nyann/svan/svan_sw2/src/install/svan_msgs/local/lib/python3.10/dist-packages/svan_msgs/_svan_msgs_s.ep.rosidl_typesupport_fastrtps_c.c
-- Up-to-date: /home/nyann/svan/svan_sw2/src/install/svan_msgs/local/lib/python3.10/dist-packages/svan_msgs/msg
-- Up-to-date: /home/nyann/svan/svan_sw2/src/install/svan_msgs/local/lib/python3.10/dist-packages/svan_msgs/msg/_imu_data.py
-- Up-to-date: /home/nyann/svan/svan_sw2/src/install/svan_msgs/local/lib/python3.10/dist-packages/svan_msgs/msg/_motor_gain_multiplier.py
-- Up-to-date: /home/nyann/svan/svan_sw2/src/install/svan_msgs/local/lib/python3.10/dist-packages/svan_msgs/msg/__init__.py
-- Up-to-date: /home/nyann/svan/svan_sw2/src/install/svan_msgs/local/lib/python3.10/dist-packages/svan_msgs/msg/_imu_data_s.c
-- Up-to-date: /home/nyann/svan/svan_sw2/src/install/svan_msgs/local/lib/python3.10/dist-packages/svan_msgs/msg/_trajectory.py
-- Up-to-date: /home/nyann/svan/svan_sw2/src/install/svan_msgs/local/lib/python3.10/dist-packages/svan_msgs/msg/_position_s.c
-- Up-to-date: /home/nyann/svan/svan_sw2/src/install/svan_msgs/local/lib/python3.10/dist-packages/svan_msgs/msg/_twist.py
-- Up-to-date: /home/nyann/svan/svan_sw2/src/install/svan_msgs/local/lib/python3.10/dist-packages/svan_msgs/msg/_euler_xyz.py
-- Up-to-date: /home/nyann/svan/svan_sw2/src/install/svan_msgs/local/lib/python3.10/dist-packages/svan_msgs/msg/_trajectory_s.c
-- Up-to-date: /home/nyann/svan/svan_sw2/src/install/svan_msgs/local/lib/python3.10/dist-packages/svan_msgs/msg/_motor_gain_multiplier_s.c
-- Up-to-date: /home/nyann/svan/svan_sw2/src/install/svan_msgs/local/lib/python3.10/dist-packages/svan_msgs/msg/_twist_s.c
-- Up-to-date: /home/nyann/svan/svan_sw2/src/install/svan_msgs/local/lib/python3.10/dist-packages/svan_msgs/msg/_joint_state_s.c
-- Up-to-date: /home/nyann/svan/svan_sw2/src/install/svan_msgs/local/lib/python3.10/dist-packages/svan_msgs/msg/_position.py
-- Up-to-date: /home/nyann/svan/svan_sw2/src/install/svan_msgs/local/lib/python3.10/dist-packages/svan_msgs/msg/_pose_euler_s.c
-- Up-to-date: /home/nyann/svan/svan_sw2/src/install/svan_msgs/local/lib/python3.10/dist-packages/svan_msgs/msg/_euler_xyz_s.c
-- Up-to-date: /home/nyann/svan/svan_sw2/src/install/svan_msgs/local/lib/python3.10/dist-packages/svan_msgs/msg/_joint_state.py
-- Up-to-date: /home/nyann/svan/svan_sw2/src/install/svan_msgs/local/lib/python3.10/dist-packages/svan_msgs/msg/_pose_euler.py
-- Up-to-date: /home/nyann/svan/svan_sw2/src/install/svan_msgs/local/lib/python3.10/dist-packages/svan_msgs/svan_msgs_s__rosidl_typesupport_introspection_c.cpython-310-x86_64-linux-gnu.so
-- Up-to-date: /home/nyann/svan/svan_sw2/src/install/svan_msgs/local/lib/python3.10/dist-packages/svan_msgs/_svan_msgs_s.ep.rosidl_typesupport_c.c
-- Up-to-date: /home/nyann/svan/svan_sw2/src/install/svan_msgs/local/lib/python3.10/dist-packages/svan_msgs/svan_msgs_s__rosidl_typesupport_fastrtps_c.cpython-310-x86_64-linux-gnu.so
-- Up-to-date: /home/nyann/svan/svan_sw2/src/install/svan_msgs/local/lib/python3.10/dist-packages/svan_msgs/_svan_msgs_s.ep.rosidl_typesupport_introspection_c.c
-- Up-to-date: /home/nyann/svan/svan_sw2/src/install/svan_msgs/local/lib/python3.10/dist-packages/svan_msgs/libsvan_msgs__rosidl_generator_py.so
Listing '/home/nyann/svan/svan_sw2/src/install/svan_msgs/local/lib/python3.10/dist-packages/svan_msgs'...
Listing '/home/nyann/svan/svan_sw2/src/install/svan_msgs/local/lib/python3.10/dist-packages/svan_msgs/msg'...
-- Up-to-date: /home/nyann/svan/svan_sw2/src/install/svan_msgs/local/lib/python3.10/dist-packages/svan_msgs/svan_msgs_s__rosidl_typesupport_fastrtps_c.cpython-310-x86_64-linux-gnu.so
-- Up-to-date: /home/nyann/svan/svan_sw2/src/install/svan_msgs/local/lib/python3.10/dist-packages/svan_msgs/svan_msgs_s__rosidl_typesupport_introspection_c.cpython-310-x86_64-linux-gnu.so
-- Up-to-date: /home/nyann/svan/svan_sw2/src/install/svan_msgs/local/lib/python3.10/dist-packages/svan_msgs/svan_msgs_s__rosidl_typesupport_c.cpython-310-x86_64-linux-gnu.so
-- Up-to-date: /home/nyann/svan/svan_sw2/src/install/svan_msgs/lib/libsvan_msgs__rosidl_generator_py.so
-- Up-to-date: /home/nyann/svan/svan_sw2/src/install/svan_msgs/share/svan_msgs/msg/EulerXYZ.idl
-- Up-to-date: /home/nyann/svan/svan_sw2/src/install/svan_msgs/share/svan_msgs/msg/ImuData.idl
-- Up-to-date: /home/nyann/svan/svan_sw2/src/install/svan_msgs/share/svan_msgs/msg/JointState.idl
-- Up-to-date: /home/nyann/svan/svan_sw2/src/install/svan_msgs/share/svan_msgs/msg/MotorGainMultiplier.idl
-- Up-to-date: /home/nyann/svan/svan_sw2/src/install/svan_msgs/share/svan_msgs/msg/PoseEuler.idl
-- Up-to-date: /home/nyann/svan/svan_sw2/src/install/svan_msgs/share/svan_msgs/msg/Position.idl
-- Up-to-date: /home/nyann/svan/svan_sw2/src/install/svan_msgs/share/svan_msgs/msg/Trajectory.idl
-- Up-to-date: /home/nyann/svan/svan_sw2/src/install/svan_msgs/share/svan_msgs/msg/Twist.idl
-- Up-to-date: /home/nyann/svan/svan_sw2/src/install/svan_msgs/share/svan_msgs/msg/EulerXYZ.msg
-- Up-to-date: /home/nyann/svan/svan_sw2/src/install/svan_msgs/share/svan_msgs/msg/ImuData.msg
-- Up-to-date: /home/nyann/svan/svan_sw2/src/install/svan_msgs/share/svan_msgs/msg/JointState.msg
-- Up-to-date: /home/nyann/svan/svan_sw2/src/install/svan_msgs/share/svan_msgs/msg/MotorGainMultiplier.msg
-- Up-to-date: /home/nyann/svan/svan_sw2/src/install/svan_msgs/share/svan_msgs/msg/PoseEuler.msg
-- Up-to-date: /home/nyann/svan/svan_sw2/src/install/svan_msgs/share/svan_msgs/msg/Position.msg
-- Up-to-date: /home/nyann/svan/svan_sw2/src/install/svan_msgs/share/svan_msgs/msg/Trajectory.msg
-- Up-to-date: /home/nyann/svan/svan_sw2/src/install/svan_msgs/share/svan_msgs/msg/Twist.msg
-- Up-to-date: /home/nyann/svan/svan_sw2/src/install/svan_msgs/share/ament_index/resource_index/package_run_dependencies/svan_msgs
-- Up-to-date: /home/nyann/svan/svan_sw2/src/install/svan_msgs/share/ament_index/resource_index/parent_prefix_path/svan_msgs
-- Up-to-date: /home/nyann/svan/svan_sw2/src/install/svan_msgs/share/svan_msgs/environment/ament_prefix_path.sh
-- Up-to-date: /home/nyann/svan/svan_sw2/src/install/svan_msgs/share/svan_msgs/environment/ament_prefix_path.dsv
-- Up-to-date: /home/nyann/svan/svan_sw2/src/install/svan_msgs/share/svan_msgs/environment/path.sh
-- Up-to-date: /home/nyann/svan/svan_sw2/src/install/svan_msgs/share/svan_msgs/environment/path.dsv
-- Up-to-date: /home/nyann/svan/svan_sw2/src/install/svan_msgs/share/svan_msgs/local_setup.bash
-- Up-to-date: /home/nyann/svan/svan_sw2/src/install/svan_msgs/share/svan_msgs/local_setup.sh
-- Up-to-date: /home/nyann/svan/svan_sw2/src/install/svan_msgs/share/svan_msgs/local_setup.zsh
-- Up-to-date: /home/nyann/svan/svan_sw2/src/install/svan_msgs/share/svan_msgs/local_setup.dsv
-- Installing: /home/nyann/svan/svan_sw2/src/install/svan_msgs/share/svan_msgs/package.dsv
-- Up-to-date: /home/nyann/svan/svan_sw2/src/install/svan_msgs/share/ament_index/resource_index/packages/svan_msgs
-- Up-to-date: /home/nyann/svan/svan_sw2/src/install/svan_msgs/share/svan_msgs/cmake/export_svan_msgs__rosidl_generator_cExport.cmake
-- Up-to-date: /home/nyann/svan/svan_sw2/src/install/svan_msgs/share/svan_msgs/cmake/export_svan_msgs__rosidl_generator_cExport-noconfig.cmake
-- Up-to-date: /home/nyann/svan/svan_sw2/src/install/svan_msgs/share/svan_msgs/cmake/export_svan_msgs__rosidl_typesupport_fastrtps_cExport.cmake
-- Up-to-date: /home/nyann/svan/svan_sw2/src/install/svan_msgs/share/svan_msgs/cmake/export_svan_msgs__rosidl_typesupport_fastrtps_cExport-noconfig.cmake
-- Up-to-date: /home/nyann/svan/svan_sw2/src/install/svan_msgs/share/svan_msgs/cmake/svan_msgs__rosidl_typesupport_introspection_cExport.cmake
-- Up-to-date: /home/nyann/svan/svan_sw2/src/install/svan_msgs/share/svan_msgs/cmake/svan_msgs__rosidl_typesupport_introspection_cExport-noconfig.cmake
-- Up-to-date: /home/nyann/svan/svan_sw2/src/install/svan_msgs/share/svan_msgs/cmake/svan_msgs__rosidl_typesupport_cExport.cmake
-- Up-to-date: /home/nyann/svan/svan_sw2/src/install/svan_msgs/share/svan_msgs/cmake/svan_msgs__rosidl_typesupport_cExport-noconfig.cmake
-- Up-to-date: /home/nyann/svan/svan_sw2/src/install/svan_msgs/share/svan_msgs/cmake/export_svan_msgs__rosidl_generator_cppExport.cmake
-- Up-to-date: /home/nyann/svan/svan_sw2/src/install/svan_msgs/share/svan_msgs/cmake/export_svan_msgs__rosidl_typesupport_fastrtps_cppExport.cmake
-- Up-to-date: /home/nyann/svan/svan_sw2/src/install/svan_msgs/share/svan_msgs/cmake/export_svan_msgs__rosidl_typesupport_fastrtps_cppExport-noconfig.cmake
-- Up-to-date: /home/nyann/svan/svan_sw2/src/install/svan_msgs/share/svan_msgs/cmake/svan_msgs__rosidl_typesupport_introspection_cppExport.cmake
-- Up-to-date: /home/nyann/svan/svan_sw2/src/install/svan_msgs/share/svan_msgs/cmake/svan_msgs__rosidl_typesupport_introspection_cppExport-noconfig.cmake
-- Up-to-date: /home/nyann/svan/svan_sw2/src/install/svan_msgs/share/svan_msgs/cmake/svan_msgs__rosidl_typesupport_cppExport.cmake
-- Up-to-date: /home/nyann/svan/svan_sw2/src/install/svan_msgs/share/svan_msgs/cmake/svan_msgs__rosidl_typesupport_cppExport-noconfig.cmake
-- Up-to-date: /home/nyann/svan/svan_sw2/src/install/svan_msgs/share/svan_msgs/cmake/export_svan_msgs__rosidl_generator_pyExport.cmake
-- Up-to-date: /home/nyann/svan/svan_sw2/src/install/svan_msgs/share/svan_msgs/cmake/export_svan_msgs__rosidl_generator_pyExport-noconfig.cmake
-- Up-to-date: /home/nyann/svan/svan_sw2/src/install/svan_msgs/share/svan_msgs/cmake/rosidl_cmake-extras.cmake
-- Up-to-date: /home/nyann/svan/svan_sw2/src/install/svan_msgs/share/svan_msgs/cmake/ament_cmake_export_include_directories-extras.cmake
-- Up-to-date: /home/nyann/svan/svan_sw2/src/install/svan_msgs/share/svan_msgs/cmake/ament_cmake_export_libraries-extras.cmake
-- Up-to-date: /home/nyann/svan/svan_sw2/src/install/svan_msgs/share/svan_msgs/cmake/ament_cmake_export_targets-extras.cmake
-- Up-to-date: /home/nyann/svan/svan_sw2/src/install/svan_msgs/share/svan_msgs/cmake/rosidl_cmake_export_typesupport_targets-extras.cmake
-- Up-to-date: /home/nyann/svan/svan_sw2/src/install/svan_msgs/share/svan_msgs/cmake/ament_cmake_export_dependencies-extras.cmake
-- Up-to-date: /home/nyann/svan/svan_sw2/src/install/svan_msgs/share/svan_msgs/cmake/rosidl_cmake_export_typesupport_libraries-extras.cmake
-- Up-to-date: /home/nyann/svan/svan_sw2/src/install/svan_msgs/share/svan_msgs/cmake/svan_msgsConfig.cmake
-- Up-to-date: /home/nyann/svan/svan_sw2/src/install/svan_msgs/share/svan_msgs/cmake/svan_msgsConfig-version.cmake
-- Up-to-date: /home/nyann/svan/svan_sw2/src/install/svan_msgs/share/svan_msgs/package.xml
