-- The C compiler identification is GNU 11.4.0
-- The CXX compiler identification is GNU 11.4.0
-- Detecting C compiler ABI info
-- Detecting C compiler ABI info - done
-- Check for working C compiler: /usr/bin/cc - skipped
-- Detecting C compile features
-- Detecting C compile features - done
-- Detecting CXX compiler ABI info
-- Detecting CXX compiler ABI info - done
-- Check for working CXX compiler: /usr/bin/c++ - skipped
-- Detecting CXX compile features
-- Detecting CXX compile features - done
-- Found ament_cmake: 1.3.9 (/opt/ros/humble/share/ament_cmake/cmake)
-- Found Python3: /usr/bin/python3 (found version "3.10.12") found components: Interpreter 
-- Found rclcpp: 16.0.9 (/opt/ros/humble/share/rclcpp/cmake)
-- Found rosidl_generator_c: 3.1.5 (/opt/ros/humble/share/rosidl_generator_c/cmake)
-- Found rosidl_adapter: 3.1.5 (/opt/ros/humble/share/rosidl_adapter/cmake)
-- Found rosidl_generator_cpp: 3.1.5 (/opt/ros/humble/share/rosidl_generator_cpp/cmake)
-- Using all available rosidl_typesupport_c: rosidl_typesupport_fastrtps_c;rosidl_typesupport_introspection_c
-- Using all available rosidl_typesupport_cpp: rosidl_typesupport_fastrtps_cpp;rosidl_typesupport_introspection_cpp
-- Found rmw_implementation_cmake: 6.1.2 (/opt/ros/humble/share/rmw_implementation_cmake/cmake)
-- Found rmw_cyclonedds_cpp: 1.3.4 (/opt/ros/humble/share/rmw_cyclonedds_cpp/cmake)
-- Using RMW implementation 'rmw_cyclonedds_cpp' as default
-- Looking for pthread.h
-- Looking for pthread.h - found
-- Performing Test CMAKE_HAVE_LIBC_PTHREAD
-- Performing Test CMAKE_HAVE_LIBC_PTHREAD - Success
-- Found Threads: TRUE  
-- Configuring done
-- Generating done
-- Build files have been written to: /home/nyann/svan/svan_sw2/src/build/svan_gazebo
-- Install configuration: ""
-- Installing: /home/nyann/svan/svan_sw2/src/install/svan_gazebo/share/ament_index/resource_index/package_run_dependencies/svan_gazebo
-- Installing: /home/nyann/svan/svan_sw2/src/install/svan_gazebo/share/ament_index/resource_index/parent_prefix_path/svan_gazebo
-- Installing: /home/nyann/svan/svan_sw2/src/install/svan_gazebo/share/svan_gazebo/environment/ament_prefix_path.sh
-- Installing: /home/nyann/svan/svan_sw2/src/install/svan_gazebo/share/svan_gazebo/environment/ament_prefix_path.dsv
-- Installing: /home/nyann/svan/svan_sw2/src/install/svan_gazebo/share/svan_gazebo/environment/path.sh
-- Installing: /home/nyann/svan/svan_sw2/src/install/svan_gazebo/share/svan_gazebo/environment/path.dsv
-- Installing: /home/nyann/svan/svan_sw2/src/install/svan_gazebo/share/svan_gazebo/local_setup.bash
-- Installing: /home/nyann/svan/svan_sw2/src/install/svan_gazebo/share/svan_gazebo/local_setup.sh
-- Installing: /home/nyann/svan/svan_sw2/src/install/svan_gazebo/share/svan_gazebo/local_setup.zsh
-- Installing: /home/nyann/svan/svan_sw2/src/install/svan_gazebo/share/svan_gazebo/local_setup.dsv
-- Installing: /home/nyann/svan/svan_sw2/src/install/svan_gazebo/share/svan_gazebo/package.dsv
-- Installing: /home/nyann/svan/svan_sw2/src/install/svan_gazebo/share/ament_index/resource_index/packages/svan_gazebo
-- Installing: /home/nyann/svan/svan_sw2/src/install/svan_gazebo/share/svan_gazebo/cmake/svan_gazeboConfig.cmake
-- Installing: /home/nyann/svan/svan_sw2/src/install/svan_gazebo/share/svan_gazebo/cmake/svan_gazeboConfig-version.cmake
-- Installing: /home/nyann/svan/svan_sw2/src/install/svan_gazebo/share/svan_gazebo/package.xml
