[0.028s] Invoking command in '/home/nyann/svan/svan_sw2/src/build/svan_gazebo': CMAKE_PREFIX_PATH=${CMAKE_PREFIX_PATH}:/home/nyann/ros2_ws/src/install/rqt_joint_trajectory_controller:/home/nyann/ros2_ws/src/install/rqt_controller_manager:/home/nyann/ros2_ws/src/install/ros2controlcli:/home/nyann/ros2_ws/src/install/ros2_controllers_test_nodes:/home/nyann/ros2_ws/src/install/my_robot_controller:/opt/ros/humble /usr/bin/cmake /home/nyann/svan/svan_sw2/src/svan_gazebo -DCMAKE_INSTALL_PREFIX=/home/nyann/svan/svan_sw2/src/install/svan_gazebo
[0.102s] -- The C compiler identification is GNU 11.4.0
[0.165s] -- The CXX compiler identification is GNU 11.4.0
[0.173s] -- Detecting C compiler ABI info
[0.281s] -- Detecting C compiler ABI info - done
[0.287s] -- Check for working C compiler: /usr/bin/cc - skipped
[0.288s] -- Detecting C compile features
[0.288s] -- Detecting C compile features - done
[0.290s] -- Detecting CXX compiler ABI info
[0.408s] -- Detecting CXX compiler ABI info - done
[0.413s] -- Check for working CXX compiler: /usr/bin/c++ - skipped
[0.414s] -- Detecting CXX compile features
[0.415s] -- Detecting CXX compile features - done
[0.424s] -- Found ament_cmake: 1.3.9 (/opt/ros/humble/share/ament_cmake/cmake)
[0.617s] -- Found Python3: /usr/bin/python3 (found version "3.10.12") found components: Interpreter 
[0.824s] -- Found rclcpp: 16.0.9 (/opt/ros/humble/share/rclcpp/cmake)
[0.948s] -- Found rosidl_generator_c: 3.1.5 (/opt/ros/humble/share/rosidl_generator_c/cmake)
[0.967s] -- Found rosidl_adapter: 3.1.5 (/opt/ros/humble/share/rosidl_adapter/cmake)
[0.989s] -- Found rosidl_generator_cpp: 3.1.5 (/opt/ros/humble/share/rosidl_generator_cpp/cmake)
[1.018s] -- Using all available rosidl_typesupport_c: rosidl_typesupport_fastrtps_c;rosidl_typesupport_introspection_c
[1.059s] -- Using all available rosidl_typesupport_cpp: rosidl_typesupport_fastrtps_cpp;rosidl_typesupport_introspection_cpp
[1.195s] -- Found rmw_implementation_cmake: 6.1.2 (/opt/ros/humble/share/rmw_implementation_cmake/cmake)
[1.206s] -- Found rmw_cyclonedds_cpp: 1.3.4 (/opt/ros/humble/share/rmw_cyclonedds_cpp/cmake)
[1.279s] -- Using RMW implementation 'rmw_cyclonedds_cpp' as default
[1.310s] -- Looking for pthread.h
[1.414s] -- Looking for pthread.h - found
[1.414s] -- Performing Test CMAKE_HAVE_LIBC_PTHREAD
[1.520s] -- Performing Test CMAKE_HAVE_LIBC_PTHREAD - Success
[1.521s] -- Found Threads: TRUE  
[1.739s] -- Configuring done
[1.744s] -- Generating done
[1.746s] -- Build files have been written to: /home/nyann/svan/svan_sw2/src/build/svan_gazebo
[1.755s] Invoked command in '/home/nyann/svan/svan_sw2/src/build/svan_gazebo' returned '0': CMAKE_PREFIX_PATH=${CMAKE_PREFIX_PATH}:/home/nyann/ros2_ws/src/install/rqt_joint_trajectory_controller:/home/nyann/ros2_ws/src/install/rqt_controller_manager:/home/nyann/ros2_ws/src/install/ros2controlcli:/home/nyann/ros2_ws/src/install/ros2_controllers_test_nodes:/home/nyann/ros2_ws/src/install/my_robot_controller:/opt/ros/humble /usr/bin/cmake /home/nyann/svan/svan_sw2/src/svan_gazebo -DCMAKE_INSTALL_PREFIX=/home/nyann/svan/svan_sw2/src/install/svan_gazebo
[1.757s] Invoking command in '/home/nyann/svan/svan_sw2/src/build/svan_gazebo': CMAKE_PREFIX_PATH=${CMAKE_PREFIX_PATH}:/home/nyann/ros2_ws/src/install/rqt_joint_trajectory_controller:/home/nyann/ros2_ws/src/install/rqt_controller_manager:/home/nyann/ros2_ws/src/install/ros2controlcli:/home/nyann/ros2_ws/src/install/ros2_controllers_test_nodes:/home/nyann/ros2_ws/src/install/my_robot_controller:/opt/ros/humble /usr/bin/cmake --build /home/nyann/svan/svan_sw2/src/build/svan_gazebo -- -j16 -l16
[1.826s] Invoked command in '/home/nyann/svan/svan_sw2/src/build/svan_gazebo' returned '0': CMAKE_PREFIX_PATH=${CMAKE_PREFIX_PATH}:/home/nyann/ros2_ws/src/install/rqt_joint_trajectory_controller:/home/nyann/ros2_ws/src/install/rqt_controller_manager:/home/nyann/ros2_ws/src/install/ros2controlcli:/home/nyann/ros2_ws/src/install/ros2_controllers_test_nodes:/home/nyann/ros2_ws/src/install/my_robot_controller:/opt/ros/humble /usr/bin/cmake --build /home/nyann/svan/svan_sw2/src/build/svan_gazebo -- -j16 -l16
[1.880s] Invoking command in '/home/nyann/svan/svan_sw2/src/build/svan_gazebo': CMAKE_PREFIX_PATH=${CMAKE_PREFIX_PATH}:/home/nyann/ros2_ws/src/install/rqt_joint_trajectory_controller:/home/nyann/ros2_ws/src/install/rqt_controller_manager:/home/nyann/ros2_ws/src/install/ros2controlcli:/home/nyann/ros2_ws/src/install/ros2_controllers_test_nodes:/home/nyann/ros2_ws/src/install/my_robot_controller:/opt/ros/humble /usr/bin/cmake --install /home/nyann/svan/svan_sw2/src/build/svan_gazebo
[1.895s] -- Install configuration: ""
[1.895s] -- Installing: /home/nyann/svan/svan_sw2/src/install/svan_gazebo/share/ament_index/resource_index/package_run_dependencies/svan_gazebo
[1.895s] -- Installing: /home/nyann/svan/svan_sw2/src/install/svan_gazebo/share/ament_index/resource_index/parent_prefix_path/svan_gazebo
[1.895s] -- Installing: /home/nyann/svan/svan_sw2/src/install/svan_gazebo/share/svan_gazebo/environment/ament_prefix_path.sh
[1.895s] -- Installing: /home/nyann/svan/svan_sw2/src/install/svan_gazebo/share/svan_gazebo/environment/ament_prefix_path.dsv
[1.896s] -- Installing: /home/nyann/svan/svan_sw2/src/install/svan_gazebo/share/svan_gazebo/environment/path.sh
[1.896s] -- Installing: /home/nyann/svan/svan_sw2/src/install/svan_gazebo/share/svan_gazebo/environment/path.dsv
[1.896s] -- Installing: /home/nyann/svan/svan_sw2/src/install/svan_gazebo/share/svan_gazebo/local_setup.bash
[1.896s] -- Installing: /home/nyann/svan/svan_sw2/src/install/svan_gazebo/share/svan_gazebo/local_setup.sh
[1.896s] -- Installing: /home/nyann/svan/svan_sw2/src/install/svan_gazebo/share/svan_gazebo/local_setup.zsh
[1.896s] -- Installing: /home/nyann/svan/svan_sw2/src/install/svan_gazebo/share/svan_gazebo/local_setup.dsv
[1.896s] -- Installing: /home/nyann/svan/svan_sw2/src/install/svan_gazebo/share/svan_gazebo/package.dsv
[1.897s] -- Installing: /home/nyann/svan/svan_sw2/src/install/svan_gazebo/share/ament_index/resource_index/packages/svan_gazebo
[1.897s] -- Installing: /home/nyann/svan/svan_sw2/src/install/svan_gazebo/share/svan_gazebo/cmake/svan_gazeboConfig.cmake
[1.897s] -- Installing: /home/nyann/svan/svan_sw2/src/install/svan_gazebo/share/svan_gazebo/cmake/svan_gazeboConfig-version.cmake
[1.897s] -- Installing: /home/nyann/svan/svan_sw2/src/install/svan_gazebo/share/svan_gazebo/package.xml
[1.900s] Invoked command in '/home/nyann/svan/svan_sw2/src/build/svan_gazebo' returned '0': CMAKE_PREFIX_PATH=${CMAKE_PREFIX_PATH}:/home/nyann/ros2_ws/src/install/rqt_joint_trajectory_controller:/home/nyann/ros2_ws/src/install/rqt_controller_manager:/home/nyann/ros2_ws/src/install/ros2controlcli:/home/nyann/ros2_ws/src/install/ros2_controllers_test_nodes:/home/nyann/ros2_ws/src/install/my_robot_controller:/opt/ros/humble /usr/bin/cmake --install /home/nyann/svan/svan_sw2/src/build/svan_gazebo
