[0.041s] Invoking command in '/home/nyann/svan/svan_sw2/src/build/velodyne_description': CMAKE_PREFIX_PATH=${CMAKE_PREFIX_PATH}:/home/nyann/ros2_ws/src/install/rqt_joint_trajectory_controller:/home/nyann/ros2_ws/src/install/rqt_controller_manager:/home/nyann/ros2_ws/src/install/ros2controlcli:/home/nyann/ros2_ws/src/install/ros2_controllers_test_nodes:/home/nyann/ros2_ws/src/install/my_robot_controller:/opt/ros/humble /usr/bin/cmake /home/nyann/svan/svan_sw2/src/velodyne_description -DCMAKE_INSTALL_PREFIX=/home/nyann/svan/svan_sw2/src/install/velodyne_description
[0.119s] -- The C compiler identification is GNU 11.4.0
[0.183s] -- The CXX compiler identification is GNU 11.4.0
[0.192s] -- Detecting C compiler ABI info
[0.301s] -- Detecting C compiler ABI info - done
[0.307s] -- Check for working C compiler: /usr/bin/cc - skipped
[0.307s] -- Detecting C compile features
[0.307s] -- Detecting C compile features - done
[0.310s] -- Detecting CXX compiler ABI info
[0.426s] -- Detecting CXX compiler ABI info - done
[0.431s] -- Check for working CXX compiler: /usr/bin/c++ - skipped
[0.432s] -- Detecting CXX compile features
[0.432s] -- Detecting CXX compile features - done
[0.441s] -- Found ament_cmake: 1.3.9 (/opt/ros/humble/share/ament_cmake/cmake)
[0.634s] -- Found Python3: /usr/bin/python3 (found version "3.10.12") found components: Interpreter 
[0.883s] -- Configuring done
[0.886s] -- Generating done
[0.887s] -- Build files have been written to: /home/nyann/svan/svan_sw2/src/build/velodyne_description
[0.891s] Invoked command in '/home/nyann/svan/svan_sw2/src/build/velodyne_description' returned '0': CMAKE_PREFIX_PATH=${CMAKE_PREFIX_PATH}:/home/nyann/ros2_ws/src/install/rqt_joint_trajectory_controller:/home/nyann/ros2_ws/src/install/rqt_controller_manager:/home/nyann/ros2_ws/src/install/ros2controlcli:/home/nyann/ros2_ws/src/install/ros2_controllers_test_nodes:/home/nyann/ros2_ws/src/install/my_robot_controller:/opt/ros/humble /usr/bin/cmake /home/nyann/svan/svan_sw2/src/velodyne_description -DCMAKE_INSTALL_PREFIX=/home/nyann/svan/svan_sw2/src/install/velodyne_description
[0.893s] Invoking command in '/home/nyann/svan/svan_sw2/src/build/velodyne_description': CMAKE_PREFIX_PATH=${CMAKE_PREFIX_PATH}:/home/nyann/ros2_ws/src/install/rqt_joint_trajectory_controller:/home/nyann/ros2_ws/src/install/rqt_controller_manager:/home/nyann/ros2_ws/src/install/ros2controlcli:/home/nyann/ros2_ws/src/install/ros2_controllers_test_nodes:/home/nyann/ros2_ws/src/install/my_robot_controller:/opt/ros/humble /usr/bin/cmake --build /home/nyann/svan/svan_sw2/src/build/velodyne_description -- -j16 -l16
[0.960s] Invoked command in '/home/nyann/svan/svan_sw2/src/build/velodyne_description' returned '0': CMAKE_PREFIX_PATH=${CMAKE_PREFIX_PATH}:/home/nyann/ros2_ws/src/install/rqt_joint_trajectory_controller:/home/nyann/ros2_ws/src/install/rqt_controller_manager:/home/nyann/ros2_ws/src/install/ros2controlcli:/home/nyann/ros2_ws/src/install/ros2_controllers_test_nodes:/home/nyann/ros2_ws/src/install/my_robot_controller:/opt/ros/humble /usr/bin/cmake --build /home/nyann/svan/svan_sw2/src/build/velodyne_description -- -j16 -l16
[1.031s] Invoking command in '/home/nyann/svan/svan_sw2/src/build/velodyne_description': CMAKE_PREFIX_PATH=${CMAKE_PREFIX_PATH}:/home/nyann/ros2_ws/src/install/rqt_joint_trajectory_controller:/home/nyann/ros2_ws/src/install/rqt_controller_manager:/home/nyann/ros2_ws/src/install/ros2controlcli:/home/nyann/ros2_ws/src/install/ros2_controllers_test_nodes:/home/nyann/ros2_ws/src/install/my_robot_controller:/opt/ros/humble /usr/bin/cmake --install /home/nyann/svan/svan_sw2/src/build/velodyne_description
[1.044s] -- Install configuration: ""
[1.044s] -- Installing: /home/nyann/svan/svan_sw2/src/install/velodyne_description/share/ament_index/resource_index/package_run_dependencies/velodyne_description
[1.045s] -- Installing: /home/nyann/svan/svan_sw2/src/install/velodyne_description/share/ament_index/resource_index/parent_prefix_path/velodyne_description
[1.045s] -- Installing: /home/nyann/svan/svan_sw2/src/install/velodyne_description/share/velodyne_description/environment/ament_prefix_path.sh
[1.045s] -- Installing: /home/nyann/svan/svan_sw2/src/install/velodyne_description/share/velodyne_description/environment/ament_prefix_path.dsv
[1.045s] -- Installing: /home/nyann/svan/svan_sw2/src/install/velodyne_description/share/velodyne_description/environment/path.sh
[1.045s] -- Installing: /home/nyann/svan/svan_sw2/src/install/velodyne_description/share/velodyne_description/environment/path.dsv
[1.046s] -- Installing: /home/nyann/svan/svan_sw2/src/install/velodyne_description/share/velodyne_description/local_setup.bash
[1.046s] -- Installing: /home/nyann/svan/svan_sw2/src/install/velodyne_description/share/velodyne_description/local_setup.sh
[1.046s] -- Installing: /home/nyann/svan/svan_sw2/src/install/velodyne_description/share/velodyne_description/local_setup.zsh
[1.046s] -- Installing: /home/nyann/svan/svan_sw2/src/install/velodyne_description/share/velodyne_description/local_setup.dsv
[1.046s] -- Installing: /home/nyann/svan/svan_sw2/src/install/velodyne_description/share/velodyne_description/package.dsv
[1.046s] -- Installing: /home/nyann/svan/svan_sw2/src/install/velodyne_description/share/ament_index/resource_index/packages/velodyne_description
[1.046s] -- Installing: /home/nyann/svan/svan_sw2/src/install/velodyne_description/share/velodyne_description/cmake/velodyne_descriptionConfig.cmake
[1.047s] -- Installing: /home/nyann/svan/svan_sw2/src/install/velodyne_description/share/velodyne_description/cmake/velodyne_descriptionConfig-version.cmake
[1.047s] -- Installing: /home/nyann/svan/svan_sw2/src/install/velodyne_description/share/velodyne_description/package.xml
[1.047s] -- Installing: /home/nyann/svan/svan_sw2/src/install/velodyne_description/share/velodyne_description/launch
[1.047s] -- Installing: /home/nyann/svan/svan_sw2/src/install/velodyne_description/share/velodyne_description/launch/example-launch.py
[1.047s] -- Installing: /home/nyann/svan/svan_sw2/src/install/velodyne_description/share/velodyne_description/meshes
[1.047s] -- Installing: /home/nyann/svan/svan_sw2/src/install/velodyne_description/share/velodyne_description/meshes/VLP16_base_1.dae
[1.048s] -- Installing: /home/nyann/svan/svan_sw2/src/install/velodyne_description/share/velodyne_description/meshes/HDL32E_scan.stl
[1.049s] -- Installing: /home/nyann/svan/svan_sw2/src/install/velodyne_description/share/velodyne_description/meshes/VLP16_base_2.stl
[1.049s] -- Installing: /home/nyann/svan/svan_sw2/src/install/velodyne_description/share/velodyne_description/meshes/VLP16_base_2.dae
[1.050s] -- Installing: /home/nyann/svan/svan_sw2/src/install/velodyne_description/share/velodyne_description/meshes/VLP16_base_1.stl
[1.051s] -- Installing: /home/nyann/svan/svan_sw2/src/install/velodyne_description/share/velodyne_description/meshes/VLP16_scan.dae
[1.051s] -- Installing: /home/nyann/svan/svan_sw2/src/install/velodyne_description/share/velodyne_description/meshes/HDL32E_scan.dae
[1.052s] -- Installing: /home/nyann/svan/svan_sw2/src/install/velodyne_description/share/velodyne_description/meshes/HDL32E_base.stl
[1.052s] -- Installing: /home/nyann/svan/svan_sw2/src/install/velodyne_description/share/velodyne_description/meshes/VLP16_scan.stl
[1.053s] -- Installing: /home/nyann/svan/svan_sw2/src/install/velodyne_description/share/velodyne_description/meshes/HDL32E_base.dae
[1.053s] -- Installing: /home/nyann/svan/svan_sw2/src/install/velodyne_description/share/velodyne_description/rviz
[1.053s] -- Installing: /home/nyann/svan/svan_sw2/src/install/velodyne_description/share/velodyne_description/rviz/example.rviz
[1.054s] -- Installing: /home/nyann/svan/svan_sw2/src/install/velodyne_description/share/velodyne_description/urdf
[1.054s] -- Installing: /home/nyann/svan/svan_sw2/src/install/velodyne_description/share/velodyne_description/urdf/example.urdf.xacro
[1.054s] -- Installing: /home/nyann/svan/svan_sw2/src/install/velodyne_description/share/velodyne_description/urdf/VLP-16.urdf.xacro
[1.054s] -- Installing: /home/nyann/svan/svan_sw2/src/install/velodyne_description/share/velodyne_description/urdf/HDL-32E.urdf.xacro
[1.055s] -- Installing: /home/nyann/svan/svan_sw2/src/install/velodyne_description/share/velodyne_description/urdf/VLP-32C.urdf.xacro
[1.055s] -- Installing: /home/nyann/svan/svan_sw2/src/install/velodyne_description/share/velodyne_description/world
[1.055s] -- Installing: /home/nyann/svan/svan_sw2/src/install/velodyne_description/share/velodyne_description/world/example.world
[1.057s] Invoked command in '/home/nyann/svan/svan_sw2/src/build/velodyne_description' returned '0': CMAKE_PREFIX_PATH=${CMAKE_PREFIX_PATH}:/home/nyann/ros2_ws/src/install/rqt_joint_trajectory_controller:/home/nyann/ros2_ws/src/install/rqt_controller_manager:/home/nyann/ros2_ws/src/install/ros2controlcli:/home/nyann/ros2_ws/src/install/ros2_controllers_test_nodes:/home/nyann/ros2_ws/src/install/my_robot_controller:/opt/ros/humble /usr/bin/cmake --install /home/nyann/svan/svan_sw2/src/build/velodyne_description
