-- Install configuration: ""
-- Up-to-date: /home/nyann/svan/svan_sw2/src/install/svanm2_description/share/svanm2_description//launch
-- Up-to-date: /home/nyann/svan/svan_sw2/src/install/svanm2_description/share/svanm2_description//launch/gazebo.launch.py
-- Up-to-date: /home/nyann/svan/svan_sw2/src/install/svanm2_description/share/svanm2_description//launch/display.launch.xml
-- Up-to-date: /home/nyann/svan/svan_sw2/src/install/svanm2_description/share/svanm2_description//launch/position.launch.py
-- Up-to-date: /home/nyann/svan/svan_sw2/src/install/svanm2_description/share/svanm2_description//launch/__pycache__
-- Up-to-date: /home/nyann/svan/svan_sw2/src/install/svanm2_description/share/svanm2_description//launch/__pycache__/display.launch.cpython-310.pyc
-- Up-to-date: /home/nyann/svan/svan_sw2/src/install/svanm2_description/share/svanm2_description//launch/display.launch.py
-- Up-to-date: /home/nyann/svan/svan_sw2/src/install/svanm2_description/share/svanm2_description//launch/gazebo.launch.xml
-- Up-to-date: /home/nyann/svan/svan_sw2/src/install/svanm2_description/share/svanm2_description//meshes
-- Up-to-date: /home/nyann/svan/svan_sw2/src/install/svanm2_description/share/svanm2_description//meshes/Empty_Link4.STL
-- Up-to-date: /home/nyann/svan/svan_sw2/src/install/svanm2_description/share/svanm2_description//meshes/sensors_meshes
-- Up-to-date: /home/nyann/svan/svan_sw2/src/install/svanm2_description/share/svanm2_description//meshes/sensors_meshes/r200.dae
-- Up-to-date: /home/nyann/svan/svan_sw2/src/install/svanm2_description/share/svanm2_description//meshes/sensors_meshes/t265.stl
-- Up-to-date: /home/nyann/svan/svan_sw2/src/install/svanm2_description/share/svanm2_description//meshes/sensors_meshes/lds.stl
-- Up-to-date: /home/nyann/svan/svan_sw2/src/install/svanm2_description/share/svanm2_description//meshes/sensors_meshes/astra.dae
-- Up-to-date: /home/nyann/svan/svan_sw2/src/install/svanm2_description/share/svanm2_description//meshes/sensors_meshes/d435.dae
-- Up-to-date: /home/nyann/svan/svan_sw2/src/install/svanm2_description/share/svanm2_description//meshes/sensors_meshes/astra.jpg
-- Up-to-date: /home/nyann/svan/svan_sw2/src/install/svanm2_description/share/svanm2_description//meshes/sensors_meshes/r200.jpg
-- Up-to-date: /home/nyann/svan/svan_sw2/src/install/svanm2_description/share/svanm2_description//meshes/sensors_meshes/d415.stl
-- Up-to-date: /home/nyann/svan/svan_sw2/src/install/svanm2_description/share/svanm2_description//meshes/LH_THIGH.STL
-- Up-to-date: /home/nyann/svan/svan_sw2/src/install/svanm2_description/share/svanm2_description//meshes/RH_HIP.STL
-- Up-to-date: /home/nyann/svan/svan_sw2/src/install/svanm2_description/share/svanm2_description//meshes/LH_HIP.STL
-- Up-to-date: /home/nyann/svan/svan_sw2/src/install/svanm2_description/share/svanm2_description//meshes/RF_SHANK.STL
-- Up-to-date: /home/nyann/svan/svan_sw2/src/install/svanm2_description/share/svanm2_description//meshes/RF_HIP.STL
-- Up-to-date: /home/nyann/svan/svan_sw2/src/install/svanm2_description/share/svanm2_description//meshes/Empty_Link1.STL
-- Up-to-date: /home/nyann/svan/svan_sw2/src/install/svanm2_description/share/svanm2_description//meshes/LF_THIGH.STL
-- Up-to-date: /home/nyann/svan/svan_sw2/src/install/svanm2_description/share/svanm2_description//meshes/LF_HIP.STL
-- Up-to-date: /home/nyann/svan/svan_sw2/src/install/svanm2_description/share/svanm2_description//meshes/RF_THIGH.STL
-- Up-to-date: /home/nyann/svan/svan_sw2/src/install/svanm2_description/share/svanm2_description//meshes/Empty_Link2.STL
-- Up-to-date: /home/nyann/svan/svan_sw2/src/install/svanm2_description/share/svanm2_description//meshes/LH_SHANK.STL
-- Up-to-date: /home/nyann/svan/svan_sw2/src/install/svanm2_description/share/svanm2_description//meshes/RH_SHANK.STL
-- Up-to-date: /home/nyann/svan/svan_sw2/src/install/svanm2_description/share/svanm2_description//meshes/Empty_Link3.STL
-- Up-to-date: /home/nyann/svan/svan_sw2/src/install/svanm2_description/share/svanm2_description//meshes/LF_SHANK.STL
-- Up-to-date: /home/nyann/svan/svan_sw2/src/install/svanm2_description/share/svanm2_description//meshes/RH_THIGH.STL
-- Up-to-date: /home/nyann/svan/svan_sw2/src/install/svanm2_description/share/svanm2_description//meshes/BASE.STL
-- Up-to-date: /home/nyann/svan/svan_sw2/src/install/svanm2_description/share/svanm2_description//xacro
-- Up-to-date: /home/nyann/svan/svan_sw2/src/install/svanm2_description/share/svanm2_description//xacro/just_test.py
-- Up-to-date: /home/nyann/svan/svan_sw2/src/install/svanm2_description/share/svanm2_description//xacro/const.xacro
-- Up-to-date: /home/nyann/svan/svan_sw2/src/install/svanm2_description/share/svanm2_description//xacro/your.urdf
-- Up-to-date: /home/nyann/svan/svan_sw2/src/install/svanm2_description/share/svanm2_description//xacro/robot.xacro
-- Up-to-date: /home/nyann/svan/svan_sw2/src/install/svanm2_description/share/svanm2_description//xacro/svanM2_robot.xacro
-- Up-to-date: /home/nyann/svan/svan_sw2/src/install/svanm2_description/share/svanm2_description//xacro/your_urdf.urdf
-- Up-to-date: /home/nyann/svan/svan_sw2/src/install/svanm2_description/share/svanm2_description//xacro/gazebo.xacro
-- Up-to-date: /home/nyann/svan/svan_sw2/src/install/svanm2_description/share/svanm2_description//xacro/materials.xacro
-- Up-to-date: /home/nyann/svan/svan_sw2/src/install/svanm2_description/share/svanm2_description//xacro/leg.xacro
-- Up-to-date: /home/nyann/svan/svan_sw2/src/install/svanm2_description/share/svanm2_description//urdf
-- Up-to-date: /home/nyann/svan/svan_sw2/src/install/svanm2_description/share/svanm2_description//urdf/_d435.gazebo.xacro
-- Up-to-date: /home/nyann/svan/svan_sw2/src/install/svanm2_description/share/svanm2_description//urdf/svanm2_cam.urdf
-- Up-to-date: /home/nyann/svan/svan_sw2/src/install/svanm2_description/share/svanm2_description//urdf/_d435.urdf.xacro
-- Up-to-date: /home/nyann/svan/svan_sw2/src/install/svanm2_description/share/svanm2_description//urdf/anymal.urdf
-- Up-to-date: /home/nyann/svan/svan_sw2/src/install/svanm2_description/share/svanm2_description//urdf/m2.urdf
-- Up-to-date: /home/nyann/svan/svan_sw2/src/install/svanm2_description/share/svanm2_description//urdf/log
-- Up-to-date: /home/nyann/svan/svan_sw2/src/install/svanm2_description/share/svanm2_description//urdf/log/edit_2024-05-17_13-19-22
-- Up-to-date: /home/nyann/svan/svan_sw2/src/install/svanm2_description/share/svanm2_description//urdf/log/edit_2024-05-17_13-19-22/logger_all.log
-- Up-to-date: /home/nyann/svan/svan_sw2/src/install/svanm2_description/share/svanm2_description//urdf/log/latest_edit
-- Up-to-date: /home/nyann/svan/svan_sw2/src/install/svanm2_description/share/svanm2_description//urdf/log/COLCON_IGNORE
-- Up-to-date: /home/nyann/svan/svan_sw2/src/install/svanm2_description/share/svanm2_description//urdf/log/edit_2024-05-17_13-20-03
-- Up-to-date: /home/nyann/svan/svan_sw2/src/install/svanm2_description/share/svanm2_description//urdf/log/edit_2024-05-17_13-20-03/logger_all.log
-- Up-to-date: /home/nyann/svan/svan_sw2/src/install/svanm2_description/share/svanm2_description//urdf/log/latest
-- Up-to-date: /home/nyann/svan/svan_sw2/src/install/svanm2_description/share/svanm2_description//urdf/svanm2.urdf
-- Up-to-date: /home/nyann/svan/svan_sw2/src/install/svanm2_description/share/svanm2_description//urdf/svanM2.csv
-- Up-to-date: /home/nyann/svan/svan_sw2/src/install/svanm2_description/share/svanm2_description//config
-- Up-to-date: /home/nyann/svan/svan_sw2/src/install/svanm2_description/share/svanm2_description//config/joint_names_SVANM2_URDF.yaml
-- Up-to-date: /home/nyann/svan/svan_sw2/src/install/svanm2_description/share/svanm2_description//config/command.txt
-- Installing: /home/nyann/svan/svan_sw2/src/install/svanm2_description/share/svanm2_description//config/controller_configuration.yaml
-- Up-to-date: /home/nyann/svan/svan_sw2/src/install/svanm2_description/share/svanm2_description//config/position_controller.yaml
-- Installing: /home/nyann/svan/svan_sw2/src/install/svanm2_description/share/svanm2_description//config/issues.txt
-- Up-to-date: /home/nyann/svan/svan_sw2/src/install/svanm2_description/share/svanm2_description//config/joint_names_SVAN_URDF4.yaml
-- Up-to-date: /home/nyann/svan/svan_sw2/src/install/svanm2_description/share/ament_index/resource_index/package_run_dependencies/svanm2_description
-- Up-to-date: /home/nyann/svan/svan_sw2/src/install/svanm2_description/share/ament_index/resource_index/parent_prefix_path/svanm2_description
-- Up-to-date: /home/nyann/svan/svan_sw2/src/install/svanm2_description/share/svanm2_description/environment/ament_prefix_path.sh
-- Up-to-date: /home/nyann/svan/svan_sw2/src/install/svanm2_description/share/svanm2_description/environment/ament_prefix_path.dsv
-- Up-to-date: /home/nyann/svan/svan_sw2/src/install/svanm2_description/share/svanm2_description/environment/path.sh
-- Up-to-date: /home/nyann/svan/svan_sw2/src/install/svanm2_description/share/svanm2_description/environment/path.dsv
-- Up-to-date: /home/nyann/svan/svan_sw2/src/install/svanm2_description/share/svanm2_description/local_setup.bash
-- Up-to-date: /home/nyann/svan/svan_sw2/src/install/svanm2_description/share/svanm2_description/local_setup.sh
-- Up-to-date: /home/nyann/svan/svan_sw2/src/install/svanm2_description/share/svanm2_description/local_setup.zsh
-- Up-to-date: /home/nyann/svan/svan_sw2/src/install/svanm2_description/share/svanm2_description/local_setup.dsv
-- Installing: /home/nyann/svan/svan_sw2/src/install/svanm2_description/share/svanm2_description/package.dsv
-- Up-to-date: /home/nyann/svan/svan_sw2/src/install/svanm2_description/share/ament_index/resource_index/packages/svanm2_description
-- Up-to-date: /home/nyann/svan/svan_sw2/src/install/svanm2_description/share/svanm2_description/cmake/svanm2_descriptionConfig.cmake
-- Up-to-date: /home/nyann/svan/svan_sw2/src/install/svanm2_description/share/svanm2_description/cmake/svanm2_descriptionConfig-version.cmake
-- Up-to-date: /home/nyann/svan/svan_sw2/src/install/svanm2_description/share/svanm2_description/package.xml
