[0.144s] DEBUG:colcon:Command line arguments: ['/home/nyann/.local/bin/colcon', 'build']
[0.144s] DEBUG:colcon:Parsed command line arguments: Namespace(log_base=None, log_level=None, verb_name='build', build_base='build', install_base='install', merge_install=False, symlink_install=False, test_result_base=None, continue_on_error=False, executor='parallel', parallel_workers=16, event_handlers=None, ignore_user_meta=False, metas=['./colcon.meta'], base_paths=['.'], packages_ignore=None, packages_ignore_regex=None, paths=None, packages_up_to=None, packages_up_to_regex=None, packages_above=None, packages_above_and_dependencies=None, packages_above_depth=None, packages_select_by_dep=None, packages_skip_by_dep=None, packages_skip_up_to=None, packages_select_build_failed=False, packages_skip_build_finished=False, packages_select_test_failures=False, packages_skip_test_passed=False, packages_select=None, packages_skip=None, packages_select_regex=None, packages_skip_regex=None, packages_start=None, packages_end=None, allow_overriding=[], cmake_args=None, cmake_target=None, cmake_target_skip_unavailable=False, cmake_clean_cache=False, cmake_clean_first=False, cmake_force_configure=False, ament_cmake_args=None, catkin_cmake_args=None, catkin_skip_building_tests=False, mixin_files=None, mixin=None, verb_parser=<colcon_mixin.mixin.mixin_argument.MixinArgumentDecorator object at 0x7944f6d7ba60>, verb_extension=<colcon_core.verb.build.BuildVerb object at 0x7944f6f5c610>, main=<bound method BuildVerb.main of <colcon_core.verb.build.BuildVerb object at 0x7944f6f5c610>>, mixin_verb=('build',))
[0.307s] Level 1:colcon.colcon_core.package_discovery:discover_packages(colcon_meta) check parameters
[0.307s] Level 1:colcon.colcon_core.package_discovery:discover_packages(recursive) check parameters
[0.307s] Level 1:colcon.colcon_core.package_discovery:discover_packages(ignore) check parameters
[0.307s] Level 1:colcon.colcon_core.package_discovery:discover_packages(path) check parameters
[0.307s] Level 1:colcon.colcon_core.package_discovery:discover_packages(colcon_meta) discover
[0.307s] Level 1:colcon.colcon_core.package_discovery:discover_packages(recursive) discover
[0.307s] INFO:colcon.colcon_core.package_discovery:Crawling recursively for packages in '/home/nyann/svan/svan_sw2/src'
[0.307s] Level 1:colcon.colcon_core.package_identification:_identify(.) by extensions ['ignore', 'ignore_ament_install']
[0.307s] Level 1:colcon.colcon_core.package_identification:_identify(.) by extension 'ignore'
[0.308s] Level 1:colcon.colcon_core.package_identification:_identify(.) by extension 'ignore_ament_install'
[0.308s] Level 1:colcon.colcon_core.package_identification:_identify(.) by extensions ['colcon_pkg']
[0.308s] Level 1:colcon.colcon_core.package_identification:_identify(.) by extension 'colcon_pkg'
[0.308s] Level 1:colcon.colcon_core.package_identification:_identify(.) by extensions ['colcon_meta']
[0.308s] Level 1:colcon.colcon_core.package_identification:_identify(.) by extension 'colcon_meta'
[0.308s] Level 1:colcon.colcon_core.package_identification:_identify(.) by extensions ['ros']
[0.308s] Level 1:colcon.colcon_core.package_identification:_identify(.) by extension 'ros'
[0.316s] Level 1:colcon.colcon_core.package_identification:_identify(.) by extensions ['cmake', 'python']
[0.316s] Level 1:colcon.colcon_core.package_identification:_identify(.) by extension 'cmake'
[0.316s] Level 1:colcon.colcon_core.package_identification:_identify(.) by extension 'python'
[0.316s] Level 1:colcon.colcon_core.package_identification:_identify(.) by extensions ['python_setup_py']
[0.316s] Level 1:colcon.colcon_core.package_identification:_identify(.) by extension 'python_setup_py'
[0.317s] Level 1:colcon.colcon_core.package_identification:_identify(build) by extensions ['ignore', 'ignore_ament_install']
[0.317s] Level 1:colcon.colcon_core.package_identification:_identify(build) by extension 'ignore'
[0.317s] Level 1:colcon.colcon_core.package_identification:_identify(build) ignored
[0.317s] Level 1:colcon.colcon_core.package_identification:_identify(install) by extensions ['ignore', 'ignore_ament_install']
[0.317s] Level 1:colcon.colcon_core.package_identification:_identify(install) by extension 'ignore'
[0.317s] Level 1:colcon.colcon_core.package_identification:_identify(install) ignored
[0.317s] Level 1:colcon.colcon_core.package_identification:_identify(log) by extensions ['ignore', 'ignore_ament_install']
[0.317s] Level 1:colcon.colcon_core.package_identification:_identify(log) by extension 'ignore'
[0.317s] Level 1:colcon.colcon_core.package_identification:_identify(log) ignored
[0.317s] Level 1:colcon.colcon_core.package_identification:_identify(m2_champ) by extensions ['ignore', 'ignore_ament_install']
[0.317s] Level 1:colcon.colcon_core.package_identification:_identify(m2_champ) by extension 'ignore'
[0.318s] Level 1:colcon.colcon_core.package_identification:_identify(m2_champ) by extension 'ignore_ament_install'
[0.318s] Level 1:colcon.colcon_core.package_identification:_identify(m2_champ) by extensions ['colcon_pkg']
[0.318s] Level 1:colcon.colcon_core.package_identification:_identify(m2_champ) by extension 'colcon_pkg'
[0.318s] Level 1:colcon.colcon_core.package_identification:_identify(m2_champ) by extensions ['colcon_meta']
[0.318s] Level 1:colcon.colcon_core.package_identification:_identify(m2_champ) by extension 'colcon_meta'
[0.318s] Level 1:colcon.colcon_core.package_identification:_identify(m2_champ) by extensions ['ros']
[0.318s] Level 1:colcon.colcon_core.package_identification:_identify(m2_champ) by extension 'ros'
[0.318s] Level 1:colcon.colcon_core.package_identification:_identify(m2_champ) by extensions ['cmake', 'python']
[0.318s] Level 1:colcon.colcon_core.package_identification:_identify(m2_champ) by extension 'cmake'
[0.318s] Level 1:colcon.colcon_core.package_identification:_identify(m2_champ) by extension 'python'
[0.318s] Level 1:colcon.colcon_core.package_identification:_identify(m2_champ) by extensions ['python_setup_py']
[0.318s] Level 1:colcon.colcon_core.package_identification:_identify(m2_champ) by extension 'python_setup_py'
[0.318s] Level 1:colcon.colcon_core.package_identification:_identify(rosbag2_2024_06_10-19_30_00) by extensions ['ignore', 'ignore_ament_install']
[0.318s] Level 1:colcon.colcon_core.package_identification:_identify(rosbag2_2024_06_10-19_30_00) by extension 'ignore'
[0.318s] Level 1:colcon.colcon_core.package_identification:_identify(rosbag2_2024_06_10-19_30_00) by extension 'ignore_ament_install'
[0.318s] Level 1:colcon.colcon_core.package_identification:_identify(rosbag2_2024_06_10-19_30_00) by extensions ['colcon_pkg']
[0.318s] Level 1:colcon.colcon_core.package_identification:_identify(rosbag2_2024_06_10-19_30_00) by extension 'colcon_pkg'
[0.318s] Level 1:colcon.colcon_core.package_identification:_identify(rosbag2_2024_06_10-19_30_00) by extensions ['colcon_meta']
[0.318s] Level 1:colcon.colcon_core.package_identification:_identify(rosbag2_2024_06_10-19_30_00) by extension 'colcon_meta'
[0.319s] Level 1:colcon.colcon_core.package_identification:_identify(rosbag2_2024_06_10-19_30_00) by extensions ['ros']
[0.319s] Level 1:colcon.colcon_core.package_identification:_identify(rosbag2_2024_06_10-19_30_00) by extension 'ros'
[0.319s] Level 1:colcon.colcon_core.package_identification:_identify(rosbag2_2024_06_10-19_30_00) by extensions ['cmake', 'python']
[0.319s] Level 1:colcon.colcon_core.package_identification:_identify(rosbag2_2024_06_10-19_30_00) by extension 'cmake'
[0.319s] Level 1:colcon.colcon_core.package_identification:_identify(rosbag2_2024_06_10-19_30_00) by extension 'python'
[0.319s] Level 1:colcon.colcon_core.package_identification:_identify(rosbag2_2024_06_10-19_30_00) by extensions ['python_setup_py']
[0.319s] Level 1:colcon.colcon_core.package_identification:_identify(rosbag2_2024_06_10-19_30_00) by extension 'python_setup_py'
[0.319s] Level 1:colcon.colcon_core.package_identification:_identify(svanm2_description) by extensions ['ignore', 'ignore_ament_install']
[0.319s] Level 1:colcon.colcon_core.package_identification:_identify(svanm2_description) by extension 'ignore'
[0.319s] Level 1:colcon.colcon_core.package_identification:_identify(svanm2_description) by extension 'ignore_ament_install'
[0.319s] Level 1:colcon.colcon_core.package_identification:_identify(svanm2_description) by extensions ['colcon_pkg']
[0.319s] Level 1:colcon.colcon_core.package_identification:_identify(svanm2_description) by extension 'colcon_pkg'
[0.319s] Level 1:colcon.colcon_core.package_identification:_identify(svanm2_description) by extensions ['colcon_meta']
[0.319s] Level 1:colcon.colcon_core.package_identification:_identify(svanm2_description) by extension 'colcon_meta'
[0.319s] Level 1:colcon.colcon_core.package_identification:_identify(svanm2_description) by extensions ['ros']
[0.319s] Level 1:colcon.colcon_core.package_identification:_identify(svanm2_description) by extension 'ros'
[0.321s] DEBUG:colcon.colcon_core.package_identification:Package 'svanm2_description' with type 'ros.ament_cmake' and name 'svanm2_description'
[0.321s] Level 1:colcon.colcon_core.package_identification:_identify(velodyne_description) by extensions ['ignore', 'ignore_ament_install']
[0.321s] Level 1:colcon.colcon_core.package_identification:_identify(velodyne_description) by extension 'ignore'
[0.321s] Level 1:colcon.colcon_core.package_identification:_identify(velodyne_description) by extension 'ignore_ament_install'
[0.321s] Level 1:colcon.colcon_core.package_identification:_identify(velodyne_description) by extensions ['colcon_pkg']
[0.321s] Level 1:colcon.colcon_core.package_identification:_identify(velodyne_description) by extension 'colcon_pkg'
[0.321s] Level 1:colcon.colcon_core.package_identification:_identify(velodyne_description) by extensions ['colcon_meta']
[0.321s] Level 1:colcon.colcon_core.package_identification:_identify(velodyne_description) by extension 'colcon_meta'
[0.322s] Level 1:colcon.colcon_core.package_identification:_identify(velodyne_description) by extensions ['ros']
[0.322s] Level 1:colcon.colcon_core.package_identification:_identify(velodyne_description) by extension 'ros'
[0.322s] DEBUG:colcon.colcon_core.package_identification:Package 'velodyne_description' with type 'ros.ament_cmake' and name 'velodyne_description'
[0.322s] Level 1:colcon.colcon_core.package_identification:_identify(velodyne_gazebo_plugins) by extensions ['ignore', 'ignore_ament_install']
[0.322s] Level 1:colcon.colcon_core.package_identification:_identify(velodyne_gazebo_plugins) by extension 'ignore'
[0.322s] Level 1:colcon.colcon_core.package_identification:_identify(velodyne_gazebo_plugins) by extension 'ignore_ament_install'
[0.322s] Level 1:colcon.colcon_core.package_identification:_identify(velodyne_gazebo_plugins) by extensions ['colcon_pkg']
[0.322s] Level 1:colcon.colcon_core.package_identification:_identify(velodyne_gazebo_plugins) by extension 'colcon_pkg'
[0.322s] Level 1:colcon.colcon_core.package_identification:_identify(velodyne_gazebo_plugins) by extensions ['colcon_meta']
[0.322s] Level 1:colcon.colcon_core.package_identification:_identify(velodyne_gazebo_plugins) by extension 'colcon_meta'
[0.322s] Level 1:colcon.colcon_core.package_identification:_identify(velodyne_gazebo_plugins) by extensions ['ros']
[0.322s] Level 1:colcon.colcon_core.package_identification:_identify(velodyne_gazebo_plugins) by extension 'ros'
[0.323s] DEBUG:colcon.colcon_core.package_identification:Package 'velodyne_gazebo_plugins' with type 'ros.ament_cmake' and name 'velodyne_gazebo_plugins'
[0.323s] Level 1:colcon.colcon_core.package_identification:_identify(velodyne_simulator) by extensions ['ignore', 'ignore_ament_install']
[0.323s] Level 1:colcon.colcon_core.package_identification:_identify(velodyne_simulator) by extension 'ignore'
[0.323s] Level 1:colcon.colcon_core.package_identification:_identify(velodyne_simulator) by extension 'ignore_ament_install'
[0.323s] Level 1:colcon.colcon_core.package_identification:_identify(velodyne_simulator) by extensions ['colcon_pkg']
[0.323s] Level 1:colcon.colcon_core.package_identification:_identify(velodyne_simulator) by extension 'colcon_pkg'
[0.323s] Level 1:colcon.colcon_core.package_identification:_identify(velodyne_simulator) by extensions ['colcon_meta']
[0.323s] Level 1:colcon.colcon_core.package_identification:_identify(velodyne_simulator) by extension 'colcon_meta'
[0.323s] Level 1:colcon.colcon_core.package_identification:_identify(velodyne_simulator) by extensions ['ros']
[0.323s] Level 1:colcon.colcon_core.package_identification:_identify(velodyne_simulator) by extension 'ros'
[0.324s] DEBUG:colcon.colcon_core.package_identification:Package 'velodyne_simulator' with type 'ros.ament_cmake' and name 'velodyne_simulator'
[0.324s] Level 1:colcon.colcon_core.package_discovery:discover_packages(recursive) using defaults
[0.324s] Level 1:colcon.colcon_core.package_discovery:discover_packages(ignore) discover
[0.324s] Level 1:colcon.colcon_core.package_discovery:discover_packages(ignore) using defaults
[0.324s] Level 1:colcon.colcon_core.package_discovery:discover_packages(path) discover
[0.324s] Level 1:colcon.colcon_core.package_discovery:discover_packages(path) using defaults
[0.352s] Level 1:colcon.colcon_core.package_discovery:discover_packages(prefix_path) check parameters
[0.352s] Level 1:colcon.colcon_core.package_discovery:discover_packages(prefix_path) discover
[0.356s] DEBUG:colcon.colcon_installed_package_information.package_discovery:Found 6 installed packages in /home/nyann/svan/svan_sw2/src/install
[0.358s] DEBUG:colcon.colcon_installed_package_information.package_discovery:Found 58 installed packages in /home/nyann/ros2_ws/src/install
[0.360s] DEBUG:colcon.colcon_installed_package_information.package_discovery:Found 409 installed packages in /opt/ros/humble
[0.362s] Level 1:colcon.colcon_core.package_discovery:discover_packages(prefix_path) using defaults
[0.406s] Level 5:colcon.colcon_core.verb:set package 'svanm2_description' build argument 'cmake_args' from command line to 'None'
[0.406s] Level 5:colcon.colcon_core.verb:set package 'svanm2_description' build argument 'cmake_target' from command line to 'None'
[0.406s] Level 5:colcon.colcon_core.verb:set package 'svanm2_description' build argument 'cmake_target_skip_unavailable' from command line to 'False'
[0.406s] Level 5:colcon.colcon_core.verb:set package 'svanm2_description' build argument 'cmake_clean_cache' from command line to 'False'
[0.406s] Level 5:colcon.colcon_core.verb:set package 'svanm2_description' build argument 'cmake_clean_first' from command line to 'False'
[0.406s] Level 5:colcon.colcon_core.verb:set package 'svanm2_description' build argument 'cmake_force_configure' from command line to 'False'
[0.406s] Level 5:colcon.colcon_core.verb:set package 'svanm2_description' build argument 'ament_cmake_args' from command line to 'None'
[0.406s] Level 5:colcon.colcon_core.verb:set package 'svanm2_description' build argument 'catkin_cmake_args' from command line to 'None'
[0.406s] Level 5:colcon.colcon_core.verb:set package 'svanm2_description' build argument 'catkin_skip_building_tests' from command line to 'False'
[0.406s] DEBUG:colcon.colcon_core.verb:Building package 'svanm2_description' with the following arguments: {'ament_cmake_args': None, 'build_base': '/home/nyann/svan/svan_sw2/src/build/svanm2_description', 'catkin_cmake_args': None, 'catkin_skip_building_tests': False, 'cmake_args': None, 'cmake_clean_cache': False, 'cmake_clean_first': False, 'cmake_force_configure': False, 'cmake_target': None, 'cmake_target_skip_unavailable': False, 'install_base': '/home/nyann/svan/svan_sw2/src/install/svanm2_description', 'merge_install': False, 'path': '/home/nyann/svan/svan_sw2/src/svanm2_description', 'symlink_install': False, 'test_result_base': None}
[0.406s] Level 5:colcon.colcon_core.verb:set package 'velodyne_description' build argument 'cmake_args' from command line to 'None'
[0.406s] Level 5:colcon.colcon_core.verb:set package 'velodyne_description' build argument 'cmake_target' from command line to 'None'
[0.406s] Level 5:colcon.colcon_core.verb:set package 'velodyne_description' build argument 'cmake_target_skip_unavailable' from command line to 'False'
[0.406s] Level 5:colcon.colcon_core.verb:set package 'velodyne_description' build argument 'cmake_clean_cache' from command line to 'False'
[0.406s] Level 5:colcon.colcon_core.verb:set package 'velodyne_description' build argument 'cmake_clean_first' from command line to 'False'
[0.406s] Level 5:colcon.colcon_core.verb:set package 'velodyne_description' build argument 'cmake_force_configure' from command line to 'False'
[0.406s] Level 5:colcon.colcon_core.verb:set package 'velodyne_description' build argument 'ament_cmake_args' from command line to 'None'
[0.406s] Level 5:colcon.colcon_core.verb:set package 'velodyne_description' build argument 'catkin_cmake_args' from command line to 'None'
[0.406s] Level 5:colcon.colcon_core.verb:set package 'velodyne_description' build argument 'catkin_skip_building_tests' from command line to 'False'
[0.407s] DEBUG:colcon.colcon_core.verb:Building package 'velodyne_description' with the following arguments: {'ament_cmake_args': None, 'build_base': '/home/nyann/svan/svan_sw2/src/build/velodyne_description', 'catkin_cmake_args': None, 'catkin_skip_building_tests': False, 'cmake_args': None, 'cmake_clean_cache': False, 'cmake_clean_first': False, 'cmake_force_configure': False, 'cmake_target': None, 'cmake_target_skip_unavailable': False, 'install_base': '/home/nyann/svan/svan_sw2/src/install/velodyne_description', 'merge_install': False, 'path': '/home/nyann/svan/svan_sw2/src/velodyne_description', 'symlink_install': False, 'test_result_base': None}
[0.407s] Level 5:colcon.colcon_core.verb:set package 'velodyne_gazebo_plugins' build argument 'cmake_args' from command line to 'None'
[0.407s] Level 5:colcon.colcon_core.verb:set package 'velodyne_gazebo_plugins' build argument 'cmake_target' from command line to 'None'
[0.407s] Level 5:colcon.colcon_core.verb:set package 'velodyne_gazebo_plugins' build argument 'cmake_target_skip_unavailable' from command line to 'False'
[0.407s] Level 5:colcon.colcon_core.verb:set package 'velodyne_gazebo_plugins' build argument 'cmake_clean_cache' from command line to 'False'
[0.407s] Level 5:colcon.colcon_core.verb:set package 'velodyne_gazebo_plugins' build argument 'cmake_clean_first' from command line to 'False'
[0.407s] Level 5:colcon.colcon_core.verb:set package 'velodyne_gazebo_plugins' build argument 'cmake_force_configure' from command line to 'False'
[0.407s] Level 5:colcon.colcon_core.verb:set package 'velodyne_gazebo_plugins' build argument 'ament_cmake_args' from command line to 'None'
[0.407s] Level 5:colcon.colcon_core.verb:set package 'velodyne_gazebo_plugins' build argument 'catkin_cmake_args' from command line to 'None'
[0.407s] Level 5:colcon.colcon_core.verb:set package 'velodyne_gazebo_plugins' build argument 'catkin_skip_building_tests' from command line to 'False'
[0.407s] DEBUG:colcon.colcon_core.verb:Building package 'velodyne_gazebo_plugins' with the following arguments: {'ament_cmake_args': None, 'build_base': '/home/nyann/svan/svan_sw2/src/build/velodyne_gazebo_plugins', 'catkin_cmake_args': None, 'catkin_skip_building_tests': False, 'cmake_args': None, 'cmake_clean_cache': False, 'cmake_clean_first': False, 'cmake_force_configure': False, 'cmake_target': None, 'cmake_target_skip_unavailable': False, 'install_base': '/home/nyann/svan/svan_sw2/src/install/velodyne_gazebo_plugins', 'merge_install': False, 'path': '/home/nyann/svan/svan_sw2/src/velodyne_gazebo_plugins', 'symlink_install': False, 'test_result_base': None}
[0.407s] Level 5:colcon.colcon_core.verb:set package 'velodyne_simulator' build argument 'cmake_args' from command line to 'None'
[0.407s] Level 5:colcon.colcon_core.verb:set package 'velodyne_simulator' build argument 'cmake_target' from command line to 'None'
[0.407s] Level 5:colcon.colcon_core.verb:set package 'velodyne_simulator' build argument 'cmake_target_skip_unavailable' from command line to 'False'
[0.407s] Level 5:colcon.colcon_core.verb:set package 'velodyne_simulator' build argument 'cmake_clean_cache' from command line to 'False'
[0.407s] Level 5:colcon.colcon_core.verb:set package 'velodyne_simulator' build argument 'cmake_clean_first' from command line to 'False'
[0.407s] Level 5:colcon.colcon_core.verb:set package 'velodyne_simulator' build argument 'cmake_force_configure' from command line to 'False'
[0.407s] Level 5:colcon.colcon_core.verb:set package 'velodyne_simulator' build argument 'ament_cmake_args' from command line to 'None'
[0.407s] Level 5:colcon.colcon_core.verb:set package 'velodyne_simulator' build argument 'catkin_cmake_args' from command line to 'None'
[0.407s] Level 5:colcon.colcon_core.verb:set package 'velodyne_simulator' build argument 'catkin_skip_building_tests' from command line to 'False'
[0.408s] DEBUG:colcon.colcon_core.verb:Building package 'velodyne_simulator' with the following arguments: {'ament_cmake_args': None, 'build_base': '/home/nyann/svan/svan_sw2/src/build/velodyne_simulator', 'catkin_cmake_args': None, 'catkin_skip_building_tests': False, 'cmake_args': None, 'cmake_clean_cache': False, 'cmake_clean_first': False, 'cmake_force_configure': False, 'cmake_target': None, 'cmake_target_skip_unavailable': False, 'install_base': '/home/nyann/svan/svan_sw2/src/install/velodyne_simulator', 'merge_install': False, 'path': '/home/nyann/svan/svan_sw2/src/velodyne_simulator', 'symlink_install': False, 'test_result_base': None}
[0.408s] INFO:colcon.colcon_core.executor:Executing jobs using 'parallel' executor
[0.408s] DEBUG:colcon.colcon_parallel_executor.executor.parallel:run_until_complete
[0.409s] INFO:colcon.colcon_ros.task.ament_cmake.build:Building ROS package in '/home/nyann/svan/svan_sw2/src/velodyne_description' with build type 'ament_cmake'
[0.409s] INFO:colcon.colcon_cmake.task.cmake.build:Building CMake package in '/home/nyann/svan/svan_sw2/src/velodyne_description'
[0.411s] INFO:colcon.colcon_core.plugin_system:Skipping extension 'colcon_core.shell.bat': Not used on non-Windows systems
[0.411s] INFO:colcon.colcon_core.shell:Skip shell extension 'powershell' for command environment: Not usable outside of PowerShell
[0.411s] DEBUG:colcon.colcon_core.shell:Skip shell extension 'dsv' for command environment
[0.418s] INFO:colcon.colcon_ros.task.ament_cmake.build:Building ROS package in '/home/nyann/svan/svan_sw2/src/velodyne_gazebo_plugins' with build type 'ament_cmake'
[0.418s] INFO:colcon.colcon_cmake.task.cmake.build:Building CMake package in '/home/nyann/svan/svan_sw2/src/velodyne_gazebo_plugins'
[0.418s] INFO:colcon.colcon_core.shell:Skip shell extension 'powershell' for command environment: Not usable outside of PowerShell
[0.418s] DEBUG:colcon.colcon_core.shell:Skip shell extension 'dsv' for command environment
[0.425s] INFO:colcon.colcon_ros.task.ament_cmake.build:Building ROS package in '/home/nyann/svan/svan_sw2/src/svanm2_description' with build type 'ament_cmake'
[0.425s] INFO:colcon.colcon_cmake.task.cmake.build:Building CMake package in '/home/nyann/svan/svan_sw2/src/svanm2_description'
[0.426s] INFO:colcon.colcon_core.shell:Skip shell extension 'powershell' for command environment: Not usable outside of PowerShell
[0.426s] DEBUG:colcon.colcon_core.shell:Skip shell extension 'dsv' for command environment
[0.436s] DEBUG:colcon.colcon_core.event_handler.log_command:Invoking command in '/home/nyann/svan/svan_sw2/src/build/velodyne_description': CMAKE_PREFIX_PATH=${CMAKE_PREFIX_PATH}:/home/nyann/ros2_ws/src/install/rqt_joint_trajectory_controller:/home/nyann/ros2_ws/src/install/rqt_controller_manager:/home/nyann/ros2_ws/src/install/ros2controlcli:/home/nyann/ros2_ws/src/install/ros2_controllers_test_nodes:/home/nyann/ros2_ws/src/install/my_robot_controller:/opt/ros/humble /usr/bin/cmake --build /home/nyann/svan/svan_sw2/src/build/velodyne_description -- -j16 -l16
[0.441s] DEBUG:colcon.colcon_core.event_handler.log_command:Invoking command in '/home/nyann/svan/svan_sw2/src/build/velodyne_gazebo_plugins': CMAKE_PREFIX_PATH=${CMAKE_PREFIX_PATH}:/home/nyann/ros2_ws/src/install/rqt_joint_trajectory_controller:/home/nyann/ros2_ws/src/install/rqt_controller_manager:/home/nyann/ros2_ws/src/install/ros2controlcli:/home/nyann/ros2_ws/src/install/ros2_controllers_test_nodes:/home/nyann/ros2_ws/src/install/my_robot_controller:/opt/ros/humble /usr/bin/cmake --build /home/nyann/svan/svan_sw2/src/build/velodyne_gazebo_plugins -- -j16 -l16
[0.444s] DEBUG:colcon.colcon_core.event_handler.log_command:Invoking command in '/home/nyann/svan/svan_sw2/src/build/svanm2_description': CMAKE_PREFIX_PATH=${CMAKE_PREFIX_PATH}:/home/nyann/ros2_ws/src/install/rqt_joint_trajectory_controller:/home/nyann/ros2_ws/src/install/rqt_controller_manager:/home/nyann/ros2_ws/src/install/ros2controlcli:/home/nyann/ros2_ws/src/install/ros2_controllers_test_nodes:/home/nyann/ros2_ws/src/install/my_robot_controller:/opt/ros/humble /usr/bin/cmake --build /home/nyann/svan/svan_sw2/src/build/svanm2_description -- -j16 -l16
[0.509s] DEBUG:colcon.colcon_core.event_handler.log_command:Invoked command in '/home/nyann/svan/svan_sw2/src/build/velodyne_description' returned '0': CMAKE_PREFIX_PATH=${CMAKE_PREFIX_PATH}:/home/nyann/ros2_ws/src/install/rqt_joint_trajectory_controller:/home/nyann/ros2_ws/src/install/rqt_controller_manager:/home/nyann/ros2_ws/src/install/ros2controlcli:/home/nyann/ros2_ws/src/install/ros2_controllers_test_nodes:/home/nyann/ros2_ws/src/install/my_robot_controller:/opt/ros/humble /usr/bin/cmake --build /home/nyann/svan/svan_sw2/src/build/velodyne_description -- -j16 -l16
[0.511s] DEBUG:colcon.colcon_core.event_handler.log_command:Invoked command in '/home/nyann/svan/svan_sw2/src/build/svanm2_description' returned '0': CMAKE_PREFIX_PATH=${CMAKE_PREFIX_PATH}:/home/nyann/ros2_ws/src/install/rqt_joint_trajectory_controller:/home/nyann/ros2_ws/src/install/rqt_controller_manager:/home/nyann/ros2_ws/src/install/ros2controlcli:/home/nyann/ros2_ws/src/install/ros2_controllers_test_nodes:/home/nyann/ros2_ws/src/install/my_robot_controller:/opt/ros/humble /usr/bin/cmake --build /home/nyann/svan/svan_sw2/src/build/svanm2_description -- -j16 -l16
[0.585s] DEBUG:colcon.colcon_core.event_handler.log_command:Invoking command in '/home/nyann/svan/svan_sw2/src/build/velodyne_description': CMAKE_PREFIX_PATH=${CMAKE_PREFIX_PATH}:/home/nyann/ros2_ws/src/install/rqt_joint_trajectory_controller:/home/nyann/ros2_ws/src/install/rqt_controller_manager:/home/nyann/ros2_ws/src/install/ros2controlcli:/home/nyann/ros2_ws/src/install/ros2_controllers_test_nodes:/home/nyann/ros2_ws/src/install/my_robot_controller:/opt/ros/humble /usr/bin/cmake --install /home/nyann/svan/svan_sw2/src/build/velodyne_description
[0.588s] DEBUG:colcon.colcon_core.event_handler.log_command:Invoking command in '/home/nyann/svan/svan_sw2/src/build/svanm2_description': CMAKE_PREFIX_PATH=${CMAKE_PREFIX_PATH}:/home/nyann/ros2_ws/src/install/rqt_joint_trajectory_controller:/home/nyann/ros2_ws/src/install/rqt_controller_manager:/home/nyann/ros2_ws/src/install/ros2controlcli:/home/nyann/ros2_ws/src/install/ros2_controllers_test_nodes:/home/nyann/ros2_ws/src/install/my_robot_controller:/opt/ros/humble /usr/bin/cmake --install /home/nyann/svan/svan_sw2/src/build/svanm2_description
[0.588s] DEBUG:colcon.colcon_core.event_handler.log_command:Invoked command in '/home/nyann/svan/svan_sw2/src/build/velodyne_gazebo_plugins' returned '0': CMAKE_PREFIX_PATH=${CMAKE_PREFIX_PATH}:/home/nyann/ros2_ws/src/install/rqt_joint_trajectory_controller:/home/nyann/ros2_ws/src/install/rqt_controller_manager:/home/nyann/ros2_ws/src/install/ros2controlcli:/home/nyann/ros2_ws/src/install/ros2_controllers_test_nodes:/home/nyann/ros2_ws/src/install/my_robot_controller:/opt/ros/humble /usr/bin/cmake --build /home/nyann/svan/svan_sw2/src/build/velodyne_gazebo_plugins -- -j16 -l16
[0.605s] Level 1:colcon.colcon_core.environment:create_environment_scripts_only(velodyne_description)
[0.612s] DEBUG:colcon.colcon_core.event_handler.log_command:Invoked command in '/home/nyann/svan/svan_sw2/src/build/velodyne_description' returned '0': CMAKE_PREFIX_PATH=${CMAKE_PREFIX_PATH}:/home/nyann/ros2_ws/src/install/rqt_joint_trajectory_controller:/home/nyann/ros2_ws/src/install/rqt_controller_manager:/home/nyann/ros2_ws/src/install/ros2controlcli:/home/nyann/ros2_ws/src/install/ros2_controllers_test_nodes:/home/nyann/ros2_ws/src/install/my_robot_controller:/opt/ros/humble /usr/bin/cmake --install /home/nyann/svan/svan_sw2/src/build/velodyne_description
[0.614s] Level 1:colcon.colcon_core.environment:checking '/home/nyann/svan/svan_sw2/src/install/velodyne_description' for CMake module files
[0.614s] Level 1:colcon.colcon_core.environment:checking '/home/nyann/svan/svan_sw2/src/install/velodyne_description' for CMake config files
[0.614s] Level 1:colcon.colcon_core.shell:create_environment_hook('velodyne_description', 'cmake_prefix_path')
[0.614s] INFO:colcon.colcon_core.shell:Creating environment hook '/home/nyann/svan/svan_sw2/src/install/velodyne_description/share/velodyne_description/hook/cmake_prefix_path.ps1'
[0.615s] INFO:colcon.colcon_core.shell:Creating environment descriptor '/home/nyann/svan/svan_sw2/src/install/velodyne_description/share/velodyne_description/hook/cmake_prefix_path.dsv'
[0.615s] INFO:colcon.colcon_core.shell:Creating environment hook '/home/nyann/svan/svan_sw2/src/install/velodyne_description/share/velodyne_description/hook/cmake_prefix_path.sh'
[0.616s] Level 1:colcon.colcon_core.environment:checking '/home/nyann/svan/svan_sw2/src/install/velodyne_description/bin'
[0.616s] Level 1:colcon.colcon_core.environment:checking '/home/nyann/svan/svan_sw2/src/install/velodyne_description/lib/pkgconfig/velodyne_description.pc'
[0.616s] Level 1:colcon.colcon_core.environment:checking '/home/nyann/svan/svan_sw2/src/install/velodyne_description/lib/python3.10/site-packages'
[0.616s] Level 1:colcon.colcon_core.environment:checking '/home/nyann/svan/svan_sw2/src/install/velodyne_description/bin'
[0.617s] INFO:colcon.colcon_core.shell:Creating package script '/home/nyann/svan/svan_sw2/src/install/velodyne_description/share/velodyne_description/package.ps1'
[0.617s] INFO:colcon.colcon_core.shell:Creating package descriptor '/home/nyann/svan/svan_sw2/src/install/velodyne_description/share/velodyne_description/package.dsv'
[0.617s] INFO:colcon.colcon_core.shell:Creating package script '/home/nyann/svan/svan_sw2/src/install/velodyne_description/share/velodyne_description/package.sh'
[0.618s] INFO:colcon.colcon_core.shell:Creating package script '/home/nyann/svan/svan_sw2/src/install/velodyne_description/share/velodyne_description/package.bash'
[0.619s] INFO:colcon.colcon_core.shell:Creating package script '/home/nyann/svan/svan_sw2/src/install/velodyne_description/share/velodyne_description/package.zsh'
[0.619s] Level 1:colcon.colcon_core.environment:create_file_with_runtime_dependencies(/home/nyann/svan/svan_sw2/src/install/velodyne_description/share/colcon-core/packages/velodyne_description)
[0.621s] Level 1:colcon.colcon_core.environment:create_environment_scripts_only(svanm2_description)
[0.621s] Level 1:colcon.colcon_core.environment:checking '/home/nyann/svan/svan_sw2/src/install/svanm2_description' for CMake module files
[0.621s] DEBUG:colcon.colcon_core.event_handler.log_command:Invoked command in '/home/nyann/svan/svan_sw2/src/build/svanm2_description' returned '0': CMAKE_PREFIX_PATH=${CMAKE_PREFIX_PATH}:/home/nyann/ros2_ws/src/install/rqt_joint_trajectory_controller:/home/nyann/ros2_ws/src/install/rqt_controller_manager:/home/nyann/ros2_ws/src/install/ros2controlcli:/home/nyann/ros2_ws/src/install/ros2_controllers_test_nodes:/home/nyann/ros2_ws/src/install/my_robot_controller:/opt/ros/humble /usr/bin/cmake --install /home/nyann/svan/svan_sw2/src/build/svanm2_description
[0.622s] Level 1:colcon.colcon_core.environment:checking '/home/nyann/svan/svan_sw2/src/install/svanm2_description' for CMake config files
[0.622s] Level 1:colcon.colcon_core.shell:create_environment_hook('svanm2_description', 'cmake_prefix_path')
[0.622s] INFO:colcon.colcon_core.shell:Creating environment hook '/home/nyann/svan/svan_sw2/src/install/svanm2_description/share/svanm2_description/hook/cmake_prefix_path.ps1'
[0.622s] INFO:colcon.colcon_core.shell:Creating environment descriptor '/home/nyann/svan/svan_sw2/src/install/svanm2_description/share/svanm2_description/hook/cmake_prefix_path.dsv'
[0.623s] INFO:colcon.colcon_core.shell:Creating environment hook '/home/nyann/svan/svan_sw2/src/install/svanm2_description/share/svanm2_description/hook/cmake_prefix_path.sh'
[0.623s] Level 1:colcon.colcon_core.environment:checking '/home/nyann/svan/svan_sw2/src/install/svanm2_description/bin'
[0.623s] Level 1:colcon.colcon_core.environment:checking '/home/nyann/svan/svan_sw2/src/install/svanm2_description/lib/pkgconfig/svanm2_description.pc'
[0.623s] Level 1:colcon.colcon_core.environment:checking '/home/nyann/svan/svan_sw2/src/install/svanm2_description/lib/python3.10/site-packages'
[0.623s] Level 1:colcon.colcon_core.environment:checking '/home/nyann/svan/svan_sw2/src/install/svanm2_description/bin'
[0.624s] INFO:colcon.colcon_core.shell:Creating package script '/home/nyann/svan/svan_sw2/src/install/svanm2_description/share/svanm2_description/package.ps1'
[0.624s] INFO:colcon.colcon_core.shell:Creating package descriptor '/home/nyann/svan/svan_sw2/src/install/svanm2_description/share/svanm2_description/package.dsv'
[0.624s] INFO:colcon.colcon_core.shell:Creating package script '/home/nyann/svan/svan_sw2/src/install/svanm2_description/share/svanm2_description/package.sh'
[0.624s] INFO:colcon.colcon_core.shell:Creating package script '/home/nyann/svan/svan_sw2/src/install/svanm2_description/share/svanm2_description/package.bash'
[0.625s] INFO:colcon.colcon_core.shell:Creating package script '/home/nyann/svan/svan_sw2/src/install/svanm2_description/share/svanm2_description/package.zsh'
[0.625s] Level 1:colcon.colcon_core.environment:create_file_with_runtime_dependencies(/home/nyann/svan/svan_sw2/src/install/svanm2_description/share/colcon-core/packages/svanm2_description)
[0.653s] DEBUG:colcon.colcon_core.event_handler.log_command:Invoking command in '/home/nyann/svan/svan_sw2/src/build/velodyne_gazebo_plugins': CMAKE_PREFIX_PATH=${CMAKE_PREFIX_PATH}:/home/nyann/ros2_ws/src/install/rqt_joint_trajectory_controller:/home/nyann/ros2_ws/src/install/rqt_controller_manager:/home/nyann/ros2_ws/src/install/ros2controlcli:/home/nyann/ros2_ws/src/install/ros2_controllers_test_nodes:/home/nyann/ros2_ws/src/install/my_robot_controller:/opt/ros/humble /usr/bin/cmake --install /home/nyann/svan/svan_sw2/src/build/velodyne_gazebo_plugins
[0.669s] Level 1:colcon.colcon_core.environment:create_environment_scripts_only(velodyne_gazebo_plugins)
[0.669s] DEBUG:colcon.colcon_core.event_handler.log_command:Invoked command in '/home/nyann/svan/svan_sw2/src/build/velodyne_gazebo_plugins' returned '0': CMAKE_PREFIX_PATH=${CMAKE_PREFIX_PATH}:/home/nyann/ros2_ws/src/install/rqt_joint_trajectory_controller:/home/nyann/ros2_ws/src/install/rqt_controller_manager:/home/nyann/ros2_ws/src/install/ros2controlcli:/home/nyann/ros2_ws/src/install/ros2_controllers_test_nodes:/home/nyann/ros2_ws/src/install/my_robot_controller:/opt/ros/humble /usr/bin/cmake --install /home/nyann/svan/svan_sw2/src/build/velodyne_gazebo_plugins
[0.670s] Level 1:colcon.colcon_core.environment:checking '/home/nyann/svan/svan_sw2/src/install/velodyne_gazebo_plugins' for CMake module files
[0.670s] Level 1:colcon.colcon_core.environment:checking '/home/nyann/svan/svan_sw2/src/install/velodyne_gazebo_plugins' for CMake config files
[0.671s] Level 1:colcon.colcon_core.shell:create_environment_hook('velodyne_gazebo_plugins', 'cmake_prefix_path')
[0.671s] INFO:colcon.colcon_core.shell:Creating environment hook '/home/nyann/svan/svan_sw2/src/install/velodyne_gazebo_plugins/share/velodyne_gazebo_plugins/hook/cmake_prefix_path.ps1'
[0.671s] INFO:colcon.colcon_core.shell:Creating environment descriptor '/home/nyann/svan/svan_sw2/src/install/velodyne_gazebo_plugins/share/velodyne_gazebo_plugins/hook/cmake_prefix_path.dsv'
[0.671s] INFO:colcon.colcon_core.shell:Creating environment hook '/home/nyann/svan/svan_sw2/src/install/velodyne_gazebo_plugins/share/velodyne_gazebo_plugins/hook/cmake_prefix_path.sh'
[0.672s] Level 1:colcon.colcon_core.environment:checking '/home/nyann/svan/svan_sw2/src/install/velodyne_gazebo_plugins/lib'
[0.672s] Level 1:colcon.colcon_core.shell:create_environment_hook('velodyne_gazebo_plugins', 'ld_library_path_lib')
[0.672s] INFO:colcon.colcon_core.shell:Creating environment hook '/home/nyann/svan/svan_sw2/src/install/velodyne_gazebo_plugins/share/velodyne_gazebo_plugins/hook/ld_library_path_lib.ps1'
[0.672s] INFO:colcon.colcon_core.shell:Creating environment descriptor '/home/nyann/svan/svan_sw2/src/install/velodyne_gazebo_plugins/share/velodyne_gazebo_plugins/hook/ld_library_path_lib.dsv'
[0.673s] INFO:colcon.colcon_core.shell:Creating environment hook '/home/nyann/svan/svan_sw2/src/install/velodyne_gazebo_plugins/share/velodyne_gazebo_plugins/hook/ld_library_path_lib.sh'
[0.673s] Level 1:colcon.colcon_core.environment:checking '/home/nyann/svan/svan_sw2/src/install/velodyne_gazebo_plugins/bin'
[0.673s] Level 1:colcon.colcon_core.environment:checking '/home/nyann/svan/svan_sw2/src/install/velodyne_gazebo_plugins/lib/pkgconfig/velodyne_gazebo_plugins.pc'
[0.673s] Level 1:colcon.colcon_core.environment:checking '/home/nyann/svan/svan_sw2/src/install/velodyne_gazebo_plugins/lib/python3.10/site-packages'
[0.673s] Level 1:colcon.colcon_core.environment:checking '/home/nyann/svan/svan_sw2/src/install/velodyne_gazebo_plugins/bin'
[0.674s] INFO:colcon.colcon_core.shell:Creating package script '/home/nyann/svan/svan_sw2/src/install/velodyne_gazebo_plugins/share/velodyne_gazebo_plugins/package.ps1'
[0.674s] INFO:colcon.colcon_core.shell:Creating package descriptor '/home/nyann/svan/svan_sw2/src/install/velodyne_gazebo_plugins/share/velodyne_gazebo_plugins/package.dsv'
[0.674s] INFO:colcon.colcon_core.shell:Creating package script '/home/nyann/svan/svan_sw2/src/install/velodyne_gazebo_plugins/share/velodyne_gazebo_plugins/package.sh'
[0.675s] INFO:colcon.colcon_core.shell:Creating package script '/home/nyann/svan/svan_sw2/src/install/velodyne_gazebo_plugins/share/velodyne_gazebo_plugins/package.bash'
[0.675s] INFO:colcon.colcon_core.shell:Creating package script '/home/nyann/svan/svan_sw2/src/install/velodyne_gazebo_plugins/share/velodyne_gazebo_plugins/package.zsh'
[0.675s] Level 1:colcon.colcon_core.environment:create_file_with_runtime_dependencies(/home/nyann/svan/svan_sw2/src/install/velodyne_gazebo_plugins/share/colcon-core/packages/velodyne_gazebo_plugins)
[0.677s] Level 1:colcon.colcon_core.environment:create_environment_scripts_only(svanm2_description)
[0.677s] Level 1:colcon.colcon_core.environment:checking '/home/nyann/svan/svan_sw2/src/install/svanm2_description' for CMake module files
[0.678s] Level 1:colcon.colcon_core.environment:checking '/home/nyann/svan/svan_sw2/src/install/svanm2_description' for CMake config files
[0.678s] Level 1:colcon.colcon_core.shell:create_environment_hook('svanm2_description', 'cmake_prefix_path')
[0.678s] INFO:colcon.colcon_core.shell:Creating environment hook '/home/nyann/svan/svan_sw2/src/install/svanm2_description/share/svanm2_description/hook/cmake_prefix_path.ps1'
[0.678s] INFO:colcon.colcon_core.shell:Creating environment descriptor '/home/nyann/svan/svan_sw2/src/install/svanm2_description/share/svanm2_description/hook/cmake_prefix_path.dsv'
[0.678s] INFO:colcon.colcon_core.shell:Creating environment hook '/home/nyann/svan/svan_sw2/src/install/svanm2_description/share/svanm2_description/hook/cmake_prefix_path.sh'
[0.679s] Level 1:colcon.colcon_core.environment:checking '/home/nyann/svan/svan_sw2/src/install/svanm2_description/bin'
[0.679s] Level 1:colcon.colcon_core.environment:checking '/home/nyann/svan/svan_sw2/src/install/svanm2_description/lib/pkgconfig/svanm2_description.pc'
[0.679s] Level 1:colcon.colcon_core.environment:checking '/home/nyann/svan/svan_sw2/src/install/svanm2_description/lib/python3.10/site-packages'
[0.679s] Level 1:colcon.colcon_core.environment:checking '/home/nyann/svan/svan_sw2/src/install/svanm2_description/bin'
[0.679s] INFO:colcon.colcon_core.shell:Creating package script '/home/nyann/svan/svan_sw2/src/install/svanm2_description/share/svanm2_description/package.ps1'
[0.680s] INFO:colcon.colcon_core.shell:Creating package descriptor '/home/nyann/svan/svan_sw2/src/install/svanm2_description/share/svanm2_description/package.dsv'
[0.680s] INFO:colcon.colcon_core.shell:Creating package script '/home/nyann/svan/svan_sw2/src/install/svanm2_description/share/svanm2_description/package.sh'
[0.681s] INFO:colcon.colcon_core.shell:Creating package script '/home/nyann/svan/svan_sw2/src/install/svanm2_description/share/svanm2_description/package.bash'
[0.681s] INFO:colcon.colcon_core.shell:Creating package script '/home/nyann/svan/svan_sw2/src/install/svanm2_description/share/svanm2_description/package.zsh'
[0.681s] Level 1:colcon.colcon_core.environment:create_file_with_runtime_dependencies(/home/nyann/svan/svan_sw2/src/install/svanm2_description/share/colcon-core/packages/svanm2_description)
[0.681s] Level 1:colcon.colcon_core.environment:create_environment_scripts_only(velodyne_description)
[0.682s] Level 1:colcon.colcon_core.environment:checking '/home/nyann/svan/svan_sw2/src/install/velodyne_description' for CMake module files
[0.683s] Level 1:colcon.colcon_core.environment:checking '/home/nyann/svan/svan_sw2/src/install/velodyne_description' for CMake config files
[0.683s] Level 1:colcon.colcon_core.shell:create_environment_hook('velodyne_description', 'cmake_prefix_path')
[0.683s] INFO:colcon.colcon_core.shell:Creating environment hook '/home/nyann/svan/svan_sw2/src/install/velodyne_description/share/velodyne_description/hook/cmake_prefix_path.ps1'
[0.683s] INFO:colcon.colcon_core.shell:Creating environment descriptor '/home/nyann/svan/svan_sw2/src/install/velodyne_description/share/velodyne_description/hook/cmake_prefix_path.dsv'
[0.684s] INFO:colcon.colcon_core.shell:Creating environment hook '/home/nyann/svan/svan_sw2/src/install/velodyne_description/share/velodyne_description/hook/cmake_prefix_path.sh'
[0.684s] Level 1:colcon.colcon_core.environment:checking '/home/nyann/svan/svan_sw2/src/install/velodyne_description/bin'
[0.684s] Level 1:colcon.colcon_core.environment:checking '/home/nyann/svan/svan_sw2/src/install/velodyne_description/lib/pkgconfig/velodyne_description.pc'
[0.684s] Level 1:colcon.colcon_core.environment:checking '/home/nyann/svan/svan_sw2/src/install/velodyne_description/lib/python3.10/site-packages'
[0.684s] Level 1:colcon.colcon_core.environment:checking '/home/nyann/svan/svan_sw2/src/install/velodyne_description/bin'
[0.685s] INFO:colcon.colcon_core.shell:Creating package script '/home/nyann/svan/svan_sw2/src/install/velodyne_description/share/velodyne_description/package.ps1'
[0.685s] INFO:colcon.colcon_core.shell:Creating package descriptor '/home/nyann/svan/svan_sw2/src/install/velodyne_description/share/velodyne_description/package.dsv'
[0.685s] INFO:colcon.colcon_core.shell:Creating package script '/home/nyann/svan/svan_sw2/src/install/velodyne_description/share/velodyne_description/package.sh'
[0.686s] INFO:colcon.colcon_core.shell:Creating package script '/home/nyann/svan/svan_sw2/src/install/velodyne_description/share/velodyne_description/package.bash'
[0.686s] INFO:colcon.colcon_core.shell:Creating package script '/home/nyann/svan/svan_sw2/src/install/velodyne_description/share/velodyne_description/package.zsh'
[0.686s] Level 1:colcon.colcon_core.environment:create_file_with_runtime_dependencies(/home/nyann/svan/svan_sw2/src/install/velodyne_description/share/colcon-core/packages/velodyne_description)
[0.741s] Level 1:colcon.colcon_core.environment:create_environment_scripts_only(velodyne_gazebo_plugins)
[0.741s] Level 1:colcon.colcon_core.environment:checking '/home/nyann/svan/svan_sw2/src/install/velodyne_gazebo_plugins' for CMake module files
[0.742s] Level 1:colcon.colcon_core.environment:checking '/home/nyann/svan/svan_sw2/src/install/velodyne_gazebo_plugins' for CMake config files
[0.742s] Level 1:colcon.colcon_core.shell:create_environment_hook('velodyne_gazebo_plugins', 'cmake_prefix_path')
[0.742s] INFO:colcon.colcon_core.shell:Creating environment hook '/home/nyann/svan/svan_sw2/src/install/velodyne_gazebo_plugins/share/velodyne_gazebo_plugins/hook/cmake_prefix_path.ps1'
[0.743s] INFO:colcon.colcon_core.shell:Creating environment descriptor '/home/nyann/svan/svan_sw2/src/install/velodyne_gazebo_plugins/share/velodyne_gazebo_plugins/hook/cmake_prefix_path.dsv'
[0.743s] INFO:colcon.colcon_core.shell:Creating environment hook '/home/nyann/svan/svan_sw2/src/install/velodyne_gazebo_plugins/share/velodyne_gazebo_plugins/hook/cmake_prefix_path.sh'
[0.743s] Level 1:colcon.colcon_core.environment:checking '/home/nyann/svan/svan_sw2/src/install/velodyne_gazebo_plugins/lib'
[0.743s] Level 1:colcon.colcon_core.shell:create_environment_hook('velodyne_gazebo_plugins', 'ld_library_path_lib')
[0.744s] INFO:colcon.colcon_core.shell:Creating environment hook '/home/nyann/svan/svan_sw2/src/install/velodyne_gazebo_plugins/share/velodyne_gazebo_plugins/hook/ld_library_path_lib.ps1'
[0.744s] INFO:colcon.colcon_core.shell:Creating environment descriptor '/home/nyann/svan/svan_sw2/src/install/velodyne_gazebo_plugins/share/velodyne_gazebo_plugins/hook/ld_library_path_lib.dsv'
[0.744s] INFO:colcon.colcon_core.shell:Creating environment hook '/home/nyann/svan/svan_sw2/src/install/velodyne_gazebo_plugins/share/velodyne_gazebo_plugins/hook/ld_library_path_lib.sh'
[0.744s] Level 1:colcon.colcon_core.environment:checking '/home/nyann/svan/svan_sw2/src/install/velodyne_gazebo_plugins/bin'
[0.744s] Level 1:colcon.colcon_core.environment:checking '/home/nyann/svan/svan_sw2/src/install/velodyne_gazebo_plugins/lib/pkgconfig/velodyne_gazebo_plugins.pc'
[0.745s] Level 1:colcon.colcon_core.environment:checking '/home/nyann/svan/svan_sw2/src/install/velodyne_gazebo_plugins/lib/python3.10/site-packages'
[0.745s] Level 1:colcon.colcon_core.environment:checking '/home/nyann/svan/svan_sw2/src/install/velodyne_gazebo_plugins/bin'
[0.745s] INFO:colcon.colcon_core.shell:Creating package script '/home/nyann/svan/svan_sw2/src/install/velodyne_gazebo_plugins/share/velodyne_gazebo_plugins/package.ps1'
[0.745s] INFO:colcon.colcon_core.shell:Creating package descriptor '/home/nyann/svan/svan_sw2/src/install/velodyne_gazebo_plugins/share/velodyne_gazebo_plugins/package.dsv'
[0.746s] INFO:colcon.colcon_core.shell:Creating package script '/home/nyann/svan/svan_sw2/src/install/velodyne_gazebo_plugins/share/velodyne_gazebo_plugins/package.sh'
[0.746s] INFO:colcon.colcon_core.shell:Creating package script '/home/nyann/svan/svan_sw2/src/install/velodyne_gazebo_plugins/share/velodyne_gazebo_plugins/package.bash'
[0.747s] INFO:colcon.colcon_core.shell:Creating package script '/home/nyann/svan/svan_sw2/src/install/velodyne_gazebo_plugins/share/velodyne_gazebo_plugins/package.zsh'
[0.747s] Level 1:colcon.colcon_core.environment:create_file_with_runtime_dependencies(/home/nyann/svan/svan_sw2/src/install/velodyne_gazebo_plugins/share/colcon-core/packages/velodyne_gazebo_plugins)
[0.747s] INFO:colcon.colcon_ros.task.ament_cmake.build:Building ROS package in '/home/nyann/svan/svan_sw2/src/velodyne_simulator' with build type 'ament_cmake'
[0.747s] INFO:colcon.colcon_cmake.task.cmake.build:Building CMake package in '/home/nyann/svan/svan_sw2/src/velodyne_simulator'
[0.747s] INFO:colcon.colcon_core.shell:Skip shell extension 'powershell' for command environment: Not usable outside of PowerShell
[0.748s] DEBUG:colcon.colcon_core.shell:Skip shell extension 'dsv' for command environment
[0.769s] DEBUG:colcon.colcon_core.event_handler.log_command:Invoking command in '/home/nyann/svan/svan_sw2/src/build/velodyne_simulator': CMAKE_PREFIX_PATH=/home/nyann/svan/svan_sw2/src/install/velodyne_gazebo_plugins:/home/nyann/svan/svan_sw2/src/install/velodyne_description:/home/nyann/svan/svan_sw2/src/install/velodyne_simulator:/home/nyann/svan/svan_sw2/src/install/svanm2_description:/home/nyann/svan/svan_sw2/src/install/svan_msgs:/home/nyann/svan/svan_sw2/src/install/svan_gazebo:/home/nyann/ros2_ws/src/install/ros2_controllers:/home/nyann/ros2_ws/src/install/ign_ros2_control_demos:/home/nyann/ros2_ws/src/install/gazebo_ros2_control_demos:/home/nyann/ros2_ws/src/install/velocity_controllers:/home/nyann/ros2_ws/src/install/tricycle_steering_controller:/home/nyann/ros2_ws/src/install/tricycle_controller:/home/nyann/ros2_ws/src/install/ros2_control_demos:/home/nyann/ros2_ws/src/install/ros2_control_demo_example_8:/home/nyann/ros2_ws/src/install/ros2_control:/home/nyann/ros2_ws/src/install/transmission_interface:/home/nyann/ros2_ws/src/install/ros2_control_demo_example_11:/home/nyann/ros2_ws/src/install/bicycle_steering_controller:/home/nyann/ros2_ws/src/install/ackermann_steering_controller:/home/nyann/ros2_ws/src/install/steering_controllers_library:/home/nyann/ros2_ws/src/install/ros2_control_demo_example_9:/home/nyann/ros2_ws/src/install/ros2_control_demo_example_7:/home/nyann/ros2_ws/src/install/ros2_control_demo_example_6:/home/nyann/ros2_ws/src/install/ros2_control_demo_example_15:/home/nyann/ros2_ws/src/install/ros2_control_demo_example_5:/home/nyann/ros2_ws/src/install/ros2_control_demo_example_4:/home/nyann/ros2_ws/src/install/ros2_control_demo_example_3:/home/nyann/ros2_ws/src/install/ros2_control_demo_example_2:/home/nyann/ros2_ws/src/install/ros2_control_demo_example_14:/home/nyann/ros2_ws/src/install/ros2_control_demo_example_12:/home/nyann/ros2_ws/src/install/ros2_control_demo_example_10:/home/nyann/ros2_ws/src/install/ros2_control_demo_example_1:/home/nyann/ros2_ws/src/install/gz_ros2_control_tests:/home/nyann/ros2_ws/src/install/ign_ros2_control:/home/nyann/ros2_ws/src/install/hardware_interface_testing:/home/nyann/ros2_ws/src/install/gazebo_ros2_control:/home/nyann/ros2_ws/src/install/controller_manager:/home/nyann/ros2_ws/src/install/ros2_control_test_assets:/home/nyann/ros2_ws/src/install/ros2_control_demo_description:/home/nyann/ros2_ws/src/install/range_sensor_broadcaster:/home/nyann/ros2_ws/src/install/position_controllers:/home/nyann/ros2_ws/src/install/admittance_controller:/home/nyann/ros2_ws/src/install/joint_trajectory_controller:/home/nyann/ros2_ws/src/install/joint_state_broadcaster:/home/nyann/ros2_ws/src/install/imu_sensor_broadcaster:/home/nyann/ros2_ws/src/install/gripper_controllers:/home/nyann/ros2_ws/src/install/effort_controllers:/home/nyann/ros2_ws/src/install/forward_command_controller:/home/nyann/ros2_ws/src/install/force_torque_sensor_broadcaster:/home/nyann/ros2_ws/src/install/diff_drive_controller:/home/nyann/ros2_ws/src/install/control_toolbox:/home/nyann/ros2_ws/src/install/realtime_tools:/home/nyann/ros2_ws/src/install/kinematics_interface_kdl:/home/nyann/ros2_ws/src/install/kinematics_interface:/home/nyann/ros2_ws/src/install/joint_limits:/home/nyann/ros2_ws/src/install/controller_interface:/home/nyann/ros2_ws/src/install/hardware_interface:/home/nyann/ros2_ws/src/install/controller_manager_msgs:/home/nyann/ros2_ws/src/install/control_msgs:/opt/openrobots:/home/nyann/ros2_ws/src/install/rqt_joint_trajectory_controller:/home/nyann/ros2_ws/src/install/rqt_controller_manager:/home/nyann/ros2_ws/src/install/ros2controlcli:/home/nyann/ros2_ws/src/install/ros2_controllers_test_nodes:/home/nyann/ros2_ws/src/install/my_robot_controller:/opt/ros/humble LD_LIBRARY_PATH=/home/nyann/svan/svan_sw2/src/install/velodyne_gazebo_plugins/lib:/home/nyann/svan/svan_sw2/src/install/svan_msgs/lib:/home/nyann/ros2_ws/src/install/velocity_controllers/lib:/home/nyann/ros2_ws/src/install/tricycle_steering_controller/lib:/home/nyann/ros2_ws/src/install/tricycle_controller/lib:/home/nyann/ros2_ws/src/install/ros2_control_demo_example_8/lib:/home/nyann/ros2_ws/src/install/transmission_interface/lib:/home/nyann/ros2_ws/src/install/ros2_control_demo_example_11/lib:/home/nyann/ros2_ws/src/install/bicycle_steering_controller/lib:/home/nyann/ros2_ws/src/install/ackermann_steering_controller/lib:/home/nyann/ros2_ws/src/install/steering_controllers_library/lib:/home/nyann/ros2_ws/src/install/ros2_control_demo_example_9/lib:/home/nyann/ros2_ws/src/install/ros2_control_demo_example_7/lib:/home/nyann/ros2_ws/src/install/ros2_control_demo_example_6/lib:/home/nyann/ros2_ws/src/install/ros2_control_demo_example_5/lib:/home/nyann/ros2_ws/src/install/ros2_control_demo_example_4/lib:/home/nyann/ros2_ws/src/install/ros2_control_demo_example_3/lib:/home/nyann/ros2_ws/src/install/ros2_control_demo_example_2/lib:/home/nyann/ros2_ws/src/install/ros2_control_demo_example_14/lib:/home/nyann/ros2_ws/src/install/ros2_control_demo_example_12/lib:/home/nyann/ros2_ws/src/install/ros2_control_demo_example_10/lib:/home/nyann/ros2_ws/src/install/ros2_control_demo_example_1/lib:/home/nyann/ros2_ws/src/install/ign_ros2_control/lib:/home/nyann/ros2_ws/src/install/hardware_interface_testing/lib:/home/nyann/ros2_ws/src/install/gazebo_ros2_control/lib:/home/nyann/ros2_ws/src/install/controller_manager/lib:/home/nyann/ros2_ws/src/install/range_sensor_broadcaster/lib:/home/nyann/ros2_ws/src/install/position_controllers/lib:/home/nyann/ros2_ws/src/install/admittance_controller/lib:/home/nyann/ros2_ws/src/install/joint_trajectory_controller/lib:/home/nyann/ros2_ws/src/install/joint_state_broadcaster/lib:/home/nyann/ros2_ws/src/install/imu_sensor_broadcaster/lib:/home/nyann/ros2_ws/src/install/gripper_controllers/lib:/home/nyann/ros2_ws/src/install/effort_controllers/lib:/home/nyann/ros2_ws/src/install/forward_command_controller/lib:/home/nyann/ros2_ws/src/install/force_torque_sensor_broadcaster/lib:/home/nyann/ros2_ws/src/install/diff_drive_controller/lib:/home/nyann/ros2_ws/src/install/control_toolbox/lib:/home/nyann/ros2_ws/src/install/realtime_tools/lib:/home/nyann/ros2_ws/src/install/kinematics_interface_kdl/lib:/home/nyann/ros2_ws/src/install/kinematics_interface/lib:/home/nyann/ros2_ws/src/install/controller_interface/lib:/home/nyann/ros2_ws/src/install/hardware_interface/lib:/home/nyann/ros2_ws/src/install/controller_manager_msgs/lib:/home/nyann/ros2_ws/src/install/control_msgs/lib:/opt/ros/humble/opt/rviz_ogre_vendor/lib:/opt/ros/humble/lib/x86_64-linux-gnu:/opt/ros/humble/lib:/opt/openrobots/lib:/usr/lib/x86_64-linux-gnu/gazebo-11/plugins /usr/bin/cmake --build /home/nyann/svan/svan_sw2/src/build/velodyne_simulator -- -j16 -l16
[0.838s] DEBUG:colcon.colcon_core.event_handler.log_command:Invoked command in '/home/nyann/svan/svan_sw2/src/build/velodyne_simulator' returned '0': CMAKE_PREFIX_PATH=/home/nyann/svan/svan_sw2/src/install/velodyne_gazebo_plugins:/home/nyann/svan/svan_sw2/src/install/velodyne_description:/home/nyann/svan/svan_sw2/src/install/velodyne_simulator:/home/nyann/svan/svan_sw2/src/install/svanm2_description:/home/nyann/svan/svan_sw2/src/install/svan_msgs:/home/nyann/svan/svan_sw2/src/install/svan_gazebo:/home/nyann/ros2_ws/src/install/ros2_controllers:/home/nyann/ros2_ws/src/install/ign_ros2_control_demos:/home/nyann/ros2_ws/src/install/gazebo_ros2_control_demos:/home/nyann/ros2_ws/src/install/velocity_controllers:/home/nyann/ros2_ws/src/install/tricycle_steering_controller:/home/nyann/ros2_ws/src/install/tricycle_controller:/home/nyann/ros2_ws/src/install/ros2_control_demos:/home/nyann/ros2_ws/src/install/ros2_control_demo_example_8:/home/nyann/ros2_ws/src/install/ros2_control:/home/nyann/ros2_ws/src/install/transmission_interface:/home/nyann/ros2_ws/src/install/ros2_control_demo_example_11:/home/nyann/ros2_ws/src/install/bicycle_steering_controller:/home/nyann/ros2_ws/src/install/ackermann_steering_controller:/home/nyann/ros2_ws/src/install/steering_controllers_library:/home/nyann/ros2_ws/src/install/ros2_control_demo_example_9:/home/nyann/ros2_ws/src/install/ros2_control_demo_example_7:/home/nyann/ros2_ws/src/install/ros2_control_demo_example_6:/home/nyann/ros2_ws/src/install/ros2_control_demo_example_15:/home/nyann/ros2_ws/src/install/ros2_control_demo_example_5:/home/nyann/ros2_ws/src/install/ros2_control_demo_example_4:/home/nyann/ros2_ws/src/install/ros2_control_demo_example_3:/home/nyann/ros2_ws/src/install/ros2_control_demo_example_2:/home/nyann/ros2_ws/src/install/ros2_control_demo_example_14:/home/nyann/ros2_ws/src/install/ros2_control_demo_example_12:/home/nyann/ros2_ws/src/install/ros2_control_demo_example_10:/home/nyann/ros2_ws/src/install/ros2_control_demo_example_1:/home/nyann/ros2_ws/src/install/gz_ros2_control_tests:/home/nyann/ros2_ws/src/install/ign_ros2_control:/home/nyann/ros2_ws/src/install/hardware_interface_testing:/home/nyann/ros2_ws/src/install/gazebo_ros2_control:/home/nyann/ros2_ws/src/install/controller_manager:/home/nyann/ros2_ws/src/install/ros2_control_test_assets:/home/nyann/ros2_ws/src/install/ros2_control_demo_description:/home/nyann/ros2_ws/src/install/range_sensor_broadcaster:/home/nyann/ros2_ws/src/install/position_controllers:/home/nyann/ros2_ws/src/install/admittance_controller:/home/nyann/ros2_ws/src/install/joint_trajectory_controller:/home/nyann/ros2_ws/src/install/joint_state_broadcaster:/home/nyann/ros2_ws/src/install/imu_sensor_broadcaster:/home/nyann/ros2_ws/src/install/gripper_controllers:/home/nyann/ros2_ws/src/install/effort_controllers:/home/nyann/ros2_ws/src/install/forward_command_controller:/home/nyann/ros2_ws/src/install/force_torque_sensor_broadcaster:/home/nyann/ros2_ws/src/install/diff_drive_controller:/home/nyann/ros2_ws/src/install/control_toolbox:/home/nyann/ros2_ws/src/install/realtime_tools:/home/nyann/ros2_ws/src/install/kinematics_interface_kdl:/home/nyann/ros2_ws/src/install/kinematics_interface:/home/nyann/ros2_ws/src/install/joint_limits:/home/nyann/ros2_ws/src/install/controller_interface:/home/nyann/ros2_ws/src/install/hardware_interface:/home/nyann/ros2_ws/src/install/controller_manager_msgs:/home/nyann/ros2_ws/src/install/control_msgs:/opt/openrobots:/home/nyann/ros2_ws/src/install/rqt_joint_trajectory_controller:/home/nyann/ros2_ws/src/install/rqt_controller_manager:/home/nyann/ros2_ws/src/install/ros2controlcli:/home/nyann/ros2_ws/src/install/ros2_controllers_test_nodes:/home/nyann/ros2_ws/src/install/my_robot_controller:/opt/ros/humble LD_LIBRARY_PATH=/home/nyann/svan/svan_sw2/src/install/velodyne_gazebo_plugins/lib:/home/nyann/svan/svan_sw2/src/install/svan_msgs/lib:/home/nyann/ros2_ws/src/install/velocity_controllers/lib:/home/nyann/ros2_ws/src/install/tricycle_steering_controller/lib:/home/nyann/ros2_ws/src/install/tricycle_controller/lib:/home/nyann/ros2_ws/src/install/ros2_control_demo_example_8/lib:/home/nyann/ros2_ws/src/install/transmission_interface/lib:/home/nyann/ros2_ws/src/install/ros2_control_demo_example_11/lib:/home/nyann/ros2_ws/src/install/bicycle_steering_controller/lib:/home/nyann/ros2_ws/src/install/ackermann_steering_controller/lib:/home/nyann/ros2_ws/src/install/steering_controllers_library/lib:/home/nyann/ros2_ws/src/install/ros2_control_demo_example_9/lib:/home/nyann/ros2_ws/src/install/ros2_control_demo_example_7/lib:/home/nyann/ros2_ws/src/install/ros2_control_demo_example_6/lib:/home/nyann/ros2_ws/src/install/ros2_control_demo_example_5/lib:/home/nyann/ros2_ws/src/install/ros2_control_demo_example_4/lib:/home/nyann/ros2_ws/src/install/ros2_control_demo_example_3/lib:/home/nyann/ros2_ws/src/install/ros2_control_demo_example_2/lib:/home/nyann/ros2_ws/src/install/ros2_control_demo_example_14/lib:/home/nyann/ros2_ws/src/install/ros2_control_demo_example_12/lib:/home/nyann/ros2_ws/src/install/ros2_control_demo_example_10/lib:/home/nyann/ros2_ws/src/install/ros2_control_demo_example_1/lib:/home/nyann/ros2_ws/src/install/ign_ros2_control/lib:/home/nyann/ros2_ws/src/install/hardware_interface_testing/lib:/home/nyann/ros2_ws/src/install/gazebo_ros2_control/lib:/home/nyann/ros2_ws/src/install/controller_manager/lib:/home/nyann/ros2_ws/src/install/range_sensor_broadcaster/lib:/home/nyann/ros2_ws/src/install/position_controllers/lib:/home/nyann/ros2_ws/src/install/admittance_controller/lib:/home/nyann/ros2_ws/src/install/joint_trajectory_controller/lib:/home/nyann/ros2_ws/src/install/joint_state_broadcaster/lib:/home/nyann/ros2_ws/src/install/imu_sensor_broadcaster/lib:/home/nyann/ros2_ws/src/install/gripper_controllers/lib:/home/nyann/ros2_ws/src/install/effort_controllers/lib:/home/nyann/ros2_ws/src/install/forward_command_controller/lib:/home/nyann/ros2_ws/src/install/force_torque_sensor_broadcaster/lib:/home/nyann/ros2_ws/src/install/diff_drive_controller/lib:/home/nyann/ros2_ws/src/install/control_toolbox/lib:/home/nyann/ros2_ws/src/install/realtime_tools/lib:/home/nyann/ros2_ws/src/install/kinematics_interface_kdl/lib:/home/nyann/ros2_ws/src/install/kinematics_interface/lib:/home/nyann/ros2_ws/src/install/controller_interface/lib:/home/nyann/ros2_ws/src/install/hardware_interface/lib:/home/nyann/ros2_ws/src/install/controller_manager_msgs/lib:/home/nyann/ros2_ws/src/install/control_msgs/lib:/opt/ros/humble/opt/rviz_ogre_vendor/lib:/opt/ros/humble/lib/x86_64-linux-gnu:/opt/ros/humble/lib:/opt/openrobots/lib:/usr/lib/x86_64-linux-gnu/gazebo-11/plugins /usr/bin/cmake --build /home/nyann/svan/svan_sw2/src/build/velodyne_simulator -- -j16 -l16
[0.895s] DEBUG:colcon.colcon_core.event_handler.log_command:Invoking command in '/home/nyann/svan/svan_sw2/src/build/velodyne_simulator': CMAKE_PREFIX_PATH=/home/nyann/svan/svan_sw2/src/install/velodyne_gazebo_plugins:/home/nyann/svan/svan_sw2/src/install/velodyne_description:/home/nyann/svan/svan_sw2/src/install/velodyne_simulator:/home/nyann/svan/svan_sw2/src/install/svanm2_description:/home/nyann/svan/svan_sw2/src/install/svan_msgs:/home/nyann/svan/svan_sw2/src/install/svan_gazebo:/home/nyann/ros2_ws/src/install/ros2_controllers:/home/nyann/ros2_ws/src/install/ign_ros2_control_demos:/home/nyann/ros2_ws/src/install/gazebo_ros2_control_demos:/home/nyann/ros2_ws/src/install/velocity_controllers:/home/nyann/ros2_ws/src/install/tricycle_steering_controller:/home/nyann/ros2_ws/src/install/tricycle_controller:/home/nyann/ros2_ws/src/install/ros2_control_demos:/home/nyann/ros2_ws/src/install/ros2_control_demo_example_8:/home/nyann/ros2_ws/src/install/ros2_control:/home/nyann/ros2_ws/src/install/transmission_interface:/home/nyann/ros2_ws/src/install/ros2_control_demo_example_11:/home/nyann/ros2_ws/src/install/bicycle_steering_controller:/home/nyann/ros2_ws/src/install/ackermann_steering_controller:/home/nyann/ros2_ws/src/install/steering_controllers_library:/home/nyann/ros2_ws/src/install/ros2_control_demo_example_9:/home/nyann/ros2_ws/src/install/ros2_control_demo_example_7:/home/nyann/ros2_ws/src/install/ros2_control_demo_example_6:/home/nyann/ros2_ws/src/install/ros2_control_demo_example_15:/home/nyann/ros2_ws/src/install/ros2_control_demo_example_5:/home/nyann/ros2_ws/src/install/ros2_control_demo_example_4:/home/nyann/ros2_ws/src/install/ros2_control_demo_example_3:/home/nyann/ros2_ws/src/install/ros2_control_demo_example_2:/home/nyann/ros2_ws/src/install/ros2_control_demo_example_14:/home/nyann/ros2_ws/src/install/ros2_control_demo_example_12:/home/nyann/ros2_ws/src/install/ros2_control_demo_example_10:/home/nyann/ros2_ws/src/install/ros2_control_demo_example_1:/home/nyann/ros2_ws/src/install/gz_ros2_control_tests:/home/nyann/ros2_ws/src/install/ign_ros2_control:/home/nyann/ros2_ws/src/install/hardware_interface_testing:/home/nyann/ros2_ws/src/install/gazebo_ros2_control:/home/nyann/ros2_ws/src/install/controller_manager:/home/nyann/ros2_ws/src/install/ros2_control_test_assets:/home/nyann/ros2_ws/src/install/ros2_control_demo_description:/home/nyann/ros2_ws/src/install/range_sensor_broadcaster:/home/nyann/ros2_ws/src/install/position_controllers:/home/nyann/ros2_ws/src/install/admittance_controller:/home/nyann/ros2_ws/src/install/joint_trajectory_controller:/home/nyann/ros2_ws/src/install/joint_state_broadcaster:/home/nyann/ros2_ws/src/install/imu_sensor_broadcaster:/home/nyann/ros2_ws/src/install/gripper_controllers:/home/nyann/ros2_ws/src/install/effort_controllers:/home/nyann/ros2_ws/src/install/forward_command_controller:/home/nyann/ros2_ws/src/install/force_torque_sensor_broadcaster:/home/nyann/ros2_ws/src/install/diff_drive_controller:/home/nyann/ros2_ws/src/install/control_toolbox:/home/nyann/ros2_ws/src/install/realtime_tools:/home/nyann/ros2_ws/src/install/kinematics_interface_kdl:/home/nyann/ros2_ws/src/install/kinematics_interface:/home/nyann/ros2_ws/src/install/joint_limits:/home/nyann/ros2_ws/src/install/controller_interface:/home/nyann/ros2_ws/src/install/hardware_interface:/home/nyann/ros2_ws/src/install/controller_manager_msgs:/home/nyann/ros2_ws/src/install/control_msgs:/opt/openrobots:/home/nyann/ros2_ws/src/install/rqt_joint_trajectory_controller:/home/nyann/ros2_ws/src/install/rqt_controller_manager:/home/nyann/ros2_ws/src/install/ros2controlcli:/home/nyann/ros2_ws/src/install/ros2_controllers_test_nodes:/home/nyann/ros2_ws/src/install/my_robot_controller:/opt/ros/humble LD_LIBRARY_PATH=/home/nyann/svan/svan_sw2/src/install/velodyne_gazebo_plugins/lib:/home/nyann/svan/svan_sw2/src/install/svan_msgs/lib:/home/nyann/ros2_ws/src/install/velocity_controllers/lib:/home/nyann/ros2_ws/src/install/tricycle_steering_controller/lib:/home/nyann/ros2_ws/src/install/tricycle_controller/lib:/home/nyann/ros2_ws/src/install/ros2_control_demo_example_8/lib:/home/nyann/ros2_ws/src/install/transmission_interface/lib:/home/nyann/ros2_ws/src/install/ros2_control_demo_example_11/lib:/home/nyann/ros2_ws/src/install/bicycle_steering_controller/lib:/home/nyann/ros2_ws/src/install/ackermann_steering_controller/lib:/home/nyann/ros2_ws/src/install/steering_controllers_library/lib:/home/nyann/ros2_ws/src/install/ros2_control_demo_example_9/lib:/home/nyann/ros2_ws/src/install/ros2_control_demo_example_7/lib:/home/nyann/ros2_ws/src/install/ros2_control_demo_example_6/lib:/home/nyann/ros2_ws/src/install/ros2_control_demo_example_5/lib:/home/nyann/ros2_ws/src/install/ros2_control_demo_example_4/lib:/home/nyann/ros2_ws/src/install/ros2_control_demo_example_3/lib:/home/nyann/ros2_ws/src/install/ros2_control_demo_example_2/lib:/home/nyann/ros2_ws/src/install/ros2_control_demo_example_14/lib:/home/nyann/ros2_ws/src/install/ros2_control_demo_example_12/lib:/home/nyann/ros2_ws/src/install/ros2_control_demo_example_10/lib:/home/nyann/ros2_ws/src/install/ros2_control_demo_example_1/lib:/home/nyann/ros2_ws/src/install/ign_ros2_control/lib:/home/nyann/ros2_ws/src/install/hardware_interface_testing/lib:/home/nyann/ros2_ws/src/install/gazebo_ros2_control/lib:/home/nyann/ros2_ws/src/install/controller_manager/lib:/home/nyann/ros2_ws/src/install/range_sensor_broadcaster/lib:/home/nyann/ros2_ws/src/install/position_controllers/lib:/home/nyann/ros2_ws/src/install/admittance_controller/lib:/home/nyann/ros2_ws/src/install/joint_trajectory_controller/lib:/home/nyann/ros2_ws/src/install/joint_state_broadcaster/lib:/home/nyann/ros2_ws/src/install/imu_sensor_broadcaster/lib:/home/nyann/ros2_ws/src/install/gripper_controllers/lib:/home/nyann/ros2_ws/src/install/effort_controllers/lib:/home/nyann/ros2_ws/src/install/forward_command_controller/lib:/home/nyann/ros2_ws/src/install/force_torque_sensor_broadcaster/lib:/home/nyann/ros2_ws/src/install/diff_drive_controller/lib:/home/nyann/ros2_ws/src/install/control_toolbox/lib:/home/nyann/ros2_ws/src/install/realtime_tools/lib:/home/nyann/ros2_ws/src/install/kinematics_interface_kdl/lib:/home/nyann/ros2_ws/src/install/kinematics_interface/lib:/home/nyann/ros2_ws/src/install/controller_interface/lib:/home/nyann/ros2_ws/src/install/hardware_interface/lib:/home/nyann/ros2_ws/src/install/controller_manager_msgs/lib:/home/nyann/ros2_ws/src/install/control_msgs/lib:/opt/ros/humble/opt/rviz_ogre_vendor/lib:/opt/ros/humble/lib/x86_64-linux-gnu:/opt/ros/humble/lib:/opt/openrobots/lib:/usr/lib/x86_64-linux-gnu/gazebo-11/plugins /usr/bin/cmake --install /home/nyann/svan/svan_sw2/src/build/velodyne_simulator
[0.911s] Level 1:colcon.colcon_core.environment:create_environment_scripts_only(velodyne_simulator)
[0.911s] Level 1:colcon.colcon_core.environment:checking '/home/nyann/svan/svan_sw2/src/install/velodyne_simulator' for CMake module files
[0.911s] DEBUG:colcon.colcon_core.event_handler.log_command:Invoked command in '/home/nyann/svan/svan_sw2/src/build/velodyne_simulator' returned '0': CMAKE_PREFIX_PATH=/home/nyann/svan/svan_sw2/src/install/velodyne_gazebo_plugins:/home/nyann/svan/svan_sw2/src/install/velodyne_description:/home/nyann/svan/svan_sw2/src/install/velodyne_simulator:/home/nyann/svan/svan_sw2/src/install/svanm2_description:/home/nyann/svan/svan_sw2/src/install/svan_msgs:/home/nyann/svan/svan_sw2/src/install/svan_gazebo:/home/nyann/ros2_ws/src/install/ros2_controllers:/home/nyann/ros2_ws/src/install/ign_ros2_control_demos:/home/nyann/ros2_ws/src/install/gazebo_ros2_control_demos:/home/nyann/ros2_ws/src/install/velocity_controllers:/home/nyann/ros2_ws/src/install/tricycle_steering_controller:/home/nyann/ros2_ws/src/install/tricycle_controller:/home/nyann/ros2_ws/src/install/ros2_control_demos:/home/nyann/ros2_ws/src/install/ros2_control_demo_example_8:/home/nyann/ros2_ws/src/install/ros2_control:/home/nyann/ros2_ws/src/install/transmission_interface:/home/nyann/ros2_ws/src/install/ros2_control_demo_example_11:/home/nyann/ros2_ws/src/install/bicycle_steering_controller:/home/nyann/ros2_ws/src/install/ackermann_steering_controller:/home/nyann/ros2_ws/src/install/steering_controllers_library:/home/nyann/ros2_ws/src/install/ros2_control_demo_example_9:/home/nyann/ros2_ws/src/install/ros2_control_demo_example_7:/home/nyann/ros2_ws/src/install/ros2_control_demo_example_6:/home/nyann/ros2_ws/src/install/ros2_control_demo_example_15:/home/nyann/ros2_ws/src/install/ros2_control_demo_example_5:/home/nyann/ros2_ws/src/install/ros2_control_demo_example_4:/home/nyann/ros2_ws/src/install/ros2_control_demo_example_3:/home/nyann/ros2_ws/src/install/ros2_control_demo_example_2:/home/nyann/ros2_ws/src/install/ros2_control_demo_example_14:/home/nyann/ros2_ws/src/install/ros2_control_demo_example_12:/home/nyann/ros2_ws/src/install/ros2_control_demo_example_10:/home/nyann/ros2_ws/src/install/ros2_control_demo_example_1:/home/nyann/ros2_ws/src/install/gz_ros2_control_tests:/home/nyann/ros2_ws/src/install/ign_ros2_control:/home/nyann/ros2_ws/src/install/hardware_interface_testing:/home/nyann/ros2_ws/src/install/gazebo_ros2_control:/home/nyann/ros2_ws/src/install/controller_manager:/home/nyann/ros2_ws/src/install/ros2_control_test_assets:/home/nyann/ros2_ws/src/install/ros2_control_demo_description:/home/nyann/ros2_ws/src/install/range_sensor_broadcaster:/home/nyann/ros2_ws/src/install/position_controllers:/home/nyann/ros2_ws/src/install/admittance_controller:/home/nyann/ros2_ws/src/install/joint_trajectory_controller:/home/nyann/ros2_ws/src/install/joint_state_broadcaster:/home/nyann/ros2_ws/src/install/imu_sensor_broadcaster:/home/nyann/ros2_ws/src/install/gripper_controllers:/home/nyann/ros2_ws/src/install/effort_controllers:/home/nyann/ros2_ws/src/install/forward_command_controller:/home/nyann/ros2_ws/src/install/force_torque_sensor_broadcaster:/home/nyann/ros2_ws/src/install/diff_drive_controller:/home/nyann/ros2_ws/src/install/control_toolbox:/home/nyann/ros2_ws/src/install/realtime_tools:/home/nyann/ros2_ws/src/install/kinematics_interface_kdl:/home/nyann/ros2_ws/src/install/kinematics_interface:/home/nyann/ros2_ws/src/install/joint_limits:/home/nyann/ros2_ws/src/install/controller_interface:/home/nyann/ros2_ws/src/install/hardware_interface:/home/nyann/ros2_ws/src/install/controller_manager_msgs:/home/nyann/ros2_ws/src/install/control_msgs:/opt/openrobots:/home/nyann/ros2_ws/src/install/rqt_joint_trajectory_controller:/home/nyann/ros2_ws/src/install/rqt_controller_manager:/home/nyann/ros2_ws/src/install/ros2controlcli:/home/nyann/ros2_ws/src/install/ros2_controllers_test_nodes:/home/nyann/ros2_ws/src/install/my_robot_controller:/opt/ros/humble LD_LIBRARY_PATH=/home/nyann/svan/svan_sw2/src/install/velodyne_gazebo_plugins/lib:/home/nyann/svan/svan_sw2/src/install/svan_msgs/lib:/home/nyann/ros2_ws/src/install/velocity_controllers/lib:/home/nyann/ros2_ws/src/install/tricycle_steering_controller/lib:/home/nyann/ros2_ws/src/install/tricycle_controller/lib:/home/nyann/ros2_ws/src/install/ros2_control_demo_example_8/lib:/home/nyann/ros2_ws/src/install/transmission_interface/lib:/home/nyann/ros2_ws/src/install/ros2_control_demo_example_11/lib:/home/nyann/ros2_ws/src/install/bicycle_steering_controller/lib:/home/nyann/ros2_ws/src/install/ackermann_steering_controller/lib:/home/nyann/ros2_ws/src/install/steering_controllers_library/lib:/home/nyann/ros2_ws/src/install/ros2_control_demo_example_9/lib:/home/nyann/ros2_ws/src/install/ros2_control_demo_example_7/lib:/home/nyann/ros2_ws/src/install/ros2_control_demo_example_6/lib:/home/nyann/ros2_ws/src/install/ros2_control_demo_example_5/lib:/home/nyann/ros2_ws/src/install/ros2_control_demo_example_4/lib:/home/nyann/ros2_ws/src/install/ros2_control_demo_example_3/lib:/home/nyann/ros2_ws/src/install/ros2_control_demo_example_2/lib:/home/nyann/ros2_ws/src/install/ros2_control_demo_example_14/lib:/home/nyann/ros2_ws/src/install/ros2_control_demo_example_12/lib:/home/nyann/ros2_ws/src/install/ros2_control_demo_example_10/lib:/home/nyann/ros2_ws/src/install/ros2_control_demo_example_1/lib:/home/nyann/ros2_ws/src/install/ign_ros2_control/lib:/home/nyann/ros2_ws/src/install/hardware_interface_testing/lib:/home/nyann/ros2_ws/src/install/gazebo_ros2_control/lib:/home/nyann/ros2_ws/src/install/controller_manager/lib:/home/nyann/ros2_ws/src/install/range_sensor_broadcaster/lib:/home/nyann/ros2_ws/src/install/position_controllers/lib:/home/nyann/ros2_ws/src/install/admittance_controller/lib:/home/nyann/ros2_ws/src/install/joint_trajectory_controller/lib:/home/nyann/ros2_ws/src/install/joint_state_broadcaster/lib:/home/nyann/ros2_ws/src/install/imu_sensor_broadcaster/lib:/home/nyann/ros2_ws/src/install/gripper_controllers/lib:/home/nyann/ros2_ws/src/install/effort_controllers/lib:/home/nyann/ros2_ws/src/install/forward_command_controller/lib:/home/nyann/ros2_ws/src/install/force_torque_sensor_broadcaster/lib:/home/nyann/ros2_ws/src/install/diff_drive_controller/lib:/home/nyann/ros2_ws/src/install/control_toolbox/lib:/home/nyann/ros2_ws/src/install/realtime_tools/lib:/home/nyann/ros2_ws/src/install/kinematics_interface_kdl/lib:/home/nyann/ros2_ws/src/install/kinematics_interface/lib:/home/nyann/ros2_ws/src/install/controller_interface/lib:/home/nyann/ros2_ws/src/install/hardware_interface/lib:/home/nyann/ros2_ws/src/install/controller_manager_msgs/lib:/home/nyann/ros2_ws/src/install/control_msgs/lib:/opt/ros/humble/opt/rviz_ogre_vendor/lib:/opt/ros/humble/lib/x86_64-linux-gnu:/opt/ros/humble/lib:/opt/openrobots/lib:/usr/lib/x86_64-linux-gnu/gazebo-11/plugins /usr/bin/cmake --install /home/nyann/svan/svan_sw2/src/build/velodyne_simulator
[0.912s] Level 1:colcon.colcon_core.environment:checking '/home/nyann/svan/svan_sw2/src/install/velodyne_simulator' for CMake config files
[0.912s] Level 1:colcon.colcon_core.shell:create_environment_hook('velodyne_simulator', 'cmake_prefix_path')
[0.912s] INFO:colcon.colcon_core.shell:Creating environment hook '/home/nyann/svan/svan_sw2/src/install/velodyne_simulator/share/velodyne_simulator/hook/cmake_prefix_path.ps1'
[0.912s] INFO:colcon.colcon_core.shell:Creating environment descriptor '/home/nyann/svan/svan_sw2/src/install/velodyne_simulator/share/velodyne_simulator/hook/cmake_prefix_path.dsv'
[0.913s] INFO:colcon.colcon_core.shell:Creating environment hook '/home/nyann/svan/svan_sw2/src/install/velodyne_simulator/share/velodyne_simulator/hook/cmake_prefix_path.sh'
[0.913s] Level 1:colcon.colcon_core.environment:checking '/home/nyann/svan/svan_sw2/src/install/velodyne_simulator/bin'
[0.913s] Level 1:colcon.colcon_core.environment:checking '/home/nyann/svan/svan_sw2/src/install/velodyne_simulator/lib/pkgconfig/velodyne_simulator.pc'
[0.913s] Level 1:colcon.colcon_core.environment:checking '/home/nyann/svan/svan_sw2/src/install/velodyne_simulator/lib/python3.10/site-packages'
[0.913s] Level 1:colcon.colcon_core.environment:checking '/home/nyann/svan/svan_sw2/src/install/velodyne_simulator/bin'
[0.914s] INFO:colcon.colcon_core.shell:Creating package script '/home/nyann/svan/svan_sw2/src/install/velodyne_simulator/share/velodyne_simulator/package.ps1'
[0.914s] INFO:colcon.colcon_core.shell:Creating package descriptor '/home/nyann/svan/svan_sw2/src/install/velodyne_simulator/share/velodyne_simulator/package.dsv'
[0.914s] INFO:colcon.colcon_core.shell:Creating package script '/home/nyann/svan/svan_sw2/src/install/velodyne_simulator/share/velodyne_simulator/package.sh'
[0.915s] INFO:colcon.colcon_core.shell:Creating package script '/home/nyann/svan/svan_sw2/src/install/velodyne_simulator/share/velodyne_simulator/package.bash'
[0.915s] INFO:colcon.colcon_core.shell:Creating package script '/home/nyann/svan/svan_sw2/src/install/velodyne_simulator/share/velodyne_simulator/package.zsh'
[0.915s] Level 1:colcon.colcon_core.environment:create_file_with_runtime_dependencies(/home/nyann/svan/svan_sw2/src/install/velodyne_simulator/share/colcon-core/packages/velodyne_simulator)
[0.969s] Level 1:colcon.colcon_core.environment:create_environment_scripts_only(velodyne_simulator)
[0.969s] Level 1:colcon.colcon_core.environment:checking '/home/nyann/svan/svan_sw2/src/install/velodyne_simulator' for CMake module files
[0.969s] Level 1:colcon.colcon_core.environment:checking '/home/nyann/svan/svan_sw2/src/install/velodyne_simulator' for CMake config files
[0.970s] Level 1:colcon.colcon_core.shell:create_environment_hook('velodyne_simulator', 'cmake_prefix_path')
[0.970s] INFO:colcon.colcon_core.shell:Creating environment hook '/home/nyann/svan/svan_sw2/src/install/velodyne_simulator/share/velodyne_simulator/hook/cmake_prefix_path.ps1'
[0.970s] INFO:colcon.colcon_core.shell:Creating environment descriptor '/home/nyann/svan/svan_sw2/src/install/velodyne_simulator/share/velodyne_simulator/hook/cmake_prefix_path.dsv'
[0.970s] INFO:colcon.colcon_core.shell:Creating environment hook '/home/nyann/svan/svan_sw2/src/install/velodyne_simulator/share/velodyne_simulator/hook/cmake_prefix_path.sh'
[0.971s] Level 1:colcon.colcon_core.environment:checking '/home/nyann/svan/svan_sw2/src/install/velodyne_simulator/bin'
[0.971s] Level 1:colcon.colcon_core.environment:checking '/home/nyann/svan/svan_sw2/src/install/velodyne_simulator/lib/pkgconfig/velodyne_simulator.pc'
[0.971s] Level 1:colcon.colcon_core.environment:checking '/home/nyann/svan/svan_sw2/src/install/velodyne_simulator/lib/python3.10/site-packages'
[0.971s] Level 1:colcon.colcon_core.environment:checking '/home/nyann/svan/svan_sw2/src/install/velodyne_simulator/bin'
[0.971s] INFO:colcon.colcon_core.shell:Creating package script '/home/nyann/svan/svan_sw2/src/install/velodyne_simulator/share/velodyne_simulator/package.ps1'
[0.972s] INFO:colcon.colcon_core.shell:Creating package descriptor '/home/nyann/svan/svan_sw2/src/install/velodyne_simulator/share/velodyne_simulator/package.dsv'
[0.972s] INFO:colcon.colcon_core.shell:Creating package script '/home/nyann/svan/svan_sw2/src/install/velodyne_simulator/share/velodyne_simulator/package.sh'
[0.972s] INFO:colcon.colcon_core.shell:Creating package script '/home/nyann/svan/svan_sw2/src/install/velodyne_simulator/share/velodyne_simulator/package.bash'
[0.973s] INFO:colcon.colcon_core.shell:Creating package script '/home/nyann/svan/svan_sw2/src/install/velodyne_simulator/share/velodyne_simulator/package.zsh'
[0.973s] Level 1:colcon.colcon_core.environment:create_file_with_runtime_dependencies(/home/nyann/svan/svan_sw2/src/install/velodyne_simulator/share/colcon-core/packages/velodyne_simulator)
[0.973s] DEBUG:colcon.colcon_parallel_executor.executor.parallel:closing loop
[0.974s] DEBUG:colcon.colcon_parallel_executor.executor.parallel:loop closed
[0.974s] DEBUG:colcon.colcon_parallel_executor.executor.parallel:run_until_complete finished with '0'
[0.974s] DEBUG:colcon.colcon_core.event_reactor:joining thread
[0.979s] INFO:colcon.colcon_core.plugin_system:Skipping extension 'colcon_notification.desktop_notification.terminal_notifier': Not used on non-Darwin systems
[0.980s] INFO:colcon.colcon_core.plugin_system:Skipping extension 'colcon_notification.desktop_notification.win32': Not used on non-Windows systems
[0.980s] INFO:colcon.colcon_notification.desktop_notification:Sending desktop notification using 'notify2'
[0.990s] DEBUG:colcon.colcon_core.event_reactor:joined thread
[0.990s] INFO:colcon.colcon_core.shell:Creating prefix script '/home/nyann/svan/svan_sw2/src/install/local_setup.ps1'
[0.991s] INFO:colcon.colcon_core.shell:Creating prefix util module '/home/nyann/svan/svan_sw2/src/install/_local_setup_util_ps1.py'
[0.992s] INFO:colcon.colcon_core.shell:Creating prefix chain script '/home/nyann/svan/svan_sw2/src/install/setup.ps1'
[0.996s] INFO:colcon.colcon_core.shell:Creating prefix script '/home/nyann/svan/svan_sw2/src/install/local_setup.sh'
[0.996s] INFO:colcon.colcon_core.shell:Creating prefix util module '/home/nyann/svan/svan_sw2/src/install/_local_setup_util_sh.py'
[0.997s] INFO:colcon.colcon_core.shell:Creating prefix chain script '/home/nyann/svan/svan_sw2/src/install/setup.sh'
[1.000s] INFO:colcon.colcon_core.shell:Creating prefix script '/home/nyann/svan/svan_sw2/src/install/local_setup.bash'
[1.000s] INFO:colcon.colcon_core.shell:Creating prefix chain script '/home/nyann/svan/svan_sw2/src/install/setup.bash'
[1.003s] INFO:colcon.colcon_core.shell:Creating prefix script '/home/nyann/svan/svan_sw2/src/install/local_setup.zsh'
[1.004s] INFO:colcon.colcon_core.shell:Creating prefix chain script '/home/nyann/svan/svan_sw2/src/install/setup.zsh'
