[0.033s] Invoking command in '/home/nyann/svan/svan_sw2/src/build/velodyne_gazebo_plugins': CMAKE_PREFIX_PATH=${CMAKE_PREFIX_PATH}:/home/nyann/ros2_ws/src/install/rqt_joint_trajectory_controller:/home/nyann/ros2_ws/src/install/rqt_controller_manager:/home/nyann/ros2_ws/src/install/ros2controlcli:/home/nyann/ros2_ws/src/install/ros2_controllers_test_nodes:/home/nyann/ros2_ws/src/install/my_robot_controller:/opt/ros/humble /usr/bin/cmake /home/nyann/svan/svan_sw2/src/velodyne_gazebo_plugins -DCMAKE_INSTALL_PREFIX=/home/nyann/svan/svan_sw2/src/install/velodyne_gazebo_plugins
[0.108s] -- The C compiler identification is GNU 11.4.0
[0.171s] -- The CXX compiler identification is GNU 11.4.0
[0.179s] -- Detecting C compiler ABI info
[0.288s] -- Detecting C compiler ABI info - done
[0.294s] -- Check for working C compiler: /usr/bin/cc - skipped
[0.295s] -- Detecting C compile features
[0.295s] -- Detecting C compile features - done
[0.298s] -- Detecting CXX compiler ABI info
[0.414s] -- Detecting CXX compiler ABI info - done
[0.420s] -- Check for working CXX compiler: /usr/bin/c++ - skipped
[0.421s] -- Detecting CXX compile features
[0.421s] -- Detecting CXX compile features - done
[0.430s] -- Found ament_cmake: 1.3.9 (/opt/ros/humble/share/ament_cmake/cmake)
[0.624s] -- Found Python3: /usr/bin/python3 (found version "3.10.12") found components: Interpreter 
[0.833s] -- Found gazebo_dev: 3.7.0 (/opt/ros/humble/share/gazebo_dev/cmake)
[0.852s] -- Found PkgConfig: /usr/bin/pkg-config (found version "0.29.2") 
[0.857s] -- Checking for module 'bullet>=2.82'
[0.884s] --   Found bullet, version 3.05
[1.100s] -- Found fcl: /usr/include (found suitable version "0.7.0", minimum required is "0.5.0") 
[1.200s] -- Found assimp: /usr/include (found version "5.2.0") 
[1.260s] -- Found DART: /usr/include (Required is at least version "6.6") found components: dart 
[1.557s] -- Found Boost: /usr/lib/x86_64-linux-gnu/cmake/Boost-1.74.0/BoostConfig.cmake (found suitable version "1.74.0", minimum required is "1.40.0") found components: thread system filesystem program_options regex iostreams date_time 
[1.584s] -- Found Protobuf: /usr/lib/x86_64-linux-gnu/libprotobuf.so (found version "3.12.4") 
[1.604s] -- Looking for ignition-math6 -- found version 6.15.1
[1.619s] -- Searching for dependencies of ignition-math6
[1.621s] -- Looking for OGRE...
[1.621s] -- OGRE_PREFIX_WATCH changed.
[1.628s] -- Checking for module 'OGRE'
[1.654s] --   Found OGRE, version 1.9.0
[1.724s] -- Found Ogre Ghadamon (1.9.0)
[1.748s] -- Found OGRE: optimized;/usr/lib/x86_64-linux-gnu/libOgreMain.so;debug;/usr/lib/x86_64-linux-gnu/libOgreMain.so
[1.759s] -- Looking for OGRE_Paging...
[1.774s] -- Found OGRE_Paging: optimized;/usr/lib/x86_64-linux-gnu/libOgrePaging.so;debug;/usr/lib/x86_64-linux-gnu/libOgrePaging.so
[1.774s] -- Looking for OGRE_Terrain...
[1.787s] -- Found OGRE_Terrain: optimized;/usr/lib/x86_64-linux-gnu/libOgreTerrain.so;debug;/usr/lib/x86_64-linux-gnu/libOgreTerrain.so
[1.787s] -- Looking for OGRE_Property...
[1.799s] -- Found OGRE_Property: optimized;/usr/lib/x86_64-linux-gnu/libOgreProperty.so;debug;/usr/lib/x86_64-linux-gnu/libOgreProperty.so
[1.799s] -- Looking for OGRE_RTShaderSystem...
[1.812s] -- Found OGRE_RTShaderSystem: optimized;/usr/lib/x86_64-linux-gnu/libOgreRTShaderSystem.so;debug;/usr/lib/x86_64-linux-gnu/libOgreRTShaderSystem.so
[1.812s] -- Looking for OGRE_Volume...
[1.825s] -- Found OGRE_Volume: optimized;/usr/lib/x86_64-linux-gnu/libOgreVolume.so;debug;/usr/lib/x86_64-linux-gnu/libOgreVolume.so
[1.825s] -- Looking for OGRE_Overlay...
[1.839s] -- Found OGRE_Overlay: optimized;/usr/lib/x86_64-linux-gnu/libOgreOverlay.so;debug;/usr/lib/x86_64-linux-gnu/libOgreOverlay.so
[2.173s] -- Looking for ignition-math6 -- found version 6.15.1
[2.183s] -- Looking for ignition-transport8 -- found version 8.2.1
[2.184s] -- Searching for dependencies of ignition-transport8
[2.214s] -- Found Protobuf: /usr/lib/x86_64-linux-gnu/libprotobuf.so (found suitable version "3.12.4", minimum required is "3") 
[2.239s] -- Config-file not installed for ZeroMQ -- checking for pkg-config
[2.247s] -- Checking for module 'libzmq >= 4'
[2.278s] --   Found libzmq , version 4.3.4
[2.350s] -- Found ZeroMQ: TRUE (Required is at least version "4") 
[2.359s] -- Checking for module 'uuid'
[2.386s] --   Found uuid, version 2.37.2
[2.451s] -- Found UUID: TRUE  
[2.461s] -- Looking for ignition-msgs5 -- found version 5.8.1
[2.461s] -- Searching for dependencies of ignition-msgs5
[2.493s] -- Looking for ignition-math6 -- found version 6.15.1
[2.500s] -- Checking for module 'tinyxml2'
[2.528s] --   Found tinyxml2, version 9.0.0
[2.594s] -- Looking for ignition-msgs5 -- found version 5.8.1
[2.605s] -- Looking for ignition-common3 -- found version 3.14.0
[2.605s] -- Searching for dependencies of ignition-common3
[2.606s] -- Looking for dlfcn.h - found
[2.608s] -- Looking for libdl - found
[2.609s] -- Found DL: TRUE  
[2.643s] -- Found tinyobjloader: /usr/lib/x86_64-linux-gnu/cmake/tinyobjloader/tinyobjloader-config.cmake (found version "2.0.0") 
[2.643s] -- Searching for <ignition-common3> component [graphics]
[2.659s] -- Looking for ignition-common3-graphics -- found version 3.14.0
[2.660s] -- Searching for dependencies of ignition-common3-graphics
[2.660s] -- Looking for ignition-math6 -- found version 6.15.1
[2.679s] -- Looking for ignition-fuel_tools4 -- found version 4.4.0
[2.679s] -- Searching for dependencies of ignition-fuel_tools4
[2.871s] -- Found CURL: /usr/lib/x86_64-linux-gnu/libcurl.so (found version "7.81.0")  
[2.890s] -- Checking for module 'jsoncpp'
[2.919s] --   Found jsoncpp, version 1.9.5
[2.990s] -- Found JSONCPP: TRUE  
[3.007s] -- Checking for module 'libzip'
[3.040s] --   Found libzip, version 1.7.3
[3.138s] -- Found ZIP: TRUE  
[3.138s] -- Looking for ignition-common3 -- found version 3.14.0
[3.139s] -- Looking for ignition-math6 -- found version 6.15.1
[3.140s] -- Looking for ignition-msgs5 -- found version 5.8.1
[3.169s] -- Gazebo version: 11.10
[3.170s] -- Checking for module 'tbb'
[3.248s] --   Found tbb, version 2021.5.0
[3.410s] -- Found gazebo_ros: 3.7.0 (/opt/ros/humble/share/gazebo_ros/cmake)
[3.664s] -- Found rosidl_generator_c: 3.1.5 (/opt/ros/humble/share/rosidl_generator_c/cmake)
[3.701s] -- Found rosidl_adapter: 3.1.5 (/opt/ros/humble/share/rosidl_adapter/cmake)
[3.746s] -- Found rosidl_generator_cpp: 3.1.5 (/opt/ros/humble/share/rosidl_generator_cpp/cmake)
[3.804s] -- Using all available rosidl_typesupport_c: rosidl_typesupport_fastrtps_c;rosidl_typesupport_introspection_c
[3.887s] -- Using all available rosidl_typesupport_cpp: rosidl_typesupport_fastrtps_cpp;rosidl_typesupport_introspection_cpp
[4.127s] -- Found rmw_implementation_cmake: 6.1.2 (/opt/ros/humble/share/rmw_implementation_cmake/cmake)
[4.148s] -- Found rmw_cyclonedds_cpp: 1.3.4 (/opt/ros/humble/share/rmw_cyclonedds_cpp/cmake)
[4.276s] -- Using RMW implementation 'rmw_cyclonedds_cpp' as default
[4.329s] -- Found Threads: TRUE  
[4.677s] -- Found gazebo_msgs: 3.7.0 (/opt/ros/humble/share/gazebo_msgs/cmake)
[4.920s] -- Found sensor_msgs: 4.2.3 (/opt/ros/humble/share/sensor_msgs/cmake)
[4.996s] -- Found tf2: 0.25.6 (/opt/ros/humble/share/tf2/cmake)
[5.120s] -- Configuring done
[5.145s] -- Generating done
[5.146s] -- Build files have been written to: /home/nyann/svan/svan_sw2/src/build/velodyne_gazebo_plugins
[5.159s] Invoked command in '/home/nyann/svan/svan_sw2/src/build/velodyne_gazebo_plugins' returned '0': CMAKE_PREFIX_PATH=${CMAKE_PREFIX_PATH}:/home/nyann/ros2_ws/src/install/rqt_joint_trajectory_controller:/home/nyann/ros2_ws/src/install/rqt_controller_manager:/home/nyann/ros2_ws/src/install/ros2controlcli:/home/nyann/ros2_ws/src/install/ros2_controllers_test_nodes:/home/nyann/ros2_ws/src/install/my_robot_controller:/opt/ros/humble /usr/bin/cmake /home/nyann/svan/svan_sw2/src/velodyne_gazebo_plugins -DCMAKE_INSTALL_PREFIX=/home/nyann/svan/svan_sw2/src/install/velodyne_gazebo_plugins
[5.161s] Invoking command in '/home/nyann/svan/svan_sw2/src/build/velodyne_gazebo_plugins': CMAKE_PREFIX_PATH=${CMAKE_PREFIX_PATH}:/home/nyann/ros2_ws/src/install/rqt_joint_trajectory_controller:/home/nyann/ros2_ws/src/install/rqt_controller_manager:/home/nyann/ros2_ws/src/install/ros2controlcli:/home/nyann/ros2_ws/src/install/ros2_controllers_test_nodes:/home/nyann/ros2_ws/src/install/my_robot_controller:/opt/ros/humble /usr/bin/cmake --build /home/nyann/svan/svan_sw2/src/build/velodyne_gazebo_plugins -- -j16 -l16
[5.253s] [ 50%] [32mBuilding CXX object CMakeFiles/gazebo_ros_velodyne_laser.dir/src/GazeboRosVelodyneLaser.cpp.o[0m
[16.940s] [100%] [32m[1mLinking CXX shared library libgazebo_ros_velodyne_laser.so[0m
[17.404s] [100%] Built target gazebo_ros_velodyne_laser
[17.420s] Invoked command in '/home/nyann/svan/svan_sw2/src/build/velodyne_gazebo_plugins' returned '0': CMAKE_PREFIX_PATH=${CMAKE_PREFIX_PATH}:/home/nyann/ros2_ws/src/install/rqt_joint_trajectory_controller:/home/nyann/ros2_ws/src/install/rqt_controller_manager:/home/nyann/ros2_ws/src/install/ros2controlcli:/home/nyann/ros2_ws/src/install/ros2_controllers_test_nodes:/home/nyann/ros2_ws/src/install/my_robot_controller:/opt/ros/humble /usr/bin/cmake --build /home/nyann/svan/svan_sw2/src/build/velodyne_gazebo_plugins -- -j16 -l16
[17.484s] Invoking command in '/home/nyann/svan/svan_sw2/src/build/velodyne_gazebo_plugins': CMAKE_PREFIX_PATH=${CMAKE_PREFIX_PATH}:/home/nyann/ros2_ws/src/install/rqt_joint_trajectory_controller:/home/nyann/ros2_ws/src/install/rqt_controller_manager:/home/nyann/ros2_ws/src/install/ros2controlcli:/home/nyann/ros2_ws/src/install/ros2_controllers_test_nodes:/home/nyann/ros2_ws/src/install/my_robot_controller:/opt/ros/humble /usr/bin/cmake --install /home/nyann/svan/svan_sw2/src/build/velodyne_gazebo_plugins
[17.497s] -- Install configuration: ""
[17.497s] -- Installing: /home/nyann/svan/svan_sw2/src/install/velodyne_gazebo_plugins/share/velodyne_gazebo_plugins/environment/library_path.sh
[17.497s] -- Installing: /home/nyann/svan/svan_sw2/src/install/velodyne_gazebo_plugins/share/velodyne_gazebo_plugins/environment/library_path.dsv
[17.497s] -- Installing: /home/nyann/svan/svan_sw2/src/install/velodyne_gazebo_plugins/share/ament_index/resource_index/package_run_dependencies/velodyne_gazebo_plugins
[17.498s] -- Installing: /home/nyann/svan/svan_sw2/src/install/velodyne_gazebo_plugins/share/ament_index/resource_index/parent_prefix_path/velodyne_gazebo_plugins
[17.498s] -- Installing: /home/nyann/svan/svan_sw2/src/install/velodyne_gazebo_plugins/share/velodyne_gazebo_plugins/environment/ament_prefix_path.sh
[17.498s] -- Installing: /home/nyann/svan/svan_sw2/src/install/velodyne_gazebo_plugins/share/velodyne_gazebo_plugins/environment/ament_prefix_path.dsv
[17.498s] -- Installing: /home/nyann/svan/svan_sw2/src/install/velodyne_gazebo_plugins/share/velodyne_gazebo_plugins/environment/path.sh
[17.498s] -- Installing: /home/nyann/svan/svan_sw2/src/install/velodyne_gazebo_plugins/share/velodyne_gazebo_plugins/environment/path.dsv
[17.498s] -- Installing: /home/nyann/svan/svan_sw2/src/install/velodyne_gazebo_plugins/share/velodyne_gazebo_plugins/local_setup.bash
[17.498s] -- Installing: /home/nyann/svan/svan_sw2/src/install/velodyne_gazebo_plugins/share/velodyne_gazebo_plugins/local_setup.sh
[17.498s] -- Installing: /home/nyann/svan/svan_sw2/src/install/velodyne_gazebo_plugins/share/velodyne_gazebo_plugins/local_setup.zsh
[17.499s] -- Installing: /home/nyann/svan/svan_sw2/src/install/velodyne_gazebo_plugins/share/velodyne_gazebo_plugins/local_setup.dsv
[17.499s] -- Installing: /home/nyann/svan/svan_sw2/src/install/velodyne_gazebo_plugins/share/velodyne_gazebo_plugins/package.dsv
[17.499s] -- Installing: /home/nyann/svan/svan_sw2/src/install/velodyne_gazebo_plugins/share/ament_index/resource_index/packages/velodyne_gazebo_plugins
[17.499s] -- Installing: /home/nyann/svan/svan_sw2/src/install/velodyne_gazebo_plugins/share/velodyne_gazebo_plugins/cmake/ament_cmake_export_libraries-extras.cmake
[17.499s] -- Installing: /home/nyann/svan/svan_sw2/src/install/velodyne_gazebo_plugins/share/velodyne_gazebo_plugins/cmake/ament_cmake_export_include_directories-extras.cmake
[17.499s] -- Installing: /home/nyann/svan/svan_sw2/src/install/velodyne_gazebo_plugins/share/velodyne_gazebo_plugins/cmake/ament_cmake_export_dependencies-extras.cmake
[17.500s] -- Installing: /home/nyann/svan/svan_sw2/src/install/velodyne_gazebo_plugins/share/velodyne_gazebo_plugins/cmake/velodyne_gazebo_pluginsConfig.cmake
[17.500s] -- Installing: /home/nyann/svan/svan_sw2/src/install/velodyne_gazebo_plugins/share/velodyne_gazebo_plugins/cmake/velodyne_gazebo_pluginsConfig-version.cmake
[17.500s] -- Installing: /home/nyann/svan/svan_sw2/src/install/velodyne_gazebo_plugins/share/velodyne_gazebo_plugins/package.xml
[17.500s] -- Installing: /home/nyann/svan/svan_sw2/src/install/velodyne_gazebo_plugins/include
[17.500s] -- Installing: /home/nyann/svan/svan_sw2/src/install/velodyne_gazebo_plugins/include/velodyne_gazebo_plugins
[17.500s] -- Installing: /home/nyann/svan/svan_sw2/src/install/velodyne_gazebo_plugins/include/velodyne_gazebo_plugins/GazeboRosVelodyneLaser.h
[17.500s] -- Installing: /home/nyann/svan/svan_sw2/src/install/velodyne_gazebo_plugins/lib/libgazebo_ros_velodyne_laser.so
[17.505s] -- Set runtime path of "/home/nyann/svan/svan_sw2/src/install/velodyne_gazebo_plugins/lib/libgazebo_ros_velodyne_laser.so" to ""
[17.507s] Invoked command in '/home/nyann/svan/svan_sw2/src/build/velodyne_gazebo_plugins' returned '0': CMAKE_PREFIX_PATH=${CMAKE_PREFIX_PATH}:/home/nyann/ros2_ws/src/install/rqt_joint_trajectory_controller:/home/nyann/ros2_ws/src/install/rqt_controller_manager:/home/nyann/ros2_ws/src/install/ros2controlcli:/home/nyann/ros2_ws/src/install/ros2_controllers_test_nodes:/home/nyann/ros2_ws/src/install/my_robot_controller:/opt/ros/humble /usr/bin/cmake --install /home/nyann/svan/svan_sw2/src/build/velodyne_gazebo_plugins
